This file contains any messages produced by compilers while
running configure, to aid debugging if configure makes a mistake.

It was created by configure, which was
generated by GNU Autoconf 2.68.  Invocation command line was

  $ ./configure --disable-option-checking --prefix=/usr/local --disable-f77 --disable-fc --disable-cxx MPI_CC=/home/kumamon/Documents/paruj/219351_Webapp_homework/mpich2-1.4/bin/mpicc MPI_F77=/home/kumamon/Documents/paruj/219351_Webapp_homework/mpich2-1.4/bin/mpif77 CC=gcc CFLAGS=   -O2 LDFLAGS=  LIBS=-lrt -lpthread   CPPFLAGS= -I/home/kumamon/Documents/paruj/219351_Webapp_homework/mpich2-1.4/src/mpl/include -I/home/kumamon/Documents/paruj/219351_Webapp_homework/mpich2-1.4/src/mpl/include -I/home/kumamon/Documents/paruj/219351_Webapp_homework/mpich2-1.4/src/openpa/src -I/home/kumamon/Documents/paruj/219351_Webapp_homework/mpich2-1.4/src/openpa/src -I/home/kumamon/Documents/paruj/219351_Webapp_homework/mpich2-1.4/src/mpid/ch3/include -I/home/kumamon/Documents/paruj/219351_Webapp_homework/mpich2-1.4/src/mpid/ch3/include -I/home/kumamon/Documents/paruj/219351_Webapp_homework/mpich2-1.4/src/mpid/common/datatype -I/home/kumamon/Documents/paruj/219351_Webapp_homework/mpich2-1.4/src/mpid/common/datatype -I/home/kumamon/Documents/paruj/219351_Webapp_homework/mpich2-1.4/src/mpid/common/locks -I/home/kumamon/Documents/paruj/219351_Webapp_homework/mpich2-1.4/src/mpid/common/locks -I/home/kumamon/Documents/paruj/219351_Webapp_homework/mpich2-1.4/src/mpid/ch3/channels/nemesis/include -I/home/kumamon/Documents/paruj/219351_Webapp_homework/mpich2-1.4/src/mpid/ch3/channels/nemesis/include -I/home/kumamon/Documents/paruj/219351_Webapp_homework/mpich2-1.4/src/mpid/ch3/channels/nemesis/nemesis/include -I/home/kumamon/Documents/paruj/219351_Webapp_homework/mpich2-1.4/src/mpid/ch3/channels/nemesis/nemesis/include -I/home/kumamon/Documents/paruj/219351_Webapp_homework/mpich2-1.4/src/mpid/ch3/channels/nemesis/nemesis/utils/monitor -I/home/kumamon/Documents/paruj/219351_Webapp_homework/mpich2-1.4/src/mpid/ch3/channels/nemesis/nemesis/utils/monitor -I/home/kumamon/Documents/paruj/219351_Webapp_homework/mpich2-1.4/src/util/wrappers -I/home/kumamon/Documents/paruj/219351_Webapp_homework/mpich2-1.4/src/util/wrappers FFLAGS=  --cache-file=/dev/null --srcdir=.

## --------- ##
## Platform. ##
## --------- ##

hostname = kumamon-home
uname -m = x86_64
uname -r = 3.19.0-51-generic
uname -s = Linux
uname -v = #58~14.04.1-Ubuntu SMP Fri Feb 26 22:02:58 UTC 2016

/usr/bin/uname -p = unknown
/bin/uname -X     = unknown

/bin/arch              = unknown
/usr/bin/arch -k       = unknown
/usr/convex/getsysinfo = unknown
/usr/bin/hostinfo      = unknown
/bin/machine           = unknown
/usr/bin/oslevel       = unknown
/bin/universe          = unknown

PATH: /home/kumamon/rosjava/devel/bin
PATH: /opt/ros/indigo/bin
PATH: /usr/local/sbin
PATH: /usr/local/bin
PATH: /usr/sbin
PATH: /usr/bin
PATH: /sbin
PATH: /bin
PATH: /usr/games
PATH: /usr/local/games


## ----------- ##
## Core tests. ##
## ----------- ##

configure:2086: checking for current directory name
configure:2133: result: /home/kumamon/Documents/paruj/219351_Webapp_homework/mpich2-1.4/src/mpe2/src/callstack
configure:2168: checking gnumake
configure:2183: result: yes using --no-print-directory
configure:2197: checking BSD 4.4 make
configure:2217: result: no - whew
configure:2223: checking OSF V3 make
configure:2242: result: no
configure:2249: checking for virtual path format
configure:2264: result: VPATH
configure:2387: checking for gcc
configure:2414: result: gcc
configure:2643: checking for C compiler version
configure:2652: gcc --version >&5
gcc (Ubuntu 4.8.4-2ubuntu1~14.04.1) 4.8.4
Copyright (C) 2013 Free Software Foundation, Inc.
This is free software; see the source for copying conditions.  There is NO
warranty; not even for MERCHANTABILITY or FITNESS FOR A PARTICULAR PURPOSE.

configure:2663: $? = 0
configure:2652: gcc -v >&5
Using built-in specs.
COLLECT_GCC=gcc
COLLECT_LTO_WRAPPER=/usr/lib/gcc/x86_64-linux-gnu/4.8/lto-wrapper
Target: x86_64-linux-gnu
Configured with: ../src/configure -v --with-pkgversion='Ubuntu 4.8.4-2ubuntu1~14.04.1' --with-bugurl=file:///usr/share/doc/gcc-4.8/README.Bugs --enable-languages=c,c++,java,go,d,fortran,objc,obj-c++ --prefix=/usr --program-suffix=-4.8 --enable-shared --enable-linker-build-id --libexecdir=/usr/lib --without-included-gettext --enable-threads=posix --with-gxx-include-dir=/usr/include/c++/4.8 --libdir=/usr/lib --enable-nls --with-sysroot=/ --enable-clocale=gnu --enable-libstdcxx-debug --enable-libstdcxx-time=yes --enable-gnu-unique-object --disable-libmudflap --enable-plugin --with-system-zlib --disable-browser-plugin --enable-java-awt=gtk --enable-gtk-cairo --with-java-home=/usr/lib/jvm/java-1.5.0-gcj-4.8-amd64/jre --enable-java-home --with-jvm-root-dir=/usr/lib/jvm/java-1.5.0-gcj-4.8-amd64 --with-jvm-jar-dir=/usr/lib/jvm-exports/java-1.5.0-gcj-4.8-amd64 --with-arch-directory=amd64 --with-ecj-jar=/usr/share/java/eclipse-ecj.jar --enable-objc-gc --enable-multiarch --disable-werror --with-arch-32=i686 --with-abi=m64 --with-multilib-list=m32,m64,mx32 --with-tune=generic --enable-checking=release --build=x86_64-linux-gnu --host=x86_64-linux-gnu --target=x86_64-linux-gnu
Thread model: posix
gcc version 4.8.4 (Ubuntu 4.8.4-2ubuntu1~14.04.1) 
configure:2663: $? = 0
configure:2652: gcc -V >&5
gcc: error: unrecognized command line option '-V'
gcc: fatal error: no input files
compilation terminated.
configure:2663: $? = 4
configure:2652: gcc -qversion >&5
gcc: error: unrecognized command line option '-qversion'
gcc: fatal error: no input files
compilation terminated.
configure:2663: $? = 4
configure:2683: checking whether the C compiler works
configure:2705: gcc    -O2  -I/home/kumamon/Documents/paruj/219351_Webapp_homework/mpich2-1.4/src/mpl/include -I/home/kumamon/Documents/paruj/219351_Webapp_homework/mpich2-1.4/src/mpl/include -I/home/kumamon/Documents/paruj/219351_Webapp_homework/mpich2-1.4/src/openpa/src -I/home/kumamon/Documents/paruj/219351_Webapp_homework/mpich2-1.4/src/openpa/src -I/home/kumamon/Documents/paruj/219351_Webapp_homework/mpich2-1.4/src/mpid/ch3/include -I/home/kumamon/Documents/paruj/219351_Webapp_homework/mpich2-1.4/src/mpid/ch3/include -I/home/kumamon/Documents/paruj/219351_Webapp_homework/mpich2-1.4/src/mpid/common/datatype -I/home/kumamon/Documents/paruj/219351_Webapp_homework/mpich2-1.4/src/mpid/common/datatype -I/home/kumamon/Documents/paruj/219351_Webapp_homework/mpich2-1.4/src/mpid/common/locks -I/home/kumamon/Documents/paruj/219351_Webapp_homework/mpich2-1.4/src/mpid/common/locks -I/home/kumamon/Documents/paruj/219351_Webapp_homework/mpich2-1.4/src/mpid/ch3/channels/nemesis/include -I/home/kumamon/Documents/paruj/219351_Webapp_homework/mpich2-1.4/src/mpid/ch3/channels/nemesis/include -I/home/kumamon/Documents/paruj/219351_Webapp_homework/mpich2-1.4/src/mpid/ch3/channels/nemesis/nemesis/include -I/home/kumamon/Documents/paruj/219351_Webapp_homework/mpich2-1.4/src/mpid/ch3/channels/nemesis/nemesis/include -I/home/kumamon/Documents/paruj/219351_Webapp_homework/mpich2-1.4/src/mpid/ch3/channels/nemesis/nemesis/utils/monitor -I/home/kumamon/Documents/paruj/219351_Webapp_homework/mpich2-1.4/src/mpid/ch3/channels/nemesis/nemesis/utils/monitor -I/home/kumamon/Documents/paruj/219351_Webapp_homework/mpich2-1.4/src/util/wrappers -I/home/kumamon/Documents/paruj/219351_Webapp_homework/mpich2-1.4/src/util/wrappers   conftest.c -lrt -lpthread   >&5
configure:2709: $? = 0
configure:2757: result: yes
configure:2760: checking for C compiler default output file name
configure:2762: result: a.out
configure:2768: checking for suffix of executables
configure:2775: gcc -o conftest    -O2  -I/home/kumamon/Documents/paruj/219351_Webapp_homework/mpich2-1.4/src/mpl/include -I/home/kumamon/Documents/paruj/219351_Webapp_homework/mpich2-1.4/src/mpl/include -I/home/kumamon/Documents/paruj/219351_Webapp_homework/mpich2-1.4/src/openpa/src -I/home/kumamon/Documents/paruj/219351_Webapp_homework/mpich2-1.4/src/openpa/src -I/home/kumamon/Documents/paruj/219351_Webapp_homework/mpich2-1.4/src/mpid/ch3/include -I/home/kumamon/Documents/paruj/219351_Webapp_homework/mpich2-1.4/src/mpid/ch3/include -I/home/kumamon/Documents/paruj/219351_Webapp_homework/mpich2-1.4/src/mpid/common/datatype -I/home/kumamon/Documents/paruj/219351_Webapp_homework/mpich2-1.4/src/mpid/common/datatype -I/home/kumamon/Documents/paruj/219351_Webapp_homework/mpich2-1.4/src/mpid/common/locks -I/home/kumamon/Documents/paruj/219351_Webapp_homework/mpich2-1.4/src/mpid/common/locks -I/home/kumamon/Documents/paruj/219351_Webapp_homework/mpich2-1.4/src/mpid/ch3/channels/nemesis/include -I/home/kumamon/Documents/paruj/219351_Webapp_homework/mpich2-1.4/src/mpid/ch3/channels/nemesis/include -I/home/kumamon/Documents/paruj/219351_Webapp_homework/mpich2-1.4/src/mpid/ch3/channels/nemesis/nemesis/include -I/home/kumamon/Documents/paruj/219351_Webapp_homework/mpich2-1.4/src/mpid/ch3/channels/nemesis/nemesis/include -I/home/kumamon/Documents/paruj/219351_Webapp_homework/mpich2-1.4/src/mpid/ch3/channels/nemesis/nemesis/utils/monitor -I/home/kumamon/Documents/paruj/219351_Webapp_homework/mpich2-1.4/src/mpid/ch3/channels/nemesis/nemesis/utils/monitor -I/home/kumamon/Documents/paruj/219351_Webapp_homework/mpich2-1.4/src/util/wrappers -I/home/kumamon/Documents/paruj/219351_Webapp_homework/mpich2-1.4/src/util/wrappers   conftest.c -lrt -lpthread   >&5
configure:2779: $? = 0
configure:2801: result: 
configure:2823: checking whether we are cross compiling
configure:2831: gcc -o conftest    -O2  -I/home/kumamon/Documents/paruj/219351_Webapp_homework/mpich2-1.4/src/mpl/include -I/home/kumamon/Documents/paruj/219351_Webapp_homework/mpich2-1.4/src/mpl/include -I/home/kumamon/Documents/paruj/219351_Webapp_homework/mpich2-1.4/src/openpa/src -I/home/kumamon/Documents/paruj/219351_Webapp_homework/mpich2-1.4/src/openpa/src -I/home/kumamon/Documents/paruj/219351_Webapp_homework/mpich2-1.4/src/mpid/ch3/include -I/home/kumamon/Documents/paruj/219351_Webapp_homework/mpich2-1.4/src/mpid/ch3/include -I/home/kumamon/Documents/paruj/219351_Webapp_homework/mpich2-1.4/src/mpid/common/datatype -I/home/kumamon/Documents/paruj/219351_Webapp_homework/mpich2-1.4/src/mpid/common/datatype -I/home/kumamon/Documents/paruj/219351_Webapp_homework/mpich2-1.4/src/mpid/common/locks -I/home/kumamon/Documents/paruj/219351_Webapp_homework/mpich2-1.4/src/mpid/common/locks -I/home/kumamon/Documents/paruj/219351_Webapp_homework/mpich2-1.4/src/mpid/ch3/channels/nemesis/include -I/home/kumamon/Documents/paruj/219351_Webapp_homework/mpich2-1.4/src/mpid/ch3/channels/nemesis/include -I/home/kumamon/Documents/paruj/219351_Webapp_homework/mpich2-1.4/src/mpid/ch3/channels/nemesis/nemesis/include -I/home/kumamon/Documents/paruj/219351_Webapp_homework/mpich2-1.4/src/mpid/ch3/channels/nemesis/nemesis/include -I/home/kumamon/Documents/paruj/219351_Webapp_homework/mpich2-1.4/src/mpid/ch3/channels/nemesis/nemesis/utils/monitor -I/home/kumamon/Documents/paruj/219351_Webapp_homework/mpich2-1.4/src/mpid/ch3/channels/nemesis/nemesis/utils/monitor -I/home/kumamon/Documents/paruj/219351_Webapp_homework/mpich2-1.4/src/util/wrappers -I/home/kumamon/Documents/paruj/219351_Webapp_homework/mpich2-1.4/src/util/wrappers   conftest.c -lrt -lpthread   >&5
configure:2835: $? = 0
configure:2842: ./conftest
configure:2846: $? = 0
configure:2861: result: no
configure:2866: checking for suffix of object files
configure:2888: gcc -c    -O2  -I/home/kumamon/Documents/paruj/219351_Webapp_homework/mpich2-1.4/src/mpl/include -I/home/kumamon/Documents/paruj/219351_Webapp_homework/mpich2-1.4/src/mpl/include -I/home/kumamon/Documents/paruj/219351_Webapp_homework/mpich2-1.4/src/openpa/src -I/home/kumamon/Documents/paruj/219351_Webapp_homework/mpich2-1.4/src/openpa/src -I/home/kumamon/Documents/paruj/219351_Webapp_homework/mpich2-1.4/src/mpid/ch3/include -I/home/kumamon/Documents/paruj/219351_Webapp_homework/mpich2-1.4/src/mpid/ch3/include -I/home/kumamon/Documents/paruj/219351_Webapp_homework/mpich2-1.4/src/mpid/common/datatype -I/home/kumamon/Documents/paruj/219351_Webapp_homework/mpich2-1.4/src/mpid/common/datatype -I/home/kumamon/Documents/paruj/219351_Webapp_homework/mpich2-1.4/src/mpid/common/locks -I/home/kumamon/Documents/paruj/219351_Webapp_homework/mpich2-1.4/src/mpid/common/locks -I/home/kumamon/Documents/paruj/219351_Webapp_homework/mpich2-1.4/src/mpid/ch3/channels/nemesis/include -I/home/kumamon/Documents/paruj/219351_Webapp_homework/mpich2-1.4/src/mpid/ch3/channels/nemesis/include -I/home/kumamon/Documents/paruj/219351_Webapp_homework/mpich2-1.4/src/mpid/ch3/channels/nemesis/nemesis/include -I/home/kumamon/Documents/paruj/219351_Webapp_homework/mpich2-1.4/src/mpid/ch3/channels/nemesis/nemesis/include -I/home/kumamon/Documents/paruj/219351_Webapp_homework/mpich2-1.4/src/mpid/ch3/channels/nemesis/nemesis/utils/monitor -I/home/kumamon/Documents/paruj/219351_Webapp_homework/mpich2-1.4/src/mpid/ch3/channels/nemesis/nemesis/utils/monitor -I/home/kumamon/Documents/paruj/219351_Webapp_homework/mpich2-1.4/src/util/wrappers -I/home/kumamon/Documents/paruj/219351_Webapp_homework/mpich2-1.4/src/util/wrappers conftest.c >&5
configure:2892: $? = 0
configure:2913: result: o
configure:2917: checking whether we are using the GNU C compiler
configure:2936: gcc -c    -O2  -I/home/kumamon/Documents/paruj/219351_Webapp_homework/mpich2-1.4/src/mpl/include -I/home/kumamon/Documents/paruj/219351_Webapp_homework/mpich2-1.4/src/mpl/include -I/home/kumamon/Documents/paruj/219351_Webapp_homework/mpich2-1.4/src/openpa/src -I/home/kumamon/Documents/paruj/219351_Webapp_homework/mpich2-1.4/src/openpa/src -I/home/kumamon/Documents/paruj/219351_Webapp_homework/mpich2-1.4/src/mpid/ch3/include -I/home/kumamon/Documents/paruj/219351_Webapp_homework/mpich2-1.4/src/mpid/ch3/include -I/home/kumamon/Documents/paruj/219351_Webapp_homework/mpich2-1.4/src/mpid/common/datatype -I/home/kumamon/Documents/paruj/219351_Webapp_homework/mpich2-1.4/src/mpid/common/datatype -I/home/kumamon/Documents/paruj/219351_Webapp_homework/mpich2-1.4/src/mpid/common/locks -I/home/kumamon/Documents/paruj/219351_Webapp_homework/mpich2-1.4/src/mpid/common/locks -I/home/kumamon/Documents/paruj/219351_Webapp_homework/mpich2-1.4/src/mpid/ch3/channels/nemesis/include -I/home/kumamon/Documents/paruj/219351_Webapp_homework/mpich2-1.4/src/mpid/ch3/channels/nemesis/include -I/home/kumamon/Documents/paruj/219351_Webapp_homework/mpich2-1.4/src/mpid/ch3/channels/nemesis/nemesis/include -I/home/kumamon/Documents/paruj/219351_Webapp_homework/mpich2-1.4/src/mpid/ch3/channels/nemesis/nemesis/include -I/home/kumamon/Documents/paruj/219351_Webapp_homework/mpich2-1.4/src/mpid/ch3/channels/nemesis/nemesis/utils/monitor -I/home/kumamon/Documents/paruj/219351_Webapp_homework/mpich2-1.4/src/mpid/ch3/channels/nemesis/nemesis/utils/monitor -I/home/kumamon/Documents/paruj/219351_Webapp_homework/mpich2-1.4/src/util/wrappers -I/home/kumamon/Documents/paruj/219351_Webapp_homework/mpich2-1.4/src/util/wrappers conftest.c >&5
configure:2936: $? = 0
configure:2945: result: yes
configure:2954: checking whether gcc accepts -g
configure:2974: gcc -c -g  -I/home/kumamon/Documents/paruj/219351_Webapp_homework/mpich2-1.4/src/mpl/include -I/home/kumamon/Documents/paruj/219351_Webapp_homework/mpich2-1.4/src/mpl/include -I/home/kumamon/Documents/paruj/219351_Webapp_homework/mpich2-1.4/src/openpa/src -I/home/kumamon/Documents/paruj/219351_Webapp_homework/mpich2-1.4/src/openpa/src -I/home/kumamon/Documents/paruj/219351_Webapp_homework/mpich2-1.4/src/mpid/ch3/include -I/home/kumamon/Documents/paruj/219351_Webapp_homework/mpich2-1.4/src/mpid/ch3/include -I/home/kumamon/Documents/paruj/219351_Webapp_homework/mpich2-1.4/src/mpid/common/datatype -I/home/kumamon/Documents/paruj/219351_Webapp_homework/mpich2-1.4/src/mpid/common/datatype -I/home/kumamon/Documents/paruj/219351_Webapp_homework/mpich2-1.4/src/mpid/common/locks -I/home/kumamon/Documents/paruj/219351_Webapp_homework/mpich2-1.4/src/mpid/common/locks -I/home/kumamon/Documents/paruj/219351_Webapp_homework/mpich2-1.4/src/mpid/ch3/channels/nemesis/include -I/home/kumamon/Documents/paruj/219351_Webapp_homework/mpich2-1.4/src/mpid/ch3/channels/nemesis/include -I/home/kumamon/Documents/paruj/219351_Webapp_homework/mpich2-1.4/src/mpid/ch3/channels/nemesis/nemesis/include -I/home/kumamon/Documents/paruj/219351_Webapp_homework/mpich2-1.4/src/mpid/ch3/channels/nemesis/nemesis/include -I/home/kumamon/Documents/paruj/219351_Webapp_homework/mpich2-1.4/src/mpid/ch3/channels/nemesis/nemesis/utils/monitor -I/home/kumamon/Documents/paruj/219351_Webapp_homework/mpich2-1.4/src/mpid/ch3/channels/nemesis/nemesis/utils/monitor -I/home/kumamon/Documents/paruj/219351_Webapp_homework/mpich2-1.4/src/util/wrappers -I/home/kumamon/Documents/paruj/219351_Webapp_homework/mpich2-1.4/src/util/wrappers conftest.c >&5
configure:2974: $? = 0
configure:3015: result: yes
configure:3032: checking for gcc option to accept ISO C89
configure:3096: gcc  -c    -O2  -I/home/kumamon/Documents/paruj/219351_Webapp_homework/mpich2-1.4/src/mpl/include -I/home/kumamon/Documents/paruj/219351_Webapp_homework/mpich2-1.4/src/mpl/include -I/home/kumamon/Documents/paruj/219351_Webapp_homework/mpich2-1.4/src/openpa/src -I/home/kumamon/Documents/paruj/219351_Webapp_homework/mpich2-1.4/src/openpa/src -I/home/kumamon/Documents/paruj/219351_Webapp_homework/mpich2-1.4/src/mpid/ch3/include -I/home/kumamon/Documents/paruj/219351_Webapp_homework/mpich2-1.4/src/mpid/ch3/include -I/home/kumamon/Documents/paruj/219351_Webapp_homework/mpich2-1.4/src/mpid/common/datatype -I/home/kumamon/Documents/paruj/219351_Webapp_homework/mpich2-1.4/src/mpid/common/datatype -I/home/kumamon/Documents/paruj/219351_Webapp_homework/mpich2-1.4/src/mpid/common/locks -I/home/kumamon/Documents/paruj/219351_Webapp_homework/mpich2-1.4/src/mpid/common/locks -I/home/kumamon/Documents/paruj/219351_Webapp_homework/mpich2-1.4/src/mpid/ch3/channels/nemesis/include -I/home/kumamon/Documents/paruj/219351_Webapp_homework/mpich2-1.4/src/mpid/ch3/channels/nemesis/include -I/home/kumamon/Documents/paruj/219351_Webapp_homework/mpich2-1.4/src/mpid/ch3/channels/nemesis/nemesis/include -I/home/kumamon/Documents/paruj/219351_Webapp_homework/mpich2-1.4/src/mpid/ch3/channels/nemesis/nemesis/include -I/home/kumamon/Documents/paruj/219351_Webapp_homework/mpich2-1.4/src/mpid/ch3/channels/nemesis/nemesis/utils/monitor -I/home/kumamon/Documents/paruj/219351_Webapp_homework/mpich2-1.4/src/mpid/ch3/channels/nemesis/nemesis/utils/monitor -I/home/kumamon/Documents/paruj/219351_Webapp_homework/mpich2-1.4/src/util/wrappers -I/home/kumamon/Documents/paruj/219351_Webapp_homework/mpich2-1.4/src/util/wrappers conftest.c >&5
configure:3096: $? = 0
configure:3109: result: none needed
configure:3133: checking for ar
configure:3161: result: ar
configure:3212: checking for ranlib
configure:3239: result: ranlib
configure:3263: checking whether gcc and cc understand -c and -o together
configure:3294: gcc -c conftest.c -o conftest2.o >&5
configure:3298: $? = 0
configure:3304: gcc -c conftest.c -o conftest2.o >&5
configure:3308: $? = 0
configure:3319: cc -c conftest.c >&5
configure:3323: $? = 0
configure:3331: cc -c conftest.c -o conftest2.o >&5
configure:3335: $? = 0
configure:3341: cc -c conftest.c -o conftest2.o >&5
configure:3345: $? = 0
configure:3363: result: yes
configure:3382: checking how to run the C preprocessor
configure:3413: gcc -E  -I/home/kumamon/Documents/paruj/219351_Webapp_homework/mpich2-1.4/src/mpl/include -I/home/kumamon/Documents/paruj/219351_Webapp_homework/mpich2-1.4/src/mpl/include -I/home/kumamon/Documents/paruj/219351_Webapp_homework/mpich2-1.4/src/openpa/src -I/home/kumamon/Documents/paruj/219351_Webapp_homework/mpich2-1.4/src/openpa/src -I/home/kumamon/Documents/paruj/219351_Webapp_homework/mpich2-1.4/src/mpid/ch3/include -I/home/kumamon/Documents/paruj/219351_Webapp_homework/mpich2-1.4/src/mpid/ch3/include -I/home/kumamon/Documents/paruj/219351_Webapp_homework/mpich2-1.4/src/mpid/common/datatype -I/home/kumamon/Documents/paruj/219351_Webapp_homework/mpich2-1.4/src/mpid/common/datatype -I/home/kumamon/Documents/paruj/219351_Webapp_homework/mpich2-1.4/src/mpid/common/locks -I/home/kumamon/Documents/paruj/219351_Webapp_homework/mpich2-1.4/src/mpid/common/locks -I/home/kumamon/Documents/paruj/219351_Webapp_homework/mpich2-1.4/src/mpid/ch3/channels/nemesis/include -I/home/kumamon/Documents/paruj/219351_Webapp_homework/mpich2-1.4/src/mpid/ch3/channels/nemesis/include -I/home/kumamon/Documents/paruj/219351_Webapp_homework/mpich2-1.4/src/mpid/ch3/channels/nemesis/nemesis/include -I/home/kumamon/Documents/paruj/219351_Webapp_homework/mpich2-1.4/src/mpid/ch3/channels/nemesis/nemesis/include -I/home/kumamon/Documents/paruj/219351_Webapp_homework/mpich2-1.4/src/mpid/ch3/channels/nemesis/nemesis/utils/monitor -I/home/kumamon/Documents/paruj/219351_Webapp_homework/mpich2-1.4/src/mpid/ch3/channels/nemesis/nemesis/utils/monitor -I/home/kumamon/Documents/paruj/219351_Webapp_homework/mpich2-1.4/src/util/wrappers -I/home/kumamon/Documents/paruj/219351_Webapp_homework/mpich2-1.4/src/util/wrappers conftest.c
configure:3413: $? = 0
configure:3427: gcc -E  -I/home/kumamon/Documents/paruj/219351_Webapp_homework/mpich2-1.4/src/mpl/include -I/home/kumamon/Documents/paruj/219351_Webapp_homework/mpich2-1.4/src/mpl/include -I/home/kumamon/Documents/paruj/219351_Webapp_homework/mpich2-1.4/src/openpa/src -I/home/kumamon/Documents/paruj/219351_Webapp_homework/mpich2-1.4/src/openpa/src -I/home/kumamon/Documents/paruj/219351_Webapp_homework/mpich2-1.4/src/mpid/ch3/include -I/home/kumamon/Documents/paruj/219351_Webapp_homework/mpich2-1.4/src/mpid/ch3/include -I/home/kumamon/Documents/paruj/219351_Webapp_homework/mpich2-1.4/src/mpid/common/datatype -I/home/kumamon/Documents/paruj/219351_Webapp_homework/mpich2-1.4/src/mpid/common/datatype -I/home/kumamon/Documents/paruj/219351_Webapp_homework/mpich2-1.4/src/mpid/common/locks -I/home/kumamon/Documents/paruj/219351_Webapp_homework/mpich2-1.4/src/mpid/common/locks -I/home/kumamon/Documents/paruj/219351_Webapp_homework/mpich2-1.4/src/mpid/ch3/channels/nemesis/include -I/home/kumamon/Documents/paruj/219351_Webapp_homework/mpich2-1.4/src/mpid/ch3/channels/nemesis/include -I/home/kumamon/Documents/paruj/219351_Webapp_homework/mpich2-1.4/src/mpid/ch3/channels/nemesis/nemesis/include -I/home/kumamon/Documents/paruj/219351_Webapp_homework/mpich2-1.4/src/mpid/ch3/channels/nemesis/nemesis/include -I/home/kumamon/Documents/paruj/219351_Webapp_homework/mpich2-1.4/src/mpid/ch3/channels/nemesis/nemesis/utils/monitor -I/home/kumamon/Documents/paruj/219351_Webapp_homework/mpich2-1.4/src/mpid/ch3/channels/nemesis/nemesis/utils/monitor -I/home/kumamon/Documents/paruj/219351_Webapp_homework/mpich2-1.4/src/util/wrappers -I/home/kumamon/Documents/paruj/219351_Webapp_homework/mpich2-1.4/src/util/wrappers conftest.c
conftest.c:9:28: fatal error: ac_nonexistent.h: No such file or directory
 #include <ac_nonexistent.h>
                            ^
compilation terminated.
configure:3427: $? = 1
configure: failed program was:
| /* confdefs.h */
| #define PACKAGE_NAME ""
| #define PACKAGE_TARNAME ""
| #define PACKAGE_VERSION ""
| #define PACKAGE_STRING ""
| #define PACKAGE_BUGREPORT ""
| #define PACKAGE_URL ""
| /* end confdefs.h.  */
| #include <ac_nonexistent.h>
configure:3452: result: gcc -E
configure:3472: gcc -E  -I/home/kumamon/Documents/paruj/219351_Webapp_homework/mpich2-1.4/src/mpl/include -I/home/kumamon/Documents/paruj/219351_Webapp_homework/mpich2-1.4/src/mpl/include -I/home/kumamon/Documents/paruj/219351_Webapp_homework/mpich2-1.4/src/openpa/src -I/home/kumamon/Documents/paruj/219351_Webapp_homework/mpich2-1.4/src/openpa/src -I/home/kumamon/Documents/paruj/219351_Webapp_homework/mpich2-1.4/src/mpid/ch3/include -I/home/kumamon/Documents/paruj/219351_Webapp_homework/mpich2-1.4/src/mpid/ch3/include -I/home/kumamon/Documents/paruj/219351_Webapp_homework/mpich2-1.4/src/mpid/common/datatype -I/home/kumamon/Documents/paruj/219351_Webapp_homework/mpich2-1.4/src/mpid/common/datatype -I/home/kumamon/Documents/paruj/219351_Webapp_homework/mpich2-1.4/src/mpid/common/locks -I/home/kumamon/Documents/paruj/219351_Webapp_homework/mpich2-1.4/src/mpid/common/locks -I/home/kumamon/Documents/paruj/219351_Webapp_homework/mpich2-1.4/src/mpid/ch3/channels/nemesis/include -I/home/kumamon/Documents/paruj/219351_Webapp_homework/mpich2-1.4/src/mpid/ch3/channels/nemesis/include -I/home/kumamon/Documents/paruj/219351_Webapp_homework/mpich2-1.4/src/mpid/ch3/channels/nemesis/nemesis/include -I/home/kumamon/Documents/paruj/219351_Webapp_homework/mpich2-1.4/src/mpid/ch3/channels/nemesis/nemesis/include -I/home/kumamon/Documents/paruj/219351_Webapp_homework/mpich2-1.4/src/mpid/ch3/channels/nemesis/nemesis/utils/monitor -I/home/kumamon/Documents/paruj/219351_Webapp_homework/mpich2-1.4/src/mpid/ch3/channels/nemesis/nemesis/utils/monitor -I/home/kumamon/Documents/paruj/219351_Webapp_homework/mpich2-1.4/src/util/wrappers -I/home/kumamon/Documents/paruj/219351_Webapp_homework/mpich2-1.4/src/util/wrappers conftest.c
configure:3472: $? = 0
configure:3486: gcc -E  -I/home/kumamon/Documents/paruj/219351_Webapp_homework/mpich2-1.4/src/mpl/include -I/home/kumamon/Documents/paruj/219351_Webapp_homework/mpich2-1.4/src/mpl/include -I/home/kumamon/Documents/paruj/219351_Webapp_homework/mpich2-1.4/src/openpa/src -I/home/kumamon/Documents/paruj/219351_Webapp_homework/mpich2-1.4/src/openpa/src -I/home/kumamon/Documents/paruj/219351_Webapp_homework/mpich2-1.4/src/mpid/ch3/include -I/home/kumamon/Documents/paruj/219351_Webapp_homework/mpich2-1.4/src/mpid/ch3/include -I/home/kumamon/Documents/paruj/219351_Webapp_homework/mpich2-1.4/src/mpid/common/datatype -I/home/kumamon/Documents/paruj/219351_Webapp_homework/mpich2-1.4/src/mpid/common/datatype -I/home/kumamon/Documents/paruj/219351_Webapp_homework/mpich2-1.4/src/mpid/common/locks -I/home/kumamon/Documents/paruj/219351_Webapp_homework/mpich2-1.4/src/mpid/common/locks -I/home/kumamon/Documents/paruj/219351_Webapp_homework/mpich2-1.4/src/mpid/ch3/channels/nemesis/include -I/home/kumamon/Documents/paruj/219351_Webapp_homework/mpich2-1.4/src/mpid/ch3/channels/nemesis/include -I/home/kumamon/Documents/paruj/219351_Webapp_homework/mpich2-1.4/src/mpid/ch3/channels/nemesis/nemesis/include -I/home/kumamon/Documents/paruj/219351_Webapp_homework/mpich2-1.4/src/mpid/ch3/channels/nemesis/nemesis/include -I/home/kumamon/Documents/paruj/219351_Webapp_homework/mpich2-1.4/src/mpid/ch3/channels/nemesis/nemesis/utils/monitor -I/home/kumamon/Documents/paruj/219351_Webapp_homework/mpich2-1.4/src/mpid/ch3/channels/nemesis/nemesis/utils/monitor -I/home/kumamon/Documents/paruj/219351_Webapp_homework/mpich2-1.4/src/util/wrappers -I/home/kumamon/Documents/paruj/219351_Webapp_homework/mpich2-1.4/src/util/wrappers conftest.c
conftest.c:9:28: fatal error: ac_nonexistent.h: No such file or directory
 #include <ac_nonexistent.h>
                            ^
compilation terminated.
configure:3486: $? = 1
configure: failed program was:
| /* confdefs.h */
| #define PACKAGE_NAME ""
| #define PACKAGE_TARNAME ""
| #define PACKAGE_VERSION ""
| #define PACKAGE_STRING ""
| #define PACKAGE_BUGREPORT ""
| #define PACKAGE_URL ""
| /* end confdefs.h.  */
| #include <ac_nonexistent.h>
configure:3520: checking for grep that handles long lines and -e
configure:3578: result: /bin/grep
configure:3583: checking for egrep
configure:3645: result: /bin/grep -E
configure:3650: checking for ANSI C header files
configure:3670: gcc -c    -O2  -I/home/kumamon/Documents/paruj/219351_Webapp_homework/mpich2-1.4/src/mpl/include -I/home/kumamon/Documents/paruj/219351_Webapp_homework/mpich2-1.4/src/mpl/include -I/home/kumamon/Documents/paruj/219351_Webapp_homework/mpich2-1.4/src/openpa/src -I/home/kumamon/Documents/paruj/219351_Webapp_homework/mpich2-1.4/src/openpa/src -I/home/kumamon/Documents/paruj/219351_Webapp_homework/mpich2-1.4/src/mpid/ch3/include -I/home/kumamon/Documents/paruj/219351_Webapp_homework/mpich2-1.4/src/mpid/ch3/include -I/home/kumamon/Documents/paruj/219351_Webapp_homework/mpich2-1.4/src/mpid/common/datatype -I/home/kumamon/Documents/paruj/219351_Webapp_homework/mpich2-1.4/src/mpid/common/datatype -I/home/kumamon/Documents/paruj/219351_Webapp_homework/mpich2-1.4/src/mpid/common/locks -I/home/kumamon/Documents/paruj/219351_Webapp_homework/mpich2-1.4/src/mpid/common/locks -I/home/kumamon/Documents/paruj/219351_Webapp_homework/mpich2-1.4/src/mpid/ch3/channels/nemesis/include -I/home/kumamon/Documents/paruj/219351_Webapp_homework/mpich2-1.4/src/mpid/ch3/channels/nemesis/include -I/home/kumamon/Documents/paruj/219351_Webapp_homework/mpich2-1.4/src/mpid/ch3/channels/nemesis/nemesis/include -I/home/kumamon/Documents/paruj/219351_Webapp_homework/mpich2-1.4/src/mpid/ch3/channels/nemesis/nemesis/include -I/home/kumamon/Documents/paruj/219351_Webapp_homework/mpich2-1.4/src/mpid/ch3/channels/nemesis/nemesis/utils/monitor -I/home/kumamon/Documents/paruj/219351_Webapp_homework/mpich2-1.4/src/mpid/ch3/channels/nemesis/nemesis/utils/monitor -I/home/kumamon/Documents/paruj/219351_Webapp_homework/mpich2-1.4/src/util/wrappers -I/home/kumamon/Documents/paruj/219351_Webapp_homework/mpich2-1.4/src/util/wrappers conftest.c >&5
configure:3670: $? = 0
configure:3743: gcc -o conftest    -O2  -I/home/kumamon/Documents/paruj/219351_Webapp_homework/mpich2-1.4/src/mpl/include -I/home/kumamon/Documents/paruj/219351_Webapp_homework/mpich2-1.4/src/mpl/include -I/home/kumamon/Documents/paruj/219351_Webapp_homework/mpich2-1.4/src/openpa/src -I/home/kumamon/Documents/paruj/219351_Webapp_homework/mpich2-1.4/src/openpa/src -I/home/kumamon/Documents/paruj/219351_Webapp_homework/mpich2-1.4/src/mpid/ch3/include -I/home/kumamon/Documents/paruj/219351_Webapp_homework/mpich2-1.4/src/mpid/ch3/include -I/home/kumamon/Documents/paruj/219351_Webapp_homework/mpich2-1.4/src/mpid/common/datatype -I/home/kumamon/Documents/paruj/219351_Webapp_homework/mpich2-1.4/src/mpid/common/datatype -I/home/kumamon/Documents/paruj/219351_Webapp_homework/mpich2-1.4/src/mpid/common/locks -I/home/kumamon/Documents/paruj/219351_Webapp_homework/mpich2-1.4/src/mpid/common/locks -I/home/kumamon/Documents/paruj/219351_Webapp_homework/mpich2-1.4/src/mpid/ch3/channels/nemesis/include -I/home/kumamon/Documents/paruj/219351_Webapp_homework/mpich2-1.4/src/mpid/ch3/channels/nemesis/include -I/home/kumamon/Documents/paruj/219351_Webapp_homework/mpich2-1.4/src/mpid/ch3/channels/nemesis/nemesis/include -I/home/kumamon/Documents/paruj/219351_Webapp_homework/mpich2-1.4/src/mpid/ch3/channels/nemesis/nemesis/include -I/home/kumamon/Documents/paruj/219351_Webapp_homework/mpich2-1.4/src/mpid/ch3/channels/nemesis/nemesis/utils/monitor -I/home/kumamon/Documents/paruj/219351_Webapp_homework/mpich2-1.4/src/mpid/ch3/channels/nemesis/nemesis/utils/monitor -I/home/kumamon/Documents/paruj/219351_Webapp_homework/mpich2-1.4/src/util/wrappers -I/home/kumamon/Documents/paruj/219351_Webapp_homework/mpich2-1.4/src/util/wrappers   conftest.c -lrt -lpthread   >&5
configure:3743: $? = 0
configure:3743: ./conftest
configure:3743: $? = 0
configure:3754: result: yes
configure:3763: checking for an ANSI C-conforming const
configure:3828: gcc -c    -O2  -I/home/kumamon/Documents/paruj/219351_Webapp_homework/mpich2-1.4/src/mpl/include -I/home/kumamon/Documents/paruj/219351_Webapp_homework/mpich2-1.4/src/mpl/include -I/home/kumamon/Documents/paruj/219351_Webapp_homework/mpich2-1.4/src/openpa/src -I/home/kumamon/Documents/paruj/219351_Webapp_homework/mpich2-1.4/src/openpa/src -I/home/kumamon/Documents/paruj/219351_Webapp_homework/mpich2-1.4/src/mpid/ch3/include -I/home/kumamon/Documents/paruj/219351_Webapp_homework/mpich2-1.4/src/mpid/ch3/include -I/home/kumamon/Documents/paruj/219351_Webapp_homework/mpich2-1.4/src/mpid/common/datatype -I/home/kumamon/Documents/paruj/219351_Webapp_homework/mpich2-1.4/src/mpid/common/datatype -I/home/kumamon/Documents/paruj/219351_Webapp_homework/mpich2-1.4/src/mpid/common/locks -I/home/kumamon/Documents/paruj/219351_Webapp_homework/mpich2-1.4/src/mpid/common/locks -I/home/kumamon/Documents/paruj/219351_Webapp_homework/mpich2-1.4/src/mpid/ch3/channels/nemesis/include -I/home/kumamon/Documents/paruj/219351_Webapp_homework/mpich2-1.4/src/mpid/ch3/channels/nemesis/include -I/home/kumamon/Documents/paruj/219351_Webapp_homework/mpich2-1.4/src/mpid/ch3/channels/nemesis/nemesis/include -I/home/kumamon/Documents/paruj/219351_Webapp_homework/mpich2-1.4/src/mpid/ch3/channels/nemesis/nemesis/include -I/home/kumamon/Documents/paruj/219351_Webapp_homework/mpich2-1.4/src/mpid/ch3/channels/nemesis/nemesis/utils/monitor -I/home/kumamon/Documents/paruj/219351_Webapp_homework/mpich2-1.4/src/mpid/ch3/channels/nemesis/nemesis/utils/monitor -I/home/kumamon/Documents/paruj/219351_Webapp_homework/mpich2-1.4/src/util/wrappers -I/home/kumamon/Documents/paruj/219351_Webapp_homework/mpich2-1.4/src/util/wrappers conftest.c >&5
configure:3828: $? = 0
configure:3835: result: yes
configure:3843: checking for inline
configure:3859: gcc -c    -O2  -I/home/kumamon/Documents/paruj/219351_Webapp_homework/mpich2-1.4/src/mpl/include -I/home/kumamon/Documents/paruj/219351_Webapp_homework/mpich2-1.4/src/mpl/include -I/home/kumamon/Documents/paruj/219351_Webapp_homework/mpich2-1.4/src/openpa/src -I/home/kumamon/Documents/paruj/219351_Webapp_homework/mpich2-1.4/src/openpa/src -I/home/kumamon/Documents/paruj/219351_Webapp_homework/mpich2-1.4/src/mpid/ch3/include -I/home/kumamon/Documents/paruj/219351_Webapp_homework/mpich2-1.4/src/mpid/ch3/include -I/home/kumamon/Documents/paruj/219351_Webapp_homework/mpich2-1.4/src/mpid/common/datatype -I/home/kumamon/Documents/paruj/219351_Webapp_homework/mpich2-1.4/src/mpid/common/datatype -I/home/kumamon/Documents/paruj/219351_Webapp_homework/mpich2-1.4/src/mpid/common/locks -I/home/kumamon/Documents/paruj/219351_Webapp_homework/mpich2-1.4/src/mpid/common/locks -I/home/kumamon/Documents/paruj/219351_Webapp_homework/mpich2-1.4/src/mpid/ch3/channels/nemesis/include -I/home/kumamon/Documents/paruj/219351_Webapp_homework/mpich2-1.4/src/mpid/ch3/channels/nemesis/include -I/home/kumamon/Documents/paruj/219351_Webapp_homework/mpich2-1.4/src/mpid/ch3/channels/nemesis/nemesis/include -I/home/kumamon/Documents/paruj/219351_Webapp_homework/mpich2-1.4/src/mpid/ch3/channels/nemesis/nemesis/include -I/home/kumamon/Documents/paruj/219351_Webapp_homework/mpich2-1.4/src/mpid/ch3/channels/nemesis/nemesis/utils/monitor -I/home/kumamon/Documents/paruj/219351_Webapp_homework/mpich2-1.4/src/mpid/ch3/channels/nemesis/nemesis/utils/monitor -I/home/kumamon/Documents/paruj/219351_Webapp_homework/mpich2-1.4/src/util/wrappers -I/home/kumamon/Documents/paruj/219351_Webapp_homework/mpich2-1.4/src/util/wrappers conftest.c >&5
configure:3859: $? = 0
configure:3867: result: inline
configure:3891: checking for sys/types.h
configure:3891: gcc -c    -O2  -I/home/kumamon/Documents/paruj/219351_Webapp_homework/mpich2-1.4/src/mpl/include -I/home/kumamon/Documents/paruj/219351_Webapp_homework/mpich2-1.4/src/mpl/include -I/home/kumamon/Documents/paruj/219351_Webapp_homework/mpich2-1.4/src/openpa/src -I/home/kumamon/Documents/paruj/219351_Webapp_homework/mpich2-1.4/src/openpa/src -I/home/kumamon/Documents/paruj/219351_Webapp_homework/mpich2-1.4/src/mpid/ch3/include -I/home/kumamon/Documents/paruj/219351_Webapp_homework/mpich2-1.4/src/mpid/ch3/include -I/home/kumamon/Documents/paruj/219351_Webapp_homework/mpich2-1.4/src/mpid/common/datatype -I/home/kumamon/Documents/paruj/219351_Webapp_homework/mpich2-1.4/src/mpid/common/datatype -I/home/kumamon/Documents/paruj/219351_Webapp_homework/mpich2-1.4/src/mpid/common/locks -I/home/kumamon/Documents/paruj/219351_Webapp_homework/mpich2-1.4/src/mpid/common/locks -I/home/kumamon/Documents/paruj/219351_Webapp_homework/mpich2-1.4/src/mpid/ch3/channels/nemesis/include -I/home/kumamon/Documents/paruj/219351_Webapp_homework/mpich2-1.4/src/mpid/ch3/channels/nemesis/include -I/home/kumamon/Documents/paruj/219351_Webapp_homework/mpich2-1.4/src/mpid/ch3/channels/nemesis/nemesis/include -I/home/kumamon/Documents/paruj/219351_Webapp_homework/mpich2-1.4/src/mpid/ch3/channels/nemesis/nemesis/include -I/home/kumamon/Documents/paruj/219351_Webapp_homework/mpich2-1.4/src/mpid/ch3/channels/nemesis/nemesis/utils/monitor -I/home/kumamon/Documents/paruj/219351_Webapp_homework/mpich2-1.4/src/mpid/ch3/channels/nemesis/nemesis/utils/monitor -I/home/kumamon/Documents/paruj/219351_Webapp_homework/mpich2-1.4/src/util/wrappers -I/home/kumamon/Documents/paruj/219351_Webapp_homework/mpich2-1.4/src/util/wrappers conftest.c >&5
configure:3891: $? = 0
configure:3891: result: yes
configure:3891: checking for sys/stat.h
configure:3891: gcc -c    -O2  -I/home/kumamon/Documents/paruj/219351_Webapp_homework/mpich2-1.4/src/mpl/include -I/home/kumamon/Documents/paruj/219351_Webapp_homework/mpich2-1.4/src/mpl/include -I/home/kumamon/Documents/paruj/219351_Webapp_homework/mpich2-1.4/src/openpa/src -I/home/kumamon/Documents/paruj/219351_Webapp_homework/mpich2-1.4/src/openpa/src -I/home/kumamon/Documents/paruj/219351_Webapp_homework/mpich2-1.4/src/mpid/ch3/include -I/home/kumamon/Documents/paruj/219351_Webapp_homework/mpich2-1.4/src/mpid/ch3/include -I/home/kumamon/Documents/paruj/219351_Webapp_homework/mpich2-1.4/src/mpid/common/datatype -I/home/kumamon/Documents/paruj/219351_Webapp_homework/mpich2-1.4/src/mpid/common/datatype -I/home/kumamon/Documents/paruj/219351_Webapp_homework/mpich2-1.4/src/mpid/common/locks -I/home/kumamon/Documents/paruj/219351_Webapp_homework/mpich2-1.4/src/mpid/common/locks -I/home/kumamon/Documents/paruj/219351_Webapp_homework/mpich2-1.4/src/mpid/ch3/channels/nemesis/include -I/home/kumamon/Documents/paruj/219351_Webapp_homework/mpich2-1.4/src/mpid/ch3/channels/nemesis/include -I/home/kumamon/Documents/paruj/219351_Webapp_homework/mpich2-1.4/src/mpid/ch3/channels/nemesis/nemesis/include -I/home/kumamon/Documents/paruj/219351_Webapp_homework/mpich2-1.4/src/mpid/ch3/channels/nemesis/nemesis/include -I/home/kumamon/Documents/paruj/219351_Webapp_homework/mpich2-1.4/src/mpid/ch3/channels/nemesis/nemesis/utils/monitor -I/home/kumamon/Documents/paruj/219351_Webapp_homework/mpich2-1.4/src/mpid/ch3/channels/nemesis/nemesis/utils/monitor -I/home/kumamon/Documents/paruj/219351_Webapp_homework/mpich2-1.4/src/util/wrappers -I/home/kumamon/Documents/paruj/219351_Webapp_homework/mpich2-1.4/src/util/wrappers conftest.c >&5
configure:3891: $? = 0
configure:3891: result: yes
configure:3891: checking for stdlib.h
configure:3891: gcc -c    -O2  -I/home/kumamon/Documents/paruj/219351_Webapp_homework/mpich2-1.4/src/mpl/include -I/home/kumamon/Documents/paruj/219351_Webapp_homework/mpich2-1.4/src/mpl/include -I/home/kumamon/Documents/paruj/219351_Webapp_homework/mpich2-1.4/src/openpa/src -I/home/kumamon/Documents/paruj/219351_Webapp_homework/mpich2-1.4/src/openpa/src -I/home/kumamon/Documents/paruj/219351_Webapp_homework/mpich2-1.4/src/mpid/ch3/include -I/home/kumamon/Documents/paruj/219351_Webapp_homework/mpich2-1.4/src/mpid/ch3/include -I/home/kumamon/Documents/paruj/219351_Webapp_homework/mpich2-1.4/src/mpid/common/datatype -I/home/kumamon/Documents/paruj/219351_Webapp_homework/mpich2-1.4/src/mpid/common/datatype -I/home/kumamon/Documents/paruj/219351_Webapp_homework/mpich2-1.4/src/mpid/common/locks -I/home/kumamon/Documents/paruj/219351_Webapp_homework/mpich2-1.4/src/mpid/common/locks -I/home/kumamon/Documents/paruj/219351_Webapp_homework/mpich2-1.4/src/mpid/ch3/channels/nemesis/include -I/home/kumamon/Documents/paruj/219351_Webapp_homework/mpich2-1.4/src/mpid/ch3/channels/nemesis/include -I/home/kumamon/Documents/paruj/219351_Webapp_homework/mpich2-1.4/src/mpid/ch3/channels/nemesis/nemesis/include -I/home/kumamon/Documents/paruj/219351_Webapp_homework/mpich2-1.4/src/mpid/ch3/channels/nemesis/nemesis/include -I/home/kumamon/Documents/paruj/219351_Webapp_homework/mpich2-1.4/src/mpid/ch3/channels/nemesis/nemesis/utils/monitor -I/home/kumamon/Documents/paruj/219351_Webapp_homework/mpich2-1.4/src/mpid/ch3/channels/nemesis/nemesis/utils/monitor -I/home/kumamon/Documents/paruj/219351_Webapp_homework/mpich2-1.4/src/util/wrappers -I/home/kumamon/Documents/paruj/219351_Webapp_homework/mpich2-1.4/src/util/wrappers conftest.c >&5
configure:3891: $? = 0
configure:3891: result: yes
configure:3891: checking for string.h
configure:3891: gcc -c    -O2  -I/home/kumamon/Documents/paruj/219351_Webapp_homework/mpich2-1.4/src/mpl/include -I/home/kumamon/Documents/paruj/219351_Webapp_homework/mpich2-1.4/src/mpl/include -I/home/kumamon/Documents/paruj/219351_Webapp_homework/mpich2-1.4/src/openpa/src -I/home/kumamon/Documents/paruj/219351_Webapp_homework/mpich2-1.4/src/openpa/src -I/home/kumamon/Documents/paruj/219351_Webapp_homework/mpich2-1.4/src/mpid/ch3/include -I/home/kumamon/Documents/paruj/219351_Webapp_homework/mpich2-1.4/src/mpid/ch3/include -I/home/kumamon/Documents/paruj/219351_Webapp_homework/mpich2-1.4/src/mpid/common/datatype -I/home/kumamon/Documents/paruj/219351_Webapp_homework/mpich2-1.4/src/mpid/common/datatype -I/home/kumamon/Documents/paruj/219351_Webapp_homework/mpich2-1.4/src/mpid/common/locks -I/home/kumamon/Documents/paruj/219351_Webapp_homework/mpich2-1.4/src/mpid/common/locks -I/home/kumamon/Documents/paruj/219351_Webapp_homework/mpich2-1.4/src/mpid/ch3/channels/nemesis/include -I/home/kumamon/Documents/paruj/219351_Webapp_homework/mpich2-1.4/src/mpid/ch3/channels/nemesis/include -I/home/kumamon/Documents/paruj/219351_Webapp_homework/mpich2-1.4/src/mpid/ch3/channels/nemesis/nemesis/include -I/home/kumamon/Documents/paruj/219351_Webapp_homework/mpich2-1.4/src/mpid/ch3/channels/nemesis/nemesis/include -I/home/kumamon/Documents/paruj/219351_Webapp_homework/mpich2-1.4/src/mpid/ch3/channels/nemesis/nemesis/utils/monitor -I/home/kumamon/Documents/paruj/219351_Webapp_homework/mpich2-1.4/src/mpid/ch3/channels/nemesis/nemesis/utils/monitor -I/home/kumamon/Documents/paruj/219351_Webapp_homework/mpich2-1.4/src/util/wrappers -I/home/kumamon/Documents/paruj/219351_Webapp_homework/mpich2-1.4/src/util/wrappers conftest.c >&5
configure:3891: $? = 0
configure:3891: result: yes
configure:3891: checking for memory.h
configure:3891: gcc -c    -O2  -I/home/kumamon/Documents/paruj/219351_Webapp_homework/mpich2-1.4/src/mpl/include -I/home/kumamon/Documents/paruj/219351_Webapp_homework/mpich2-1.4/src/mpl/include -I/home/kumamon/Documents/paruj/219351_Webapp_homework/mpich2-1.4/src/openpa/src -I/home/kumamon/Documents/paruj/219351_Webapp_homework/mpich2-1.4/src/openpa/src -I/home/kumamon/Documents/paruj/219351_Webapp_homework/mpich2-1.4/src/mpid/ch3/include -I/home/kumamon/Documents/paruj/219351_Webapp_homework/mpich2-1.4/src/mpid/ch3/include -I/home/kumamon/Documents/paruj/219351_Webapp_homework/mpich2-1.4/src/mpid/common/datatype -I/home/kumamon/Documents/paruj/219351_Webapp_homework/mpich2-1.4/src/mpid/common/datatype -I/home/kumamon/Documents/paruj/219351_Webapp_homework/mpich2-1.4/src/mpid/common/locks -I/home/kumamon/Documents/paruj/219351_Webapp_homework/mpich2-1.4/src/mpid/common/locks -I/home/kumamon/Documents/paruj/219351_Webapp_homework/mpich2-1.4/src/mpid/ch3/channels/nemesis/include -I/home/kumamon/Documents/paruj/219351_Webapp_homework/mpich2-1.4/src/mpid/ch3/channels/nemesis/include -I/home/kumamon/Documents/paruj/219351_Webapp_homework/mpich2-1.4/src/mpid/ch3/channels/nemesis/nemesis/include -I/home/kumamon/Documents/paruj/219351_Webapp_homework/mpich2-1.4/src/mpid/ch3/channels/nemesis/nemesis/include -I/home/kumamon/Documents/paruj/219351_Webapp_homework/mpich2-1.4/src/mpid/ch3/channels/nemesis/nemesis/utils/monitor -I/home/kumamon/Documents/paruj/219351_Webapp_homework/mpich2-1.4/src/mpid/ch3/channels/nemesis/nemesis/utils/monitor -I/home/kumamon/Documents/paruj/219351_Webapp_homework/mpich2-1.4/src/util/wrappers -I/home/kumamon/Documents/paruj/219351_Webapp_homework/mpich2-1.4/src/util/wrappers conftest.c >&5
configure:3891: $? = 0
configure:3891: result: yes
configure:3891: checking for strings.h
configure:3891: gcc -c    -O2  -I/home/kumamon/Documents/paruj/219351_Webapp_homework/mpich2-1.4/src/mpl/include -I/home/kumamon/Documents/paruj/219351_Webapp_homework/mpich2-1.4/src/mpl/include -I/home/kumamon/Documents/paruj/219351_Webapp_homework/mpich2-1.4/src/openpa/src -I/home/kumamon/Documents/paruj/219351_Webapp_homework/mpich2-1.4/src/openpa/src -I/home/kumamon/Documents/paruj/219351_Webapp_homework/mpich2-1.4/src/mpid/ch3/include -I/home/kumamon/Documents/paruj/219351_Webapp_homework/mpich2-1.4/src/mpid/ch3/include -I/home/kumamon/Documents/paruj/219351_Webapp_homework/mpich2-1.4/src/mpid/common/datatype -I/home/kumamon/Documents/paruj/219351_Webapp_homework/mpich2-1.4/src/mpid/common/datatype -I/home/kumamon/Documents/paruj/219351_Webapp_homework/mpich2-1.4/src/mpid/common/locks -I/home/kumamon/Documents/paruj/219351_Webapp_homework/mpich2-1.4/src/mpid/common/locks -I/home/kumamon/Documents/paruj/219351_Webapp_homework/mpich2-1.4/src/mpid/ch3/channels/nemesis/include -I/home/kumamon/Documents/paruj/219351_Webapp_homework/mpich2-1.4/src/mpid/ch3/channels/nemesis/include -I/home/kumamon/Documents/paruj/219351_Webapp_homework/mpich2-1.4/src/mpid/ch3/channels/nemesis/nemesis/include -I/home/kumamon/Documents/paruj/219351_Webapp_homework/mpich2-1.4/src/mpid/ch3/channels/nemesis/nemesis/include -I/home/kumamon/Documents/paruj/219351_Webapp_homework/mpich2-1.4/src/mpid/ch3/channels/nemesis/nemesis/utils/monitor -I/home/kumamon/Documents/paruj/219351_Webapp_homework/mpich2-1.4/src/mpid/ch3/channels/nemesis/nemesis/utils/monitor -I/home/kumamon/Documents/paruj/219351_Webapp_homework/mpich2-1.4/src/util/wrappers -I/home/kumamon/Documents/paruj/219351_Webapp_homework/mpich2-1.4/src/util/wrappers conftest.c >&5
configure:3891: $? = 0
configure:3891: result: yes
configure:3891: checking for inttypes.h
configure:3891: gcc -c    -O2  -I/home/kumamon/Documents/paruj/219351_Webapp_homework/mpich2-1.4/src/mpl/include -I/home/kumamon/Documents/paruj/219351_Webapp_homework/mpich2-1.4/src/mpl/include -I/home/kumamon/Documents/paruj/219351_Webapp_homework/mpich2-1.4/src/openpa/src -I/home/kumamon/Documents/paruj/219351_Webapp_homework/mpich2-1.4/src/openpa/src -I/home/kumamon/Documents/paruj/219351_Webapp_homework/mpich2-1.4/src/mpid/ch3/include -I/home/kumamon/Documents/paruj/219351_Webapp_homework/mpich2-1.4/src/mpid/ch3/include -I/home/kumamon/Documents/paruj/219351_Webapp_homework/mpich2-1.4/src/mpid/common/datatype -I/home/kumamon/Documents/paruj/219351_Webapp_homework/mpich2-1.4/src/mpid/common/datatype -I/home/kumamon/Documents/paruj/219351_Webapp_homework/mpich2-1.4/src/mpid/common/locks -I/home/kumamon/Documents/paruj/219351_Webapp_homework/mpich2-1.4/src/mpid/common/locks -I/home/kumamon/Documents/paruj/219351_Webapp_homework/mpich2-1.4/src/mpid/ch3/channels/nemesis/include -I/home/kumamon/Documents/paruj/219351_Webapp_homework/mpich2-1.4/src/mpid/ch3/channels/nemesis/include -I/home/kumamon/Documents/paruj/219351_Webapp_homework/mpich2-1.4/src/mpid/ch3/channels/nemesis/nemesis/include -I/home/kumamon/Documents/paruj/219351_Webapp_homework/mpich2-1.4/src/mpid/ch3/channels/nemesis/nemesis/include -I/home/kumamon/Documents/paruj/219351_Webapp_homework/mpich2-1.4/src/mpid/ch3/channels/nemesis/nemesis/utils/monitor -I/home/kumamon/Documents/paruj/219351_Webapp_homework/mpich2-1.4/src/mpid/ch3/channels/nemesis/nemesis/utils/monitor -I/home/kumamon/Documents/paruj/219351_Webapp_homework/mpich2-1.4/src/util/wrappers -I/home/kumamon/Documents/paruj/219351_Webapp_homework/mpich2-1.4/src/util/wrappers conftest.c >&5
configure:3891: $? = 0
configure:3891: result: yes
configure:3891: checking for stdint.h
configure:3891: gcc -c    -O2  -I/home/kumamon/Documents/paruj/219351_Webapp_homework/mpich2-1.4/src/mpl/include -I/home/kumamon/Documents/paruj/219351_Webapp_homework/mpich2-1.4/src/mpl/include -I/home/kumamon/Documents/paruj/219351_Webapp_homework/mpich2-1.4/src/openpa/src -I/home/kumamon/Documents/paruj/219351_Webapp_homework/mpich2-1.4/src/openpa/src -I/home/kumamon/Documents/paruj/219351_Webapp_homework/mpich2-1.4/src/mpid/ch3/include -I/home/kumamon/Documents/paruj/219351_Webapp_homework/mpich2-1.4/src/mpid/ch3/include -I/home/kumamon/Documents/paruj/219351_Webapp_homework/mpich2-1.4/src/mpid/common/datatype -I/home/kumamon/Documents/paruj/219351_Webapp_homework/mpich2-1.4/src/mpid/common/datatype -I/home/kumamon/Documents/paruj/219351_Webapp_homework/mpich2-1.4/src/mpid/common/locks -I/home/kumamon/Documents/paruj/219351_Webapp_homework/mpich2-1.4/src/mpid/common/locks -I/home/kumamon/Documents/paruj/219351_Webapp_homework/mpich2-1.4/src/mpid/ch3/channels/nemesis/include -I/home/kumamon/Documents/paruj/219351_Webapp_homework/mpich2-1.4/src/mpid/ch3/channels/nemesis/include -I/home/kumamon/Documents/paruj/219351_Webapp_homework/mpich2-1.4/src/mpid/ch3/channels/nemesis/nemesis/include -I/home/kumamon/Documents/paruj/219351_Webapp_homework/mpich2-1.4/src/mpid/ch3/channels/nemesis/nemesis/include -I/home/kumamon/Documents/paruj/219351_Webapp_homework/mpich2-1.4/src/mpid/ch3/channels/nemesis/nemesis/utils/monitor -I/home/kumamon/Documents/paruj/219351_Webapp_homework/mpich2-1.4/src/mpid/ch3/channels/nemesis/nemesis/utils/monitor -I/home/kumamon/Documents/paruj/219351_Webapp_homework/mpich2-1.4/src/util/wrappers -I/home/kumamon/Documents/paruj/219351_Webapp_homework/mpich2-1.4/src/util/wrappers conftest.c >&5
configure:3891: $? = 0
configure:3891: result: yes
configure:3891: checking for unistd.h
configure:3891: gcc -c    -O2  -I/home/kumamon/Documents/paruj/219351_Webapp_homework/mpich2-1.4/src/mpl/include -I/home/kumamon/Documents/paruj/219351_Webapp_homework/mpich2-1.4/src/mpl/include -I/home/kumamon/Documents/paruj/219351_Webapp_homework/mpich2-1.4/src/openpa/src -I/home/kumamon/Documents/paruj/219351_Webapp_homework/mpich2-1.4/src/openpa/src -I/home/kumamon/Documents/paruj/219351_Webapp_homework/mpich2-1.4/src/mpid/ch3/include -I/home/kumamon/Documents/paruj/219351_Webapp_homework/mpich2-1.4/src/mpid/ch3/include -I/home/kumamon/Documents/paruj/219351_Webapp_homework/mpich2-1.4/src/mpid/common/datatype -I/home/kumamon/Documents/paruj/219351_Webapp_homework/mpich2-1.4/src/mpid/common/datatype -I/home/kumamon/Documents/paruj/219351_Webapp_homework/mpich2-1.4/src/mpid/common/locks -I/home/kumamon/Documents/paruj/219351_Webapp_homework/mpich2-1.4/src/mpid/common/locks -I/home/kumamon/Documents/paruj/219351_Webapp_homework/mpich2-1.4/src/mpid/ch3/channels/nemesis/include -I/home/kumamon/Documents/paruj/219351_Webapp_homework/mpich2-1.4/src/mpid/ch3/channels/nemesis/include -I/home/kumamon/Documents/paruj/219351_Webapp_homework/mpich2-1.4/src/mpid/ch3/channels/nemesis/nemesis/include -I/home/kumamon/Documents/paruj/219351_Webapp_homework/mpich2-1.4/src/mpid/ch3/channels/nemesis/nemesis/include -I/home/kumamon/Documents/paruj/219351_Webapp_homework/mpich2-1.4/src/mpid/ch3/channels/nemesis/nemesis/utils/monitor -I/home/kumamon/Documents/paruj/219351_Webapp_homework/mpich2-1.4/src/mpid/ch3/channels/nemesis/nemesis/utils/monitor -I/home/kumamon/Documents/paruj/219351_Webapp_homework/mpich2-1.4/src/util/wrappers -I/home/kumamon/Documents/paruj/219351_Webapp_homework/mpich2-1.4/src/util/wrappers conftest.c >&5
configure:3891: $? = 0
configure:3891: result: yes
configure:3906: checking stdio.h usability
configure:3906: gcc -c    -O2  -I/home/kumamon/Documents/paruj/219351_Webapp_homework/mpich2-1.4/src/mpl/include -I/home/kumamon/Documents/paruj/219351_Webapp_homework/mpich2-1.4/src/mpl/include -I/home/kumamon/Documents/paruj/219351_Webapp_homework/mpich2-1.4/src/openpa/src -I/home/kumamon/Documents/paruj/219351_Webapp_homework/mpich2-1.4/src/openpa/src -I/home/kumamon/Documents/paruj/219351_Webapp_homework/mpich2-1.4/src/mpid/ch3/include -I/home/kumamon/Documents/paruj/219351_Webapp_homework/mpich2-1.4/src/mpid/ch3/include -I/home/kumamon/Documents/paruj/219351_Webapp_homework/mpich2-1.4/src/mpid/common/datatype -I/home/kumamon/Documents/paruj/219351_Webapp_homework/mpich2-1.4/src/mpid/common/datatype -I/home/kumamon/Documents/paruj/219351_Webapp_homework/mpich2-1.4/src/mpid/common/locks -I/home/kumamon/Documents/paruj/219351_Webapp_homework/mpich2-1.4/src/mpid/common/locks -I/home/kumamon/Documents/paruj/219351_Webapp_homework/mpich2-1.4/src/mpid/ch3/channels/nemesis/include -I/home/kumamon/Documents/paruj/219351_Webapp_homework/mpich2-1.4/src/mpid/ch3/channels/nemesis/include -I/home/kumamon/Documents/paruj/219351_Webapp_homework/mpich2-1.4/src/mpid/ch3/channels/nemesis/nemesis/include -I/home/kumamon/Documents/paruj/219351_Webapp_homework/mpich2-1.4/src/mpid/ch3/channels/nemesis/nemesis/include -I/home/kumamon/Documents/paruj/219351_Webapp_homework/mpich2-1.4/src/mpid/ch3/channels/nemesis/nemesis/utils/monitor -I/home/kumamon/Documents/paruj/219351_Webapp_homework/mpich2-1.4/src/mpid/ch3/channels/nemesis/nemesis/utils/monitor -I/home/kumamon/Documents/paruj/219351_Webapp_homework/mpich2-1.4/src/util/wrappers -I/home/kumamon/Documents/paruj/219351_Webapp_homework/mpich2-1.4/src/util/wrappers conftest.c >&5
configure:3906: $? = 0
configure:3906: result: yes
configure:3906: checking stdio.h presence
configure:3906: gcc -E  -I/home/kumamon/Documents/paruj/219351_Webapp_homework/mpich2-1.4/src/mpl/include -I/home/kumamon/Documents/paruj/219351_Webapp_homework/mpich2-1.4/src/mpl/include -I/home/kumamon/Documents/paruj/219351_Webapp_homework/mpich2-1.4/src/openpa/src -I/home/kumamon/Documents/paruj/219351_Webapp_homework/mpich2-1.4/src/openpa/src -I/home/kumamon/Documents/paruj/219351_Webapp_homework/mpich2-1.4/src/mpid/ch3/include -I/home/kumamon/Documents/paruj/219351_Webapp_homework/mpich2-1.4/src/mpid/ch3/include -I/home/kumamon/Documents/paruj/219351_Webapp_homework/mpich2-1.4/src/mpid/common/datatype -I/home/kumamon/Documents/paruj/219351_Webapp_homework/mpich2-1.4/src/mpid/common/datatype -I/home/kumamon/Documents/paruj/219351_Webapp_homework/mpich2-1.4/src/mpid/common/locks -I/home/kumamon/Documents/paruj/219351_Webapp_homework/mpich2-1.4/src/mpid/common/locks -I/home/kumamon/Documents/paruj/219351_Webapp_homework/mpich2-1.4/src/mpid/ch3/channels/nemesis/include -I/home/kumamon/Documents/paruj/219351_Webapp_homework/mpich2-1.4/src/mpid/ch3/channels/nemesis/include -I/home/kumamon/Documents/paruj/219351_Webapp_homework/mpich2-1.4/src/mpid/ch3/channels/nemesis/nemesis/include -I/home/kumamon/Documents/paruj/219351_Webapp_homework/mpich2-1.4/src/mpid/ch3/channels/nemesis/nemesis/include -I/home/kumamon/Documents/paruj/219351_Webapp_homework/mpich2-1.4/src/mpid/ch3/channels/nemesis/nemesis/utils/monitor -I/home/kumamon/Documents/paruj/219351_Webapp_homework/mpich2-1.4/src/mpid/ch3/channels/nemesis/nemesis/utils/monitor -I/home/kumamon/Documents/paruj/219351_Webapp_homework/mpich2-1.4/src/util/wrappers -I/home/kumamon/Documents/paruj/219351_Webapp_homework/mpich2-1.4/src/util/wrappers conftest.c
configure:3906: $? = 0
configure:3906: result: yes
configure:3906: checking for stdio.h
configure:3906: result: yes
configure:3906: checking for string.h
configure:3906: result: yes
configure:3906: checking for unistd.h
configure:3906: result: yes
configure:3906: checking fcntl.h usability
configure:3906: gcc -c    -O2  -I/home/kumamon/Documents/paruj/219351_Webapp_homework/mpich2-1.4/src/mpl/include -I/home/kumamon/Documents/paruj/219351_Webapp_homework/mpich2-1.4/src/mpl/include -I/home/kumamon/Documents/paruj/219351_Webapp_homework/mpich2-1.4/src/openpa/src -I/home/kumamon/Documents/paruj/219351_Webapp_homework/mpich2-1.4/src/openpa/src -I/home/kumamon/Documents/paruj/219351_Webapp_homework/mpich2-1.4/src/mpid/ch3/include -I/home/kumamon/Documents/paruj/219351_Webapp_homework/mpich2-1.4/src/mpid/ch3/include -I/home/kumamon/Documents/paruj/219351_Webapp_homework/mpich2-1.4/src/mpid/common/datatype -I/home/kumamon/Documents/paruj/219351_Webapp_homework/mpich2-1.4/src/mpid/common/datatype -I/home/kumamon/Documents/paruj/219351_Webapp_homework/mpich2-1.4/src/mpid/common/locks -I/home/kumamon/Documents/paruj/219351_Webapp_homework/mpich2-1.4/src/mpid/common/locks -I/home/kumamon/Documents/paruj/219351_Webapp_homework/mpich2-1.4/src/mpid/ch3/channels/nemesis/include -I/home/kumamon/Documents/paruj/219351_Webapp_homework/mpich2-1.4/src/mpid/ch3/channels/nemesis/include -I/home/kumamon/Documents/paruj/219351_Webapp_homework/mpich2-1.4/src/mpid/ch3/channels/nemesis/nemesis/include -I/home/kumamon/Documents/paruj/219351_Webapp_homework/mpich2-1.4/src/mpid/ch3/channels/nemesis/nemesis/include -I/home/kumamon/Documents/paruj/219351_Webapp_homework/mpich2-1.4/src/mpid/ch3/channels/nemesis/nemesis/utils/monitor -I/home/kumamon/Documents/paruj/219351_Webapp_homework/mpich2-1.4/src/mpid/ch3/channels/nemesis/nemesis/utils/monitor -I/home/kumamon/Documents/paruj/219351_Webapp_homework/mpich2-1.4/src/util/wrappers -I/home/kumamon/Documents/paruj/219351_Webapp_homework/mpich2-1.4/src/util/wrappers conftest.c >&5
configure:3906: $? = 0
configure:3906: result: yes
configure:3906: checking fcntl.h presence
configure:3906: gcc -E  -I/home/kumamon/Documents/paruj/219351_Webapp_homework/mpich2-1.4/src/mpl/include -I/home/kumamon/Documents/paruj/219351_Webapp_homework/mpich2-1.4/src/mpl/include -I/home/kumamon/Documents/paruj/219351_Webapp_homework/mpich2-1.4/src/openpa/src -I/home/kumamon/Documents/paruj/219351_Webapp_homework/mpich2-1.4/src/openpa/src -I/home/kumamon/Documents/paruj/219351_Webapp_homework/mpich2-1.4/src/mpid/ch3/include -I/home/kumamon/Documents/paruj/219351_Webapp_homework/mpich2-1.4/src/mpid/ch3/include -I/home/kumamon/Documents/paruj/219351_Webapp_homework/mpich2-1.4/src/mpid/common/datatype -I/home/kumamon/Documents/paruj/219351_Webapp_homework/mpich2-1.4/src/mpid/common/datatype -I/home/kumamon/Documents/paruj/219351_Webapp_homework/mpich2-1.4/src/mpid/common/locks -I/home/kumamon/Documents/paruj/219351_Webapp_homework/mpich2-1.4/src/mpid/common/locks -I/home/kumamon/Documents/paruj/219351_Webapp_homework/mpich2-1.4/src/mpid/ch3/channels/nemesis/include -I/home/kumamon/Documents/paruj/219351_Webapp_homework/mpich2-1.4/src/mpid/ch3/channels/nemesis/include -I/home/kumamon/Documents/paruj/219351_Webapp_homework/mpich2-1.4/src/mpid/ch3/channels/nemesis/nemesis/include -I/home/kumamon/Documents/paruj/219351_Webapp_homework/mpich2-1.4/src/mpid/ch3/channels/nemesis/nemesis/include -I/home/kumamon/Documents/paruj/219351_Webapp_homework/mpich2-1.4/src/mpid/ch3/channels/nemesis/nemesis/utils/monitor -I/home/kumamon/Documents/paruj/219351_Webapp_homework/mpich2-1.4/src/mpid/ch3/channels/nemesis/nemesis/utils/monitor -I/home/kumamon/Documents/paruj/219351_Webapp_homework/mpich2-1.4/src/util/wrappers -I/home/kumamon/Documents/paruj/219351_Webapp_homework/mpich2-1.4/src/util/wrappers conftest.c
configure:3906: $? = 0
configure:3906: result: yes
configure:3906: checking for fcntl.h
configure:3906: result: yes
configure:3922: checking execinfo.h usability
configure:3922: gcc -c    -O2  -I/home/kumamon/Documents/paruj/219351_Webapp_homework/mpich2-1.4/src/mpl/include -I/home/kumamon/Documents/paruj/219351_Webapp_homework/mpich2-1.4/src/mpl/include -I/home/kumamon/Documents/paruj/219351_Webapp_homework/mpich2-1.4/src/openpa/src -I/home/kumamon/Documents/paruj/219351_Webapp_homework/mpich2-1.4/src/openpa/src -I/home/kumamon/Documents/paruj/219351_Webapp_homework/mpich2-1.4/src/mpid/ch3/include -I/home/kumamon/Documents/paruj/219351_Webapp_homework/mpich2-1.4/src/mpid/ch3/include -I/home/kumamon/Documents/paruj/219351_Webapp_homework/mpich2-1.4/src/mpid/common/datatype -I/home/kumamon/Documents/paruj/219351_Webapp_homework/mpich2-1.4/src/mpid/common/datatype -I/home/kumamon/Documents/paruj/219351_Webapp_homework/mpich2-1.4/src/mpid/common/locks -I/home/kumamon/Documents/paruj/219351_Webapp_homework/mpich2-1.4/src/mpid/common/locks -I/home/kumamon/Documents/paruj/219351_Webapp_homework/mpich2-1.4/src/mpid/ch3/channels/nemesis/include -I/home/kumamon/Documents/paruj/219351_Webapp_homework/mpich2-1.4/src/mpid/ch3/channels/nemesis/include -I/home/kumamon/Documents/paruj/219351_Webapp_homework/mpich2-1.4/src/mpid/ch3/channels/nemesis/nemesis/include -I/home/kumamon/Documents/paruj/219351_Webapp_homework/mpich2-1.4/src/mpid/ch3/channels/nemesis/nemesis/include -I/home/kumamon/Documents/paruj/219351_Webapp_homework/mpich2-1.4/src/mpid/ch3/channels/nemesis/nemesis/utils/monitor -I/home/kumamon/Documents/paruj/219351_Webapp_homework/mpich2-1.4/src/mpid/ch3/channels/nemesis/nemesis/utils/monitor -I/home/kumamon/Documents/paruj/219351_Webapp_homework/mpich2-1.4/src/util/wrappers -I/home/kumamon/Documents/paruj/219351_Webapp_homework/mpich2-1.4/src/util/wrappers conftest.c >&5
configure:3922: $? = 0
configure:3922: result: yes
configure:3922: checking execinfo.h presence
configure:3922: gcc -E  -I/home/kumamon/Documents/paruj/219351_Webapp_homework/mpich2-1.4/src/mpl/include -I/home/kumamon/Documents/paruj/219351_Webapp_homework/mpich2-1.4/src/mpl/include -I/home/kumamon/Documents/paruj/219351_Webapp_homework/mpich2-1.4/src/openpa/src -I/home/kumamon/Documents/paruj/219351_Webapp_homework/mpich2-1.4/src/openpa/src -I/home/kumamon/Documents/paruj/219351_Webapp_homework/mpich2-1.4/src/mpid/ch3/include -I/home/kumamon/Documents/paruj/219351_Webapp_homework/mpich2-1.4/src/mpid/ch3/include -I/home/kumamon/Documents/paruj/219351_Webapp_homework/mpich2-1.4/src/mpid/common/datatype -I/home/kumamon/Documents/paruj/219351_Webapp_homework/mpich2-1.4/src/mpid/common/datatype -I/home/kumamon/Documents/paruj/219351_Webapp_homework/mpich2-1.4/src/mpid/common/locks -I/home/kumamon/Documents/paruj/219351_Webapp_homework/mpich2-1.4/src/mpid/common/locks -I/home/kumamon/Documents/paruj/219351_Webapp_homework/mpich2-1.4/src/mpid/ch3/channels/nemesis/include -I/home/kumamon/Documents/paruj/219351_Webapp_homework/mpich2-1.4/src/mpid/ch3/channels/nemesis/include -I/home/kumamon/Documents/paruj/219351_Webapp_homework/mpich2-1.4/src/mpid/ch3/channels/nemesis/nemesis/include -I/home/kumamon/Documents/paruj/219351_Webapp_homework/mpich2-1.4/src/mpid/ch3/channels/nemesis/nemesis/include -I/home/kumamon/Documents/paruj/219351_Webapp_homework/mpich2-1.4/src/mpid/ch3/channels/nemesis/nemesis/utils/monitor -I/home/kumamon/Documents/paruj/219351_Webapp_homework/mpich2-1.4/src/mpid/ch3/channels/nemesis/nemesis/utils/monitor -I/home/kumamon/Documents/paruj/219351_Webapp_homework/mpich2-1.4/src/util/wrappers -I/home/kumamon/Documents/paruj/219351_Webapp_homework/mpich2-1.4/src/util/wrappers conftest.c
configure:3922: $? = 0
configure:3922: result: yes
configure:3922: checking for execinfo.h
configure:3922: result: yes
configure:3928: checking whether <execinfo.h> defines backtrace_symbols_fd() 
configure:3950: gcc -c    -O2  -I/home/kumamon/Documents/paruj/219351_Webapp_homework/mpich2-1.4/src/mpl/include -I/home/kumamon/Documents/paruj/219351_Webapp_homework/mpich2-1.4/src/mpl/include -I/home/kumamon/Documents/paruj/219351_Webapp_homework/mpich2-1.4/src/openpa/src -I/home/kumamon/Documents/paruj/219351_Webapp_homework/mpich2-1.4/src/openpa/src -I/home/kumamon/Documents/paruj/219351_Webapp_homework/mpich2-1.4/src/mpid/ch3/include -I/home/kumamon/Documents/paruj/219351_Webapp_homework/mpich2-1.4/src/mpid/ch3/include -I/home/kumamon/Documents/paruj/219351_Webapp_homework/mpich2-1.4/src/mpid/common/datatype -I/home/kumamon/Documents/paruj/219351_Webapp_homework/mpich2-1.4/src/mpid/common/datatype -I/home/kumamon/Documents/paruj/219351_Webapp_homework/mpich2-1.4/src/mpid/common/locks -I/home/kumamon/Documents/paruj/219351_Webapp_homework/mpich2-1.4/src/mpid/common/locks -I/home/kumamon/Documents/paruj/219351_Webapp_homework/mpich2-1.4/src/mpid/ch3/channels/nemesis/include -I/home/kumamon/Documents/paruj/219351_Webapp_homework/mpich2-1.4/src/mpid/ch3/channels/nemesis/include -I/home/kumamon/Documents/paruj/219351_Webapp_homework/mpich2-1.4/src/mpid/ch3/channels/nemesis/nemesis/include -I/home/kumamon/Documents/paruj/219351_Webapp_homework/mpich2-1.4/src/mpid/ch3/channels/nemesis/nemesis/include -I/home/kumamon/Documents/paruj/219351_Webapp_homework/mpich2-1.4/src/mpid/ch3/channels/nemesis/nemesis/utils/monitor -I/home/kumamon/Documents/paruj/219351_Webapp_homework/mpich2-1.4/src/mpid/ch3/channels/nemesis/nemesis/utils/monitor -I/home/kumamon/Documents/paruj/219351_Webapp_homework/mpich2-1.4/src/util/wrappers -I/home/kumamon/Documents/paruj/219351_Webapp_homework/mpich2-1.4/src/util/wrappers conftest.c >&5
configure:3950: $? = 0
configure:3952: result: yes
configure:3955: checking if <execinfo.h> links with -Wl,--export-dynamic 
configure:3979: gcc -o conftest    -O2  -I/home/kumamon/Documents/paruj/219351_Webapp_homework/mpich2-1.4/src/mpl/include -I/home/kumamon/Documents/paruj/219351_Webapp_homework/mpich2-1.4/src/mpl/include -I/home/kumamon/Documents/paruj/219351_Webapp_homework/mpich2-1.4/src/openpa/src -I/home/kumamon/Documents/paruj/219351_Webapp_homework/mpich2-1.4/src/openpa/src -I/home/kumamon/Documents/paruj/219351_Webapp_homework/mpich2-1.4/src/mpid/ch3/include -I/home/kumamon/Documents/paruj/219351_Webapp_homework/mpich2-1.4/src/mpid/ch3/include -I/home/kumamon/Documents/paruj/219351_Webapp_homework/mpich2-1.4/src/mpid/common/datatype -I/home/kumamon/Documents/paruj/219351_Webapp_homework/mpich2-1.4/src/mpid/common/datatype -I/home/kumamon/Documents/paruj/219351_Webapp_homework/mpich2-1.4/src/mpid/common/locks -I/home/kumamon/Documents/paruj/219351_Webapp_homework/mpich2-1.4/src/mpid/common/locks -I/home/kumamon/Documents/paruj/219351_Webapp_homework/mpich2-1.4/src/mpid/ch3/channels/nemesis/include -I/home/kumamon/Documents/paruj/219351_Webapp_homework/mpich2-1.4/src/mpid/ch3/channels/nemesis/include -I/home/kumamon/Documents/paruj/219351_Webapp_homework/mpich2-1.4/src/mpid/ch3/channels/nemesis/nemesis/include -I/home/kumamon/Documents/paruj/219351_Webapp_homework/mpich2-1.4/src/mpid/ch3/channels/nemesis/nemesis/include -I/home/kumamon/Documents/paruj/219351_Webapp_homework/mpich2-1.4/src/mpid/ch3/channels/nemesis/nemesis/utils/monitor -I/home/kumamon/Documents/paruj/219351_Webapp_homework/mpich2-1.4/src/mpid/ch3/channels/nemesis/nemesis/utils/monitor -I/home/kumamon/Documents/paruj/219351_Webapp_homework/mpich2-1.4/src/util/wrappers -I/home/kumamon/Documents/paruj/219351_Webapp_homework/mpich2-1.4/src/util/wrappers   -Wl,--export-dynamic conftest.c -lrt -lpthread   >&5
configure:3979: $? = 0
configure:3981: result: yes
configure:4099: checking for fdopen
configure:4099: gcc -o conftest    -O2  -I/home/kumamon/Documents/paruj/219351_Webapp_homework/mpich2-1.4/src/mpl/include -I/home/kumamon/Documents/paruj/219351_Webapp_homework/mpich2-1.4/src/mpl/include -I/home/kumamon/Documents/paruj/219351_Webapp_homework/mpich2-1.4/src/openpa/src -I/home/kumamon/Documents/paruj/219351_Webapp_homework/mpich2-1.4/src/openpa/src -I/home/kumamon/Documents/paruj/219351_Webapp_homework/mpich2-1.4/src/mpid/ch3/include -I/home/kumamon/Documents/paruj/219351_Webapp_homework/mpich2-1.4/src/mpid/ch3/include -I/home/kumamon/Documents/paruj/219351_Webapp_homework/mpich2-1.4/src/mpid/common/datatype -I/home/kumamon/Documents/paruj/219351_Webapp_homework/mpich2-1.4/src/mpid/common/datatype -I/home/kumamon/Documents/paruj/219351_Webapp_homework/mpich2-1.4/src/mpid/common/locks -I/home/kumamon/Documents/paruj/219351_Webapp_homework/mpich2-1.4/src/mpid/common/locks -I/home/kumamon/Documents/paruj/219351_Webapp_homework/mpich2-1.4/src/mpid/ch3/channels/nemesis/include -I/home/kumamon/Documents/paruj/219351_Webapp_homework/mpich2-1.4/src/mpid/ch3/channels/nemesis/include -I/home/kumamon/Documents/paruj/219351_Webapp_homework/mpich2-1.4/src/mpid/ch3/channels/nemesis/nemesis/include -I/home/kumamon/Documents/paruj/219351_Webapp_homework/mpich2-1.4/src/mpid/ch3/channels/nemesis/nemesis/include -I/home/kumamon/Documents/paruj/219351_Webapp_homework/mpich2-1.4/src/mpid/ch3/channels/nemesis/nemesis/utils/monitor -I/home/kumamon/Documents/paruj/219351_Webapp_homework/mpich2-1.4/src/mpid/ch3/channels/nemesis/nemesis/utils/monitor -I/home/kumamon/Documents/paruj/219351_Webapp_homework/mpich2-1.4/src/util/wrappers -I/home/kumamon/Documents/paruj/219351_Webapp_homework/mpich2-1.4/src/util/wrappers   -Wl,--export-dynamic conftest.c -lrt -lpthread   >&5
configure:4099: $? = 0
configure:4099: result: yes
configure:4110: checking whether fdopen needs a declaration
configure:4127: gcc -c    -O2  -I/home/kumamon/Documents/paruj/219351_Webapp_homework/mpich2-1.4/src/mpl/include -I/home/kumamon/Documents/paruj/219351_Webapp_homework/mpich2-1.4/src/mpl/include -I/home/kumamon/Documents/paruj/219351_Webapp_homework/mpich2-1.4/src/openpa/src -I/home/kumamon/Documents/paruj/219351_Webapp_homework/mpich2-1.4/src/openpa/src -I/home/kumamon/Documents/paruj/219351_Webapp_homework/mpich2-1.4/src/mpid/ch3/include -I/home/kumamon/Documents/paruj/219351_Webapp_homework/mpich2-1.4/src/mpid/ch3/include -I/home/kumamon/Documents/paruj/219351_Webapp_homework/mpich2-1.4/src/mpid/common/datatype -I/home/kumamon/Documents/paruj/219351_Webapp_homework/mpich2-1.4/src/mpid/common/datatype -I/home/kumamon/Documents/paruj/219351_Webapp_homework/mpich2-1.4/src/mpid/common/locks -I/home/kumamon/Documents/paruj/219351_Webapp_homework/mpich2-1.4/src/mpid/common/locks -I/home/kumamon/Documents/paruj/219351_Webapp_homework/mpich2-1.4/src/mpid/ch3/channels/nemesis/include -I/home/kumamon/Documents/paruj/219351_Webapp_homework/mpich2-1.4/src/mpid/ch3/channels/nemesis/include -I/home/kumamon/Documents/paruj/219351_Webapp_homework/mpich2-1.4/src/mpid/ch3/channels/nemesis/nemesis/include -I/home/kumamon/Documents/paruj/219351_Webapp_homework/mpich2-1.4/src/mpid/ch3/channels/nemesis/nemesis/include -I/home/kumamon/Documents/paruj/219351_Webapp_homework/mpich2-1.4/src/mpid/ch3/channels/nemesis/nemesis/utils/monitor -I/home/kumamon/Documents/paruj/219351_Webapp_homework/mpich2-1.4/src/mpid/ch3/channels/nemesis/nemesis/utils/monitor -I/home/kumamon/Documents/paruj/219351_Webapp_homework/mpich2-1.4/src/util/wrappers -I/home/kumamon/Documents/paruj/219351_Webapp_homework/mpich2-1.4/src/util/wrappers conftest.c >&5
conftest.c: In function 'main':
conftest.c:29:1: warning: passing argument 2 of 'fdopen' makes pointer from integer without a cast [enabled by default]
 int a=fdopen(1.0,27,1.0,"foo");
 ^
In file included from conftest.c:25:0:
/usr/include/stdio.h:306:14: note: expected 'const char *' but argument is of type 'int'
 extern FILE *fdopen (int __fd, const char *__modes) __THROW __wur;
              ^
conftest.c:29:1: error: too many arguments to function 'fdopen'
 int a=fdopen(1.0,27,1.0,"foo");
 ^
In file included from conftest.c:25:0:
/usr/include/stdio.h:306:14: note: declared here
 extern FILE *fdopen (int __fd, const char *__modes) __THROW __wur;
              ^
conftest.c:29:7: warning: initialization makes integer from pointer without a cast [enabled by default]
 int a=fdopen(1.0,27,1.0,"foo");
       ^
configure:4127: $? = 1
configure: failed program was:
| /* confdefs.h */
| #define PACKAGE_NAME ""
| #define PACKAGE_TARNAME ""
| #define PACKAGE_VERSION ""
| #define PACKAGE_STRING ""
| #define PACKAGE_BUGREPORT ""
| #define PACKAGE_URL ""
| #define STDC_HEADERS 1
| #define HAVE_SYS_TYPES_H 1
| #define HAVE_SYS_STAT_H 1
| #define HAVE_STDLIB_H 1
| #define HAVE_STRING_H 1
| #define HAVE_MEMORY_H 1
| #define HAVE_STRINGS_H 1
| #define HAVE_INTTYPES_H 1
| #define HAVE_STDINT_H 1
| #define HAVE_UNISTD_H 1
| #define HAVE_STDIO_H 1
| #define HAVE_STRING_H 1
| #define HAVE_UNISTD_H 1
| #define HAVE_FCNTL_H 1
| #define HAVE_EXECINFO_H 1
| #define HAVE_FDOPEN 1
| /* end confdefs.h.  */
| #include <stdio.h>
| int
| main ()
| {
| int a=fdopen(1.0,27,1.0,"foo");
|   ;
|   return 0;
| }
configure:4134: result: no
configure:4190: creating ./config.status

## ---------------------- ##
## Running config.status. ##
## ---------------------- ##

This file was extended by config.status, which was
generated by GNU Autoconf 2.68.  Invocation command line was

  CONFIG_FILES    = 
  CONFIG_HEADERS  = 
  CONFIG_LINKS    = 
  CONFIG_COMMANDS = 
  $ ./config.status 

on kumamon-home

config.status:865: creating Makefile
config.status:865: creating src/Makefile
config.status:865: creating include/mpe_callstack.h
config.status:865: creating etc/mpe_callstack_ldflags.conf
config.status:865: creating bin/bt2line
config.status:865: creating mpe_callstack_conf.h
config.status:1049: executing default-1 commands

## ---------------- ##
## Cache variables. ##
## ---------------- ##

ac_cv_c_compiler_gnu=yes
ac_cv_c_const=yes
ac_cv_c_inline=inline
ac_cv_env_CC_set=set
ac_cv_env_CC_value=gcc
ac_cv_env_CFLAGS_set=set
ac_cv_env_CFLAGS_value='   -O2'
ac_cv_env_CPPFLAGS_set=set
ac_cv_env_CPPFLAGS_value=' -I/home/kumamon/Documents/paruj/219351_Webapp_homework/mpich2-1.4/src/mpl/include -I/home/kumamon/Documents/paruj/219351_Webapp_homework/mpich2-1.4/src/mpl/include -I/home/kumamon/Documents/paruj/219351_Webapp_homework/mpich2-1.4/src/openpa/src -I/home/kumamon/Documents/paruj/219351_Webapp_homework/mpich2-1.4/src/openpa/src -I/home/kumamon/Documents/paruj/219351_Webapp_homework/mpich2-1.4/src/mpid/ch3/include -I/home/kumamon/Documents/paruj/219351_Webapp_homework/mpich2-1.4/src/mpid/ch3/include -I/home/kumamon/Documents/paruj/219351_Webapp_homework/mpich2-1.4/src/mpid/common/datatype -I/home/kumamon/Documents/paruj/219351_Webapp_homework/mpich2-1.4/src/mpid/common/datatype -I/home/kumamon/Documents/paruj/219351_Webapp_homework/mpich2-1.4/src/mpid/common/locks -I/home/kumamon/Documents/paruj/219351_Webapp_homework/mpich2-1.4/src/mpid/common/locks -I/home/kumamon/Documents/paruj/219351_Webapp_homework/mpich2-1.4/src/mpid/ch3/channels/nemesis/include -I/home/kumamon/Documents/paruj/219351_Webapp_homework/mpich2-1.4/src/mpid/ch3/channels/nemesis/include -I/home/kumamon/Documents/paruj/219351_Webapp_homework/mpich2-1.4/src/mpid/ch3/channels/nemesis/nemesis/include -I/home/kumamon/Documents/paruj/219351_Webapp_homework/mpich2-1.4/src/mpid/ch3/channels/nemesis/nemesis/include -I/home/kumamon/Documents/paruj/219351_Webapp_homework/mpich2-1.4/src/mpid/ch3/channels/nemesis/nemesis/utils/monitor -I/home/kumamon/Documents/paruj/219351_Webapp_homework/mpich2-1.4/src/mpid/ch3/channels/nemesis/nemesis/utils/monitor -I/home/kumamon/Documents/paruj/219351_Webapp_homework/mpich2-1.4/src/util/wrappers -I/home/kumamon/Documents/paruj/219351_Webapp_homework/mpich2-1.4/src/util/wrappers'
ac_cv_env_CPP_set=
ac_cv_env_CPP_value=
ac_cv_env_LDFLAGS_set=set
ac_cv_env_LDFLAGS_value=' '
ac_cv_env_LIBS_set=set
ac_cv_env_LIBS_value='-lrt -lpthread  '
ac_cv_env_build_alias_set=
ac_cv_env_build_alias_value=
ac_cv_env_host_alias_set=
ac_cv_env_host_alias_value=
ac_cv_env_target_alias_set=
ac_cv_env_target_alias_value=
ac_cv_func_fdopen=yes
ac_cv_header_execinfo_h=yes
ac_cv_header_fcntl_h=yes
ac_cv_header_inttypes_h=yes
ac_cv_header_memory_h=yes
ac_cv_header_stdc=yes
ac_cv_header_stdint_h=yes
ac_cv_header_stdio_h=yes
ac_cv_header_stdlib_h=yes
ac_cv_header_string_h=yes
ac_cv_header_strings_h=yes
ac_cv_header_sys_stat_h=yes
ac_cv_header_sys_types_h=yes
ac_cv_header_unistd_h=yes
ac_cv_objext=o
ac_cv_path_EGREP='/bin/grep -E'
ac_cv_path_GREP=/bin/grep
ac_cv_prog_AR=ar
ac_cv_prog_CPP='gcc -E'
ac_cv_prog_ac_ct_CC=gcc
ac_cv_prog_ac_ct_RANLIB=ranlib
ac_cv_prog_cc_c89=
ac_cv_prog_cc_g=yes
ac_cv_prog_cc_gcc_c_o=yes
pac_cv_func_decl_fdopen=no

## ----------------- ##
## Output variables. ##
## ----------------- ##

AR='ar'
CC='gcc'
CC_DOES_C_O='yes'
CFLAGS='   -O2'
CLINKER='gcc'
CPP='gcc -E'
CPPFLAGS=' -I/home/kumamon/Documents/paruj/219351_Webapp_homework/mpich2-1.4/src/mpl/include -I/home/kumamon/Documents/paruj/219351_Webapp_homework/mpich2-1.4/src/mpl/include -I/home/kumamon/Documents/paruj/219351_Webapp_homework/mpich2-1.4/src/openpa/src -I/home/kumamon/Documents/paruj/219351_Webapp_homework/mpich2-1.4/src/openpa/src -I/home/kumamon/Documents/paruj/219351_Webapp_homework/mpich2-1.4/src/mpid/ch3/include -I/home/kumamon/Documents/paruj/219351_Webapp_homework/mpich2-1.4/src/mpid/ch3/include -I/home/kumamon/Documents/paruj/219351_Webapp_homework/mpich2-1.4/src/mpid/common/datatype -I/home/kumamon/Documents/paruj/219351_Webapp_homework/mpich2-1.4/src/mpid/common/datatype -I/home/kumamon/Documents/paruj/219351_Webapp_homework/mpich2-1.4/src/mpid/common/locks -I/home/kumamon/Documents/paruj/219351_Webapp_homework/mpich2-1.4/src/mpid/common/locks -I/home/kumamon/Documents/paruj/219351_Webapp_homework/mpich2-1.4/src/mpid/ch3/channels/nemesis/include -I/home/kumamon/Documents/paruj/219351_Webapp_homework/mpich2-1.4/src/mpid/ch3/channels/nemesis/include -I/home/kumamon/Documents/paruj/219351_Webapp_homework/mpich2-1.4/src/mpid/ch3/channels/nemesis/nemesis/include -I/home/kumamon/Documents/paruj/219351_Webapp_homework/mpich2-1.4/src/mpid/ch3/channels/nemesis/nemesis/include -I/home/kumamon/Documents/paruj/219351_Webapp_homework/mpich2-1.4/src/mpid/ch3/channels/nemesis/nemesis/utils/monitor -I/home/kumamon/Documents/paruj/219351_Webapp_homework/mpich2-1.4/src/mpid/ch3/channels/nemesis/nemesis/utils/monitor -I/home/kumamon/Documents/paruj/219351_Webapp_homework/mpich2-1.4/src/util/wrappers -I/home/kumamon/Documents/paruj/219351_Webapp_homework/mpich2-1.4/src/util/wrappers'
CPRP='cp'
DEFS='-DHAVE_CONFIG_H'
ECHO_C=''
ECHO_N='-n'
ECHO_T=''
EGREP='/bin/grep -E'
EXEEXT=''
GREP='/bin/grep'
LDFLAGS='  -Wl,--export-dynamic'
LIBOBJS=''
LIBS='-lrt -lpthread  '
LTLIBOBJS=''
MAKE='make --no-print-directory'
MKDIR='mkdir'
MPE_BUILD_FORTRAN2C='no'
MPI_CC='/home/kumamon/Documents/paruj/219351_Webapp_homework/mpich2-1.4/bin/mpicc'
MPI_CFLAGS=''
MPI_LIBS=''
MV='mv'
OBJEXT='o'
PACKAGE_BUGREPORT=''
PACKAGE_NAME=''
PACKAGE_STRING=''
PACKAGE_TARNAME=''
PACKAGE_URL=''
PACKAGE_VERSION=''
PATH_SEPARATOR=':'
PROF_LIBNAME='mpe'
RANLIB='ranlib'
RM='rm'
SHELL='/bin/bash'
VPATH='VPATH=.:$(srcdir)'
ac_ct_CC='gcc'
binbuild_dir='/home/kumamon/Documents/paruj/219351_Webapp_homework/mpich2-1.4/src/mpe2/bin'
bindir='${exec_prefix}/bin'
build_alias=''
datadir='${datarootdir}'
datarootdir='${prefix}/share'
docdir='${datarootdir}/doc/${PACKAGE}'
dvidir='${docdir}'
etcbuild_dir='/home/kumamon/Documents/paruj/219351_Webapp_homework/mpich2-1.4/src/mpe2/etc'
exec_prefix='${prefix}'
host_alias=''
htmldir='${docdir}'
includebuild_dir='/home/kumamon/Documents/paruj/219351_Webapp_homework/mpich2-1.4/src/mpe2/include'
includedir='${prefix}/include'
infodir='${datarootdir}/info'
libbuild_dir='/home/kumamon/Documents/paruj/219351_Webapp_homework/mpich2-1.4/src/mpe2/lib'
libdir='${exec_prefix}/lib'
libexecdir='${exec_prefix}/libexec'
localedir='${datarootdir}/locale'
localstatedir='${prefix}/var'
mandir='${datarootdir}/man'
mpe_callstack_impl_type='#define HAVE_BACKTRACE 1'
mpe_callstack_ldflags='-Wl,--export-dynamic'
mpe_callstack_string_h=''
mpe_callstack_unistd_h=''
oldincludedir='/usr/include'
pdfdir='${docdir}'
prefix='/usr/local'
program_transform_name='s,x,x,'
psdir='${docdir}'
sbindir='${exec_prefix}/sbin'
sharedstatedir='${prefix}/com'
sysconfdir='${prefix}/etc'
target_alias=''
top_srcdir_abs='/home/kumamon/Documents/paruj/219351_Webapp_homework/mpich2-1.4/src/mpe2/src/callstack'

## ----------- ##
## confdefs.h. ##
## ----------- ##

/* confdefs.h */
#define PACKAGE_NAME ""
#define PACKAGE_TARNAME ""
#define PACKAGE_VERSION ""
#define PACKAGE_STRING ""
#define PACKAGE_BUGREPORT ""
#define PACKAGE_URL ""
#define STDC_HEADERS 1
#define HAVE_SYS_TYPES_H 1
#define HAVE_SYS_STAT_H 1
#define HAVE_STDLIB_H 1
#define HAVE_STRING_H 1
#define HAVE_MEMORY_H 1
#define HAVE_STRINGS_H 1
#define HAVE_INTTYPES_H 1
#define HAVE_STDINT_H 1
#define HAVE_UNISTD_H 1
#define HAVE_STDIO_H 1
#define HAVE_STRING_H 1
#define HAVE_UNISTD_H 1
#define HAVE_FCNTL_H 1
#define HAVE_EXECINFO_H 1
#define HAVE_FDOPEN 1

configure: exit 0
