This file contains any messages produced by compilers while
running configure, to aid debugging if configure makes a mistake.

It was created by configure, which was
generated by GNU Autoconf 2.68.  Invocation command line was

  $ ./configure --disable-option-checking --prefix=/usr/local --disable-f77 --disable-fc --disable-cxx MPI_CC=/home/kumamon/Documents/paruj/219351_Webapp_homework/mpich2-1.4/bin/mpicc MPI_F77=/home/kumamon/Documents/paruj/219351_Webapp_homework/mpich2-1.4/bin/mpif77 CC=gcc CFLAGS=   -O2 LDFLAGS=  LIBS=-lrt -lpthread   CPPFLAGS= -I/home/kumamon/Documents/paruj/219351_Webapp_homework/mpich2-1.4/src/mpl/include -I/home/kumamon/Documents/paruj/219351_Webapp_homework/mpich2-1.4/src/mpl/include -I/home/kumamon/Documents/paruj/219351_Webapp_homework/mpich2-1.4/src/openpa/src -I/home/kumamon/Documents/paruj/219351_Webapp_homework/mpich2-1.4/src/openpa/src -I/home/kumamon/Documents/paruj/219351_Webapp_homework/mpich2-1.4/src/mpid/ch3/include -I/home/kumamon/Documents/paruj/219351_Webapp_homework/mpich2-1.4/src/mpid/ch3/include -I/home/kumamon/Documents/paruj/219351_Webapp_homework/mpich2-1.4/src/mpid/common/datatype -I/home/kumamon/Documents/paruj/219351_Webapp_homework/mpich2-1.4/src/mpid/common/datatype -I/home/kumamon/Documents/paruj/219351_Webapp_homework/mpich2-1.4/src/mpid/common/locks -I/home/kumamon/Documents/paruj/219351_Webapp_homework/mpich2-1.4/src/mpid/common/locks -I/home/kumamon/Documents/paruj/219351_Webapp_homework/mpich2-1.4/src/mpid/ch3/channels/nemesis/include -I/home/kumamon/Documents/paruj/219351_Webapp_homework/mpich2-1.4/src/mpid/ch3/channels/nemesis/include -I/home/kumamon/Documents/paruj/219351_Webapp_homework/mpich2-1.4/src/mpid/ch3/channels/nemesis/nemesis/include -I/home/kumamon/Documents/paruj/219351_Webapp_homework/mpich2-1.4/src/mpid/ch3/channels/nemesis/nemesis/include -I/home/kumamon/Documents/paruj/219351_Webapp_homework/mpich2-1.4/src/mpid/ch3/channels/nemesis/nemesis/utils/monitor -I/home/kumamon/Documents/paruj/219351_Webapp_homework/mpich2-1.4/src/mpid/ch3/channels/nemesis/nemesis/utils/monitor -I/home/kumamon/Documents/paruj/219351_Webapp_homework/mpich2-1.4/src/util/wrappers -I/home/kumamon/Documents/paruj/219351_Webapp_homework/mpich2-1.4/src/util/wrappers FFLAGS=  --cache-file=/dev/null --srcdir=.

## --------- ##
## Platform. ##
## --------- ##

hostname = kumamon-home
uname -m = x86_64
uname -r = 3.19.0-51-generic
uname -s = Linux
uname -v = #58~14.04.1-Ubuntu SMP Fri Feb 26 22:02:58 UTC 2016

/usr/bin/uname -p = unknown
/bin/uname -X     = unknown

/bin/arch              = unknown
/usr/bin/arch -k       = unknown
/usr/convex/getsysinfo = unknown
/usr/bin/hostinfo      = unknown
/bin/machine           = unknown
/usr/bin/oslevel       = unknown
/bin/universe          = unknown

PATH: /home/kumamon/rosjava/devel/bin
PATH: /opt/ros/indigo/bin
PATH: /usr/local/sbin
PATH: /usr/local/bin
PATH: /usr/sbin
PATH: /usr/bin
PATH: /sbin
PATH: /bin
PATH: /usr/games
PATH: /usr/local/games


## ----------- ##
## Core tests. ##
## ----------- ##

configure:2103: checking for current directory name
configure:2150: result: /home/kumamon/Documents/paruj/219351_Webapp_homework/mpich2-1.4/src/mpe2/src/misc
configure:2185: checking gnumake
configure:2200: result: yes using --no-print-directory
configure:2214: checking BSD 4.4 make
configure:2234: result: no - whew
configure:2240: checking OSF V3 make
configure:2259: result: no
configure:2266: checking for virtual path format
configure:2281: result: VPATH
configure:2364: checking build system type
configure:2378: result: x86_64-unknown-linux-gnu
configure:2398: checking host system type
configure:2411: result: x86_64-unknown-linux-gnu
configure:2547: checking for gcc
configure:2574: result: gcc
configure:2803: checking for C compiler version
configure:2812: gcc --version >&5
gcc (Ubuntu 4.8.4-2ubuntu1~14.04.1) 4.8.4
Copyright (C) 2013 Free Software Foundation, Inc.
This is free software; see the source for copying conditions.  There is NO
warranty; not even for MERCHANTABILITY or FITNESS FOR A PARTICULAR PURPOSE.

configure:2823: $? = 0
configure:2812: gcc -v >&5
Using built-in specs.
COLLECT_GCC=gcc
COLLECT_LTO_WRAPPER=/usr/lib/gcc/x86_64-linux-gnu/4.8/lto-wrapper
Target: x86_64-linux-gnu
Configured with: ../src/configure -v --with-pkgversion='Ubuntu 4.8.4-2ubuntu1~14.04.1' --with-bugurl=file:///usr/share/doc/gcc-4.8/README.Bugs --enable-languages=c,c++,java,go,d,fortran,objc,obj-c++ --prefix=/usr --program-suffix=-4.8 --enable-shared --enable-linker-build-id --libexecdir=/usr/lib --without-included-gettext --enable-threads=posix --with-gxx-include-dir=/usr/include/c++/4.8 --libdir=/usr/lib --enable-nls --with-sysroot=/ --enable-clocale=gnu --enable-libstdcxx-debug --enable-libstdcxx-time=yes --enable-gnu-unique-object --disable-libmudflap --enable-plugin --with-system-zlib --disable-browser-plugin --enable-java-awt=gtk --enable-gtk-cairo --with-java-home=/usr/lib/jvm/java-1.5.0-gcj-4.8-amd64/jre --enable-java-home --with-jvm-root-dir=/usr/lib/jvm/java-1.5.0-gcj-4.8-amd64 --with-jvm-jar-dir=/usr/lib/jvm-exports/java-1.5.0-gcj-4.8-amd64 --with-arch-directory=amd64 --with-ecj-jar=/usr/share/java/eclipse-ecj.jar --enable-objc-gc --enable-multiarch --disable-werror --with-arch-32=i686 --with-abi=m64 --with-multilib-list=m32,m64,mx32 --with-tune=generic --enable-checking=release --build=x86_64-linux-gnu --host=x86_64-linux-gnu --target=x86_64-linux-gnu
Thread model: posix
gcc version 4.8.4 (Ubuntu 4.8.4-2ubuntu1~14.04.1) 
configure:2823: $? = 0
configure:2812: gcc -V >&5
gcc: error: unrecognized command line option '-V'
gcc: fatal error: no input files
compilation terminated.
configure:2823: $? = 4
configure:2812: gcc -qversion >&5
gcc: error: unrecognized command line option '-qversion'
gcc: fatal error: no input files
compilation terminated.
configure:2823: $? = 4
configure:2843: checking whether the C compiler works
configure:2865: gcc    -O2 -DMPI_LINUX  -I/home/kumamon/Documents/paruj/219351_Webapp_homework/mpich2-1.4/src/mpl/include -I/home/kumamon/Documents/paruj/219351_Webapp_homework/mpich2-1.4/src/mpl/include -I/home/kumamon/Documents/paruj/219351_Webapp_homework/mpich2-1.4/src/openpa/src -I/home/kumamon/Documents/paruj/219351_Webapp_homework/mpich2-1.4/src/openpa/src -I/home/kumamon/Documents/paruj/219351_Webapp_homework/mpich2-1.4/src/mpid/ch3/include -I/home/kumamon/Documents/paruj/219351_Webapp_homework/mpich2-1.4/src/mpid/ch3/include -I/home/kumamon/Documents/paruj/219351_Webapp_homework/mpich2-1.4/src/mpid/common/datatype -I/home/kumamon/Documents/paruj/219351_Webapp_homework/mpich2-1.4/src/mpid/common/datatype -I/home/kumamon/Documents/paruj/219351_Webapp_homework/mpich2-1.4/src/mpid/common/locks -I/home/kumamon/Documents/paruj/219351_Webapp_homework/mpich2-1.4/src/mpid/common/locks -I/home/kumamon/Documents/paruj/219351_Webapp_homework/mpich2-1.4/src/mpid/ch3/channels/nemesis/include -I/home/kumamon/Documents/paruj/219351_Webapp_homework/mpich2-1.4/src/mpid/ch3/channels/nemesis/include -I/home/kumamon/Documents/paruj/219351_Webapp_homework/mpich2-1.4/src/mpid/ch3/channels/nemesis/nemesis/include -I/home/kumamon/Documents/paruj/219351_Webapp_homework/mpich2-1.4/src/mpid/ch3/channels/nemesis/nemesis/include -I/home/kumamon/Documents/paruj/219351_Webapp_homework/mpich2-1.4/src/mpid/ch3/channels/nemesis/nemesis/utils/monitor -I/home/kumamon/Documents/paruj/219351_Webapp_homework/mpich2-1.4/src/mpid/ch3/channels/nemesis/nemesis/utils/monitor -I/home/kumamon/Documents/paruj/219351_Webapp_homework/mpich2-1.4/src/util/wrappers -I/home/kumamon/Documents/paruj/219351_Webapp_homework/mpich2-1.4/src/util/wrappers   conftest.c -lrt -lpthread   >&5
configure:2869: $? = 0
configure:2917: result: yes
configure:2920: checking for C compiler default output file name
configure:2922: result: a.out
configure:2928: checking for suffix of executables
configure:2935: gcc -o conftest    -O2 -DMPI_LINUX  -I/home/kumamon/Documents/paruj/219351_Webapp_homework/mpich2-1.4/src/mpl/include -I/home/kumamon/Documents/paruj/219351_Webapp_homework/mpich2-1.4/src/mpl/include -I/home/kumamon/Documents/paruj/219351_Webapp_homework/mpich2-1.4/src/openpa/src -I/home/kumamon/Documents/paruj/219351_Webapp_homework/mpich2-1.4/src/openpa/src -I/home/kumamon/Documents/paruj/219351_Webapp_homework/mpich2-1.4/src/mpid/ch3/include -I/home/kumamon/Documents/paruj/219351_Webapp_homework/mpich2-1.4/src/mpid/ch3/include -I/home/kumamon/Documents/paruj/219351_Webapp_homework/mpich2-1.4/src/mpid/common/datatype -I/home/kumamon/Documents/paruj/219351_Webapp_homework/mpich2-1.4/src/mpid/common/datatype -I/home/kumamon/Documents/paruj/219351_Webapp_homework/mpich2-1.4/src/mpid/common/locks -I/home/kumamon/Documents/paruj/219351_Webapp_homework/mpich2-1.4/src/mpid/common/locks -I/home/kumamon/Documents/paruj/219351_Webapp_homework/mpich2-1.4/src/mpid/ch3/channels/nemesis/include -I/home/kumamon/Documents/paruj/219351_Webapp_homework/mpich2-1.4/src/mpid/ch3/channels/nemesis/include -I/home/kumamon/Documents/paruj/219351_Webapp_homework/mpich2-1.4/src/mpid/ch3/channels/nemesis/nemesis/include -I/home/kumamon/Documents/paruj/219351_Webapp_homework/mpich2-1.4/src/mpid/ch3/channels/nemesis/nemesis/include -I/home/kumamon/Documents/paruj/219351_Webapp_homework/mpich2-1.4/src/mpid/ch3/channels/nemesis/nemesis/utils/monitor -I/home/kumamon/Documents/paruj/219351_Webapp_homework/mpich2-1.4/src/mpid/ch3/channels/nemesis/nemesis/utils/monitor -I/home/kumamon/Documents/paruj/219351_Webapp_homework/mpich2-1.4/src/util/wrappers -I/home/kumamon/Documents/paruj/219351_Webapp_homework/mpich2-1.4/src/util/wrappers   conftest.c -lrt -lpthread   >&5
configure:2939: $? = 0
configure:2961: result: 
configure:2983: checking whether we are cross compiling
configure:2991: gcc -o conftest    -O2 -DMPI_LINUX  -I/home/kumamon/Documents/paruj/219351_Webapp_homework/mpich2-1.4/src/mpl/include -I/home/kumamon/Documents/paruj/219351_Webapp_homework/mpich2-1.4/src/mpl/include -I/home/kumamon/Documents/paruj/219351_Webapp_homework/mpich2-1.4/src/openpa/src -I/home/kumamon/Documents/paruj/219351_Webapp_homework/mpich2-1.4/src/openpa/src -I/home/kumamon/Documents/paruj/219351_Webapp_homework/mpich2-1.4/src/mpid/ch3/include -I/home/kumamon/Documents/paruj/219351_Webapp_homework/mpich2-1.4/src/mpid/ch3/include -I/home/kumamon/Documents/paruj/219351_Webapp_homework/mpich2-1.4/src/mpid/common/datatype -I/home/kumamon/Documents/paruj/219351_Webapp_homework/mpich2-1.4/src/mpid/common/datatype -I/home/kumamon/Documents/paruj/219351_Webapp_homework/mpich2-1.4/src/mpid/common/locks -I/home/kumamon/Documents/paruj/219351_Webapp_homework/mpich2-1.4/src/mpid/common/locks -I/home/kumamon/Documents/paruj/219351_Webapp_homework/mpich2-1.4/src/mpid/ch3/channels/nemesis/include -I/home/kumamon/Documents/paruj/219351_Webapp_homework/mpich2-1.4/src/mpid/ch3/channels/nemesis/include -I/home/kumamon/Documents/paruj/219351_Webapp_homework/mpich2-1.4/src/mpid/ch3/channels/nemesis/nemesis/include -I/home/kumamon/Documents/paruj/219351_Webapp_homework/mpich2-1.4/src/mpid/ch3/channels/nemesis/nemesis/include -I/home/kumamon/Documents/paruj/219351_Webapp_homework/mpich2-1.4/src/mpid/ch3/channels/nemesis/nemesis/utils/monitor -I/home/kumamon/Documents/paruj/219351_Webapp_homework/mpich2-1.4/src/mpid/ch3/channels/nemesis/nemesis/utils/monitor -I/home/kumamon/Documents/paruj/219351_Webapp_homework/mpich2-1.4/src/util/wrappers -I/home/kumamon/Documents/paruj/219351_Webapp_homework/mpich2-1.4/src/util/wrappers   conftest.c -lrt -lpthread   >&5
configure:2995: $? = 0
configure:3002: ./conftest
configure:3006: $? = 0
configure:3021: result: no
configure:3026: checking for suffix of object files
configure:3048: gcc -c    -O2 -DMPI_LINUX  -I/home/kumamon/Documents/paruj/219351_Webapp_homework/mpich2-1.4/src/mpl/include -I/home/kumamon/Documents/paruj/219351_Webapp_homework/mpich2-1.4/src/mpl/include -I/home/kumamon/Documents/paruj/219351_Webapp_homework/mpich2-1.4/src/openpa/src -I/home/kumamon/Documents/paruj/219351_Webapp_homework/mpich2-1.4/src/openpa/src -I/home/kumamon/Documents/paruj/219351_Webapp_homework/mpich2-1.4/src/mpid/ch3/include -I/home/kumamon/Documents/paruj/219351_Webapp_homework/mpich2-1.4/src/mpid/ch3/include -I/home/kumamon/Documents/paruj/219351_Webapp_homework/mpich2-1.4/src/mpid/common/datatype -I/home/kumamon/Documents/paruj/219351_Webapp_homework/mpich2-1.4/src/mpid/common/datatype -I/home/kumamon/Documents/paruj/219351_Webapp_homework/mpich2-1.4/src/mpid/common/locks -I/home/kumamon/Documents/paruj/219351_Webapp_homework/mpich2-1.4/src/mpid/common/locks -I/home/kumamon/Documents/paruj/219351_Webapp_homework/mpich2-1.4/src/mpid/ch3/channels/nemesis/include -I/home/kumamon/Documents/paruj/219351_Webapp_homework/mpich2-1.4/src/mpid/ch3/channels/nemesis/include -I/home/kumamon/Documents/paruj/219351_Webapp_homework/mpich2-1.4/src/mpid/ch3/channels/nemesis/nemesis/include -I/home/kumamon/Documents/paruj/219351_Webapp_homework/mpich2-1.4/src/mpid/ch3/channels/nemesis/nemesis/include -I/home/kumamon/Documents/paruj/219351_Webapp_homework/mpich2-1.4/src/mpid/ch3/channels/nemesis/nemesis/utils/monitor -I/home/kumamon/Documents/paruj/219351_Webapp_homework/mpich2-1.4/src/mpid/ch3/channels/nemesis/nemesis/utils/monitor -I/home/kumamon/Documents/paruj/219351_Webapp_homework/mpich2-1.4/src/util/wrappers -I/home/kumamon/Documents/paruj/219351_Webapp_homework/mpich2-1.4/src/util/wrappers conftest.c >&5
configure:3052: $? = 0
configure:3073: result: o
configure:3077: checking whether we are using the GNU C compiler
configure:3096: gcc -c    -O2 -DMPI_LINUX  -I/home/kumamon/Documents/paruj/219351_Webapp_homework/mpich2-1.4/src/mpl/include -I/home/kumamon/Documents/paruj/219351_Webapp_homework/mpich2-1.4/src/mpl/include -I/home/kumamon/Documents/paruj/219351_Webapp_homework/mpich2-1.4/src/openpa/src -I/home/kumamon/Documents/paruj/219351_Webapp_homework/mpich2-1.4/src/openpa/src -I/home/kumamon/Documents/paruj/219351_Webapp_homework/mpich2-1.4/src/mpid/ch3/include -I/home/kumamon/Documents/paruj/219351_Webapp_homework/mpich2-1.4/src/mpid/ch3/include -I/home/kumamon/Documents/paruj/219351_Webapp_homework/mpich2-1.4/src/mpid/common/datatype -I/home/kumamon/Documents/paruj/219351_Webapp_homework/mpich2-1.4/src/mpid/common/datatype -I/home/kumamon/Documents/paruj/219351_Webapp_homework/mpich2-1.4/src/mpid/common/locks -I/home/kumamon/Documents/paruj/219351_Webapp_homework/mpich2-1.4/src/mpid/common/locks -I/home/kumamon/Documents/paruj/219351_Webapp_homework/mpich2-1.4/src/mpid/ch3/channels/nemesis/include -I/home/kumamon/Documents/paruj/219351_Webapp_homework/mpich2-1.4/src/mpid/ch3/channels/nemesis/include -I/home/kumamon/Documents/paruj/219351_Webapp_homework/mpich2-1.4/src/mpid/ch3/channels/nemesis/nemesis/include -I/home/kumamon/Documents/paruj/219351_Webapp_homework/mpich2-1.4/src/mpid/ch3/channels/nemesis/nemesis/include -I/home/kumamon/Documents/paruj/219351_Webapp_homework/mpich2-1.4/src/mpid/ch3/channels/nemesis/nemesis/utils/monitor -I/home/kumamon/Documents/paruj/219351_Webapp_homework/mpich2-1.4/src/mpid/ch3/channels/nemesis/nemesis/utils/monitor -I/home/kumamon/Documents/paruj/219351_Webapp_homework/mpich2-1.4/src/util/wrappers -I/home/kumamon/Documents/paruj/219351_Webapp_homework/mpich2-1.4/src/util/wrappers conftest.c >&5
configure:3096: $? = 0
configure:3105: result: yes
configure:3114: checking whether gcc accepts -g
configure:3134: gcc -c -g  -I/home/kumamon/Documents/paruj/219351_Webapp_homework/mpich2-1.4/src/mpl/include -I/home/kumamon/Documents/paruj/219351_Webapp_homework/mpich2-1.4/src/mpl/include -I/home/kumamon/Documents/paruj/219351_Webapp_homework/mpich2-1.4/src/openpa/src -I/home/kumamon/Documents/paruj/219351_Webapp_homework/mpich2-1.4/src/openpa/src -I/home/kumamon/Documents/paruj/219351_Webapp_homework/mpich2-1.4/src/mpid/ch3/include -I/home/kumamon/Documents/paruj/219351_Webapp_homework/mpich2-1.4/src/mpid/ch3/include -I/home/kumamon/Documents/paruj/219351_Webapp_homework/mpich2-1.4/src/mpid/common/datatype -I/home/kumamon/Documents/paruj/219351_Webapp_homework/mpich2-1.4/src/mpid/common/datatype -I/home/kumamon/Documents/paruj/219351_Webapp_homework/mpich2-1.4/src/mpid/common/locks -I/home/kumamon/Documents/paruj/219351_Webapp_homework/mpich2-1.4/src/mpid/common/locks -I/home/kumamon/Documents/paruj/219351_Webapp_homework/mpich2-1.4/src/mpid/ch3/channels/nemesis/include -I/home/kumamon/Documents/paruj/219351_Webapp_homework/mpich2-1.4/src/mpid/ch3/channels/nemesis/include -I/home/kumamon/Documents/paruj/219351_Webapp_homework/mpich2-1.4/src/mpid/ch3/channels/nemesis/nemesis/include -I/home/kumamon/Documents/paruj/219351_Webapp_homework/mpich2-1.4/src/mpid/ch3/channels/nemesis/nemesis/include -I/home/kumamon/Documents/paruj/219351_Webapp_homework/mpich2-1.4/src/mpid/ch3/channels/nemesis/nemesis/utils/monitor -I/home/kumamon/Documents/paruj/219351_Webapp_homework/mpich2-1.4/src/mpid/ch3/channels/nemesis/nemesis/utils/monitor -I/home/kumamon/Documents/paruj/219351_Webapp_homework/mpich2-1.4/src/util/wrappers -I/home/kumamon/Documents/paruj/219351_Webapp_homework/mpich2-1.4/src/util/wrappers conftest.c >&5
configure:3134: $? = 0
configure:3175: result: yes
configure:3192: checking for gcc option to accept ISO C89
configure:3256: gcc  -c    -O2 -DMPI_LINUX  -I/home/kumamon/Documents/paruj/219351_Webapp_homework/mpich2-1.4/src/mpl/include -I/home/kumamon/Documents/paruj/219351_Webapp_homework/mpich2-1.4/src/mpl/include -I/home/kumamon/Documents/paruj/219351_Webapp_homework/mpich2-1.4/src/openpa/src -I/home/kumamon/Documents/paruj/219351_Webapp_homework/mpich2-1.4/src/openpa/src -I/home/kumamon/Documents/paruj/219351_Webapp_homework/mpich2-1.4/src/mpid/ch3/include -I/home/kumamon/Documents/paruj/219351_Webapp_homework/mpich2-1.4/src/mpid/ch3/include -I/home/kumamon/Documents/paruj/219351_Webapp_homework/mpich2-1.4/src/mpid/common/datatype -I/home/kumamon/Documents/paruj/219351_Webapp_homework/mpich2-1.4/src/mpid/common/datatype -I/home/kumamon/Documents/paruj/219351_Webapp_homework/mpich2-1.4/src/mpid/common/locks -I/home/kumamon/Documents/paruj/219351_Webapp_homework/mpich2-1.4/src/mpid/common/locks -I/home/kumamon/Documents/paruj/219351_Webapp_homework/mpich2-1.4/src/mpid/ch3/channels/nemesis/include -I/home/kumamon/Documents/paruj/219351_Webapp_homework/mpich2-1.4/src/mpid/ch3/channels/nemesis/include -I/home/kumamon/Documents/paruj/219351_Webapp_homework/mpich2-1.4/src/mpid/ch3/channels/nemesis/nemesis/include -I/home/kumamon/Documents/paruj/219351_Webapp_homework/mpich2-1.4/src/mpid/ch3/channels/nemesis/nemesis/include -I/home/kumamon/Documents/paruj/219351_Webapp_homework/mpich2-1.4/src/mpid/ch3/channels/nemesis/nemesis/utils/monitor -I/home/kumamon/Documents/paruj/219351_Webapp_homework/mpich2-1.4/src/mpid/ch3/channels/nemesis/nemesis/utils/monitor -I/home/kumamon/Documents/paruj/219351_Webapp_homework/mpich2-1.4/src/util/wrappers -I/home/kumamon/Documents/paruj/219351_Webapp_homework/mpich2-1.4/src/util/wrappers conftest.c >&5
configure:3256: $? = 0
configure:3269: result: none needed
configure:3293: checking for ar
configure:3321: result: ar
configure:3372: checking for ranlib
configure:3399: result: ranlib
configure:3423: checking whether gcc and cc understand -c and -o together
configure:3454: gcc -c conftest.c -o conftest2.o >&5
configure:3458: $? = 0
configure:3464: gcc -c conftest.c -o conftest2.o >&5
configure:3468: $? = 0
configure:3479: cc -c conftest.c >&5
configure:3483: $? = 0
configure:3491: cc -c conftest.c -o conftest2.o >&5
configure:3495: $? = 0
configure:3501: cc -c conftest.c -o conftest2.o >&5
configure:3505: $? = 0
configure:3523: result: yes
configure:3542: checking how to run the C preprocessor
configure:3573: gcc -E  -I/home/kumamon/Documents/paruj/219351_Webapp_homework/mpich2-1.4/src/mpl/include -I/home/kumamon/Documents/paruj/219351_Webapp_homework/mpich2-1.4/src/mpl/include -I/home/kumamon/Documents/paruj/219351_Webapp_homework/mpich2-1.4/src/openpa/src -I/home/kumamon/Documents/paruj/219351_Webapp_homework/mpich2-1.4/src/openpa/src -I/home/kumamon/Documents/paruj/219351_Webapp_homework/mpich2-1.4/src/mpid/ch3/include -I/home/kumamon/Documents/paruj/219351_Webapp_homework/mpich2-1.4/src/mpid/ch3/include -I/home/kumamon/Documents/paruj/219351_Webapp_homework/mpich2-1.4/src/mpid/common/datatype -I/home/kumamon/Documents/paruj/219351_Webapp_homework/mpich2-1.4/src/mpid/common/datatype -I/home/kumamon/Documents/paruj/219351_Webapp_homework/mpich2-1.4/src/mpid/common/locks -I/home/kumamon/Documents/paruj/219351_Webapp_homework/mpich2-1.4/src/mpid/common/locks -I/home/kumamon/Documents/paruj/219351_Webapp_homework/mpich2-1.4/src/mpid/ch3/channels/nemesis/include -I/home/kumamon/Documents/paruj/219351_Webapp_homework/mpich2-1.4/src/mpid/ch3/channels/nemesis/include -I/home/kumamon/Documents/paruj/219351_Webapp_homework/mpich2-1.4/src/mpid/ch3/channels/nemesis/nemesis/include -I/home/kumamon/Documents/paruj/219351_Webapp_homework/mpich2-1.4/src/mpid/ch3/channels/nemesis/nemesis/include -I/home/kumamon/Documents/paruj/219351_Webapp_homework/mpich2-1.4/src/mpid/ch3/channels/nemesis/nemesis/utils/monitor -I/home/kumamon/Documents/paruj/219351_Webapp_homework/mpich2-1.4/src/mpid/ch3/channels/nemesis/nemesis/utils/monitor -I/home/kumamon/Documents/paruj/219351_Webapp_homework/mpich2-1.4/src/util/wrappers -I/home/kumamon/Documents/paruj/219351_Webapp_homework/mpich2-1.4/src/util/wrappers conftest.c
configure:3573: $? = 0
configure:3587: gcc -E  -I/home/kumamon/Documents/paruj/219351_Webapp_homework/mpich2-1.4/src/mpl/include -I/home/kumamon/Documents/paruj/219351_Webapp_homework/mpich2-1.4/src/mpl/include -I/home/kumamon/Documents/paruj/219351_Webapp_homework/mpich2-1.4/src/openpa/src -I/home/kumamon/Documents/paruj/219351_Webapp_homework/mpich2-1.4/src/openpa/src -I/home/kumamon/Documents/paruj/219351_Webapp_homework/mpich2-1.4/src/mpid/ch3/include -I/home/kumamon/Documents/paruj/219351_Webapp_homework/mpich2-1.4/src/mpid/ch3/include -I/home/kumamon/Documents/paruj/219351_Webapp_homework/mpich2-1.4/src/mpid/common/datatype -I/home/kumamon/Documents/paruj/219351_Webapp_homework/mpich2-1.4/src/mpid/common/datatype -I/home/kumamon/Documents/paruj/219351_Webapp_homework/mpich2-1.4/src/mpid/common/locks -I/home/kumamon/Documents/paruj/219351_Webapp_homework/mpich2-1.4/src/mpid/common/locks -I/home/kumamon/Documents/paruj/219351_Webapp_homework/mpich2-1.4/src/mpid/ch3/channels/nemesis/include -I/home/kumamon/Documents/paruj/219351_Webapp_homework/mpich2-1.4/src/mpid/ch3/channels/nemesis/include -I/home/kumamon/Documents/paruj/219351_Webapp_homework/mpich2-1.4/src/mpid/ch3/channels/nemesis/nemesis/include -I/home/kumamon/Documents/paruj/219351_Webapp_homework/mpich2-1.4/src/mpid/ch3/channels/nemesis/nemesis/include -I/home/kumamon/Documents/paruj/219351_Webapp_homework/mpich2-1.4/src/mpid/ch3/channels/nemesis/nemesis/utils/monitor -I/home/kumamon/Documents/paruj/219351_Webapp_homework/mpich2-1.4/src/mpid/ch3/channels/nemesis/nemesis/utils/monitor -I/home/kumamon/Documents/paruj/219351_Webapp_homework/mpich2-1.4/src/util/wrappers -I/home/kumamon/Documents/paruj/219351_Webapp_homework/mpich2-1.4/src/util/wrappers conftest.c
conftest.c:9:28: fatal error: ac_nonexistent.h: No such file or directory
 #include <ac_nonexistent.h>
                            ^
compilation terminated.
configure:3587: $? = 1
configure: failed program was:
| /* confdefs.h */
| #define PACKAGE_NAME ""
| #define PACKAGE_TARNAME ""
| #define PACKAGE_VERSION ""
| #define PACKAGE_STRING ""
| #define PACKAGE_BUGREPORT ""
| #define PACKAGE_URL ""
| /* end confdefs.h.  */
| #include <ac_nonexistent.h>
configure:3612: result: gcc -E
configure:3632: gcc -E  -I/home/kumamon/Documents/paruj/219351_Webapp_homework/mpich2-1.4/src/mpl/include -I/home/kumamon/Documents/paruj/219351_Webapp_homework/mpich2-1.4/src/mpl/include -I/home/kumamon/Documents/paruj/219351_Webapp_homework/mpich2-1.4/src/openpa/src -I/home/kumamon/Documents/paruj/219351_Webapp_homework/mpich2-1.4/src/openpa/src -I/home/kumamon/Documents/paruj/219351_Webapp_homework/mpich2-1.4/src/mpid/ch3/include -I/home/kumamon/Documents/paruj/219351_Webapp_homework/mpich2-1.4/src/mpid/ch3/include -I/home/kumamon/Documents/paruj/219351_Webapp_homework/mpich2-1.4/src/mpid/common/datatype -I/home/kumamon/Documents/paruj/219351_Webapp_homework/mpich2-1.4/src/mpid/common/datatype -I/home/kumamon/Documents/paruj/219351_Webapp_homework/mpich2-1.4/src/mpid/common/locks -I/home/kumamon/Documents/paruj/219351_Webapp_homework/mpich2-1.4/src/mpid/common/locks -I/home/kumamon/Documents/paruj/219351_Webapp_homework/mpich2-1.4/src/mpid/ch3/channels/nemesis/include -I/home/kumamon/Documents/paruj/219351_Webapp_homework/mpich2-1.4/src/mpid/ch3/channels/nemesis/include -I/home/kumamon/Documents/paruj/219351_Webapp_homework/mpich2-1.4/src/mpid/ch3/channels/nemesis/nemesis/include -I/home/kumamon/Documents/paruj/219351_Webapp_homework/mpich2-1.4/src/mpid/ch3/channels/nemesis/nemesis/include -I/home/kumamon/Documents/paruj/219351_Webapp_homework/mpich2-1.4/src/mpid/ch3/channels/nemesis/nemesis/utils/monitor -I/home/kumamon/Documents/paruj/219351_Webapp_homework/mpich2-1.4/src/mpid/ch3/channels/nemesis/nemesis/utils/monitor -I/home/kumamon/Documents/paruj/219351_Webapp_homework/mpich2-1.4/src/util/wrappers -I/home/kumamon/Documents/paruj/219351_Webapp_homework/mpich2-1.4/src/util/wrappers conftest.c
configure:3632: $? = 0
configure:3646: gcc -E  -I/home/kumamon/Documents/paruj/219351_Webapp_homework/mpich2-1.4/src/mpl/include -I/home/kumamon/Documents/paruj/219351_Webapp_homework/mpich2-1.4/src/mpl/include -I/home/kumamon/Documents/paruj/219351_Webapp_homework/mpich2-1.4/src/openpa/src -I/home/kumamon/Documents/paruj/219351_Webapp_homework/mpich2-1.4/src/openpa/src -I/home/kumamon/Documents/paruj/219351_Webapp_homework/mpich2-1.4/src/mpid/ch3/include -I/home/kumamon/Documents/paruj/219351_Webapp_homework/mpich2-1.4/src/mpid/ch3/include -I/home/kumamon/Documents/paruj/219351_Webapp_homework/mpich2-1.4/src/mpid/common/datatype -I/home/kumamon/Documents/paruj/219351_Webapp_homework/mpich2-1.4/src/mpid/common/datatype -I/home/kumamon/Documents/paruj/219351_Webapp_homework/mpich2-1.4/src/mpid/common/locks -I/home/kumamon/Documents/paruj/219351_Webapp_homework/mpich2-1.4/src/mpid/common/locks -I/home/kumamon/Documents/paruj/219351_Webapp_homework/mpich2-1.4/src/mpid/ch3/channels/nemesis/include -I/home/kumamon/Documents/paruj/219351_Webapp_homework/mpich2-1.4/src/mpid/ch3/channels/nemesis/include -I/home/kumamon/Documents/paruj/219351_Webapp_homework/mpich2-1.4/src/mpid/ch3/channels/nemesis/nemesis/include -I/home/kumamon/Documents/paruj/219351_Webapp_homework/mpich2-1.4/src/mpid/ch3/channels/nemesis/nemesis/include -I/home/kumamon/Documents/paruj/219351_Webapp_homework/mpich2-1.4/src/mpid/ch3/channels/nemesis/nemesis/utils/monitor -I/home/kumamon/Documents/paruj/219351_Webapp_homework/mpich2-1.4/src/mpid/ch3/channels/nemesis/nemesis/utils/monitor -I/home/kumamon/Documents/paruj/219351_Webapp_homework/mpich2-1.4/src/util/wrappers -I/home/kumamon/Documents/paruj/219351_Webapp_homework/mpich2-1.4/src/util/wrappers conftest.c
conftest.c:9:28: fatal error: ac_nonexistent.h: No such file or directory
 #include <ac_nonexistent.h>
                            ^
compilation terminated.
configure:3646: $? = 1
configure: failed program was:
| /* confdefs.h */
| #define PACKAGE_NAME ""
| #define PACKAGE_TARNAME ""
| #define PACKAGE_VERSION ""
| #define PACKAGE_STRING ""
| #define PACKAGE_BUGREPORT ""
| #define PACKAGE_URL ""
| /* end confdefs.h.  */
| #include <ac_nonexistent.h>
configure:3681: checking for dbx
configure:3714: result: no
configure:3723: checking for gdb
configure:3741: found /usr/bin/gdb
configure:3753: result: /usr/bin/gdb
configure:3764: checking for grep that handles long lines and -e
configure:3822: result: /bin/grep
configure:3827: checking for egrep
configure:3889: result: /bin/grep -E
configure:3894: checking for ANSI C header files
configure:3914: gcc -c    -O2 -DMPI_LINUX  -I/home/kumamon/Documents/paruj/219351_Webapp_homework/mpich2-1.4/src/mpl/include -I/home/kumamon/Documents/paruj/219351_Webapp_homework/mpich2-1.4/src/mpl/include -I/home/kumamon/Documents/paruj/219351_Webapp_homework/mpich2-1.4/src/openpa/src -I/home/kumamon/Documents/paruj/219351_Webapp_homework/mpich2-1.4/src/openpa/src -I/home/kumamon/Documents/paruj/219351_Webapp_homework/mpich2-1.4/src/mpid/ch3/include -I/home/kumamon/Documents/paruj/219351_Webapp_homework/mpich2-1.4/src/mpid/ch3/include -I/home/kumamon/Documents/paruj/219351_Webapp_homework/mpich2-1.4/src/mpid/common/datatype -I/home/kumamon/Documents/paruj/219351_Webapp_homework/mpich2-1.4/src/mpid/common/datatype -I/home/kumamon/Documents/paruj/219351_Webapp_homework/mpich2-1.4/src/mpid/common/locks -I/home/kumamon/Documents/paruj/219351_Webapp_homework/mpich2-1.4/src/mpid/common/locks -I/home/kumamon/Documents/paruj/219351_Webapp_homework/mpich2-1.4/src/mpid/ch3/channels/nemesis/include -I/home/kumamon/Documents/paruj/219351_Webapp_homework/mpich2-1.4/src/mpid/ch3/channels/nemesis/include -I/home/kumamon/Documents/paruj/219351_Webapp_homework/mpich2-1.4/src/mpid/ch3/channels/nemesis/nemesis/include -I/home/kumamon/Documents/paruj/219351_Webapp_homework/mpich2-1.4/src/mpid/ch3/channels/nemesis/nemesis/include -I/home/kumamon/Documents/paruj/219351_Webapp_homework/mpich2-1.4/src/mpid/ch3/channels/nemesis/nemesis/utils/monitor -I/home/kumamon/Documents/paruj/219351_Webapp_homework/mpich2-1.4/src/mpid/ch3/channels/nemesis/nemesis/utils/monitor -I/home/kumamon/Documents/paruj/219351_Webapp_homework/mpich2-1.4/src/util/wrappers -I/home/kumamon/Documents/paruj/219351_Webapp_homework/mpich2-1.4/src/util/wrappers conftest.c >&5
configure:3914: $? = 0
configure:3987: gcc -o conftest    -O2 -DMPI_LINUX  -I/home/kumamon/Documents/paruj/219351_Webapp_homework/mpich2-1.4/src/mpl/include -I/home/kumamon/Documents/paruj/219351_Webapp_homework/mpich2-1.4/src/mpl/include -I/home/kumamon/Documents/paruj/219351_Webapp_homework/mpich2-1.4/src/openpa/src -I/home/kumamon/Documents/paruj/219351_Webapp_homework/mpich2-1.4/src/openpa/src -I/home/kumamon/Documents/paruj/219351_Webapp_homework/mpich2-1.4/src/mpid/ch3/include -I/home/kumamon/Documents/paruj/219351_Webapp_homework/mpich2-1.4/src/mpid/ch3/include -I/home/kumamon/Documents/paruj/219351_Webapp_homework/mpich2-1.4/src/mpid/common/datatype -I/home/kumamon/Documents/paruj/219351_Webapp_homework/mpich2-1.4/src/mpid/common/datatype -I/home/kumamon/Documents/paruj/219351_Webapp_homework/mpich2-1.4/src/mpid/common/locks -I/home/kumamon/Documents/paruj/219351_Webapp_homework/mpich2-1.4/src/mpid/common/locks -I/home/kumamon/Documents/paruj/219351_Webapp_homework/mpich2-1.4/src/mpid/ch3/channels/nemesis/include -I/home/kumamon/Documents/paruj/219351_Webapp_homework/mpich2-1.4/src/mpid/ch3/channels/nemesis/include -I/home/kumamon/Documents/paruj/219351_Webapp_homework/mpich2-1.4/src/mpid/ch3/channels/nemesis/nemesis/include -I/home/kumamon/Documents/paruj/219351_Webapp_homework/mpich2-1.4/src/mpid/ch3/channels/nemesis/nemesis/include -I/home/kumamon/Documents/paruj/219351_Webapp_homework/mpich2-1.4/src/mpid/ch3/channels/nemesis/nemesis/utils/monitor -I/home/kumamon/Documents/paruj/219351_Webapp_homework/mpich2-1.4/src/mpid/ch3/channels/nemesis/nemesis/utils/monitor -I/home/kumamon/Documents/paruj/219351_Webapp_homework/mpich2-1.4/src/util/wrappers -I/home/kumamon/Documents/paruj/219351_Webapp_homework/mpich2-1.4/src/util/wrappers   conftest.c -lrt -lpthread   >&5
configure:3987: $? = 0
configure:3987: ./conftest
configure:3987: $? = 0
configure:3998: result: yes
configure:4006: checking for an ANSI C-conforming const
configure:4071: gcc -c    -O2 -DMPI_LINUX  -I/home/kumamon/Documents/paruj/219351_Webapp_homework/mpich2-1.4/src/mpl/include -I/home/kumamon/Documents/paruj/219351_Webapp_homework/mpich2-1.4/src/mpl/include -I/home/kumamon/Documents/paruj/219351_Webapp_homework/mpich2-1.4/src/openpa/src -I/home/kumamon/Documents/paruj/219351_Webapp_homework/mpich2-1.4/src/openpa/src -I/home/kumamon/Documents/paruj/219351_Webapp_homework/mpich2-1.4/src/mpid/ch3/include -I/home/kumamon/Documents/paruj/219351_Webapp_homework/mpich2-1.4/src/mpid/ch3/include -I/home/kumamon/Documents/paruj/219351_Webapp_homework/mpich2-1.4/src/mpid/common/datatype -I/home/kumamon/Documents/paruj/219351_Webapp_homework/mpich2-1.4/src/mpid/common/datatype -I/home/kumamon/Documents/paruj/219351_Webapp_homework/mpich2-1.4/src/mpid/common/locks -I/home/kumamon/Documents/paruj/219351_Webapp_homework/mpich2-1.4/src/mpid/common/locks -I/home/kumamon/Documents/paruj/219351_Webapp_homework/mpich2-1.4/src/mpid/ch3/channels/nemesis/include -I/home/kumamon/Documents/paruj/219351_Webapp_homework/mpich2-1.4/src/mpid/ch3/channels/nemesis/include -I/home/kumamon/Documents/paruj/219351_Webapp_homework/mpich2-1.4/src/mpid/ch3/channels/nemesis/nemesis/include -I/home/kumamon/Documents/paruj/219351_Webapp_homework/mpich2-1.4/src/mpid/ch3/channels/nemesis/nemesis/include -I/home/kumamon/Documents/paruj/219351_Webapp_homework/mpich2-1.4/src/mpid/ch3/channels/nemesis/nemesis/utils/monitor -I/home/kumamon/Documents/paruj/219351_Webapp_homework/mpich2-1.4/src/mpid/ch3/channels/nemesis/nemesis/utils/monitor -I/home/kumamon/Documents/paruj/219351_Webapp_homework/mpich2-1.4/src/util/wrappers -I/home/kumamon/Documents/paruj/219351_Webapp_homework/mpich2-1.4/src/util/wrappers conftest.c >&5
configure:4071: $? = 0
configure:4078: result: yes
configure:4090: checking for sysinfo
configure:4090: gcc -o conftest    -O2 -DMPI_LINUX  -I/home/kumamon/Documents/paruj/219351_Webapp_homework/mpich2-1.4/src/mpl/include -I/home/kumamon/Documents/paruj/219351_Webapp_homework/mpich2-1.4/src/mpl/include -I/home/kumamon/Documents/paruj/219351_Webapp_homework/mpich2-1.4/src/openpa/src -I/home/kumamon/Documents/paruj/219351_Webapp_homework/mpich2-1.4/src/openpa/src -I/home/kumamon/Documents/paruj/219351_Webapp_homework/mpich2-1.4/src/mpid/ch3/include -I/home/kumamon/Documents/paruj/219351_Webapp_homework/mpich2-1.4/src/mpid/ch3/include -I/home/kumamon/Documents/paruj/219351_Webapp_homework/mpich2-1.4/src/mpid/common/datatype -I/home/kumamon/Documents/paruj/219351_Webapp_homework/mpich2-1.4/src/mpid/common/datatype -I/home/kumamon/Documents/paruj/219351_Webapp_homework/mpich2-1.4/src/mpid/common/locks -I/home/kumamon/Documents/paruj/219351_Webapp_homework/mpich2-1.4/src/mpid/common/locks -I/home/kumamon/Documents/paruj/219351_Webapp_homework/mpich2-1.4/src/mpid/ch3/channels/nemesis/include -I/home/kumamon/Documents/paruj/219351_Webapp_homework/mpich2-1.4/src/mpid/ch3/channels/nemesis/include -I/home/kumamon/Documents/paruj/219351_Webapp_homework/mpich2-1.4/src/mpid/ch3/channels/nemesis/nemesis/include -I/home/kumamon/Documents/paruj/219351_Webapp_homework/mpich2-1.4/src/mpid/ch3/channels/nemesis/nemesis/include -I/home/kumamon/Documents/paruj/219351_Webapp_homework/mpich2-1.4/src/mpid/ch3/channels/nemesis/nemesis/utils/monitor -I/home/kumamon/Documents/paruj/219351_Webapp_homework/mpich2-1.4/src/mpid/ch3/channels/nemesis/nemesis/utils/monitor -I/home/kumamon/Documents/paruj/219351_Webapp_homework/mpich2-1.4/src/util/wrappers -I/home/kumamon/Documents/paruj/219351_Webapp_homework/mpich2-1.4/src/util/wrappers   conftest.c -lrt -lpthread   >&5
configure:4090: $? = 0
configure:4090: result: yes
configure:4099: checking for uname
configure:4099: gcc -o conftest    -O2 -DMPI_LINUX  -I/home/kumamon/Documents/paruj/219351_Webapp_homework/mpich2-1.4/src/mpl/include -I/home/kumamon/Documents/paruj/219351_Webapp_homework/mpich2-1.4/src/mpl/include -I/home/kumamon/Documents/paruj/219351_Webapp_homework/mpich2-1.4/src/openpa/src -I/home/kumamon/Documents/paruj/219351_Webapp_homework/mpich2-1.4/src/openpa/src -I/home/kumamon/Documents/paruj/219351_Webapp_homework/mpich2-1.4/src/mpid/ch3/include -I/home/kumamon/Documents/paruj/219351_Webapp_homework/mpich2-1.4/src/mpid/ch3/include -I/home/kumamon/Documents/paruj/219351_Webapp_homework/mpich2-1.4/src/mpid/common/datatype -I/home/kumamon/Documents/paruj/219351_Webapp_homework/mpich2-1.4/src/mpid/common/datatype -I/home/kumamon/Documents/paruj/219351_Webapp_homework/mpich2-1.4/src/mpid/common/locks -I/home/kumamon/Documents/paruj/219351_Webapp_homework/mpich2-1.4/src/mpid/common/locks -I/home/kumamon/Documents/paruj/219351_Webapp_homework/mpich2-1.4/src/mpid/ch3/channels/nemesis/include -I/home/kumamon/Documents/paruj/219351_Webapp_homework/mpich2-1.4/src/mpid/ch3/channels/nemesis/include -I/home/kumamon/Documents/paruj/219351_Webapp_homework/mpich2-1.4/src/mpid/ch3/channels/nemesis/nemesis/include -I/home/kumamon/Documents/paruj/219351_Webapp_homework/mpich2-1.4/src/mpid/ch3/channels/nemesis/nemesis/include -I/home/kumamon/Documents/paruj/219351_Webapp_homework/mpich2-1.4/src/mpid/ch3/channels/nemesis/nemesis/utils/monitor -I/home/kumamon/Documents/paruj/219351_Webapp_homework/mpich2-1.4/src/mpid/ch3/channels/nemesis/nemesis/utils/monitor -I/home/kumamon/Documents/paruj/219351_Webapp_homework/mpich2-1.4/src/util/wrappers -I/home/kumamon/Documents/paruj/219351_Webapp_homework/mpich2-1.4/src/util/wrappers   conftest.c -lrt -lpthread   >&5
configure:4099: $? = 0
configure:4099: result: yes
configure:4107: checking for gethostbyname
configure:4107: gcc -o conftest    -O2 -DMPI_LINUX  -I/home/kumamon/Documents/paruj/219351_Webapp_homework/mpich2-1.4/src/mpl/include -I/home/kumamon/Documents/paruj/219351_Webapp_homework/mpich2-1.4/src/mpl/include -I/home/kumamon/Documents/paruj/219351_Webapp_homework/mpich2-1.4/src/openpa/src -I/home/kumamon/Documents/paruj/219351_Webapp_homework/mpich2-1.4/src/openpa/src -I/home/kumamon/Documents/paruj/219351_Webapp_homework/mpich2-1.4/src/mpid/ch3/include -I/home/kumamon/Documents/paruj/219351_Webapp_homework/mpich2-1.4/src/mpid/ch3/include -I/home/kumamon/Documents/paruj/219351_Webapp_homework/mpich2-1.4/src/mpid/common/datatype -I/home/kumamon/Documents/paruj/219351_Webapp_homework/mpich2-1.4/src/mpid/common/datatype -I/home/kumamon/Documents/paruj/219351_Webapp_homework/mpich2-1.4/src/mpid/common/locks -I/home/kumamon/Documents/paruj/219351_Webapp_homework/mpich2-1.4/src/mpid/common/locks -I/home/kumamon/Documents/paruj/219351_Webapp_homework/mpich2-1.4/src/mpid/ch3/channels/nemesis/include -I/home/kumamon/Documents/paruj/219351_Webapp_homework/mpich2-1.4/src/mpid/ch3/channels/nemesis/include -I/home/kumamon/Documents/paruj/219351_Webapp_homework/mpich2-1.4/src/mpid/ch3/channels/nemesis/nemesis/include -I/home/kumamon/Documents/paruj/219351_Webapp_homework/mpich2-1.4/src/mpid/ch3/channels/nemesis/nemesis/include -I/home/kumamon/Documents/paruj/219351_Webapp_homework/mpich2-1.4/src/mpid/ch3/channels/nemesis/nemesis/utils/monitor -I/home/kumamon/Documents/paruj/219351_Webapp_homework/mpich2-1.4/src/mpid/ch3/channels/nemesis/nemesis/utils/monitor -I/home/kumamon/Documents/paruj/219351_Webapp_homework/mpich2-1.4/src/util/wrappers -I/home/kumamon/Documents/paruj/219351_Webapp_homework/mpich2-1.4/src/util/wrappers   conftest.c -lrt -lpthread   >&5
configure:4107: $? = 0
configure:4107: result: yes
configure:4121: checking for sys/types.h
configure:4121: gcc -c    -O2 -DMPI_LINUX  -I/home/kumamon/Documents/paruj/219351_Webapp_homework/mpich2-1.4/src/mpl/include -I/home/kumamon/Documents/paruj/219351_Webapp_homework/mpich2-1.4/src/mpl/include -I/home/kumamon/Documents/paruj/219351_Webapp_homework/mpich2-1.4/src/openpa/src -I/home/kumamon/Documents/paruj/219351_Webapp_homework/mpich2-1.4/src/openpa/src -I/home/kumamon/Documents/paruj/219351_Webapp_homework/mpich2-1.4/src/mpid/ch3/include -I/home/kumamon/Documents/paruj/219351_Webapp_homework/mpich2-1.4/src/mpid/ch3/include -I/home/kumamon/Documents/paruj/219351_Webapp_homework/mpich2-1.4/src/mpid/common/datatype -I/home/kumamon/Documents/paruj/219351_Webapp_homework/mpich2-1.4/src/mpid/common/datatype -I/home/kumamon/Documents/paruj/219351_Webapp_homework/mpich2-1.4/src/mpid/common/locks -I/home/kumamon/Documents/paruj/219351_Webapp_homework/mpich2-1.4/src/mpid/common/locks -I/home/kumamon/Documents/paruj/219351_Webapp_homework/mpich2-1.4/src/mpid/ch3/channels/nemesis/include -I/home/kumamon/Documents/paruj/219351_Webapp_homework/mpich2-1.4/src/mpid/ch3/channels/nemesis/include -I/home/kumamon/Documents/paruj/219351_Webapp_homework/mpich2-1.4/src/mpid/ch3/channels/nemesis/nemesis/include -I/home/kumamon/Documents/paruj/219351_Webapp_homework/mpich2-1.4/src/mpid/ch3/channels/nemesis/nemesis/include -I/home/kumamon/Documents/paruj/219351_Webapp_homework/mpich2-1.4/src/mpid/ch3/channels/nemesis/nemesis/utils/monitor -I/home/kumamon/Documents/paruj/219351_Webapp_homework/mpich2-1.4/src/mpid/ch3/channels/nemesis/nemesis/utils/monitor -I/home/kumamon/Documents/paruj/219351_Webapp_homework/mpich2-1.4/src/util/wrappers -I/home/kumamon/Documents/paruj/219351_Webapp_homework/mpich2-1.4/src/util/wrappers conftest.c >&5
configure:4121: $? = 0
configure:4121: result: yes
configure:4121: checking for sys/stat.h
configure:4121: gcc -c    -O2 -DMPI_LINUX  -I/home/kumamon/Documents/paruj/219351_Webapp_homework/mpich2-1.4/src/mpl/include -I/home/kumamon/Documents/paruj/219351_Webapp_homework/mpich2-1.4/src/mpl/include -I/home/kumamon/Documents/paruj/219351_Webapp_homework/mpich2-1.4/src/openpa/src -I/home/kumamon/Documents/paruj/219351_Webapp_homework/mpich2-1.4/src/openpa/src -I/home/kumamon/Documents/paruj/219351_Webapp_homework/mpich2-1.4/src/mpid/ch3/include -I/home/kumamon/Documents/paruj/219351_Webapp_homework/mpich2-1.4/src/mpid/ch3/include -I/home/kumamon/Documents/paruj/219351_Webapp_homework/mpich2-1.4/src/mpid/common/datatype -I/home/kumamon/Documents/paruj/219351_Webapp_homework/mpich2-1.4/src/mpid/common/datatype -I/home/kumamon/Documents/paruj/219351_Webapp_homework/mpich2-1.4/src/mpid/common/locks -I/home/kumamon/Documents/paruj/219351_Webapp_homework/mpich2-1.4/src/mpid/common/locks -I/home/kumamon/Documents/paruj/219351_Webapp_homework/mpich2-1.4/src/mpid/ch3/channels/nemesis/include -I/home/kumamon/Documents/paruj/219351_Webapp_homework/mpich2-1.4/src/mpid/ch3/channels/nemesis/include -I/home/kumamon/Documents/paruj/219351_Webapp_homework/mpich2-1.4/src/mpid/ch3/channels/nemesis/nemesis/include -I/home/kumamon/Documents/paruj/219351_Webapp_homework/mpich2-1.4/src/mpid/ch3/channels/nemesis/nemesis/include -I/home/kumamon/Documents/paruj/219351_Webapp_homework/mpich2-1.4/src/mpid/ch3/channels/nemesis/nemesis/utils/monitor -I/home/kumamon/Documents/paruj/219351_Webapp_homework/mpich2-1.4/src/mpid/ch3/channels/nemesis/nemesis/utils/monitor -I/home/kumamon/Documents/paruj/219351_Webapp_homework/mpich2-1.4/src/util/wrappers -I/home/kumamon/Documents/paruj/219351_Webapp_homework/mpich2-1.4/src/util/wrappers conftest.c >&5
configure:4121: $? = 0
configure:4121: result: yes
configure:4121: checking for stdlib.h
configure:4121: gcc -c    -O2 -DMPI_LINUX  -I/home/kumamon/Documents/paruj/219351_Webapp_homework/mpich2-1.4/src/mpl/include -I/home/kumamon/Documents/paruj/219351_Webapp_homework/mpich2-1.4/src/mpl/include -I/home/kumamon/Documents/paruj/219351_Webapp_homework/mpich2-1.4/src/openpa/src -I/home/kumamon/Documents/paruj/219351_Webapp_homework/mpich2-1.4/src/openpa/src -I/home/kumamon/Documents/paruj/219351_Webapp_homework/mpich2-1.4/src/mpid/ch3/include -I/home/kumamon/Documents/paruj/219351_Webapp_homework/mpich2-1.4/src/mpid/ch3/include -I/home/kumamon/Documents/paruj/219351_Webapp_homework/mpich2-1.4/src/mpid/common/datatype -I/home/kumamon/Documents/paruj/219351_Webapp_homework/mpich2-1.4/src/mpid/common/datatype -I/home/kumamon/Documents/paruj/219351_Webapp_homework/mpich2-1.4/src/mpid/common/locks -I/home/kumamon/Documents/paruj/219351_Webapp_homework/mpich2-1.4/src/mpid/common/locks -I/home/kumamon/Documents/paruj/219351_Webapp_homework/mpich2-1.4/src/mpid/ch3/channels/nemesis/include -I/home/kumamon/Documents/paruj/219351_Webapp_homework/mpich2-1.4/src/mpid/ch3/channels/nemesis/include -I/home/kumamon/Documents/paruj/219351_Webapp_homework/mpich2-1.4/src/mpid/ch3/channels/nemesis/nemesis/include -I/home/kumamon/Documents/paruj/219351_Webapp_homework/mpich2-1.4/src/mpid/ch3/channels/nemesis/nemesis/include -I/home/kumamon/Documents/paruj/219351_Webapp_homework/mpich2-1.4/src/mpid/ch3/channels/nemesis/nemesis/utils/monitor -I/home/kumamon/Documents/paruj/219351_Webapp_homework/mpich2-1.4/src/mpid/ch3/channels/nemesis/nemesis/utils/monitor -I/home/kumamon/Documents/paruj/219351_Webapp_homework/mpich2-1.4/src/util/wrappers -I/home/kumamon/Documents/paruj/219351_Webapp_homework/mpich2-1.4/src/util/wrappers conftest.c >&5
configure:4121: $? = 0
configure:4121: result: yes
configure:4121: checking for string.h
configure:4121: gcc -c    -O2 -DMPI_LINUX  -I/home/kumamon/Documents/paruj/219351_Webapp_homework/mpich2-1.4/src/mpl/include -I/home/kumamon/Documents/paruj/219351_Webapp_homework/mpich2-1.4/src/mpl/include -I/home/kumamon/Documents/paruj/219351_Webapp_homework/mpich2-1.4/src/openpa/src -I/home/kumamon/Documents/paruj/219351_Webapp_homework/mpich2-1.4/src/openpa/src -I/home/kumamon/Documents/paruj/219351_Webapp_homework/mpich2-1.4/src/mpid/ch3/include -I/home/kumamon/Documents/paruj/219351_Webapp_homework/mpich2-1.4/src/mpid/ch3/include -I/home/kumamon/Documents/paruj/219351_Webapp_homework/mpich2-1.4/src/mpid/common/datatype -I/home/kumamon/Documents/paruj/219351_Webapp_homework/mpich2-1.4/src/mpid/common/datatype -I/home/kumamon/Documents/paruj/219351_Webapp_homework/mpich2-1.4/src/mpid/common/locks -I/home/kumamon/Documents/paruj/219351_Webapp_homework/mpich2-1.4/src/mpid/common/locks -I/home/kumamon/Documents/paruj/219351_Webapp_homework/mpich2-1.4/src/mpid/ch3/channels/nemesis/include -I/home/kumamon/Documents/paruj/219351_Webapp_homework/mpich2-1.4/src/mpid/ch3/channels/nemesis/include -I/home/kumamon/Documents/paruj/219351_Webapp_homework/mpich2-1.4/src/mpid/ch3/channels/nemesis/nemesis/include -I/home/kumamon/Documents/paruj/219351_Webapp_homework/mpich2-1.4/src/mpid/ch3/channels/nemesis/nemesis/include -I/home/kumamon/Documents/paruj/219351_Webapp_homework/mpich2-1.4/src/mpid/ch3/channels/nemesis/nemesis/utils/monitor -I/home/kumamon/Documents/paruj/219351_Webapp_homework/mpich2-1.4/src/mpid/ch3/channels/nemesis/nemesis/utils/monitor -I/home/kumamon/Documents/paruj/219351_Webapp_homework/mpich2-1.4/src/util/wrappers -I/home/kumamon/Documents/paruj/219351_Webapp_homework/mpich2-1.4/src/util/wrappers conftest.c >&5
configure:4121: $? = 0
configure:4121: result: yes
configure:4121: checking for memory.h
configure:4121: gcc -c    -O2 -DMPI_LINUX  -I/home/kumamon/Documents/paruj/219351_Webapp_homework/mpich2-1.4/src/mpl/include -I/home/kumamon/Documents/paruj/219351_Webapp_homework/mpich2-1.4/src/mpl/include -I/home/kumamon/Documents/paruj/219351_Webapp_homework/mpich2-1.4/src/openpa/src -I/home/kumamon/Documents/paruj/219351_Webapp_homework/mpich2-1.4/src/openpa/src -I/home/kumamon/Documents/paruj/219351_Webapp_homework/mpich2-1.4/src/mpid/ch3/include -I/home/kumamon/Documents/paruj/219351_Webapp_homework/mpich2-1.4/src/mpid/ch3/include -I/home/kumamon/Documents/paruj/219351_Webapp_homework/mpich2-1.4/src/mpid/common/datatype -I/home/kumamon/Documents/paruj/219351_Webapp_homework/mpich2-1.4/src/mpid/common/datatype -I/home/kumamon/Documents/paruj/219351_Webapp_homework/mpich2-1.4/src/mpid/common/locks -I/home/kumamon/Documents/paruj/219351_Webapp_homework/mpich2-1.4/src/mpid/common/locks -I/home/kumamon/Documents/paruj/219351_Webapp_homework/mpich2-1.4/src/mpid/ch3/channels/nemesis/include -I/home/kumamon/Documents/paruj/219351_Webapp_homework/mpich2-1.4/src/mpid/ch3/channels/nemesis/include -I/home/kumamon/Documents/paruj/219351_Webapp_homework/mpich2-1.4/src/mpid/ch3/channels/nemesis/nemesis/include -I/home/kumamon/Documents/paruj/219351_Webapp_homework/mpich2-1.4/src/mpid/ch3/channels/nemesis/nemesis/include -I/home/kumamon/Documents/paruj/219351_Webapp_homework/mpich2-1.4/src/mpid/ch3/channels/nemesis/nemesis/utils/monitor -I/home/kumamon/Documents/paruj/219351_Webapp_homework/mpich2-1.4/src/mpid/ch3/channels/nemesis/nemesis/utils/monitor -I/home/kumamon/Documents/paruj/219351_Webapp_homework/mpich2-1.4/src/util/wrappers -I/home/kumamon/Documents/paruj/219351_Webapp_homework/mpich2-1.4/src/util/wrappers conftest.c >&5
configure:4121: $? = 0
configure:4121: result: yes
configure:4121: checking for strings.h
configure:4121: gcc -c    -O2 -DMPI_LINUX  -I/home/kumamon/Documents/paruj/219351_Webapp_homework/mpich2-1.4/src/mpl/include -I/home/kumamon/Documents/paruj/219351_Webapp_homework/mpich2-1.4/src/mpl/include -I/home/kumamon/Documents/paruj/219351_Webapp_homework/mpich2-1.4/src/openpa/src -I/home/kumamon/Documents/paruj/219351_Webapp_homework/mpich2-1.4/src/openpa/src -I/home/kumamon/Documents/paruj/219351_Webapp_homework/mpich2-1.4/src/mpid/ch3/include -I/home/kumamon/Documents/paruj/219351_Webapp_homework/mpich2-1.4/src/mpid/ch3/include -I/home/kumamon/Documents/paruj/219351_Webapp_homework/mpich2-1.4/src/mpid/common/datatype -I/home/kumamon/Documents/paruj/219351_Webapp_homework/mpich2-1.4/src/mpid/common/datatype -I/home/kumamon/Documents/paruj/219351_Webapp_homework/mpich2-1.4/src/mpid/common/locks -I/home/kumamon/Documents/paruj/219351_Webapp_homework/mpich2-1.4/src/mpid/common/locks -I/home/kumamon/Documents/paruj/219351_Webapp_homework/mpich2-1.4/src/mpid/ch3/channels/nemesis/include -I/home/kumamon/Documents/paruj/219351_Webapp_homework/mpich2-1.4/src/mpid/ch3/channels/nemesis/include -I/home/kumamon/Documents/paruj/219351_Webapp_homework/mpich2-1.4/src/mpid/ch3/channels/nemesis/nemesis/include -I/home/kumamon/Documents/paruj/219351_Webapp_homework/mpich2-1.4/src/mpid/ch3/channels/nemesis/nemesis/include -I/home/kumamon/Documents/paruj/219351_Webapp_homework/mpich2-1.4/src/mpid/ch3/channels/nemesis/nemesis/utils/monitor -I/home/kumamon/Documents/paruj/219351_Webapp_homework/mpich2-1.4/src/mpid/ch3/channels/nemesis/nemesis/utils/monitor -I/home/kumamon/Documents/paruj/219351_Webapp_homework/mpich2-1.4/src/util/wrappers -I/home/kumamon/Documents/paruj/219351_Webapp_homework/mpich2-1.4/src/util/wrappers conftest.c >&5
configure:4121: $? = 0
configure:4121: result: yes
configure:4121: checking for inttypes.h
configure:4121: gcc -c    -O2 -DMPI_LINUX  -I/home/kumamon/Documents/paruj/219351_Webapp_homework/mpich2-1.4/src/mpl/include -I/home/kumamon/Documents/paruj/219351_Webapp_homework/mpich2-1.4/src/mpl/include -I/home/kumamon/Documents/paruj/219351_Webapp_homework/mpich2-1.4/src/openpa/src -I/home/kumamon/Documents/paruj/219351_Webapp_homework/mpich2-1.4/src/openpa/src -I/home/kumamon/Documents/paruj/219351_Webapp_homework/mpich2-1.4/src/mpid/ch3/include -I/home/kumamon/Documents/paruj/219351_Webapp_homework/mpich2-1.4/src/mpid/ch3/include -I/home/kumamon/Documents/paruj/219351_Webapp_homework/mpich2-1.4/src/mpid/common/datatype -I/home/kumamon/Documents/paruj/219351_Webapp_homework/mpich2-1.4/src/mpid/common/datatype -I/home/kumamon/Documents/paruj/219351_Webapp_homework/mpich2-1.4/src/mpid/common/locks -I/home/kumamon/Documents/paruj/219351_Webapp_homework/mpich2-1.4/src/mpid/common/locks -I/home/kumamon/Documents/paruj/219351_Webapp_homework/mpich2-1.4/src/mpid/ch3/channels/nemesis/include -I/home/kumamon/Documents/paruj/219351_Webapp_homework/mpich2-1.4/src/mpid/ch3/channels/nemesis/include -I/home/kumamon/Documents/paruj/219351_Webapp_homework/mpich2-1.4/src/mpid/ch3/channels/nemesis/nemesis/include -I/home/kumamon/Documents/paruj/219351_Webapp_homework/mpich2-1.4/src/mpid/ch3/channels/nemesis/nemesis/include -I/home/kumamon/Documents/paruj/219351_Webapp_homework/mpich2-1.4/src/mpid/ch3/channels/nemesis/nemesis/utils/monitor -I/home/kumamon/Documents/paruj/219351_Webapp_homework/mpich2-1.4/src/mpid/ch3/channels/nemesis/nemesis/utils/monitor -I/home/kumamon/Documents/paruj/219351_Webapp_homework/mpich2-1.4/src/util/wrappers -I/home/kumamon/Documents/paruj/219351_Webapp_homework/mpich2-1.4/src/util/wrappers conftest.c >&5
configure:4121: $? = 0
configure:4121: result: yes
configure:4121: checking for stdint.h
configure:4121: gcc -c    -O2 -DMPI_LINUX  -I/home/kumamon/Documents/paruj/219351_Webapp_homework/mpich2-1.4/src/mpl/include -I/home/kumamon/Documents/paruj/219351_Webapp_homework/mpich2-1.4/src/mpl/include -I/home/kumamon/Documents/paruj/219351_Webapp_homework/mpich2-1.4/src/openpa/src -I/home/kumamon/Documents/paruj/219351_Webapp_homework/mpich2-1.4/src/openpa/src -I/home/kumamon/Documents/paruj/219351_Webapp_homework/mpich2-1.4/src/mpid/ch3/include -I/home/kumamon/Documents/paruj/219351_Webapp_homework/mpich2-1.4/src/mpid/ch3/include -I/home/kumamon/Documents/paruj/219351_Webapp_homework/mpich2-1.4/src/mpid/common/datatype -I/home/kumamon/Documents/paruj/219351_Webapp_homework/mpich2-1.4/src/mpid/common/datatype -I/home/kumamon/Documents/paruj/219351_Webapp_homework/mpich2-1.4/src/mpid/common/locks -I/home/kumamon/Documents/paruj/219351_Webapp_homework/mpich2-1.4/src/mpid/common/locks -I/home/kumamon/Documents/paruj/219351_Webapp_homework/mpich2-1.4/src/mpid/ch3/channels/nemesis/include -I/home/kumamon/Documents/paruj/219351_Webapp_homework/mpich2-1.4/src/mpid/ch3/channels/nemesis/include -I/home/kumamon/Documents/paruj/219351_Webapp_homework/mpich2-1.4/src/mpid/ch3/channels/nemesis/nemesis/include -I/home/kumamon/Documents/paruj/219351_Webapp_homework/mpich2-1.4/src/mpid/ch3/channels/nemesis/nemesis/include -I/home/kumamon/Documents/paruj/219351_Webapp_homework/mpich2-1.4/src/mpid/ch3/channels/nemesis/nemesis/utils/monitor -I/home/kumamon/Documents/paruj/219351_Webapp_homework/mpich2-1.4/src/mpid/ch3/channels/nemesis/nemesis/utils/monitor -I/home/kumamon/Documents/paruj/219351_Webapp_homework/mpich2-1.4/src/util/wrappers -I/home/kumamon/Documents/paruj/219351_Webapp_homework/mpich2-1.4/src/util/wrappers conftest.c >&5
configure:4121: $? = 0
configure:4121: result: yes
configure:4121: checking for unistd.h
configure:4121: gcc -c    -O2 -DMPI_LINUX  -I/home/kumamon/Documents/paruj/219351_Webapp_homework/mpich2-1.4/src/mpl/include -I/home/kumamon/Documents/paruj/219351_Webapp_homework/mpich2-1.4/src/mpl/include -I/home/kumamon/Documents/paruj/219351_Webapp_homework/mpich2-1.4/src/openpa/src -I/home/kumamon/Documents/paruj/219351_Webapp_homework/mpich2-1.4/src/openpa/src -I/home/kumamon/Documents/paruj/219351_Webapp_homework/mpich2-1.4/src/mpid/ch3/include -I/home/kumamon/Documents/paruj/219351_Webapp_homework/mpich2-1.4/src/mpid/ch3/include -I/home/kumamon/Documents/paruj/219351_Webapp_homework/mpich2-1.4/src/mpid/common/datatype -I/home/kumamon/Documents/paruj/219351_Webapp_homework/mpich2-1.4/src/mpid/common/datatype -I/home/kumamon/Documents/paruj/219351_Webapp_homework/mpich2-1.4/src/mpid/common/locks -I/home/kumamon/Documents/paruj/219351_Webapp_homework/mpich2-1.4/src/mpid/common/locks -I/home/kumamon/Documents/paruj/219351_Webapp_homework/mpich2-1.4/src/mpid/ch3/channels/nemesis/include -I/home/kumamon/Documents/paruj/219351_Webapp_homework/mpich2-1.4/src/mpid/ch3/channels/nemesis/include -I/home/kumamon/Documents/paruj/219351_Webapp_homework/mpich2-1.4/src/mpid/ch3/channels/nemesis/nemesis/include -I/home/kumamon/Documents/paruj/219351_Webapp_homework/mpich2-1.4/src/mpid/ch3/channels/nemesis/nemesis/include -I/home/kumamon/Documents/paruj/219351_Webapp_homework/mpich2-1.4/src/mpid/ch3/channels/nemesis/nemesis/utils/monitor -I/home/kumamon/Documents/paruj/219351_Webapp_homework/mpich2-1.4/src/mpid/ch3/channels/nemesis/nemesis/utils/monitor -I/home/kumamon/Documents/paruj/219351_Webapp_homework/mpich2-1.4/src/util/wrappers -I/home/kumamon/Documents/paruj/219351_Webapp_homework/mpich2-1.4/src/util/wrappers conftest.c >&5
configure:4121: $? = 0
configure:4121: result: yes
configure:4136: checking for unistd.h
configure:4136: result: yes
configure:4136: checking for stdlib.h
configure:4136: result: yes
configure:4136: checking for string.h
configure:4136: result: yes
configure:4136: checking netdb.h usability
configure:4136: gcc -c    -O2 -DMPI_LINUX  -I/home/kumamon/Documents/paruj/219351_Webapp_homework/mpich2-1.4/src/mpl/include -I/home/kumamon/Documents/paruj/219351_Webapp_homework/mpich2-1.4/src/mpl/include -I/home/kumamon/Documents/paruj/219351_Webapp_homework/mpich2-1.4/src/openpa/src -I/home/kumamon/Documents/paruj/219351_Webapp_homework/mpich2-1.4/src/openpa/src -I/home/kumamon/Documents/paruj/219351_Webapp_homework/mpich2-1.4/src/mpid/ch3/include -I/home/kumamon/Documents/paruj/219351_Webapp_homework/mpich2-1.4/src/mpid/ch3/include -I/home/kumamon/Documents/paruj/219351_Webapp_homework/mpich2-1.4/src/mpid/common/datatype -I/home/kumamon/Documents/paruj/219351_Webapp_homework/mpich2-1.4/src/mpid/common/datatype -I/home/kumamon/Documents/paruj/219351_Webapp_homework/mpich2-1.4/src/mpid/common/locks -I/home/kumamon/Documents/paruj/219351_Webapp_homework/mpich2-1.4/src/mpid/common/locks -I/home/kumamon/Documents/paruj/219351_Webapp_homework/mpich2-1.4/src/mpid/ch3/channels/nemesis/include -I/home/kumamon/Documents/paruj/219351_Webapp_homework/mpich2-1.4/src/mpid/ch3/channels/nemesis/include -I/home/kumamon/Documents/paruj/219351_Webapp_homework/mpich2-1.4/src/mpid/ch3/channels/nemesis/nemesis/include -I/home/kumamon/Documents/paruj/219351_Webapp_homework/mpich2-1.4/src/mpid/ch3/channels/nemesis/nemesis/include -I/home/kumamon/Documents/paruj/219351_Webapp_homework/mpich2-1.4/src/mpid/ch3/channels/nemesis/nemesis/utils/monitor -I/home/kumamon/Documents/paruj/219351_Webapp_homework/mpich2-1.4/src/mpid/ch3/channels/nemesis/nemesis/utils/monitor -I/home/kumamon/Documents/paruj/219351_Webapp_homework/mpich2-1.4/src/util/wrappers -I/home/kumamon/Documents/paruj/219351_Webapp_homework/mpich2-1.4/src/util/wrappers conftest.c >&5
configure:4136: $? = 0
configure:4136: result: yes
configure:4136: checking netdb.h presence
configure:4136: gcc -E  -I/home/kumamon/Documents/paruj/219351_Webapp_homework/mpich2-1.4/src/mpl/include -I/home/kumamon/Documents/paruj/219351_Webapp_homework/mpich2-1.4/src/mpl/include -I/home/kumamon/Documents/paruj/219351_Webapp_homework/mpich2-1.4/src/openpa/src -I/home/kumamon/Documents/paruj/219351_Webapp_homework/mpich2-1.4/src/openpa/src -I/home/kumamon/Documents/paruj/219351_Webapp_homework/mpich2-1.4/src/mpid/ch3/include -I/home/kumamon/Documents/paruj/219351_Webapp_homework/mpich2-1.4/src/mpid/ch3/include -I/home/kumamon/Documents/paruj/219351_Webapp_homework/mpich2-1.4/src/mpid/common/datatype -I/home/kumamon/Documents/paruj/219351_Webapp_homework/mpich2-1.4/src/mpid/common/datatype -I/home/kumamon/Documents/paruj/219351_Webapp_homework/mpich2-1.4/src/mpid/common/locks -I/home/kumamon/Documents/paruj/219351_Webapp_homework/mpich2-1.4/src/mpid/common/locks -I/home/kumamon/Documents/paruj/219351_Webapp_homework/mpich2-1.4/src/mpid/ch3/channels/nemesis/include -I/home/kumamon/Documents/paruj/219351_Webapp_homework/mpich2-1.4/src/mpid/ch3/channels/nemesis/include -I/home/kumamon/Documents/paruj/219351_Webapp_homework/mpich2-1.4/src/mpid/ch3/channels/nemesis/nemesis/include -I/home/kumamon/Documents/paruj/219351_Webapp_homework/mpich2-1.4/src/mpid/ch3/channels/nemesis/nemesis/include -I/home/kumamon/Documents/paruj/219351_Webapp_homework/mpich2-1.4/src/mpid/ch3/channels/nemesis/nemesis/utils/monitor -I/home/kumamon/Documents/paruj/219351_Webapp_homework/mpich2-1.4/src/mpid/ch3/channels/nemesis/nemesis/utils/monitor -I/home/kumamon/Documents/paruj/219351_Webapp_homework/mpich2-1.4/src/util/wrappers -I/home/kumamon/Documents/paruj/219351_Webapp_homework/mpich2-1.4/src/util/wrappers conftest.c
configure:4136: $? = 0
configure:4136: result: yes
configure:4136: checking for netdb.h
configure:4136: result: yes
configure:4136: checking sys/systeminfo.h usability
configure:4136: gcc -c    -O2 -DMPI_LINUX  -I/home/kumamon/Documents/paruj/219351_Webapp_homework/mpich2-1.4/src/mpl/include -I/home/kumamon/Documents/paruj/219351_Webapp_homework/mpich2-1.4/src/mpl/include -I/home/kumamon/Documents/paruj/219351_Webapp_homework/mpich2-1.4/src/openpa/src -I/home/kumamon/Documents/paruj/219351_Webapp_homework/mpich2-1.4/src/openpa/src -I/home/kumamon/Documents/paruj/219351_Webapp_homework/mpich2-1.4/src/mpid/ch3/include -I/home/kumamon/Documents/paruj/219351_Webapp_homework/mpich2-1.4/src/mpid/ch3/include -I/home/kumamon/Documents/paruj/219351_Webapp_homework/mpich2-1.4/src/mpid/common/datatype -I/home/kumamon/Documents/paruj/219351_Webapp_homework/mpich2-1.4/src/mpid/common/datatype -I/home/kumamon/Documents/paruj/219351_Webapp_homework/mpich2-1.4/src/mpid/common/locks -I/home/kumamon/Documents/paruj/219351_Webapp_homework/mpich2-1.4/src/mpid/common/locks -I/home/kumamon/Documents/paruj/219351_Webapp_homework/mpich2-1.4/src/mpid/ch3/channels/nemesis/include -I/home/kumamon/Documents/paruj/219351_Webapp_homework/mpich2-1.4/src/mpid/ch3/channels/nemesis/include -I/home/kumamon/Documents/paruj/219351_Webapp_homework/mpich2-1.4/src/mpid/ch3/channels/nemesis/nemesis/include -I/home/kumamon/Documents/paruj/219351_Webapp_homework/mpich2-1.4/src/mpid/ch3/channels/nemesis/nemesis/include -I/home/kumamon/Documents/paruj/219351_Webapp_homework/mpich2-1.4/src/mpid/ch3/channels/nemesis/nemesis/utils/monitor -I/home/kumamon/Documents/paruj/219351_Webapp_homework/mpich2-1.4/src/mpid/ch3/channels/nemesis/nemesis/utils/monitor -I/home/kumamon/Documents/paruj/219351_Webapp_homework/mpich2-1.4/src/util/wrappers -I/home/kumamon/Documents/paruj/219351_Webapp_homework/mpich2-1.4/src/util/wrappers conftest.c >&5
conftest.c:59:28: fatal error: sys/systeminfo.h: No such file or directory
 #include <sys/systeminfo.h>
                            ^
compilation terminated.
configure:4136: $? = 1
configure: failed program was:
| /* confdefs.h */
| #define PACKAGE_NAME ""
| #define PACKAGE_TARNAME ""
| #define PACKAGE_VERSION ""
| #define PACKAGE_STRING ""
| #define PACKAGE_BUGREPORT ""
| #define PACKAGE_URL ""
| #define STDC_HEADERS 1
| #define HAVE_SYSINFO 1
| #define HAVE_UNAME 1
| #define HAVE_GETHOSTBYNAME 1
| #define HAVE_SYS_TYPES_H 1
| #define HAVE_SYS_STAT_H 1
| #define HAVE_STDLIB_H 1
| #define HAVE_STRING_H 1
| #define HAVE_MEMORY_H 1
| #define HAVE_STRINGS_H 1
| #define HAVE_INTTYPES_H 1
| #define HAVE_STDINT_H 1
| #define HAVE_UNISTD_H 1
| #define HAVE_UNISTD_H 1
| #define HAVE_STDLIB_H 1
| #define HAVE_STRING_H 1
| #define HAVE_NETDB_H 1
| /* end confdefs.h.  */
| #include <stdio.h>
| #ifdef HAVE_SYS_TYPES_H
| # include <sys/types.h>
| #endif
| #ifdef HAVE_SYS_STAT_H
| # include <sys/stat.h>
| #endif
| #ifdef STDC_HEADERS
| # include <stdlib.h>
| # include <stddef.h>
| #else
| # ifdef HAVE_STDLIB_H
| #  include <stdlib.h>
| # endif
| #endif
| #ifdef HAVE_STRING_H
| # if !defined STDC_HEADERS && defined HAVE_MEMORY_H
| #  include <memory.h>
| # endif
| # include <string.h>
| #endif
| #ifdef HAVE_STRINGS_H
| # include <strings.h>
| #endif
| #ifdef HAVE_INTTYPES_H
| # include <inttypes.h>
| #endif
| #ifdef HAVE_STDINT_H
| # include <stdint.h>
| #endif
| #ifdef HAVE_UNISTD_H
| # include <unistd.h>
| #endif
| #include <sys/systeminfo.h>
configure:4136: result: no
configure:4136: checking sys/systeminfo.h presence
configure:4136: gcc -E  -I/home/kumamon/Documents/paruj/219351_Webapp_homework/mpich2-1.4/src/mpl/include -I/home/kumamon/Documents/paruj/219351_Webapp_homework/mpich2-1.4/src/mpl/include -I/home/kumamon/Documents/paruj/219351_Webapp_homework/mpich2-1.4/src/openpa/src -I/home/kumamon/Documents/paruj/219351_Webapp_homework/mpich2-1.4/src/openpa/src -I/home/kumamon/Documents/paruj/219351_Webapp_homework/mpich2-1.4/src/mpid/ch3/include -I/home/kumamon/Documents/paruj/219351_Webapp_homework/mpich2-1.4/src/mpid/ch3/include -I/home/kumamon/Documents/paruj/219351_Webapp_homework/mpich2-1.4/src/mpid/common/datatype -I/home/kumamon/Documents/paruj/219351_Webapp_homework/mpich2-1.4/src/mpid/common/datatype -I/home/kumamon/Documents/paruj/219351_Webapp_homework/mpich2-1.4/src/mpid/common/locks -I/home/kumamon/Documents/paruj/219351_Webapp_homework/mpich2-1.4/src/mpid/common/locks -I/home/kumamon/Documents/paruj/219351_Webapp_homework/mpich2-1.4/src/mpid/ch3/channels/nemesis/include -I/home/kumamon/Documents/paruj/219351_Webapp_homework/mpich2-1.4/src/mpid/ch3/channels/nemesis/include -I/home/kumamon/Documents/paruj/219351_Webapp_homework/mpich2-1.4/src/mpid/ch3/channels/nemesis/nemesis/include -I/home/kumamon/Documents/paruj/219351_Webapp_homework/mpich2-1.4/src/mpid/ch3/channels/nemesis/nemesis/include -I/home/kumamon/Documents/paruj/219351_Webapp_homework/mpich2-1.4/src/mpid/ch3/channels/nemesis/nemesis/utils/monitor -I/home/kumamon/Documents/paruj/219351_Webapp_homework/mpich2-1.4/src/mpid/ch3/channels/nemesis/nemesis/utils/monitor -I/home/kumamon/Documents/paruj/219351_Webapp_homework/mpich2-1.4/src/util/wrappers -I/home/kumamon/Documents/paruj/219351_Webapp_homework/mpich2-1.4/src/util/wrappers conftest.c
conftest.c:26:28: fatal error: sys/systeminfo.h: No such file or directory
 #include <sys/systeminfo.h>
                            ^
compilation terminated.
configure:4136: $? = 1
configure: failed program was:
| /* confdefs.h */
| #define PACKAGE_NAME ""
| #define PACKAGE_TARNAME ""
| #define PACKAGE_VERSION ""
| #define PACKAGE_STRING ""
| #define PACKAGE_BUGREPORT ""
| #define PACKAGE_URL ""
| #define STDC_HEADERS 1
| #define HAVE_SYSINFO 1
| #define HAVE_UNAME 1
| #define HAVE_GETHOSTBYNAME 1
| #define HAVE_SYS_TYPES_H 1
| #define HAVE_SYS_STAT_H 1
| #define HAVE_STDLIB_H 1
| #define HAVE_STRING_H 1
| #define HAVE_MEMORY_H 1
| #define HAVE_STRINGS_H 1
| #define HAVE_INTTYPES_H 1
| #define HAVE_STDINT_H 1
| #define HAVE_UNISTD_H 1
| #define HAVE_UNISTD_H 1
| #define HAVE_STDLIB_H 1
| #define HAVE_STRING_H 1
| #define HAVE_NETDB_H 1
| /* end confdefs.h.  */
| #include <sys/systeminfo.h>
configure:4136: result: no
configure:4136: checking for sys/systeminfo.h
configure:4136: result: no
configure:4136: checking for sys/types.h
configure:4136: result: yes
configure:4147: checking for sighandler_t
configure:4160: gcc -c    -O2 -DMPI_LINUX  -I/home/kumamon/Documents/paruj/219351_Webapp_homework/mpich2-1.4/src/mpl/include -I/home/kumamon/Documents/paruj/219351_Webapp_homework/mpich2-1.4/src/mpl/include -I/home/kumamon/Documents/paruj/219351_Webapp_homework/mpich2-1.4/src/openpa/src -I/home/kumamon/Documents/paruj/219351_Webapp_homework/mpich2-1.4/src/openpa/src -I/home/kumamon/Documents/paruj/219351_Webapp_homework/mpich2-1.4/src/mpid/ch3/include -I/home/kumamon/Documents/paruj/219351_Webapp_homework/mpich2-1.4/src/mpid/ch3/include -I/home/kumamon/Documents/paruj/219351_Webapp_homework/mpich2-1.4/src/mpid/common/datatype -I/home/kumamon/Documents/paruj/219351_Webapp_homework/mpich2-1.4/src/mpid/common/datatype -I/home/kumamon/Documents/paruj/219351_Webapp_homework/mpich2-1.4/src/mpid/common/locks -I/home/kumamon/Documents/paruj/219351_Webapp_homework/mpich2-1.4/src/mpid/common/locks -I/home/kumamon/Documents/paruj/219351_Webapp_homework/mpich2-1.4/src/mpid/ch3/channels/nemesis/include -I/home/kumamon/Documents/paruj/219351_Webapp_homework/mpich2-1.4/src/mpid/ch3/channels/nemesis/include -I/home/kumamon/Documents/paruj/219351_Webapp_homework/mpich2-1.4/src/mpid/ch3/channels/nemesis/nemesis/include -I/home/kumamon/Documents/paruj/219351_Webapp_homework/mpich2-1.4/src/mpid/ch3/channels/nemesis/nemesis/include -I/home/kumamon/Documents/paruj/219351_Webapp_homework/mpich2-1.4/src/mpid/ch3/channels/nemesis/nemesis/utils/monitor -I/home/kumamon/Documents/paruj/219351_Webapp_homework/mpich2-1.4/src/mpid/ch3/channels/nemesis/nemesis/utils/monitor -I/home/kumamon/Documents/paruj/219351_Webapp_homework/mpich2-1.4/src/util/wrappers -I/home/kumamon/Documents/paruj/219351_Webapp_homework/mpich2-1.4/src/util/wrappers conftest.c >&5
conftest.c: In function 'main':
conftest.c:31:1: error: unknown type name 'sighandler_t'
 sighandler_t *f;
 ^
configure:4160: $? = 1
configure: failed program was:
| /* confdefs.h */
| #define PACKAGE_NAME ""
| #define PACKAGE_TARNAME ""
| #define PACKAGE_VERSION ""
| #define PACKAGE_STRING ""
| #define PACKAGE_BUGREPORT ""
| #define PACKAGE_URL ""
| #define STDC_HEADERS 1
| #define HAVE_SYSINFO 1
| #define HAVE_UNAME 1
| #define HAVE_GETHOSTBYNAME 1
| #define HAVE_SYS_TYPES_H 1
| #define HAVE_SYS_STAT_H 1
| #define HAVE_STDLIB_H 1
| #define HAVE_STRING_H 1
| #define HAVE_MEMORY_H 1
| #define HAVE_STRINGS_H 1
| #define HAVE_INTTYPES_H 1
| #define HAVE_STDINT_H 1
| #define HAVE_UNISTD_H 1
| #define HAVE_UNISTD_H 1
| #define HAVE_STDLIB_H 1
| #define HAVE_STRING_H 1
| #define HAVE_NETDB_H 1
| #define HAVE_SYS_TYPES_H 1
| /* end confdefs.h.  */
| #include <signal.h>
| int
| main ()
| {
| sighandler_t *f;
|   ;
|   return 0;
| }
configure:4166: result: no
configure:4176: checking for kill
configure:4176: gcc -o conftest    -O2 -DMPI_LINUX  -I/home/kumamon/Documents/paruj/219351_Webapp_homework/mpich2-1.4/src/mpl/include -I/home/kumamon/Documents/paruj/219351_Webapp_homework/mpich2-1.4/src/mpl/include -I/home/kumamon/Documents/paruj/219351_Webapp_homework/mpich2-1.4/src/openpa/src -I/home/kumamon/Documents/paruj/219351_Webapp_homework/mpich2-1.4/src/openpa/src -I/home/kumamon/Documents/paruj/219351_Webapp_homework/mpich2-1.4/src/mpid/ch3/include -I/home/kumamon/Documents/paruj/219351_Webapp_homework/mpich2-1.4/src/mpid/ch3/include -I/home/kumamon/Documents/paruj/219351_Webapp_homework/mpich2-1.4/src/mpid/common/datatype -I/home/kumamon/Documents/paruj/219351_Webapp_homework/mpich2-1.4/src/mpid/common/datatype -I/home/kumamon/Documents/paruj/219351_Webapp_homework/mpich2-1.4/src/mpid/common/locks -I/home/kumamon/Documents/paruj/219351_Webapp_homework/mpich2-1.4/src/mpid/common/locks -I/home/kumamon/Documents/paruj/219351_Webapp_homework/mpich2-1.4/src/mpid/ch3/channels/nemesis/include -I/home/kumamon/Documents/paruj/219351_Webapp_homework/mpich2-1.4/src/mpid/ch3/channels/nemesis/include -I/home/kumamon/Documents/paruj/219351_Webapp_homework/mpich2-1.4/src/mpid/ch3/channels/nemesis/nemesis/include -I/home/kumamon/Documents/paruj/219351_Webapp_homework/mpich2-1.4/src/mpid/ch3/channels/nemesis/nemesis/include -I/home/kumamon/Documents/paruj/219351_Webapp_homework/mpich2-1.4/src/mpid/ch3/channels/nemesis/nemesis/utils/monitor -I/home/kumamon/Documents/paruj/219351_Webapp_homework/mpich2-1.4/src/mpid/ch3/channels/nemesis/nemesis/utils/monitor -I/home/kumamon/Documents/paruj/219351_Webapp_homework/mpich2-1.4/src/util/wrappers -I/home/kumamon/Documents/paruj/219351_Webapp_homework/mpich2-1.4/src/util/wrappers   conftest.c -lrt -lpthread   >&5
configure:4176: $? = 0
configure:4176: result: yes
configure:4187: checking whether kill needs a declaration
configure:4204: gcc -c    -O2 -DMPI_LINUX  -I/home/kumamon/Documents/paruj/219351_Webapp_homework/mpich2-1.4/src/mpl/include -I/home/kumamon/Documents/paruj/219351_Webapp_homework/mpich2-1.4/src/mpl/include -I/home/kumamon/Documents/paruj/219351_Webapp_homework/mpich2-1.4/src/openpa/src -I/home/kumamon/Documents/paruj/219351_Webapp_homework/mpich2-1.4/src/openpa/src -I/home/kumamon/Documents/paruj/219351_Webapp_homework/mpich2-1.4/src/mpid/ch3/include -I/home/kumamon/Documents/paruj/219351_Webapp_homework/mpich2-1.4/src/mpid/ch3/include -I/home/kumamon/Documents/paruj/219351_Webapp_homework/mpich2-1.4/src/mpid/common/datatype -I/home/kumamon/Documents/paruj/219351_Webapp_homework/mpich2-1.4/src/mpid/common/datatype -I/home/kumamon/Documents/paruj/219351_Webapp_homework/mpich2-1.4/src/mpid/common/locks -I/home/kumamon/Documents/paruj/219351_Webapp_homework/mpich2-1.4/src/mpid/common/locks -I/home/kumamon/Documents/paruj/219351_Webapp_homework/mpich2-1.4/src/mpid/ch3/channels/nemesis/include -I/home/kumamon/Documents/paruj/219351_Webapp_homework/mpich2-1.4/src/mpid/ch3/channels/nemesis/include -I/home/kumamon/Documents/paruj/219351_Webapp_homework/mpich2-1.4/src/mpid/ch3/channels/nemesis/nemesis/include -I/home/kumamon/Documents/paruj/219351_Webapp_homework/mpich2-1.4/src/mpid/ch3/channels/nemesis/nemesis/include -I/home/kumamon/Documents/paruj/219351_Webapp_homework/mpich2-1.4/src/mpid/ch3/channels/nemesis/nemesis/utils/monitor -I/home/kumamon/Documents/paruj/219351_Webapp_homework/mpich2-1.4/src/mpid/ch3/channels/nemesis/nemesis/utils/monitor -I/home/kumamon/Documents/paruj/219351_Webapp_homework/mpich2-1.4/src/util/wrappers -I/home/kumamon/Documents/paruj/219351_Webapp_homework/mpich2-1.4/src/util/wrappers conftest.c >&5
conftest.c: In function 'main':
conftest.c:32:1: error: too many arguments to function 'kill'
 int a=kill(1.0,27,1.0,"foo");
 ^
In file included from conftest.c:28:0:
/usr/include/signal.h:127:12: note: declared here
 extern int kill (__pid_t __pid, int __sig) __THROW;
            ^
configure:4204: $? = 1
configure: failed program was:
| /* confdefs.h */
| #define PACKAGE_NAME ""
| #define PACKAGE_TARNAME ""
| #define PACKAGE_VERSION ""
| #define PACKAGE_STRING ""
| #define PACKAGE_BUGREPORT ""
| #define PACKAGE_URL ""
| #define STDC_HEADERS 1
| #define HAVE_SYSINFO 1
| #define HAVE_UNAME 1
| #define HAVE_GETHOSTBYNAME 1
| #define HAVE_SYS_TYPES_H 1
| #define HAVE_SYS_STAT_H 1
| #define HAVE_STDLIB_H 1
| #define HAVE_STRING_H 1
| #define HAVE_MEMORY_H 1
| #define HAVE_STRINGS_H 1
| #define HAVE_INTTYPES_H 1
| #define HAVE_STDINT_H 1
| #define HAVE_UNISTD_H 1
| #define HAVE_UNISTD_H 1
| #define HAVE_STDLIB_H 1
| #define HAVE_STRING_H 1
| #define HAVE_NETDB_H 1
| #define HAVE_SYS_TYPES_H 1
| #define HAVE_KILL 1
| /* end confdefs.h.  */
| #include <signal.h>
| int
| main ()
| {
| int a=kill(1.0,27,1.0,"foo");
|   ;
|   return 0;
| }
configure:4211: result: no
configure:4267: creating ./config.status

## ---------------------- ##
## Running config.status. ##
## ---------------------- ##

This file was extended by config.status, which was
generated by GNU Autoconf 2.68.  Invocation command line was

  CONFIG_FILES    = 
  CONFIG_HEADERS  = 
  CONFIG_LINKS    = 
  CONFIG_COMMANDS = 
  $ ./config.status 

on kumamon-home

config.status:862: creating Makefile
config.status:862: creating src/Makefile
config.status:862: creating src/dbxerr.c
config.status:862: creating mpe_misc_conf.h

## ---------------- ##
## Cache variables. ##
## ---------------- ##

ac_cv_build=x86_64-unknown-linux-gnu
ac_cv_c_compiler_gnu=yes
ac_cv_c_const=yes
ac_cv_env_CC_set=set
ac_cv_env_CC_value=gcc
ac_cv_env_CFLAGS_set=set
ac_cv_env_CFLAGS_value='   -O2'
ac_cv_env_CPPFLAGS_set=set
ac_cv_env_CPPFLAGS_value=' -I/home/kumamon/Documents/paruj/219351_Webapp_homework/mpich2-1.4/src/mpl/include -I/home/kumamon/Documents/paruj/219351_Webapp_homework/mpich2-1.4/src/mpl/include -I/home/kumamon/Documents/paruj/219351_Webapp_homework/mpich2-1.4/src/openpa/src -I/home/kumamon/Documents/paruj/219351_Webapp_homework/mpich2-1.4/src/openpa/src -I/home/kumamon/Documents/paruj/219351_Webapp_homework/mpich2-1.4/src/mpid/ch3/include -I/home/kumamon/Documents/paruj/219351_Webapp_homework/mpich2-1.4/src/mpid/ch3/include -I/home/kumamon/Documents/paruj/219351_Webapp_homework/mpich2-1.4/src/mpid/common/datatype -I/home/kumamon/Documents/paruj/219351_Webapp_homework/mpich2-1.4/src/mpid/common/datatype -I/home/kumamon/Documents/paruj/219351_Webapp_homework/mpich2-1.4/src/mpid/common/locks -I/home/kumamon/Documents/paruj/219351_Webapp_homework/mpich2-1.4/src/mpid/common/locks -I/home/kumamon/Documents/paruj/219351_Webapp_homework/mpich2-1.4/src/mpid/ch3/channels/nemesis/include -I/home/kumamon/Documents/paruj/219351_Webapp_homework/mpich2-1.4/src/mpid/ch3/channels/nemesis/include -I/home/kumamon/Documents/paruj/219351_Webapp_homework/mpich2-1.4/src/mpid/ch3/channels/nemesis/nemesis/include -I/home/kumamon/Documents/paruj/219351_Webapp_homework/mpich2-1.4/src/mpid/ch3/channels/nemesis/nemesis/include -I/home/kumamon/Documents/paruj/219351_Webapp_homework/mpich2-1.4/src/mpid/ch3/channels/nemesis/nemesis/utils/monitor -I/home/kumamon/Documents/paruj/219351_Webapp_homework/mpich2-1.4/src/mpid/ch3/channels/nemesis/nemesis/utils/monitor -I/home/kumamon/Documents/paruj/219351_Webapp_homework/mpich2-1.4/src/util/wrappers -I/home/kumamon/Documents/paruj/219351_Webapp_homework/mpich2-1.4/src/util/wrappers'
ac_cv_env_CPP_set=
ac_cv_env_CPP_value=
ac_cv_env_LDFLAGS_set=set
ac_cv_env_LDFLAGS_value=' '
ac_cv_env_LIBS_set=set
ac_cv_env_LIBS_value='-lrt -lpthread  '
ac_cv_env_build_alias_set=
ac_cv_env_build_alias_value=
ac_cv_env_host_alias_set=
ac_cv_env_host_alias_value=
ac_cv_env_target_alias_set=
ac_cv_env_target_alias_value=
ac_cv_func_gethostbyname=yes
ac_cv_func_kill=yes
ac_cv_func_sysinfo=yes
ac_cv_func_uname=yes
ac_cv_header_inttypes_h=yes
ac_cv_header_memory_h=yes
ac_cv_header_netdb_h=yes
ac_cv_header_stdc=yes
ac_cv_header_stdint_h=yes
ac_cv_header_stdlib_h=yes
ac_cv_header_string_h=yes
ac_cv_header_strings_h=yes
ac_cv_header_sys_stat_h=yes
ac_cv_header_sys_systeminfo_h=no
ac_cv_header_sys_types_h=yes
ac_cv_header_unistd_h=yes
ac_cv_host=x86_64-unknown-linux-gnu
ac_cv_objext=o
ac_cv_path_EGREP='/bin/grep -E'
ac_cv_path_GDB_NAME=/usr/bin/gdb
ac_cv_path_GREP=/bin/grep
ac_cv_prog_AR=ar
ac_cv_prog_CPP='gcc -E'
ac_cv_prog_ac_ct_CC=gcc
ac_cv_prog_ac_ct_RANLIB=ranlib
ac_cv_prog_cc_c89=
ac_cv_prog_cc_g=yes
ac_cv_prog_cc_gcc_c_o=yes
pac_cv_func_decl_kill=no

## ----------------- ##
## Output variables. ##
## ----------------- ##

AR='ar'
CC='gcc'
CC_DOES_C_O='yes'
CFLAGS='   -O2 -DMPI_LINUX'
CLINKER='gcc'
CPP='gcc -E'
CPPFLAGS=' -I/home/kumamon/Documents/paruj/219351_Webapp_homework/mpich2-1.4/src/mpl/include -I/home/kumamon/Documents/paruj/219351_Webapp_homework/mpich2-1.4/src/mpl/include -I/home/kumamon/Documents/paruj/219351_Webapp_homework/mpich2-1.4/src/openpa/src -I/home/kumamon/Documents/paruj/219351_Webapp_homework/mpich2-1.4/src/openpa/src -I/home/kumamon/Documents/paruj/219351_Webapp_homework/mpich2-1.4/src/mpid/ch3/include -I/home/kumamon/Documents/paruj/219351_Webapp_homework/mpich2-1.4/src/mpid/ch3/include -I/home/kumamon/Documents/paruj/219351_Webapp_homework/mpich2-1.4/src/mpid/common/datatype -I/home/kumamon/Documents/paruj/219351_Webapp_homework/mpich2-1.4/src/mpid/common/datatype -I/home/kumamon/Documents/paruj/219351_Webapp_homework/mpich2-1.4/src/mpid/common/locks -I/home/kumamon/Documents/paruj/219351_Webapp_homework/mpich2-1.4/src/mpid/common/locks -I/home/kumamon/Documents/paruj/219351_Webapp_homework/mpich2-1.4/src/mpid/ch3/channels/nemesis/include -I/home/kumamon/Documents/paruj/219351_Webapp_homework/mpich2-1.4/src/mpid/ch3/channels/nemesis/include -I/home/kumamon/Documents/paruj/219351_Webapp_homework/mpich2-1.4/src/mpid/ch3/channels/nemesis/nemesis/include -I/home/kumamon/Documents/paruj/219351_Webapp_homework/mpich2-1.4/src/mpid/ch3/channels/nemesis/nemesis/include -I/home/kumamon/Documents/paruj/219351_Webapp_homework/mpich2-1.4/src/mpid/ch3/channels/nemesis/nemesis/utils/monitor -I/home/kumamon/Documents/paruj/219351_Webapp_homework/mpich2-1.4/src/mpid/ch3/channels/nemesis/nemesis/utils/monitor -I/home/kumamon/Documents/paruj/219351_Webapp_homework/mpich2-1.4/src/util/wrappers -I/home/kumamon/Documents/paruj/219351_Webapp_homework/mpich2-1.4/src/util/wrappers'
CPRP='cp'
DBX_NAME=''
DEFS='-DHAVE_CONFIG_H'
ECHO_C=''
ECHO_N='-n'
ECHO_T=''
EGREP='/bin/grep -E'
EXEEXT=''
GDB_NAME='/usr/bin/gdb'
GREP='/bin/grep'
LDFLAGS=' '
LIBOBJS=''
LIBS='-lrt -lpthread  '
LTLIBOBJS=''
MAKE='make --no-print-directory'
MKDIR='mkdir'
MPEDBG='no'
MPE_BUILD_FORTRAN2C='no'
MPI_CC='/home/kumamon/Documents/paruj/219351_Webapp_homework/mpich2-1.4/bin/mpicc'
MPI_CFLAGS=' -DMPI_LINUX'
MPI_IMPL='MPICH2'
MPI_LIBS=''
MV='mv'
OBJEXT='o'
PACKAGE_BUGREPORT=''
PACKAGE_NAME=''
PACKAGE_STRING=''
PACKAGE_TARNAME=''
PACKAGE_URL=''
PACKAGE_VERSION=''
PATH_SEPARATOR=':'
PROF_LIBNAME='mpe'
RANLIB='ranlib'
RM='rm'
SHELL='/bin/bash'
VPATH='VPATH=.:$(srcdir)'
ac_ct_CC='gcc'
binbuild_dir='/home/kumamon/Documents/paruj/219351_Webapp_homework/mpich2-1.4/src/mpe2/bin'
bindir='${exec_prefix}/bin'
build='x86_64-unknown-linux-gnu'
build_alias=''
build_cpu='x86_64'
build_os='linux-gnu'
build_vendor='unknown'
datadir='${datarootdir}'
datarootdir='${prefix}/share'
docdir='${datarootdir}/doc/${PACKAGE}'
dvidir='${docdir}'
exec_prefix='${prefix}'
host='linux'
host_alias=''
host_cpu='x86_64'
host_os='linux-gnu'
host_vendor='unknown'
htmldir='${docdir}'
includebuild_dir='/home/kumamon/Documents/paruj/219351_Webapp_homework/mpich2-1.4/src/mpe2/include'
includedir='${prefix}/include'
infodir='${datarootdir}/info'
libbuild_dir='/home/kumamon/Documents/paruj/219351_Webapp_homework/mpich2-1.4/src/mpe2/lib'
libdir='${exec_prefix}/lib'
libexecdir='${exec_prefix}/libexec'
localedir='${datarootdir}/locale'
localstatedir='${prefix}/var'
mandir='${datarootdir}/man'
oldincludedir='/usr/include'
pdfdir='${docdir}'
prefix='/usr/local'
program_transform_name='s,x,x,'
psdir='${docdir}'
sbindir='${exec_prefix}/sbin'
sharedstatedir='${prefix}/com'
sysconfdir='${prefix}/etc'
target_alias=''
top_srcdir_abs='/home/kumamon/Documents/paruj/219351_Webapp_homework/mpich2-1.4/src/mpe2/src/misc'

## ----------- ##
## confdefs.h. ##
## ----------- ##

/* confdefs.h */
#define PACKAGE_NAME ""
#define PACKAGE_TARNAME ""
#define PACKAGE_VERSION ""
#define PACKAGE_STRING ""
#define PACKAGE_BUGREPORT ""
#define PACKAGE_URL ""
#define STDC_HEADERS 1
#define HAVE_SYSINFO 1
#define HAVE_UNAME 1
#define HAVE_GETHOSTBYNAME 1
#define HAVE_SYS_TYPES_H 1
#define HAVE_SYS_STAT_H 1
#define HAVE_STDLIB_H 1
#define HAVE_STRING_H 1
#define HAVE_MEMORY_H 1
#define HAVE_STRINGS_H 1
#define HAVE_INTTYPES_H 1
#define HAVE_STDINT_H 1
#define HAVE_UNISTD_H 1
#define HAVE_UNISTD_H 1
#define HAVE_STDLIB_H 1
#define HAVE_STRING_H 1
#define HAVE_NETDB_H 1
#define HAVE_SYS_TYPES_H 1
#define HAVE_KILL 1

configure: exit 0
