This file contains any messages produced by compilers while
running configure, to aid debugging if configure makes a mistake.

It was created by OpenPA configure 1.0.2, which was
generated by GNU Autoconf 2.68.  Invocation command line was

  $ /home/kumamon/Documents/paruj/219351_Webapp_homework/mpich2-1.4/src/openpa/configure --with-atomic-primitives=auto_allow_emulation --disable-f77 --disable-fc --disable-cxx --disable-option-checking

## --------- ##
## Platform. ##
## --------- ##

hostname = kumamon-home
uname -m = x86_64
uname -r = 3.19.0-51-generic
uname -s = Linux
uname -v = #58~14.04.1-Ubuntu SMP Fri Feb 26 22:02:58 UTC 2016

/usr/bin/uname -p = unknown
/bin/uname -X     = unknown

/bin/arch              = unknown
/usr/bin/arch -k       = unknown
/usr/convex/getsysinfo = unknown
/usr/bin/hostinfo      = unknown
/bin/machine           = unknown
/usr/bin/oslevel       = unknown
/bin/universe          = unknown

PATH: /home/kumamon/rosjava/devel/bin
PATH: /opt/ros/indigo/bin
PATH: /usr/local/sbin
PATH: /usr/local/bin
PATH: /usr/sbin
PATH: /usr/bin
PATH: /sbin
PATH: /bin
PATH: /usr/games
PATH: /usr/local/games


## ----------- ##
## Core tests. ##
## ----------- ##

configure:2427: checking for a BSD-compatible install
configure:2495: result: /usr/bin/install -c
configure:2506: checking whether build environment is sane
configure:2556: result: yes
configure:2697: checking for a thread-safe mkdir -p
configure:2736: result: /bin/mkdir -p
configure:2749: checking for gawk
configure:2779: result: no
configure:2749: checking for mawk
configure:2765: found /usr/bin/mawk
configure:2776: result: mawk
configure:2787: checking whether make sets $(MAKE)
configure:2809: result: yes
configure:2923: checking build system type
configure:2937: result: x86_64-unknown-linux-gnu
configure:2957: checking host system type
configure:2970: result: x86_64-unknown-linux-gnu
configure:3011: checking how to print strings
configure:3038: result: printf
configure:3071: checking for style of include used by make
configure:3099: result: GNU
configure:3169: checking for gcc
configure:3185: found /usr/bin/gcc
configure:3196: result: gcc
configure:3425: checking for C compiler version
configure:3434: gcc --version >&5
gcc (Ubuntu 4.8.4-2ubuntu1~14.04.1) 4.8.4
Copyright (C) 2013 Free Software Foundation, Inc.
This is free software; see the source for copying conditions.  There is NO
warranty; not even for MERCHANTABILITY or FITNESS FOR A PARTICULAR PURPOSE.

configure:3445: $? = 0
configure:3434: gcc -v >&5
Using built-in specs.
COLLECT_GCC=gcc
COLLECT_LTO_WRAPPER=/usr/lib/gcc/x86_64-linux-gnu/4.8/lto-wrapper
Target: x86_64-linux-gnu
Configured with: ../src/configure -v --with-pkgversion='Ubuntu 4.8.4-2ubuntu1~14.04.1' --with-bugurl=file:///usr/share/doc/gcc-4.8/README.Bugs --enable-languages=c,c++,java,go,d,fortran,objc,obj-c++ --prefix=/usr --program-suffix=-4.8 --enable-shared --enable-linker-build-id --libexecdir=/usr/lib --without-included-gettext --enable-threads=posix --with-gxx-include-dir=/usr/include/c++/4.8 --libdir=/usr/lib --enable-nls --with-sysroot=/ --enable-clocale=gnu --enable-libstdcxx-debug --enable-libstdcxx-time=yes --enable-gnu-unique-object --disable-libmudflap --enable-plugin --with-system-zlib --disable-browser-plugin --enable-java-awt=gtk --enable-gtk-cairo --with-java-home=/usr/lib/jvm/java-1.5.0-gcj-4.8-amd64/jre --enable-java-home --with-jvm-root-dir=/usr/lib/jvm/java-1.5.0-gcj-4.8-amd64 --with-jvm-jar-dir=/usr/lib/jvm-exports/java-1.5.0-gcj-4.8-amd64 --with-arch-directory=amd64 --with-ecj-jar=/usr/share/java/eclipse-ecj.jar --enable-objc-gc --enable-multiarch --disable-werror --with-arch-32=i686 --with-abi=m64 --with-multilib-list=m32,m64,mx32 --with-tune=generic --enable-checking=release --build=x86_64-linux-gnu --host=x86_64-linux-gnu --target=x86_64-linux-gnu
Thread model: posix
gcc version 4.8.4 (Ubuntu 4.8.4-2ubuntu1~14.04.1) 
configure:3445: $? = 0
configure:3434: gcc -V >&5
gcc: error: unrecognized command line option '-V'
gcc: fatal error: no input files
compilation terminated.
configure:3445: $? = 4
configure:3434: gcc -qversion >&5
gcc: error: unrecognized command line option '-qversion'
gcc: fatal error: no input files
compilation terminated.
configure:3445: $? = 4
configure:3465: checking whether the C compiler works
configure:3487: gcc      conftest.c  >&5
configure:3491: $? = 0
configure:3539: result: yes
configure:3542: checking for C compiler default output file name
configure:3544: result: a.out
configure:3550: checking for suffix of executables
configure:3557: gcc -o conftest      conftest.c  >&5
configure:3561: $? = 0
configure:3583: result: 
configure:3605: checking whether we are cross compiling
configure:3613: gcc -o conftest      conftest.c  >&5
configure:3617: $? = 0
configure:3624: ./conftest
configure:3628: $? = 0
configure:3643: result: no
configure:3648: checking for suffix of object files
configure:3670: gcc -c     conftest.c >&5
configure:3674: $? = 0
configure:3695: result: o
configure:3699: checking whether we are using the GNU C compiler
configure:3718: gcc -c     conftest.c >&5
configure:3718: $? = 0
configure:3727: result: yes
configure:3736: checking whether gcc accepts -g
configure:3756: gcc -c -g  conftest.c >&5
configure:3756: $? = 0
configure:3797: result: yes
configure:3814: checking for gcc option to accept ISO C89
configure:3878: gcc  -c     conftest.c >&5
configure:3878: $? = 0
configure:3891: result: none needed
configure:3913: checking dependency style of gcc
configure:4023: result: gcc3
configure:4038: checking for a sed that does not truncate output
configure:4102: result: /bin/sed
configure:4120: checking for grep that handles long lines and -e
configure:4178: result: /bin/grep
configure:4183: checking for egrep
configure:4245: result: /bin/grep -E
configure:4250: checking for fgrep
configure:4312: result: /bin/grep -F
configure:4347: checking for ld used by gcc
configure:4414: result: /usr/bin/ld
configure:4421: checking if the linker (/usr/bin/ld) is GNU ld
configure:4436: result: yes
configure:4448: checking for BSD- or MS-compatible name lister (nm)
configure:4497: result: /usr/bin/nm -B
configure:4627: checking the name lister (/usr/bin/nm -B) interface
configure:4634: gcc -c     conftest.c >&5
configure:4637: /usr/bin/nm -B "conftest.o"
configure:4640: output
0000000000000000 B some_variable
configure:4647: result: BSD nm
configure:4650: checking whether ln -s works
configure:4654: result: yes
configure:4662: checking the maximum length of command line arguments
configure:4787: result: 1572864
configure:4804: checking whether the shell understands some XSI constructs
configure:4814: result: yes
configure:4818: checking whether the shell understands "+="
configure:4824: result: no
configure:4859: checking how to convert x86_64-unknown-linux-gnu file names to x86_64-unknown-linux-gnu format
configure:4899: result: func_convert_file_noop
configure:4906: checking how to convert x86_64-unknown-linux-gnu file names to toolchain format
configure:4926: result: func_convert_file_noop
configure:4933: checking for /usr/bin/ld option to reload object files
configure:4940: result: -r
configure:5014: checking for objdump
configure:5030: found /usr/bin/objdump
configure:5041: result: objdump
configure:5073: checking how to recognize dependent libraries
configure:5275: result: pass_all
configure:5360: checking for dlltool
configure:5390: result: no
configure:5420: checking how to associate runtime and link libraries
configure:5447: result: printf %s\n
configure:5508: checking for ar
configure:5524: found /usr/bin/ar
configure:5535: result: ar
configure:5572: checking for archiver @FILE support
configure:5589: gcc -c     conftest.c >&5
configure:5589: $? = 0
configure:5592: ar cru libconftest.a @conftest.lst >&5
configure:5595: $? = 0
configure:5600: ar cru libconftest.a @conftest.lst >&5
ar: conftest.o: No such file or directory
configure:5603: $? = 1
configure:5615: result: @
configure:5673: checking for strip
configure:5689: found /usr/bin/strip
configure:5700: result: strip
configure:5772: checking for ranlib
configure:5788: found /usr/bin/ranlib
configure:5799: result: ranlib
configure:5901: checking command to parse /usr/bin/nm -B output from gcc object
configure:6020: gcc -c     conftest.c >&5
configure:6023: $? = 0
configure:6027: /usr/bin/nm -B conftest.o \| sed -n -e 's/^.*[ ]\([ABCDGIRSTW][ABCDGIRSTW]*\)[ ][ ]*\([_A-Za-z][_A-Za-z0-9]*\)$/  /p' | sed '/ __gnu_lto/d' \> conftest.nm
configure:6030: $? = 0
configure:6096: gcc -o conftest      conftest.c conftstm.o >&5
configure:6099: $? = 0
configure:6137: result: ok
configure:6174: checking for sysroot
configure:6204: result: no
configure:6281: gcc -c     conftest.c >&5
configure:6284: $? = 0
configure:6447: checking for mt
configure:6463: found /bin/mt
configure:6474: result: mt
configure:6497: checking if mt is a manifest tool
configure:6503: mt '-?'
configure:6511: result: no
configure:7143: checking how to run the C preprocessor
configure:7174: gcc -E  conftest.c
configure:7174: $? = 0
configure:7188: gcc -E  conftest.c
conftest.c:11:28: fatal error: ac_nonexistent.h: No such file or directory
 #include <ac_nonexistent.h>
                            ^
compilation terminated.
configure:7188: $? = 1
configure: failed program was:
| /* confdefs.h */
| #define PACKAGE_NAME "OpenPA"
| #define PACKAGE_TARNAME "openpa"
| #define PACKAGE_VERSION "1.0.2"
| #define PACKAGE_STRING "OpenPA 1.0.2"
| #define PACKAGE_BUGREPORT "https://trac.mcs.anl.gov/projects/openpa/newticket"
| #define PACKAGE_URL ""
| #define PACKAGE "openpa"
| #define VERSION "1.0.2"
| /* end confdefs.h.  */
| #include <ac_nonexistent.h>
configure:7213: result: gcc -E
configure:7233: gcc -E  conftest.c
configure:7233: $? = 0
configure:7247: gcc -E  conftest.c
conftest.c:11:28: fatal error: ac_nonexistent.h: No such file or directory
 #include <ac_nonexistent.h>
                            ^
compilation terminated.
configure:7247: $? = 1
configure: failed program was:
| /* confdefs.h */
| #define PACKAGE_NAME "OpenPA"
| #define PACKAGE_TARNAME "openpa"
| #define PACKAGE_VERSION "1.0.2"
| #define PACKAGE_STRING "OpenPA 1.0.2"
| #define PACKAGE_BUGREPORT "https://trac.mcs.anl.gov/projects/openpa/newticket"
| #define PACKAGE_URL ""
| #define PACKAGE "openpa"
| #define VERSION "1.0.2"
| /* end confdefs.h.  */
| #include <ac_nonexistent.h>
configure:7276: checking for ANSI C header files
configure:7296: gcc -c     conftest.c >&5
configure:7296: $? = 0
configure:7369: gcc -o conftest      conftest.c  >&5
configure:7369: $? = 0
configure:7369: ./conftest
configure:7369: $? = 0
configure:7380: result: yes
configure:7393: checking for sys/types.h
configure:7393: gcc -c     conftest.c >&5
configure:7393: $? = 0
configure:7393: result: yes
configure:7393: checking for sys/stat.h
configure:7393: gcc -c     conftest.c >&5
configure:7393: $? = 0
configure:7393: result: yes
configure:7393: checking for stdlib.h
configure:7393: gcc -c     conftest.c >&5
configure:7393: $? = 0
configure:7393: result: yes
configure:7393: checking for string.h
configure:7393: gcc -c     conftest.c >&5
configure:7393: $? = 0
configure:7393: result: yes
configure:7393: checking for memory.h
configure:7393: gcc -c     conftest.c >&5
configure:7393: $? = 0
configure:7393: result: yes
configure:7393: checking for strings.h
configure:7393: gcc -c     conftest.c >&5
configure:7393: $? = 0
configure:7393: result: yes
configure:7393: checking for inttypes.h
configure:7393: gcc -c     conftest.c >&5
configure:7393: $? = 0
configure:7393: result: yes
configure:7393: checking for stdint.h
configure:7393: gcc -c     conftest.c >&5
configure:7393: $? = 0
configure:7393: result: yes
configure:7393: checking for unistd.h
configure:7393: gcc -c     conftest.c >&5
configure:7393: $? = 0
configure:7393: result: yes
configure:7407: checking for dlfcn.h
configure:7407: gcc -c     conftest.c >&5
configure:7407: $? = 0
configure:7407: result: yes
configure:7593: checking for objdir
configure:7608: result: .libs
configure:7879: checking if gcc supports -fno-rtti -fno-exceptions
configure:7897: gcc -c     -fno-rtti -fno-exceptions conftest.c >&5
cc1: warning: command line option '-fno-rtti' is valid for C++/ObjC++ but not for C [enabled by default]
configure:7901: $? = 0
configure:7914: result: no
configure:8224: checking for gcc option to produce PIC
configure:8231: result: -fPIC -DPIC
configure:8239: checking if gcc PIC flag -fPIC -DPIC works
configure:8257: gcc -c     -fPIC -DPIC -DPIC conftest.c >&5
configure:8261: $? = 0
configure:8274: result: yes
configure:8303: checking if gcc static flag -static works
configure:8331: result: yes
configure:8346: checking if gcc supports -c -o file.o
configure:8367: gcc -c     -o out/conftest2.o conftest.c >&5
configure:8371: $? = 0
configure:8393: result: yes
configure:8401: checking if gcc supports -c -o file.o
configure:8448: result: yes
configure:8481: checking whether the gcc linker (/usr/bin/ld -m elf_x86_64) supports shared libraries
configure:9639: result: yes
configure:9884: checking dynamic linker characteristics
configure:10398: gcc -o conftest      -Wl,-rpath -Wl,/foo conftest.c  >&5
configure:10398: $? = 0
configure:10620: result: GNU/Linux ld.so
configure:10727: checking how to hardcode library paths into programs
configure:10752: result: immediate
configure:11292: checking whether stripping libraries is possible
configure:11297: result: yes
configure:11332: checking if libtool supports shared libraries
configure:11334: result: yes
configure:11337: checking whether to build shared libraries
configure:11358: result: no
configure:11361: checking whether to build static libraries
configure:11365: result: yes
configure:11477: checking for gcc
configure:11504: result: gcc
configure:11733: checking for C compiler version
configure:11742: gcc --version >&5
gcc (Ubuntu 4.8.4-2ubuntu1~14.04.1) 4.8.4
Copyright (C) 2013 Free Software Foundation, Inc.
This is free software; see the source for copying conditions.  There is NO
warranty; not even for MERCHANTABILITY or FITNESS FOR A PARTICULAR PURPOSE.

configure:11753: $? = 0
configure:11742: gcc -v >&5
Using built-in specs.
COLLECT_GCC=gcc
COLLECT_LTO_WRAPPER=/usr/lib/gcc/x86_64-linux-gnu/4.8/lto-wrapper
Target: x86_64-linux-gnu
Configured with: ../src/configure -v --with-pkgversion='Ubuntu 4.8.4-2ubuntu1~14.04.1' --with-bugurl=file:///usr/share/doc/gcc-4.8/README.Bugs --enable-languages=c,c++,java,go,d,fortran,objc,obj-c++ --prefix=/usr --program-suffix=-4.8 --enable-shared --enable-linker-build-id --libexecdir=/usr/lib --without-included-gettext --enable-threads=posix --with-gxx-include-dir=/usr/include/c++/4.8 --libdir=/usr/lib --enable-nls --with-sysroot=/ --enable-clocale=gnu --enable-libstdcxx-debug --enable-libstdcxx-time=yes --enable-gnu-unique-object --disable-libmudflap --enable-plugin --with-system-zlib --disable-browser-plugin --enable-java-awt=gtk --enable-gtk-cairo --with-java-home=/usr/lib/jvm/java-1.5.0-gcj-4.8-amd64/jre --enable-java-home --with-jvm-root-dir=/usr/lib/jvm/java-1.5.0-gcj-4.8-amd64 --with-jvm-jar-dir=/usr/lib/jvm-exports/java-1.5.0-gcj-4.8-amd64 --with-arch-directory=amd64 --with-ecj-jar=/usr/share/java/eclipse-ecj.jar --enable-objc-gc --enable-multiarch --disable-werror --with-arch-32=i686 --with-abi=m64 --with-multilib-list=m32,m64,mx32 --with-tune=generic --enable-checking=release --build=x86_64-linux-gnu --host=x86_64-linux-gnu --target=x86_64-linux-gnu
Thread model: posix
gcc version 4.8.4 (Ubuntu 4.8.4-2ubuntu1~14.04.1) 
configure:11753: $? = 0
configure:11742: gcc -V >&5
gcc: error: unrecognized command line option '-V'
gcc: fatal error: no input files
compilation terminated.
configure:11753: $? = 4
configure:11742: gcc -qversion >&5
gcc: error: unrecognized command line option '-qversion'
gcc: fatal error: no input files
compilation terminated.
configure:11753: $? = 4
configure:11757: checking whether we are using the GNU C compiler
configure:11785: result: yes
configure:11794: checking whether gcc accepts -g
configure:11855: result: yes
configure:11872: checking for gcc option to accept ISO C89
configure:11949: result: none needed
configure:11971: checking dependency style of gcc
configure:12081: result: gcc3
configure:12098: checking whether to enable assertions
configure:12116: result: yes
configure:12123: checking pthread.h usability
configure:12123: gcc -c     conftest.c >&5
configure:12123: $? = 0
configure:12123: result: yes
configure:12123: checking pthread.h presence
configure:12123: gcc -E  conftest.c
configure:12123: $? = 0
configure:12123: result: yes
configure:12123: checking for pthread.h
configure:12123: result: yes
configure:12123: checking atomic.h usability
configure:12123: gcc -c     conftest.c >&5
conftest.c:57:20: fatal error: atomic.h: No such file or directory
 #include <atomic.h>
                    ^
compilation terminated.
configure:12123: $? = 1
configure: failed program was:
| /* confdefs.h */
| #define PACKAGE_NAME "OpenPA"
| #define PACKAGE_TARNAME "openpa"
| #define PACKAGE_VERSION "1.0.2"
| #define PACKAGE_STRING "OpenPA 1.0.2"
| #define PACKAGE_BUGREPORT "https://trac.mcs.anl.gov/projects/openpa/newticket"
| #define PACKAGE_URL ""
| #define PACKAGE "openpa"
| #define VERSION "1.0.2"
| #define STDC_HEADERS 1
| #define HAVE_SYS_TYPES_H 1
| #define HAVE_SYS_STAT_H 1
| #define HAVE_STDLIB_H 1
| #define HAVE_STRING_H 1
| #define HAVE_MEMORY_H 1
| #define HAVE_STRINGS_H 1
| #define HAVE_INTTYPES_H 1
| #define HAVE_STDINT_H 1
| #define HAVE_UNISTD_H 1
| #define HAVE_DLFCN_H 1
| #define LT_OBJDIR ".libs/"
| #define HAVE_PTHREAD_H 1
| /* end confdefs.h.  */
| #include <stdio.h>
| #ifdef HAVE_SYS_TYPES_H
| # include <sys/types.h>
| #endif
| #ifdef HAVE_SYS_STAT_H
| # include <sys/stat.h>
| #endif
| #ifdef STDC_HEADERS
| # include <stdlib.h>
| # include <stddef.h>
| #else
| # ifdef HAVE_STDLIB_H
| #  include <stdlib.h>
| # endif
| #endif
| #ifdef HAVE_STRING_H
| # if !defined STDC_HEADERS && defined HAVE_MEMORY_H
| #  include <memory.h>
| # endif
| # include <string.h>
| #endif
| #ifdef HAVE_STRINGS_H
| # include <strings.h>
| #endif
| #ifdef HAVE_INTTYPES_H
| # include <inttypes.h>
| #endif
| #ifdef HAVE_STDINT_H
| # include <stdint.h>
| #endif
| #ifdef HAVE_UNISTD_H
| # include <unistd.h>
| #endif
| #include <atomic.h>
configure:12123: result: no
configure:12123: checking atomic.h presence
configure:12123: gcc -E  conftest.c
conftest.c:24:20: fatal error: atomic.h: No such file or directory
 #include <atomic.h>
                    ^
compilation terminated.
configure:12123: $? = 1
configure: failed program was:
| /* confdefs.h */
| #define PACKAGE_NAME "OpenPA"
| #define PACKAGE_TARNAME "openpa"
| #define PACKAGE_VERSION "1.0.2"
| #define PACKAGE_STRING "OpenPA 1.0.2"
| #define PACKAGE_BUGREPORT "https://trac.mcs.anl.gov/projects/openpa/newticket"
| #define PACKAGE_URL ""
| #define PACKAGE "openpa"
| #define VERSION "1.0.2"
| #define STDC_HEADERS 1
| #define HAVE_SYS_TYPES_H 1
| #define HAVE_SYS_STAT_H 1
| #define HAVE_STDLIB_H 1
| #define HAVE_STRING_H 1
| #define HAVE_MEMORY_H 1
| #define HAVE_STRINGS_H 1
| #define HAVE_INTTYPES_H 1
| #define HAVE_STDINT_H 1
| #define HAVE_UNISTD_H 1
| #define HAVE_DLFCN_H 1
| #define LT_OBJDIR ".libs/"
| #define HAVE_PTHREAD_H 1
| /* end confdefs.h.  */
| #include <atomic.h>
configure:12123: result: no
configure:12123: checking for atomic.h
configure:12123: result: no
configure:12123: checking intrin.h usability
configure:12123: gcc -c     conftest.c >&5
conftest.c:57:20: fatal error: intrin.h: No such file or directory
 #include <intrin.h>
                    ^
compilation terminated.
configure:12123: $? = 1
configure: failed program was:
| /* confdefs.h */
| #define PACKAGE_NAME "OpenPA"
| #define PACKAGE_TARNAME "openpa"
| #define PACKAGE_VERSION "1.0.2"
| #define PACKAGE_STRING "OpenPA 1.0.2"
| #define PACKAGE_BUGREPORT "https://trac.mcs.anl.gov/projects/openpa/newticket"
| #define PACKAGE_URL ""
| #define PACKAGE "openpa"
| #define VERSION "1.0.2"
| #define STDC_HEADERS 1
| #define HAVE_SYS_TYPES_H 1
| #define HAVE_SYS_STAT_H 1
| #define HAVE_STDLIB_H 1
| #define HAVE_STRING_H 1
| #define HAVE_MEMORY_H 1
| #define HAVE_STRINGS_H 1
| #define HAVE_INTTYPES_H 1
| #define HAVE_STDINT_H 1
| #define HAVE_UNISTD_H 1
| #define HAVE_DLFCN_H 1
| #define LT_OBJDIR ".libs/"
| #define HAVE_PTHREAD_H 1
| /* end confdefs.h.  */
| #include <stdio.h>
| #ifdef HAVE_SYS_TYPES_H
| # include <sys/types.h>
| #endif
| #ifdef HAVE_SYS_STAT_H
| # include <sys/stat.h>
| #endif
| #ifdef STDC_HEADERS
| # include <stdlib.h>
| # include <stddef.h>
| #else
| # ifdef HAVE_STDLIB_H
| #  include <stdlib.h>
| # endif
| #endif
| #ifdef HAVE_STRING_H
| # if !defined STDC_HEADERS && defined HAVE_MEMORY_H
| #  include <memory.h>
| # endif
| # include <string.h>
| #endif
| #ifdef HAVE_STRINGS_H
| # include <strings.h>
| #endif
| #ifdef HAVE_INTTYPES_H
| # include <inttypes.h>
| #endif
| #ifdef HAVE_STDINT_H
| # include <stdint.h>
| #endif
| #ifdef HAVE_UNISTD_H
| # include <unistd.h>
| #endif
| #include <intrin.h>
configure:12123: result: no
configure:12123: checking intrin.h presence
configure:12123: gcc -E  conftest.c
conftest.c:24:20: fatal error: intrin.h: No such file or directory
 #include <intrin.h>
                    ^
compilation terminated.
configure:12123: $? = 1
configure: failed program was:
| /* confdefs.h */
| #define PACKAGE_NAME "OpenPA"
| #define PACKAGE_TARNAME "openpa"
| #define PACKAGE_VERSION "1.0.2"
| #define PACKAGE_STRING "OpenPA 1.0.2"
| #define PACKAGE_BUGREPORT "https://trac.mcs.anl.gov/projects/openpa/newticket"
| #define PACKAGE_URL ""
| #define PACKAGE "openpa"
| #define VERSION "1.0.2"
| #define STDC_HEADERS 1
| #define HAVE_SYS_TYPES_H 1
| #define HAVE_SYS_STAT_H 1
| #define HAVE_STDLIB_H 1
| #define HAVE_STRING_H 1
| #define HAVE_MEMORY_H 1
| #define HAVE_STRINGS_H 1
| #define HAVE_INTTYPES_H 1
| #define HAVE_STDINT_H 1
| #define HAVE_UNISTD_H 1
| #define HAVE_DLFCN_H 1
| #define LT_OBJDIR ".libs/"
| #define HAVE_PTHREAD_H 1
| /* end confdefs.h.  */
| #include <intrin.h>
configure:12123: result: no
configure:12123: checking for intrin.h
configure:12123: result: no
configure:12123: checking for inttypes.h
configure:12123: result: yes
configure:12123: checking for stdint.h
configure:12123: result: yes
configure:12123: checking stddef.h usability
configure:12123: gcc -c     conftest.c >&5
configure:12123: $? = 0
configure:12123: result: yes
configure:12123: checking stddef.h presence
configure:12123: gcc -E  conftest.c
configure:12123: $? = 0
configure:12123: result: yes
configure:12123: checking for stddef.h
configure:12123: result: yes
configure:12134: checking for C/C++ restrict keyword
configure:12159: gcc -c     conftest.c >&5
configure:12159: $? = 0
configure:12167: result: __restrict
configure:12180: checking for inline
configure:12196: gcc -c     conftest.c >&5
configure:12196: $? = 0
configure:12204: result: inline
configure:12225: checking for an ANSI C-conforming const
configure:12290: gcc -c     conftest.c >&5
configure:12290: $? = 0
configure:12297: result: yes
configure:12306: checking for pthread_create in -lpthread
configure:12331: gcc -o conftest      conftest.c -lpthread   >&5
configure:12331: $? = 0
configure:12340: result: yes
configure:12354: checking for pthread_yield
configure:12354: gcc -o conftest      conftest.c -lpthread  >&5
configure:12354: $? = 0
configure:12354: result: yes
configure:12384: checking if 100 threads can be run at once
configure:12422: gcc -o conftest      conftest.c -lpthread  >&5
configure:12422: $? = 0
configure:12422: ./conftest
configure:12422: $? = 0
configure:12423: result: yes
configure:12497: checking size of void *
configure:12502: gcc -o conftest      conftest.c -lpthread  >&5
configure:12502: $? = 0
configure:12502: ./conftest
configure:12502: $? = 0
configure:12516: result: 8
configure:12530: checking size of int
configure:12535: gcc -o conftest      conftest.c -lpthread  >&5
configure:12535: $? = 0
configure:12535: ./conftest
configure:12535: $? = 0
configure:12549: result: 4
configure:12561: checking whether __attribute__ allowed
configure:12578: gcc -c     conftest.c >&5
configure:12578: $? = 0
configure:12585: result: yes
configure:12587: checking whether __attribute__((format)) allowed
configure:12604: gcc -c     conftest.c >&5
configure:12604: $? = 0
configure:12611: result: yes
configure:12620: checking if compiler rejects bogus asm statements
configure:12635: gcc -o conftest      conftest.c -lpthread  >&5
conftest.c: Assembler messages:
conftest.c:39: Error: no such instruction: `illegal_asm_stmt'
configure:12635: $? = 1
configure: failed program was:
| /* confdefs.h */
| #define PACKAGE_NAME "OpenPA"
| #define PACKAGE_TARNAME "openpa"
| #define PACKAGE_VERSION "1.0.2"
| #define PACKAGE_STRING "OpenPA 1.0.2"
| #define PACKAGE_BUGREPORT "https://trac.mcs.anl.gov/projects/openpa/newticket"
| #define PACKAGE_URL ""
| #define PACKAGE "openpa"
| #define VERSION "1.0.2"
| #define STDC_HEADERS 1
| #define HAVE_SYS_TYPES_H 1
| #define HAVE_SYS_STAT_H 1
| #define HAVE_STDLIB_H 1
| #define HAVE_STRING_H 1
| #define HAVE_MEMORY_H 1
| #define HAVE_STRINGS_H 1
| #define HAVE_INTTYPES_H 1
| #define HAVE_STDINT_H 1
| #define HAVE_UNISTD_H 1
| #define HAVE_DLFCN_H 1
| #define LT_OBJDIR ".libs/"
| #define HAVE_PTHREAD_H 1
| #define HAVE_INTTYPES_H 1
| #define HAVE_STDINT_H 1
| #define HAVE_STDDEF_H 1
| #define restrict __restrict
| #define HAVE_LIBPTHREAD 1
| #define HAVE_PTHREAD_YIELD 1
| #define MAX_NTHREADS 100
| #define SIZEOF_VOID_P 8
| #define SIZEOF_INT 4
| #define HAVE_GCC_ATTRIBUTE 1
| /* end confdefs.h.  */
| 
| int
| main ()
| {
| 
|     __asm__ __volatile__ ("ILLEGAL_ASM_STMT");
| 
|   ;
|   return 0;
| }
configure:12642: result: yes
configure:12697: checking for support for gcc x86/x86_64 primitives
configure:12823: gcc -o conftest    -I./src   conftest.c -lpthread  >&5
configure:12823: $? = 0
configure:12823: ./conftest
configure:12823: $? = 0
configure:12828: result: yes
configure:12850: checking for support for gcc x86 primitives for pre-Pentium 4
configure:12976: gcc -o conftest    -I./src   conftest.c -lpthread  >&5
configure:12976: $? = 0
configure:12976: ./conftest
configure:12976: $? = 0
configure:12981: result: yes
configure:13002: checking for support for gcc ia64 primitives
configure:13058: gcc -o conftest    -I./src   conftest.c -lpthread  >&5
./src/primitives/opa_gcc_ia64.h: Assembler messages:
./src/primitives/opa_gcc_ia64.h:52: Error: no such instruction: `fetchadd4.rel %eax=[%rax],$-1'
./src/primitives/opa_gcc_ia64.h:70: Error: no such instruction: `zxt4 (%rsi)=(%rsi)'
./src/primitives/opa_gcc_ia64.h:70: Error: invalid character '=' in operand 1
./src/primitives/opa_gcc_ia64.h:70: Error: no such instruction: `cmpxchg4.rel %eax=[%rdx],%ecx,ar.ccv'
./src/primitives/opa_gcc_ia64.h:100: Error: no such instruction: `fetchadd4.rel %eax=[%rax],$-16'
./src/primitives/opa_gcc_ia64.h:101: Error: no such instruction: `fetchadd4.rel %eax=[%rax],$-8'
./src/primitives/opa_gcc_ia64.h:102: Error: no such instruction: `fetchadd4.rel %eax=[%rax],$-4'
./src/primitives/opa_gcc_ia64.h:103: Error: no such instruction: `fetchadd4.rel %eax=[%rax],$-1'
./src/primitives/opa_gcc_ia64.h:104: Error: no such instruction: `fetchadd4.rel %eax=[%rax],$1'
./src/primitives/opa_gcc_ia64.h:105: Error: no such instruction: `fetchadd4.rel %eax=[%rax],$4'
./src/primitives/opa_gcc_ia64.h:106: Error: no such instruction: `fetchadd4.rel %eax=[%rax],$8'
./src/primitives/opa_gcc_ia64.h:107: Error: no such instruction: `fetchadd4.rel %eax=[%rax],$16'
./src/primitives/opa_gcc_ia64.h:146: Error: no such instruction: `xchg8 %eax=[%rdx],%eax'
conftest.c:77: Error: no such instruction: `mf'
conftest.c:78: Error: no such instruction: `mf'
conftest.c:79: Error: no such instruction: `mf'
configure:13058: $? = 1
configure: failed program was:
| /* confdefs.h */
| #define PACKAGE_NAME "OpenPA"
| #define PACKAGE_TARNAME "openpa"
| #define PACKAGE_VERSION "1.0.2"
| #define PACKAGE_STRING "OpenPA 1.0.2"
| #define PACKAGE_BUGREPORT "https://trac.mcs.anl.gov/projects/openpa/newticket"
| #define PACKAGE_URL ""
| #define PACKAGE "openpa"
| #define VERSION "1.0.2"
| #define STDC_HEADERS 1
| #define HAVE_SYS_TYPES_H 1
| #define HAVE_SYS_STAT_H 1
| #define HAVE_STDLIB_H 1
| #define HAVE_STRING_H 1
| #define HAVE_MEMORY_H 1
| #define HAVE_STRINGS_H 1
| #define HAVE_INTTYPES_H 1
| #define HAVE_STDINT_H 1
| #define HAVE_UNISTD_H 1
| #define HAVE_DLFCN_H 1
| #define LT_OBJDIR ".libs/"
| #define HAVE_PTHREAD_H 1
| #define HAVE_INTTYPES_H 1
| #define HAVE_STDINT_H 1
| #define HAVE_STDDEF_H 1
| #define restrict __restrict
| #define HAVE_LIBPTHREAD 1
| #define HAVE_PTHREAD_YIELD 1
| #define MAX_NTHREADS 100
| #define SIZEOF_VOID_P 8
| #define SIZEOF_INT 4
| #define HAVE_GCC_ATTRIBUTE 1
| #define HAVE_GCC_X86_32_64 1
| #define HAVE_GCC_X86_32_64_P3 1
| /* end confdefs.h.  */
| 
| #define OPA_SIZEOF_INT SIZEOF_INT
| #define OPA_SIZEOF_VOID_P SIZEOF_VOID_P
| #ifndef _opa_inline
| #define _opa_inline inline
| #endif
| #ifndef _opa_restrict
| #define _opa_restrict restrict
| #endif
| #ifndef _opa_const
| #define _opa_const const
| #endif
| #ifdef HAVE_GCC_ATTRIBUTE
| #define OPA_HAVE_GCC_ATTRIBUTE 1
| #endif
| #include "opa_util.h" /* for OPA_ATTRIBUTE and friends */
| #include "primitives/opa_gcc_ia64.h"
| 
| int
| main ()
| {
| 
|     OPA_int_t a, b;
|     int c;
| 
|     OPA_store_int(&a, 0);
|     OPA_store_int(&b, 1);
|     c = OPA_load_int(&a);
| 
|     OPA_add_int(&a, 10);
|     OPA_incr_int(&a);
|     OPA_decr_int(&a);
| 
|     c = OPA_decr_and_test_int(&a);
|     c = OPA_fetch_and_add_int(&a, 10);
|     c = OPA_fetch_and_incr_int(&a);
|     c = OPA_fetch_and_decr_int(&a);
| 
|     c = OPA_cas_int(&a, 10, 11);
|     c = OPA_swap_int(&a, OPA_load_int(&b));
| 
|     OPA_write_barrier();
|     OPA_read_barrier();
|     OPA_read_write_barrier();
| 
|   ;
|   return 0;
| }
| 
configure:13067: result: no
configure:13082: checking for support for gcc PowerPC atomics
configure:13138: gcc -o conftest    -I./src   conftest.c -lpthread  >&5
./src/primitives/opa_gcc_ppc.h: Assembler messages:
./src/primitives/opa_gcc_ppc.h:50: Error: no such instruction: `lwarx %eax,0,%rax'
./src/primitives/opa_gcc_ppc.h:62: Error: no such instruction: `stwcx. %ecx,0,%rdx'
./src/primitives/opa_gcc_ppc.h:63: Error: no such instruction: `beq 1f'
./src/primitives/opa_gcc_ppc.h:64: Error: no such instruction: `li %eax,0'
conftest.c:77: Error: no such instruction: `sync'
conftest.c:78: Error: no such instruction: `sync'
conftest.c:79: Error: no such instruction: `sync'
configure:13138: $? = 1
configure: failed program was:
| /* confdefs.h */
| #define PACKAGE_NAME "OpenPA"
| #define PACKAGE_TARNAME "openpa"
| #define PACKAGE_VERSION "1.0.2"
| #define PACKAGE_STRING "OpenPA 1.0.2"
| #define PACKAGE_BUGREPORT "https://trac.mcs.anl.gov/projects/openpa/newticket"
| #define PACKAGE_URL ""
| #define PACKAGE "openpa"
| #define VERSION "1.0.2"
| #define STDC_HEADERS 1
| #define HAVE_SYS_TYPES_H 1
| #define HAVE_SYS_STAT_H 1
| #define HAVE_STDLIB_H 1
| #define HAVE_STRING_H 1
| #define HAVE_MEMORY_H 1
| #define HAVE_STRINGS_H 1
| #define HAVE_INTTYPES_H 1
| #define HAVE_STDINT_H 1
| #define HAVE_UNISTD_H 1
| #define HAVE_DLFCN_H 1
| #define LT_OBJDIR ".libs/"
| #define HAVE_PTHREAD_H 1
| #define HAVE_INTTYPES_H 1
| #define HAVE_STDINT_H 1
| #define HAVE_STDDEF_H 1
| #define restrict __restrict
| #define HAVE_LIBPTHREAD 1
| #define HAVE_PTHREAD_YIELD 1
| #define MAX_NTHREADS 100
| #define SIZEOF_VOID_P 8
| #define SIZEOF_INT 4
| #define HAVE_GCC_ATTRIBUTE 1
| #define HAVE_GCC_X86_32_64 1
| #define HAVE_GCC_X86_32_64_P3 1
| /* end confdefs.h.  */
| 
| #define OPA_SIZEOF_INT SIZEOF_INT
| #define OPA_SIZEOF_VOID_P SIZEOF_VOID_P
| #ifndef _opa_inline
| #define _opa_inline inline
| #endif
| #ifndef _opa_restrict
| #define _opa_restrict restrict
| #endif
| #ifndef _opa_const
| #define _opa_const const
| #endif
| #ifdef HAVE_GCC_ATTRIBUTE
| #define OPA_HAVE_GCC_ATTRIBUTE 1
| #endif
| #include "opa_util.h" /* for OPA_ATTRIBUTE and friends */
| #include "primitives/opa_gcc_ppc.h"
| 
| int
| main ()
| {
| 
|     OPA_int_t a, b;
|     int c;
| 
|     OPA_store_int(&a, 0);
|     OPA_store_int(&b, 1);
|     c = OPA_load_int(&a);
| 
|     OPA_add_int(&a, 10);
|     OPA_incr_int(&a);
|     OPA_decr_int(&a);
| 
|     c = OPA_decr_and_test_int(&a);
|     c = OPA_fetch_and_add_int(&a, 10);
|     c = OPA_fetch_and_incr_int(&a);
|     c = OPA_fetch_and_decr_int(&a);
| 
|     c = OPA_cas_int(&a, 10, 11);
|     c = OPA_swap_int(&a, OPA_load_int(&b));
| 
|     OPA_write_barrier();
|     OPA_read_barrier();
|     OPA_read_write_barrier();
| 
|   ;
|   return 0;
| }
| 
configure:13147: result: no
configure:13162: checking for support for gcc SiCortex atomics
configure:13218: gcc -o conftest    -I./src   conftest.c -lpthread  >&5
./src/primitives/opa_gcc_sicortex.h: Assembler messages:
./src/primitives/opa_gcc_sicortex.h:100: Error: expected comma after "mips3"
./src/primitives/opa_gcc_sicortex.h:101: Error: expected comma after "noreorder"
./src/primitives/opa_gcc_sicortex.h:102: Error: no such instruction: `ll %rcx,(%rsi)'
./src/primitives/opa_gcc_sicortex.h:103: Error: no such instruction: `addu %rdx,%rcx,%eax'
./src/primitives/opa_gcc_sicortex.h:104: Error: no such instruction: `sc %rdx,(%rsi)'
./src/primitives/opa_gcc_sicortex.h:105: Error: no such instruction: `beqz %rdx,1b'
./src/primitives/opa_gcc_sicortex.h:107: Error: expected comma after "reorder"
./src/primitives/opa_gcc_sicortex.h:108: Error: expected comma after "mips0"
./src/primitives/opa_gcc_sicortex.h:184: Error: expected comma after "mips3"
./src/primitives/opa_gcc_sicortex.h:185: Error: expected comma after "noreorder"
./src/primitives/opa_gcc_sicortex.h:186: Error: no such instruction: `ll %rcx,(%rsi)'
./src/primitives/opa_gcc_sicortex.h:187: Error: no such instruction: `move %rdx,%eax'
./src/primitives/opa_gcc_sicortex.h:188: Error: no such instruction: `sc %rdx,(%rsi)'
./src/primitives/opa_gcc_sicortex.h:189: Error: no such instruction: `beqz %rdx,1b'
./src/primitives/opa_gcc_sicortex.h:191: Error: expected comma after "reorder"
./src/primitives/opa_gcc_sicortex.h:192: Error: expected comma after "mips0"
./src/primitives/opa_gcc_sicortex.h:271: Error: expected comma after "mips3"
./src/primitives/opa_gcc_sicortex.h:272: Error: expected comma after "noreorder"
./src/primitives/opa_gcc_sicortex.h:273: Error: no such instruction: `ll %rsi,(%rdi)'
./src/primitives/opa_gcc_sicortex.h:274: Error: no such instruction: `bne %rsi,%edx,1f'
./src/primitives/opa_gcc_sicortex.h:275: Error: no such instruction: `move %rcx,%eax'
./src/primitives/opa_gcc_sicortex.h:276: Error: no such instruction: `sc %rcx,(%rdi)'
./src/primitives/opa_gcc_sicortex.h:277: Error: no such instruction: `beqz %rcx,1b'
./src/primitives/opa_gcc_sicortex.h:279: Error: expected comma after "reorder"
./src/primitives/opa_gcc_sicortex.h:281: Error: expected comma after "mips0"
conftest.c:77: Error: no such instruction: `sync'
conftest.c:78: Error: no such instruction: `sync'
conftest.c:79: Error: no such instruction: `sync'
configure:13218: $? = 1
configure: failed program was:
| /* confdefs.h */
| #define PACKAGE_NAME "OpenPA"
| #define PACKAGE_TARNAME "openpa"
| #define PACKAGE_VERSION "1.0.2"
| #define PACKAGE_STRING "OpenPA 1.0.2"
| #define PACKAGE_BUGREPORT "https://trac.mcs.anl.gov/projects/openpa/newticket"
| #define PACKAGE_URL ""
| #define PACKAGE "openpa"
| #define VERSION "1.0.2"
| #define STDC_HEADERS 1
| #define HAVE_SYS_TYPES_H 1
| #define HAVE_SYS_STAT_H 1
| #define HAVE_STDLIB_H 1
| #define HAVE_STRING_H 1
| #define HAVE_MEMORY_H 1
| #define HAVE_STRINGS_H 1
| #define HAVE_INTTYPES_H 1
| #define HAVE_STDINT_H 1
| #define HAVE_UNISTD_H 1
| #define HAVE_DLFCN_H 1
| #define LT_OBJDIR ".libs/"
| #define HAVE_PTHREAD_H 1
| #define HAVE_INTTYPES_H 1
| #define HAVE_STDINT_H 1
| #define HAVE_STDDEF_H 1
| #define restrict __restrict
| #define HAVE_LIBPTHREAD 1
| #define HAVE_PTHREAD_YIELD 1
| #define MAX_NTHREADS 100
| #define SIZEOF_VOID_P 8
| #define SIZEOF_INT 4
| #define HAVE_GCC_ATTRIBUTE 1
| #define HAVE_GCC_X86_32_64 1
| #define HAVE_GCC_X86_32_64_P3 1
| /* end confdefs.h.  */
| 
| #define OPA_SIZEOF_INT SIZEOF_INT
| #define OPA_SIZEOF_VOID_P SIZEOF_VOID_P
| #ifndef _opa_inline
| #define _opa_inline inline
| #endif
| #ifndef _opa_restrict
| #define _opa_restrict restrict
| #endif
| #ifndef _opa_const
| #define _opa_const const
| #endif
| #ifdef HAVE_GCC_ATTRIBUTE
| #define OPA_HAVE_GCC_ATTRIBUTE 1
| #endif
| #include "opa_util.h" /* for OPA_ATTRIBUTE and friends */
| #include "primitives/opa_gcc_sicortex.h"
| 
| int
| main ()
| {
| 
|     OPA_int_t a, b;
|     int c;
| 
|     OPA_store_int(&a, 0);
|     OPA_store_int(&b, 1);
|     c = OPA_load_int(&a);
| 
|     OPA_add_int(&a, 10);
|     OPA_incr_int(&a);
|     OPA_decr_int(&a);
| 
|     c = OPA_decr_and_test_int(&a);
|     c = OPA_fetch_and_add_int(&a, 10);
|     c = OPA_fetch_and_incr_int(&a);
|     c = OPA_fetch_and_decr_int(&a);
| 
|     c = OPA_cas_int(&a, 10, 11);
|     c = OPA_swap_int(&a, OPA_load_int(&b));
| 
|     OPA_write_barrier();
|     OPA_read_barrier();
|     OPA_read_write_barrier();
| 
|   ;
|   return 0;
| }
| 
configure:13227: result: no
configure:13244: checking for support for gcc atomic intrinsics
configure:13300: gcc -o conftest    -I./src   conftest.c -lpthread  >&5
configure:13300: $? = 0
configure:13305: result: yes
configure:13324: checking for support for Windows NT atomic intrinsics
configure:13380: gcc -o conftest    -I./src   conftest.c -lpthread  >&5
In file included from conftest.c:53:0:
./src/primitives/opa_nt_intrinsics.h:11:20: fatal error: windows.h: No such file or directory
 #include<windows.h>
                    ^
compilation terminated.
configure:13380: $? = 1
configure: failed program was:
| /* confdefs.h */
| #define PACKAGE_NAME "OpenPA"
| #define PACKAGE_TARNAME "openpa"
| #define PACKAGE_VERSION "1.0.2"
| #define PACKAGE_STRING "OpenPA 1.0.2"
| #define PACKAGE_BUGREPORT "https://trac.mcs.anl.gov/projects/openpa/newticket"
| #define PACKAGE_URL ""
| #define PACKAGE "openpa"
| #define VERSION "1.0.2"
| #define STDC_HEADERS 1
| #define HAVE_SYS_TYPES_H 1
| #define HAVE_SYS_STAT_H 1
| #define HAVE_STDLIB_H 1
| #define HAVE_STRING_H 1
| #define HAVE_MEMORY_H 1
| #define HAVE_STRINGS_H 1
| #define HAVE_INTTYPES_H 1
| #define HAVE_STDINT_H 1
| #define HAVE_UNISTD_H 1
| #define HAVE_DLFCN_H 1
| #define LT_OBJDIR ".libs/"
| #define HAVE_PTHREAD_H 1
| #define HAVE_INTTYPES_H 1
| #define HAVE_STDINT_H 1
| #define HAVE_STDDEF_H 1
| #define restrict __restrict
| #define HAVE_LIBPTHREAD 1
| #define HAVE_PTHREAD_YIELD 1
| #define MAX_NTHREADS 100
| #define SIZEOF_VOID_P 8
| #define SIZEOF_INT 4
| #define HAVE_GCC_ATTRIBUTE 1
| #define HAVE_GCC_X86_32_64 1
| #define HAVE_GCC_X86_32_64_P3 1
| #define HAVE_GCC_INTRINSIC_ATOMICS 1
| /* end confdefs.h.  */
| 
| #define OPA_SIZEOF_INT SIZEOF_INT
| #define OPA_SIZEOF_VOID_P SIZEOF_VOID_P
| #ifndef _opa_inline
| #define _opa_inline inline
| #endif
| #ifndef _opa_restrict
| #define _opa_restrict restrict
| #endif
| #ifndef _opa_const
| #define _opa_const const
| #endif
| #ifdef HAVE_GCC_ATTRIBUTE
| #define OPA_HAVE_GCC_ATTRIBUTE 1
| #endif
| #include "opa_util.h" /* for OPA_ATTRIBUTE and friends */
| #include "primitives/opa_nt_intrinsics.h"
| 
| int
| main ()
| {
| 
|     OPA_int_t a, b;
|     int c;
| 
|     OPA_store_int(&a, 0);
|     OPA_store_int(&b, 1);
|     c = OPA_load_int(&a);
| 
|     OPA_add_int(&a, 10);
|     OPA_incr_int(&a);
|     OPA_decr_int(&a);
| 
|     c = OPA_decr_and_test_int(&a);
|     c = OPA_fetch_and_add_int(&a, 10);
|     c = OPA_fetch_and_incr_int(&a);
|     c = OPA_fetch_and_decr_int(&a);
| 
|     c = OPA_cas_int(&a, 10, 11);
|     c = OPA_swap_int(&a, OPA_load_int(&b));
| 
|     OPA_write_barrier();
|     OPA_read_barrier();
|     OPA_read_write_barrier();
| 
|   ;
|   return 0;
| }
| 
configure:13389: result: no
configure:13404: checking for support for Sun atomic operations library
configure:13460: gcc -o conftest    -I./src   conftest.c -lpthread  >&5
In file included from conftest.c:53:0:
./src/primitives/opa_sun_atomic_ops.h:11:20: fatal error: atomic.h: No such file or directory
 #include <atomic.h>
                    ^
compilation terminated.
configure:13460: $? = 1
configure: failed program was:
| /* confdefs.h */
| #define PACKAGE_NAME "OpenPA"
| #define PACKAGE_TARNAME "openpa"
| #define PACKAGE_VERSION "1.0.2"
| #define PACKAGE_STRING "OpenPA 1.0.2"
| #define PACKAGE_BUGREPORT "https://trac.mcs.anl.gov/projects/openpa/newticket"
| #define PACKAGE_URL ""
| #define PACKAGE "openpa"
| #define VERSION "1.0.2"
| #define STDC_HEADERS 1
| #define HAVE_SYS_TYPES_H 1
| #define HAVE_SYS_STAT_H 1
| #define HAVE_STDLIB_H 1
| #define HAVE_STRING_H 1
| #define HAVE_MEMORY_H 1
| #define HAVE_STRINGS_H 1
| #define HAVE_INTTYPES_H 1
| #define HAVE_STDINT_H 1
| #define HAVE_UNISTD_H 1
| #define HAVE_DLFCN_H 1
| #define LT_OBJDIR ".libs/"
| #define HAVE_PTHREAD_H 1
| #define HAVE_INTTYPES_H 1
| #define HAVE_STDINT_H 1
| #define HAVE_STDDEF_H 1
| #define restrict __restrict
| #define HAVE_LIBPTHREAD 1
| #define HAVE_PTHREAD_YIELD 1
| #define MAX_NTHREADS 100
| #define SIZEOF_VOID_P 8
| #define SIZEOF_INT 4
| #define HAVE_GCC_ATTRIBUTE 1
| #define HAVE_GCC_X86_32_64 1
| #define HAVE_GCC_X86_32_64_P3 1
| #define HAVE_GCC_INTRINSIC_ATOMICS 1
| /* end confdefs.h.  */
| 
| #define OPA_SIZEOF_INT SIZEOF_INT
| #define OPA_SIZEOF_VOID_P SIZEOF_VOID_P
| #ifndef _opa_inline
| #define _opa_inline inline
| #endif
| #ifndef _opa_restrict
| #define _opa_restrict restrict
| #endif
| #ifndef _opa_const
| #define _opa_const const
| #endif
| #ifdef HAVE_GCC_ATTRIBUTE
| #define OPA_HAVE_GCC_ATTRIBUTE 1
| #endif
| #include "opa_util.h" /* for OPA_ATTRIBUTE and friends */
| #include "primitives/opa_sun_atomic_ops.h"
| 
| int
| main ()
| {
| 
|     OPA_int_t a, b;
|     int c;
| 
|     OPA_store_int(&a, 0);
|     OPA_store_int(&b, 1);
|     c = OPA_load_int(&a);
| 
|     OPA_add_int(&a, 10);
|     OPA_incr_int(&a);
|     OPA_decr_int(&a);
| 
|     c = OPA_decr_and_test_int(&a);
|     c = OPA_fetch_and_add_int(&a, 10);
|     c = OPA_fetch_and_incr_int(&a);
|     c = OPA_fetch_and_decr_int(&a);
| 
|     c = OPA_cas_int(&a, 10, 11);
|     c = OPA_swap_int(&a, OPA_load_int(&b));
| 
|     OPA_write_barrier();
|     OPA_read_barrier();
|     OPA_read_write_barrier();
| 
|   ;
|   return 0;
| }
| 
configure:13469: result: no
configure:13546: checking whether to enable strict fairness checks
configure:13562: result: no
configure:13703: creating ./config.status

## ---------------------- ##
## Running config.status. ##
## ---------------------- ##

This file was extended by OpenPA config.status 1.0.2, which was
generated by GNU Autoconf 2.68.  Invocation command line was

  CONFIG_FILES    = 
  CONFIG_HEADERS  = 
  CONFIG_LINKS    = 
  CONFIG_COMMANDS = 
  $ ./config.status 

on kumamon-home

config.status:14949: creating Makefile
config.status:14949: creating src/Makefile
config.status:14949: creating test/Makefile
config.status:14949: creating openpa.pc
config.status:14949: creating src/config.h
config.status:15176: executing depfiles commands
config.status:15176: executing libtool commands
config.status:15176: executing src/opa_config.h commands
config.status:15940: creating src/opa_config.h - prefix OPA for src/config.h defines

## ---------------- ##
## Cache variables. ##
## ---------------- ##

ac_cv_build='x86_64-unknown-linux-gnu'
ac_cv_c_compiler_gnu='yes'
ac_cv_c_const='yes'
ac_cv_c_inline='inline'
ac_cv_c_restrict='__restrict'
ac_cv_env_CC_set=''
ac_cv_env_CC_value=''
ac_cv_env_CFLAGS_set='set'
ac_cv_env_CFLAGS_value='  '
ac_cv_env_CPPFLAGS_set=''
ac_cv_env_CPPFLAGS_value=''
ac_cv_env_CPP_set=''
ac_cv_env_CPP_value=''
ac_cv_env_LDFLAGS_set=''
ac_cv_env_LDFLAGS_value=''
ac_cv_env_LIBS_set=''
ac_cv_env_LIBS_value=''
ac_cv_env_build_alias_set=''
ac_cv_env_build_alias_value=''
ac_cv_env_host_alias_set=''
ac_cv_env_host_alias_value=''
ac_cv_env_target_alias_set=''
ac_cv_env_target_alias_value=''
ac_cv_func_pthread_yield='yes'
ac_cv_header_atomic_h='no'
ac_cv_header_dlfcn_h='yes'
ac_cv_header_intrin_h='no'
ac_cv_header_inttypes_h='yes'
ac_cv_header_memory_h='yes'
ac_cv_header_pthread_h='yes'
ac_cv_header_stdc='yes'
ac_cv_header_stddef_h='yes'
ac_cv_header_stdint_h='yes'
ac_cv_header_stdlib_h='yes'
ac_cv_header_string_h='yes'
ac_cv_header_strings_h='yes'
ac_cv_header_sys_stat_h='yes'
ac_cv_header_sys_types_h='yes'
ac_cv_header_unistd_h='yes'
ac_cv_host='x86_64-unknown-linux-gnu'
ac_cv_lib_pthread_pthread_create='yes'
ac_cv_objext='o'
ac_cv_path_EGREP='/bin/grep -E'
ac_cv_path_FGREP='/bin/grep -F'
ac_cv_path_GREP='/bin/grep'
ac_cv_path_SED='/bin/sed'
ac_cv_path_install='/usr/bin/install -c'
ac_cv_path_mkdir='/bin/mkdir'
ac_cv_prog_AWK='mawk'
ac_cv_prog_CPP='gcc -E'
ac_cv_prog_ac_ct_AR='ar'
ac_cv_prog_ac_ct_CC='gcc'
ac_cv_prog_ac_ct_MANIFEST_TOOL='mt'
ac_cv_prog_ac_ct_OBJDUMP='objdump'
ac_cv_prog_ac_ct_RANLIB='ranlib'
ac_cv_prog_ac_ct_STRIP='strip'
ac_cv_prog_cc_c89=''
ac_cv_prog_cc_g='yes'
ac_cv_prog_make_make_set='yes'
ac_cv_sizeof_int='4'
ac_cv_sizeof_void_p='8'
am_cv_CC_dependencies_compiler_type='gcc3'
lt_cv_ar_at_file='@'
lt_cv_deplibs_check_method='pass_all'
lt_cv_file_magic_cmd='$MAGIC_CMD'
lt_cv_file_magic_test_file=''
lt_cv_ld_reload_flag='-r'
lt_cv_nm_interface='BSD nm'
lt_cv_objdir='.libs'
lt_cv_path_LD='/usr/bin/ld'
lt_cv_path_NM='/usr/bin/nm -B'
lt_cv_path_mainfest_tool='no'
lt_cv_prog_compiler_c_o='yes'
lt_cv_prog_compiler_pic='-fPIC -DPIC'
lt_cv_prog_compiler_pic_works='yes'
lt_cv_prog_compiler_rtti_exceptions='no'
lt_cv_prog_compiler_static_works='yes'
lt_cv_prog_gnu_ld='yes'
lt_cv_sharedlib_from_linklib_cmd='printf %s\n'
lt_cv_shlibpath_overrides_runpath='no'
lt_cv_sys_global_symbol_pipe='sed -n -e '"'"'s/^.*[	 ]\([ABCDGIRSTW][ABCDGIRSTW]*\)[	 ][	 ]*\([_A-Za-z][_A-Za-z0-9]*\)$/\1 \2 \2/p'"'"' | sed '"'"'/ __gnu_lto/d'"'"
lt_cv_sys_global_symbol_to_c_name_address='sed -n -e '"'"'s/^: \([^ ]*\)[ ]*$/  {\"\1\", (void *) 0},/p'"'"' -e '"'"'s/^[ABCDGIRSTW]* \([^ ]*\) \([^ ]*\)$/  {"\2", (void *) \&\2},/p'"'"
lt_cv_sys_global_symbol_to_c_name_address_lib_prefix='sed -n -e '"'"'s/^: \([^ ]*\)[ ]*$/  {\"\1\", (void *) 0},/p'"'"' -e '"'"'s/^[ABCDGIRSTW]* \([^ ]*\) \(lib[^ ]*\)$/  {"\2", (void *) \&\2},/p'"'"' -e '"'"'s/^[ABCDGIRSTW]* \([^ ]*\) \([^ ]*\)$/  {"lib\2", (void *) \&\2},/p'"'"
lt_cv_sys_global_symbol_to_cdecl='sed -n -e '"'"'s/^T .* \(.*\)$/extern int \1();/p'"'"' -e '"'"'s/^[ABCDGIRSTW]* .* \(.*\)$/extern char \1;/p'"'"
lt_cv_sys_max_cmd_len='1572864'
lt_cv_to_host_file_cmd='func_convert_file_noop'
lt_cv_to_tool_file_cmd='func_convert_file_noop'
pac_cv_gnu_attr_format='yes'
pac_cv_gnu_attr_pure='yes'

## ----------------- ##
## Output variables. ##
## ----------------- ##

ACLOCAL='${SHELL} /home/kumamon/Documents/paruj/219351_Webapp_homework/mpich2-1.4/src/openpa/confdb/missing --run aclocal-1.11'
AMDEPBACKSLASH='\'
AMDEP_FALSE='#'
AMDEP_TRUE=''
AMTAR='${SHELL} /home/kumamon/Documents/paruj/219351_Webapp_homework/mpich2-1.4/src/openpa/confdb/missing --run tar'
AR='ar'
AUTOCONF='${SHELL} /home/kumamon/Documents/paruj/219351_Webapp_homework/mpich2-1.4/src/openpa/confdb/missing --run autoconf'
AUTOHEADER='${SHELL} /home/kumamon/Documents/paruj/219351_Webapp_homework/mpich2-1.4/src/openpa/confdb/missing --run autoheader'
AUTOMAKE='${SHELL} /home/kumamon/Documents/paruj/219351_Webapp_homework/mpich2-1.4/src/openpa/confdb/missing --run automake-1.11'
AWK='mawk'
CC='gcc'
CCDEPMODE='depmode=gcc3'
CFLAGS='  '
CPP='gcc -E'
CPPFLAGS=''
CYGPATH_W='echo'
DEFS='-DHAVE_CONFIG_H'
DEPDIR='.deps'
DLLTOOL='false'
DSYMUTIL=''
DUMPBIN=''
ECHO_C=''
ECHO_N='-n'
ECHO_T=''
EGREP='/bin/grep -E'
EXEEXT=''
FGREP='/bin/grep -F'
GREP='/bin/grep'
INSTALL_DATA='${INSTALL} -m 644'
INSTALL_PROGRAM='${INSTALL}'
INSTALL_SCRIPT='${INSTALL}'
INSTALL_STRIP_PROGRAM='$(install_sh) -c -s'
LD='/usr/bin/ld -m elf_x86_64'
LDFLAGS=''
LIBOBJS=''
LIBS='-lpthread '
LIBTOOL='$(SHELL) $(top_builddir)/libtool'
LIPO=''
LN_S='ln -s'
LTLIBOBJS=''
MAKEINFO='${SHELL} /home/kumamon/Documents/paruj/219351_Webapp_homework/mpich2-1.4/src/openpa/confdb/missing --run makeinfo'
MANIFEST_TOOL=':'
MKDIR_P='/bin/mkdir -p'
NM='/usr/bin/nm -B'
NMEDIT=''
OBJDUMP='objdump'
OBJEXT='o'
OTOOL64=''
OTOOL=''
PACKAGE='openpa'
PACKAGE_BUGREPORT='https://trac.mcs.anl.gov/projects/openpa/newticket'
PACKAGE_NAME='OpenPA'
PACKAGE_STRING='OpenPA 1.0.2'
PACKAGE_TARNAME='openpa'
PACKAGE_URL=''
PACKAGE_VERSION='1.0.2'
PATH_SEPARATOR=':'
RANLIB='ranlib'
SED='/bin/sed'
SET_MAKE=''
SHELL='/bin/bash'
STRIP='strip'
VERSION='1.0.2'
ac_ct_AR='ar'
ac_ct_CC='gcc'
ac_ct_DUMPBIN=''
am__EXEEXT_FALSE=''
am__EXEEXT_TRUE='#'
am__fastdepCC_FALSE='#'
am__fastdepCC_TRUE=''
am__include='include'
am__isrc=''
am__leading_dot='.'
am__quote=''
am__tar='${AMTAR} chof - "$$tardir"'
am__untar='${AMTAR} xf -'
bindir='${exec_prefix}/bin'
build='x86_64-unknown-linux-gnu'
build_alias=''
build_cpu='x86_64'
build_os='linux-gnu'
build_vendor='unknown'
datadir='${datarootdir}'
datarootdir='${prefix}/share'
docdir='${datarootdir}/doc/${PACKAGE_TARNAME}'
dvidir='${docdir}'
exec_prefix='${prefix}'
external_pkg_config_libs=''
host='x86_64-unknown-linux-gnu'
host_alias=''
host_cpu='x86_64'
host_os='linux-gnu'
host_vendor='unknown'
htmldir='${docdir}'
includedir='${prefix}/include'
infodir='${datarootdir}/info'
install_sh='${SHELL} /home/kumamon/Documents/paruj/219351_Webapp_homework/mpich2-1.4/src/openpa/confdb/install-sh'
internal_pkg_config_libs=''
libdir='${exec_prefix}/lib'
libexecdir='${exec_prefix}/libexec'
libopa_so_version='1:0'
localedir='${datarootdir}/locale'
localstatedir='${prefix}/var'
mandir='${datarootdir}/man'
mkdir_p='/bin/mkdir -p'
oldincludedir='/usr/include'
pdfdir='${docdir}'
prefix='/usr/local'
program_transform_name='s,x,x,'
psdir='${docdir}'
sbindir='${exec_prefix}/sbin'
sharedstatedir='${prefix}/com'
sysconfdir='${prefix}/etc'
target_alias=''

## ----------- ##
## confdefs.h. ##
## ----------- ##

/* confdefs.h */
#define PACKAGE_NAME "OpenPA"
#define PACKAGE_TARNAME "openpa"
#define PACKAGE_VERSION "1.0.2"
#define PACKAGE_STRING "OpenPA 1.0.2"
#define PACKAGE_BUGREPORT "https://trac.mcs.anl.gov/projects/openpa/newticket"
#define PACKAGE_URL ""
#define PACKAGE "openpa"
#define VERSION "1.0.2"
#define STDC_HEADERS 1
#define HAVE_SYS_TYPES_H 1
#define HAVE_SYS_STAT_H 1
#define HAVE_STDLIB_H 1
#define HAVE_STRING_H 1
#define HAVE_MEMORY_H 1
#define HAVE_STRINGS_H 1
#define HAVE_INTTYPES_H 1
#define HAVE_STDINT_H 1
#define HAVE_UNISTD_H 1
#define HAVE_DLFCN_H 1
#define LT_OBJDIR ".libs/"
#define HAVE_PTHREAD_H 1
#define HAVE_INTTYPES_H 1
#define HAVE_STDINT_H 1
#define HAVE_STDDEF_H 1
#define restrict __restrict
#define HAVE_LIBPTHREAD 1
#define HAVE_PTHREAD_YIELD 1
#define MAX_NTHREADS 100
#define SIZEOF_VOID_P 8
#define SIZEOF_INT 4
#define HAVE_GCC_ATTRIBUTE 1
#define HAVE_GCC_X86_32_64 1
#define HAVE_GCC_X86_32_64_P3 1
#define HAVE_GCC_INTRINSIC_ATOMICS 1

configure: exit 0
