This file contains any messages produced by compilers while
running configure, to aid debugging if configure makes a mistake.

It was created by MPL configure 0.1, which was
generated by GNU Autoconf 2.68.  Invocation command line was

  $ /home/kumamon/Documents/paruj/219351_Webapp_homework/mpich2-1.4/src/mpl/configure --disable-f77 --disable-fc --disable-cxx --disable-option-checking

## --------- ##
## Platform. ##
## --------- ##

hostname = kumamon-home
uname -m = x86_64
uname -r = 3.19.0-51-generic
uname -s = Linux
uname -v = #58~14.04.1-Ubuntu SMP Fri Feb 26 22:02:58 UTC 2016

/usr/bin/uname -p = unknown
/bin/uname -X     = unknown

/bin/arch              = unknown
/usr/bin/arch -k       = unknown
/usr/convex/getsysinfo = unknown
/usr/bin/hostinfo      = unknown
/bin/machine           = unknown
/usr/bin/oslevel       = unknown
/bin/universe          = unknown

PATH: /home/kumamon/rosjava/devel/bin
PATH: /opt/ros/indigo/bin
PATH: /usr/local/sbin
PATH: /usr/local/bin
PATH: /usr/sbin
PATH: /usr/bin
PATH: /sbin
PATH: /bin
PATH: /usr/games
PATH: /usr/local/games


## ----------- ##
## Core tests. ##
## ----------- ##

configure:2226: checking for a BSD-compatible install
configure:2294: result: /usr/bin/install -c
configure:2305: checking whether build environment is sane
configure:2355: result: yes
configure:2496: checking for a thread-safe mkdir -p
configure:2535: result: /bin/mkdir -p
configure:2548: checking for gawk
configure:2578: result: no
configure:2548: checking for mawk
configure:2564: found /usr/bin/mawk
configure:2575: result: mawk
configure:2586: checking whether make sets $(MAKE)
configure:2608: result: yes
configure:2722: checking build system type
configure:2736: result: x86_64-unknown-linux-gnu
configure:2756: checking host system type
configure:2769: result: x86_64-unknown-linux-gnu
configure:2810: checking how to print strings
configure:2837: result: printf
configure:2870: checking for style of include used by make
configure:2898: result: GNU
configure:2968: checking for gcc
configure:2984: found /usr/bin/gcc
configure:2995: result: gcc
configure:3224: checking for C compiler version
configure:3233: gcc --version >&5
gcc (Ubuntu 4.8.4-2ubuntu1~14.04.1) 4.8.4
Copyright (C) 2013 Free Software Foundation, Inc.
This is free software; see the source for copying conditions.  There is NO
warranty; not even for MERCHANTABILITY or FITNESS FOR A PARTICULAR PURPOSE.

configure:3244: $? = 0
configure:3233: gcc -v >&5
Using built-in specs.
COLLECT_GCC=gcc
COLLECT_LTO_WRAPPER=/usr/lib/gcc/x86_64-linux-gnu/4.8/lto-wrapper
Target: x86_64-linux-gnu
Configured with: ../src/configure -v --with-pkgversion='Ubuntu 4.8.4-2ubuntu1~14.04.1' --with-bugurl=file:///usr/share/doc/gcc-4.8/README.Bugs --enable-languages=c,c++,java,go,d,fortran,objc,obj-c++ --prefix=/usr --program-suffix=-4.8 --enable-shared --enable-linker-build-id --libexecdir=/usr/lib --without-included-gettext --enable-threads=posix --with-gxx-include-dir=/usr/include/c++/4.8 --libdir=/usr/lib --enable-nls --with-sysroot=/ --enable-clocale=gnu --enable-libstdcxx-debug --enable-libstdcxx-time=yes --enable-gnu-unique-object --disable-libmudflap --enable-plugin --with-system-zlib --disable-browser-plugin --enable-java-awt=gtk --enable-gtk-cairo --with-java-home=/usr/lib/jvm/java-1.5.0-gcj-4.8-amd64/jre --enable-java-home --with-jvm-root-dir=/usr/lib/jvm/java-1.5.0-gcj-4.8-amd64 --with-jvm-jar-dir=/usr/lib/jvm-exports/java-1.5.0-gcj-4.8-amd64 --with-arch-directory=amd64 --with-ecj-jar=/usr/share/java/eclipse-ecj.jar --enable-objc-gc --enable-multiarch --disable-werror --with-arch-32=i686 --with-abi=m64 --with-multilib-list=m32,m64,mx32 --with-tune=generic --enable-checking=release --build=x86_64-linux-gnu --host=x86_64-linux-gnu --target=x86_64-linux-gnu
Thread model: posix
gcc version 4.8.4 (Ubuntu 4.8.4-2ubuntu1~14.04.1) 
configure:3244: $? = 0
configure:3233: gcc -V >&5
gcc: error: unrecognized command line option '-V'
gcc: fatal error: no input files
compilation terminated.
configure:3244: $? = 4
configure:3233: gcc -qversion >&5
gcc: error: unrecognized command line option '-qversion'
gcc: fatal error: no input files
compilation terminated.
configure:3244: $? = 4
configure:3264: checking whether the C compiler works
configure:3286: gcc      conftest.c  >&5
configure:3290: $? = 0
configure:3338: result: yes
configure:3341: checking for C compiler default output file name
configure:3343: result: a.out
configure:3349: checking for suffix of executables
configure:3356: gcc -o conftest      conftest.c  >&5
configure:3360: $? = 0
configure:3382: result: 
configure:3404: checking whether we are cross compiling
configure:3412: gcc -o conftest      conftest.c  >&5
configure:3416: $? = 0
configure:3423: ./conftest
configure:3427: $? = 0
configure:3442: result: no
configure:3447: checking for suffix of object files
configure:3469: gcc -c     conftest.c >&5
configure:3473: $? = 0
configure:3494: result: o
configure:3498: checking whether we are using the GNU C compiler
configure:3517: gcc -c     conftest.c >&5
configure:3517: $? = 0
configure:3526: result: yes
configure:3535: checking whether gcc accepts -g
configure:3555: gcc -c -g  conftest.c >&5
configure:3555: $? = 0
configure:3596: result: yes
configure:3613: checking for gcc option to accept ISO C89
configure:3677: gcc  -c     conftest.c >&5
configure:3677: $? = 0
configure:3690: result: none needed
configure:3712: checking dependency style of gcc
configure:3822: result: gcc3
configure:3837: checking for a sed that does not truncate output
configure:3901: result: /bin/sed
configure:3919: checking for grep that handles long lines and -e
configure:3977: result: /bin/grep
configure:3982: checking for egrep
configure:4044: result: /bin/grep -E
configure:4049: checking for fgrep
configure:4111: result: /bin/grep -F
configure:4146: checking for ld used by gcc
configure:4213: result: /usr/bin/ld
configure:4220: checking if the linker (/usr/bin/ld) is GNU ld
configure:4235: result: yes
configure:4247: checking for BSD- or MS-compatible name lister (nm)
configure:4296: result: /usr/bin/nm -B
configure:4426: checking the name lister (/usr/bin/nm -B) interface
configure:4433: gcc -c     conftest.c >&5
configure:4436: /usr/bin/nm -B "conftest.o"
configure:4439: output
0000000000000000 B some_variable
configure:4446: result: BSD nm
configure:4449: checking whether ln -s works
configure:4453: result: yes
configure:4461: checking the maximum length of command line arguments
configure:4586: result: 1572864
configure:4603: checking whether the shell understands some XSI constructs
configure:4613: result: yes
configure:4617: checking whether the shell understands "+="
configure:4623: result: no
configure:4658: checking how to convert x86_64-unknown-linux-gnu file names to x86_64-unknown-linux-gnu format
configure:4698: result: func_convert_file_noop
configure:4705: checking how to convert x86_64-unknown-linux-gnu file names to toolchain format
configure:4725: result: func_convert_file_noop
configure:4732: checking for /usr/bin/ld option to reload object files
configure:4739: result: -r
configure:4813: checking for objdump
configure:4829: found /usr/bin/objdump
configure:4840: result: objdump
configure:4872: checking how to recognize dependent libraries
configure:5074: result: pass_all
configure:5159: checking for dlltool
configure:5189: result: no
configure:5219: checking how to associate runtime and link libraries
configure:5246: result: printf %s\n
configure:5307: checking for ar
configure:5323: found /usr/bin/ar
configure:5334: result: ar
configure:5371: checking for archiver @FILE support
configure:5388: gcc -c     conftest.c >&5
configure:5388: $? = 0
configure:5391: ar cru libconftest.a @conftest.lst >&5
configure:5394: $? = 0
configure:5399: ar cru libconftest.a @conftest.lst >&5
ar: conftest.o: No such file or directory
configure:5402: $? = 1
configure:5414: result: @
configure:5472: checking for strip
configure:5488: found /usr/bin/strip
configure:5499: result: strip
configure:5571: checking for ranlib
configure:5587: found /usr/bin/ranlib
configure:5598: result: ranlib
configure:5700: checking command to parse /usr/bin/nm -B output from gcc object
configure:5819: gcc -c     conftest.c >&5
configure:5822: $? = 0
configure:5826: /usr/bin/nm -B conftest.o \| sed -n -e 's/^.*[ ]\([ABCDGIRSTW][ABCDGIRSTW]*\)[ ][ ]*\([_A-Za-z][_A-Za-z0-9]*\)$/  /p' | sed '/ __gnu_lto/d' \> conftest.nm
configure:5829: $? = 0
configure:5895: gcc -o conftest      conftest.c conftstm.o >&5
configure:5898: $? = 0
configure:5936: result: ok
configure:5973: checking for sysroot
configure:6003: result: no
configure:6080: gcc -c     conftest.c >&5
configure:6083: $? = 0
configure:6246: checking for mt
configure:6262: found /bin/mt
configure:6273: result: mt
configure:6296: checking if mt is a manifest tool
configure:6302: mt '-?'
configure:6310: result: no
configure:6942: checking how to run the C preprocessor
configure:6973: gcc -E  conftest.c
configure:6973: $? = 0
configure:6987: gcc -E  conftest.c
conftest.c:11:28: fatal error: ac_nonexistent.h: No such file or directory
 #include <ac_nonexistent.h>
                            ^
compilation terminated.
configure:6987: $? = 1
configure: failed program was:
| /* confdefs.h */
| #define PACKAGE_NAME "MPL"
| #define PACKAGE_TARNAME "mpl"
| #define PACKAGE_VERSION "0.1"
| #define PACKAGE_STRING "MPL 0.1"
| #define PACKAGE_BUGREPORT ""
| #define PACKAGE_URL ""
| #define PACKAGE "mpl"
| #define VERSION "0.1"
| /* end confdefs.h.  */
| #include <ac_nonexistent.h>
configure:7012: result: gcc -E
configure:7032: gcc -E  conftest.c
configure:7032: $? = 0
configure:7046: gcc -E  conftest.c
conftest.c:11:28: fatal error: ac_nonexistent.h: No such file or directory
 #include <ac_nonexistent.h>
                            ^
compilation terminated.
configure:7046: $? = 1
configure: failed program was:
| /* confdefs.h */
| #define PACKAGE_NAME "MPL"
| #define PACKAGE_TARNAME "mpl"
| #define PACKAGE_VERSION "0.1"
| #define PACKAGE_STRING "MPL 0.1"
| #define PACKAGE_BUGREPORT ""
| #define PACKAGE_URL ""
| #define PACKAGE "mpl"
| #define VERSION "0.1"
| /* end confdefs.h.  */
| #include <ac_nonexistent.h>
configure:7075: checking for ANSI C header files
configure:7095: gcc -c     conftest.c >&5
configure:7095: $? = 0
configure:7168: gcc -o conftest      conftest.c  >&5
configure:7168: $? = 0
configure:7168: ./conftest
configure:7168: $? = 0
configure:7179: result: yes
configure:7192: checking for sys/types.h
configure:7192: gcc -c     conftest.c >&5
configure:7192: $? = 0
configure:7192: result: yes
configure:7192: checking for sys/stat.h
configure:7192: gcc -c     conftest.c >&5
configure:7192: $? = 0
configure:7192: result: yes
configure:7192: checking for stdlib.h
configure:7192: gcc -c     conftest.c >&5
configure:7192: $? = 0
configure:7192: result: yes
configure:7192: checking for string.h
configure:7192: gcc -c     conftest.c >&5
configure:7192: $? = 0
configure:7192: result: yes
configure:7192: checking for memory.h
configure:7192: gcc -c     conftest.c >&5
configure:7192: $? = 0
configure:7192: result: yes
configure:7192: checking for strings.h
configure:7192: gcc -c     conftest.c >&5
configure:7192: $? = 0
configure:7192: result: yes
configure:7192: checking for inttypes.h
configure:7192: gcc -c     conftest.c >&5
configure:7192: $? = 0
configure:7192: result: yes
configure:7192: checking for stdint.h
configure:7192: gcc -c     conftest.c >&5
configure:7192: $? = 0
configure:7192: result: yes
configure:7192: checking for unistd.h
configure:7192: gcc -c     conftest.c >&5
configure:7192: $? = 0
configure:7192: result: yes
configure:7206: checking for dlfcn.h
configure:7206: gcc -c     conftest.c >&5
configure:7206: $? = 0
configure:7206: result: yes
configure:7392: checking for objdir
configure:7407: result: .libs
configure:7678: checking if gcc supports -fno-rtti -fno-exceptions
configure:7696: gcc -c     -fno-rtti -fno-exceptions conftest.c >&5
cc1: warning: command line option '-fno-rtti' is valid for C++/ObjC++ but not for C [enabled by default]
configure:7700: $? = 0
configure:7713: result: no
configure:8023: checking for gcc option to produce PIC
configure:8030: result: -fPIC -DPIC
configure:8038: checking if gcc PIC flag -fPIC -DPIC works
configure:8056: gcc -c     -fPIC -DPIC -DPIC conftest.c >&5
configure:8060: $? = 0
configure:8073: result: yes
configure:8102: checking if gcc static flag -static works
configure:8130: result: yes
configure:8145: checking if gcc supports -c -o file.o
configure:8166: gcc -c     -o out/conftest2.o conftest.c >&5
configure:8170: $? = 0
configure:8192: result: yes
configure:8200: checking if gcc supports -c -o file.o
configure:8247: result: yes
configure:8280: checking whether the gcc linker (/usr/bin/ld -m elf_x86_64) supports shared libraries
configure:9438: result: yes
configure:9683: checking dynamic linker characteristics
configure:10197: gcc -o conftest      -Wl,-rpath -Wl,/foo conftest.c  >&5
configure:10197: $? = 0
configure:10419: result: GNU/Linux ld.so
configure:10526: checking how to hardcode library paths into programs
configure:10551: result: immediate
configure:11091: checking whether stripping libraries is possible
configure:11096: result: yes
configure:11131: checking if libtool supports shared libraries
configure:11133: result: yes
configure:11136: checking whether to build shared libraries
configure:11157: result: no
configure:11160: checking whether to build static libraries
configure:11164: result: yes
configure:11347: checking for C compiler version
configure:11356: gcc --version >&5
gcc (Ubuntu 4.8.4-2ubuntu1~14.04.1) 4.8.4
Copyright (C) 2013 Free Software Foundation, Inc.
This is free software; see the source for copying conditions.  There is NO
warranty; not even for MERCHANTABILITY or FITNESS FOR A PARTICULAR PURPOSE.

configure:11367: $? = 0
configure:11356: gcc -v >&5
Using built-in specs.
COLLECT_GCC=gcc
COLLECT_LTO_WRAPPER=/usr/lib/gcc/x86_64-linux-gnu/4.8/lto-wrapper
Target: x86_64-linux-gnu
Configured with: ../src/configure -v --with-pkgversion='Ubuntu 4.8.4-2ubuntu1~14.04.1' --with-bugurl=file:///usr/share/doc/gcc-4.8/README.Bugs --enable-languages=c,c++,java,go,d,fortran,objc,obj-c++ --prefix=/usr --program-suffix=-4.8 --enable-shared --enable-linker-build-id --libexecdir=/usr/lib --without-included-gettext --enable-threads=posix --with-gxx-include-dir=/usr/include/c++/4.8 --libdir=/usr/lib --enable-nls --with-sysroot=/ --enable-clocale=gnu --enable-libstdcxx-debug --enable-libstdcxx-time=yes --enable-gnu-unique-object --disable-libmudflap --enable-plugin --with-system-zlib --disable-browser-plugin --enable-java-awt=gtk --enable-gtk-cairo --with-java-home=/usr/lib/jvm/java-1.5.0-gcj-4.8-amd64/jre --enable-java-home --with-jvm-root-dir=/usr/lib/jvm/java-1.5.0-gcj-4.8-amd64 --with-jvm-jar-dir=/usr/lib/jvm-exports/java-1.5.0-gcj-4.8-amd64 --with-arch-directory=amd64 --with-ecj-jar=/usr/share/java/eclipse-ecj.jar --enable-objc-gc --enable-multiarch --disable-werror --with-arch-32=i686 --with-abi=m64 --with-multilib-list=m32,m64,mx32 --with-tune=generic --enable-checking=release --build=x86_64-linux-gnu --host=x86_64-linux-gnu --target=x86_64-linux-gnu
Thread model: posix
gcc version 4.8.4 (Ubuntu 4.8.4-2ubuntu1~14.04.1) 
configure:11367: $? = 0
configure:11356: gcc -V >&5
gcc: error: unrecognized command line option '-V'
gcc: fatal error: no input files
compilation terminated.
configure:11367: $? = 4
configure:11356: gcc -qversion >&5
gcc: error: unrecognized command line option '-qversion'
gcc: fatal error: no input files
compilation terminated.
configure:11367: $? = 4
configure:11371: checking whether we are using the GNU C compiler
configure:11399: result: yes
configure:11408: checking whether gcc accepts -g
configure:11469: result: yes
configure:11486: checking for gcc option to accept ISO C89
configure:11563: result: none needed
configure:11585: checking dependency style of gcc
configure:11695: result: gcc3
configure:11716: checking for an ANSI C-conforming const
configure:11781: gcc -c     conftest.c >&5
configure:11781: $? = 0
configure:11788: result: yes
configure:11796: checking for C/C++ restrict keyword
configure:11821: gcc -c     conftest.c >&5
configure:11821: $? = 0
configure:11829: result: __restrict
configure:11844: checking for variable argument list macro functionality
configure:11860: gcc -o conftest      conftest.c  >&5
configure:11860: $? = 0
configure:11864: result: yes
configure:11877: checking stdio.h usability
configure:11877: gcc -c     conftest.c >&5
configure:11877: $? = 0
configure:11877: result: yes
configure:11877: checking stdio.h presence
configure:11877: gcc -E  conftest.c
configure:11877: $? = 0
configure:11877: result: yes
configure:11877: checking for stdio.h
configure:11877: result: yes
configure:11877: checking for stdlib.h
configure:11877: result: yes
configure:11877: checking for string.h
configure:11877: result: yes
configure:11877: checking stdarg.h usability
configure:11877: gcc -c     conftest.c >&5
configure:11877: $? = 0
configure:11877: result: yes
configure:11877: checking stdarg.h presence
configure:11877: gcc -E  conftest.c
configure:11877: $? = 0
configure:11877: result: yes
configure:11877: checking for stdarg.h
configure:11877: result: yes
configure:11877: checking ctype.h usability
configure:11877: gcc -c     conftest.c >&5
configure:11877: $? = 0
configure:11877: result: yes
configure:11877: checking ctype.h presence
configure:11877: gcc -E  conftest.c
configure:11877: $? = 0
configure:11877: result: yes
configure:11877: checking for ctype.h
configure:11877: result: yes
configure:11892: checking for inttypes.h
configure:11892: result: yes
configure:11892: checking for stdint.h
configure:11892: result: yes
configure:11934: checking valgrind.h usability
configure:11934: gcc -c     conftest.c >&5
conftest.c:65:22: fatal error: valgrind.h: No such file or directory
 #include <valgrind.h>
                      ^
compilation terminated.
configure:11934: $? = 1
configure: failed program was:
| /* confdefs.h */
| #define PACKAGE_NAME "MPL"
| #define PACKAGE_TARNAME "mpl"
| #define PACKAGE_VERSION "0.1"
| #define PACKAGE_STRING "MPL 0.1"
| #define PACKAGE_BUGREPORT ""
| #define PACKAGE_URL ""
| #define PACKAGE "mpl"
| #define VERSION "0.1"
| #define STDC_HEADERS 1
| #define HAVE_SYS_TYPES_H 1
| #define HAVE_SYS_STAT_H 1
| #define HAVE_STDLIB_H 1
| #define HAVE_STRING_H 1
| #define HAVE_MEMORY_H 1
| #define HAVE_STRINGS_H 1
| #define HAVE_INTTYPES_H 1
| #define HAVE_STDINT_H 1
| #define HAVE_UNISTD_H 1
| #define HAVE_DLFCN_H 1
| #define LT_OBJDIR ".libs/"
| #define restrict __restrict
| #define HAVE_MACRO_VA_ARGS 1
| #define HAVE_STDIO_H 1
| #define HAVE_STDLIB_H 1
| #define HAVE_STRING_H 1
| #define HAVE_STDARG_H 1
| #define HAVE_CTYPE_H 1
| #define HAVE_INTTYPES_H 1
| #define HAVE_STDINT_H 1
| /* end confdefs.h.  */
| #include <stdio.h>
| #ifdef HAVE_SYS_TYPES_H
| # include <sys/types.h>
| #endif
| #ifdef HAVE_SYS_STAT_H
| # include <sys/stat.h>
| #endif
| #ifdef STDC_HEADERS
| # include <stdlib.h>
| # include <stddef.h>
| #else
| # ifdef HAVE_STDLIB_H
| #  include <stdlib.h>
| # endif
| #endif
| #ifdef HAVE_STRING_H
| # if !defined STDC_HEADERS && defined HAVE_MEMORY_H
| #  include <memory.h>
| # endif
| # include <string.h>
| #endif
| #ifdef HAVE_STRINGS_H
| # include <strings.h>
| #endif
| #ifdef HAVE_INTTYPES_H
| # include <inttypes.h>
| #endif
| #ifdef HAVE_STDINT_H
| # include <stdint.h>
| #endif
| #ifdef HAVE_UNISTD_H
| # include <unistd.h>
| #endif
| #include <valgrind.h>
configure:11934: result: no
configure:11934: checking valgrind.h presence
configure:11934: gcc -E  conftest.c
conftest.c:32:22: fatal error: valgrind.h: No such file or directory
 #include <valgrind.h>
                      ^
compilation terminated.
configure:11934: $? = 1
configure: failed program was:
| /* confdefs.h */
| #define PACKAGE_NAME "MPL"
| #define PACKAGE_TARNAME "mpl"
| #define PACKAGE_VERSION "0.1"
| #define PACKAGE_STRING "MPL 0.1"
| #define PACKAGE_BUGREPORT ""
| #define PACKAGE_URL ""
| #define PACKAGE "mpl"
| #define VERSION "0.1"
| #define STDC_HEADERS 1
| #define HAVE_SYS_TYPES_H 1
| #define HAVE_SYS_STAT_H 1
| #define HAVE_STDLIB_H 1
| #define HAVE_STRING_H 1
| #define HAVE_MEMORY_H 1
| #define HAVE_STRINGS_H 1
| #define HAVE_INTTYPES_H 1
| #define HAVE_STDINT_H 1
| #define HAVE_UNISTD_H 1
| #define HAVE_DLFCN_H 1
| #define LT_OBJDIR ".libs/"
| #define restrict __restrict
| #define HAVE_MACRO_VA_ARGS 1
| #define HAVE_STDIO_H 1
| #define HAVE_STDLIB_H 1
| #define HAVE_STRING_H 1
| #define HAVE_STDARG_H 1
| #define HAVE_CTYPE_H 1
| #define HAVE_INTTYPES_H 1
| #define HAVE_STDINT_H 1
| /* end confdefs.h.  */
| #include <valgrind.h>
configure:11934: result: no
configure:11934: checking for valgrind.h
configure:11934: result: no
configure:11934: checking memcheck.h usability
configure:11934: gcc -c     conftest.c >&5
conftest.c:65:22: fatal error: memcheck.h: No such file or directory
 #include <memcheck.h>
                      ^
compilation terminated.
configure:11934: $? = 1
configure: failed program was:
| /* confdefs.h */
| #define PACKAGE_NAME "MPL"
| #define PACKAGE_TARNAME "mpl"
| #define PACKAGE_VERSION "0.1"
| #define PACKAGE_STRING "MPL 0.1"
| #define PACKAGE_BUGREPORT ""
| #define PACKAGE_URL ""
| #define PACKAGE "mpl"
| #define VERSION "0.1"
| #define STDC_HEADERS 1
| #define HAVE_SYS_TYPES_H 1
| #define HAVE_SYS_STAT_H 1
| #define HAVE_STDLIB_H 1
| #define HAVE_STRING_H 1
| #define HAVE_MEMORY_H 1
| #define HAVE_STRINGS_H 1
| #define HAVE_INTTYPES_H 1
| #define HAVE_STDINT_H 1
| #define HAVE_UNISTD_H 1
| #define HAVE_DLFCN_H 1
| #define LT_OBJDIR ".libs/"
| #define restrict __restrict
| #define HAVE_MACRO_VA_ARGS 1
| #define HAVE_STDIO_H 1
| #define HAVE_STDLIB_H 1
| #define HAVE_STRING_H 1
| #define HAVE_STDARG_H 1
| #define HAVE_CTYPE_H 1
| #define HAVE_INTTYPES_H 1
| #define HAVE_STDINT_H 1
| /* end confdefs.h.  */
| #include <stdio.h>
| #ifdef HAVE_SYS_TYPES_H
| # include <sys/types.h>
| #endif
| #ifdef HAVE_SYS_STAT_H
| # include <sys/stat.h>
| #endif
| #ifdef STDC_HEADERS
| # include <stdlib.h>
| # include <stddef.h>
| #else
| # ifdef HAVE_STDLIB_H
| #  include <stdlib.h>
| # endif
| #endif
| #ifdef HAVE_STRING_H
| # if !defined STDC_HEADERS && defined HAVE_MEMORY_H
| #  include <memory.h>
| # endif
| # include <string.h>
| #endif
| #ifdef HAVE_STRINGS_H
| # include <strings.h>
| #endif
| #ifdef HAVE_INTTYPES_H
| # include <inttypes.h>
| #endif
| #ifdef HAVE_STDINT_H
| # include <stdint.h>
| #endif
| #ifdef HAVE_UNISTD_H
| # include <unistd.h>
| #endif
| #include <memcheck.h>
configure:11934: result: no
configure:11934: checking memcheck.h presence
configure:11934: gcc -E  conftest.c
conftest.c:32:22: fatal error: memcheck.h: No such file or directory
 #include <memcheck.h>
                      ^
compilation terminated.
configure:11934: $? = 1
configure: failed program was:
| /* confdefs.h */
| #define PACKAGE_NAME "MPL"
| #define PACKAGE_TARNAME "mpl"
| #define PACKAGE_VERSION "0.1"
| #define PACKAGE_STRING "MPL 0.1"
| #define PACKAGE_BUGREPORT ""
| #define PACKAGE_URL ""
| #define PACKAGE "mpl"
| #define VERSION "0.1"
| #define STDC_HEADERS 1
| #define HAVE_SYS_TYPES_H 1
| #define HAVE_SYS_STAT_H 1
| #define HAVE_STDLIB_H 1
| #define HAVE_STRING_H 1
| #define HAVE_MEMORY_H 1
| #define HAVE_STRINGS_H 1
| #define HAVE_INTTYPES_H 1
| #define HAVE_STDINT_H 1
| #define HAVE_UNISTD_H 1
| #define HAVE_DLFCN_H 1
| #define LT_OBJDIR ".libs/"
| #define restrict __restrict
| #define HAVE_MACRO_VA_ARGS 1
| #define HAVE_STDIO_H 1
| #define HAVE_STDLIB_H 1
| #define HAVE_STRING_H 1
| #define HAVE_STDARG_H 1
| #define HAVE_CTYPE_H 1
| #define HAVE_INTTYPES_H 1
| #define HAVE_STDINT_H 1
| /* end confdefs.h.  */
| #include <memcheck.h>
configure:11934: result: no
configure:11934: checking for memcheck.h
configure:11934: result: no
configure:11934: checking valgrind/valgrind.h usability
configure:11934: gcc -c     conftest.c >&5
conftest.c:65:31: fatal error: valgrind/valgrind.h: No such file or directory
 #include <valgrind/valgrind.h>
                               ^
compilation terminated.
configure:11934: $? = 1
configure: failed program was:
| /* confdefs.h */
| #define PACKAGE_NAME "MPL"
| #define PACKAGE_TARNAME "mpl"
| #define PACKAGE_VERSION "0.1"
| #define PACKAGE_STRING "MPL 0.1"
| #define PACKAGE_BUGREPORT ""
| #define PACKAGE_URL ""
| #define PACKAGE "mpl"
| #define VERSION "0.1"
| #define STDC_HEADERS 1
| #define HAVE_SYS_TYPES_H 1
| #define HAVE_SYS_STAT_H 1
| #define HAVE_STDLIB_H 1
| #define HAVE_STRING_H 1
| #define HAVE_MEMORY_H 1
| #define HAVE_STRINGS_H 1
| #define HAVE_INTTYPES_H 1
| #define HAVE_STDINT_H 1
| #define HAVE_UNISTD_H 1
| #define HAVE_DLFCN_H 1
| #define LT_OBJDIR ".libs/"
| #define restrict __restrict
| #define HAVE_MACRO_VA_ARGS 1
| #define HAVE_STDIO_H 1
| #define HAVE_STDLIB_H 1
| #define HAVE_STRING_H 1
| #define HAVE_STDARG_H 1
| #define HAVE_CTYPE_H 1
| #define HAVE_INTTYPES_H 1
| #define HAVE_STDINT_H 1
| /* end confdefs.h.  */
| #include <stdio.h>
| #ifdef HAVE_SYS_TYPES_H
| # include <sys/types.h>
| #endif
| #ifdef HAVE_SYS_STAT_H
| # include <sys/stat.h>
| #endif
| #ifdef STDC_HEADERS
| # include <stdlib.h>
| # include <stddef.h>
| #else
| # ifdef HAVE_STDLIB_H
| #  include <stdlib.h>
| # endif
| #endif
| #ifdef HAVE_STRING_H
| # if !defined STDC_HEADERS && defined HAVE_MEMORY_H
| #  include <memory.h>
| # endif
| # include <string.h>
| #endif
| #ifdef HAVE_STRINGS_H
| # include <strings.h>
| #endif
| #ifdef HAVE_INTTYPES_H
| # include <inttypes.h>
| #endif
| #ifdef HAVE_STDINT_H
| # include <stdint.h>
| #endif
| #ifdef HAVE_UNISTD_H
| # include <unistd.h>
| #endif
| #include <valgrind/valgrind.h>
configure:11934: result: no
configure:11934: checking valgrind/valgrind.h presence
configure:11934: gcc -E  conftest.c
conftest.c:32:31: fatal error: valgrind/valgrind.h: No such file or directory
 #include <valgrind/valgrind.h>
                               ^
compilation terminated.
configure:11934: $? = 1
configure: failed program was:
| /* confdefs.h */
| #define PACKAGE_NAME "MPL"
| #define PACKAGE_TARNAME "mpl"
| #define PACKAGE_VERSION "0.1"
| #define PACKAGE_STRING "MPL 0.1"
| #define PACKAGE_BUGREPORT ""
| #define PACKAGE_URL ""
| #define PACKAGE "mpl"
| #define VERSION "0.1"
| #define STDC_HEADERS 1
| #define HAVE_SYS_TYPES_H 1
| #define HAVE_SYS_STAT_H 1
| #define HAVE_STDLIB_H 1
| #define HAVE_STRING_H 1
| #define HAVE_MEMORY_H 1
| #define HAVE_STRINGS_H 1
| #define HAVE_INTTYPES_H 1
| #define HAVE_STDINT_H 1
| #define HAVE_UNISTD_H 1
| #define HAVE_DLFCN_H 1
| #define LT_OBJDIR ".libs/"
| #define restrict __restrict
| #define HAVE_MACRO_VA_ARGS 1
| #define HAVE_STDIO_H 1
| #define HAVE_STDLIB_H 1
| #define HAVE_STRING_H 1
| #define HAVE_STDARG_H 1
| #define HAVE_CTYPE_H 1
| #define HAVE_INTTYPES_H 1
| #define HAVE_STDINT_H 1
| /* end confdefs.h.  */
| #include <valgrind/valgrind.h>
configure:11934: result: no
configure:11934: checking for valgrind/valgrind.h
configure:11934: result: no
configure:11934: checking valgrind/memcheck.h usability
configure:11934: gcc -c     conftest.c >&5
conftest.c:65:31: fatal error: valgrind/memcheck.h: No such file or directory
 #include <valgrind/memcheck.h>
                               ^
compilation terminated.
configure:11934: $? = 1
configure: failed program was:
| /* confdefs.h */
| #define PACKAGE_NAME "MPL"
| #define PACKAGE_TARNAME "mpl"
| #define PACKAGE_VERSION "0.1"
| #define PACKAGE_STRING "MPL 0.1"
| #define PACKAGE_BUGREPORT ""
| #define PACKAGE_URL ""
| #define PACKAGE "mpl"
| #define VERSION "0.1"
| #define STDC_HEADERS 1
| #define HAVE_SYS_TYPES_H 1
| #define HAVE_SYS_STAT_H 1
| #define HAVE_STDLIB_H 1
| #define HAVE_STRING_H 1
| #define HAVE_MEMORY_H 1
| #define HAVE_STRINGS_H 1
| #define HAVE_INTTYPES_H 1
| #define HAVE_STDINT_H 1
| #define HAVE_UNISTD_H 1
| #define HAVE_DLFCN_H 1
| #define LT_OBJDIR ".libs/"
| #define restrict __restrict
| #define HAVE_MACRO_VA_ARGS 1
| #define HAVE_STDIO_H 1
| #define HAVE_STDLIB_H 1
| #define HAVE_STRING_H 1
| #define HAVE_STDARG_H 1
| #define HAVE_CTYPE_H 1
| #define HAVE_INTTYPES_H 1
| #define HAVE_STDINT_H 1
| /* end confdefs.h.  */
| #include <stdio.h>
| #ifdef HAVE_SYS_TYPES_H
| # include <sys/types.h>
| #endif
| #ifdef HAVE_SYS_STAT_H
| # include <sys/stat.h>
| #endif
| #ifdef STDC_HEADERS
| # include <stdlib.h>
| # include <stddef.h>
| #else
| # ifdef HAVE_STDLIB_H
| #  include <stdlib.h>
| # endif
| #endif
| #ifdef HAVE_STRING_H
| # if !defined STDC_HEADERS && defined HAVE_MEMORY_H
| #  include <memory.h>
| # endif
| # include <string.h>
| #endif
| #ifdef HAVE_STRINGS_H
| # include <strings.h>
| #endif
| #ifdef HAVE_INTTYPES_H
| # include <inttypes.h>
| #endif
| #ifdef HAVE_STDINT_H
| # include <stdint.h>
| #endif
| #ifdef HAVE_UNISTD_H
| # include <unistd.h>
| #endif
| #include <valgrind/memcheck.h>
configure:11934: result: no
configure:11934: checking valgrind/memcheck.h presence
configure:11934: gcc -E  conftest.c
conftest.c:32:31: fatal error: valgrind/memcheck.h: No such file or directory
 #include <valgrind/memcheck.h>
                               ^
compilation terminated.
configure:11934: $? = 1
configure: failed program was:
| /* confdefs.h */
| #define PACKAGE_NAME "MPL"
| #define PACKAGE_TARNAME "mpl"
| #define PACKAGE_VERSION "0.1"
| #define PACKAGE_STRING "MPL 0.1"
| #define PACKAGE_BUGREPORT ""
| #define PACKAGE_URL ""
| #define PACKAGE "mpl"
| #define VERSION "0.1"
| #define STDC_HEADERS 1
| #define HAVE_SYS_TYPES_H 1
| #define HAVE_SYS_STAT_H 1
| #define HAVE_STDLIB_H 1
| #define HAVE_STRING_H 1
| #define HAVE_MEMORY_H 1
| #define HAVE_STRINGS_H 1
| #define HAVE_INTTYPES_H 1
| #define HAVE_STDINT_H 1
| #define HAVE_UNISTD_H 1
| #define HAVE_DLFCN_H 1
| #define LT_OBJDIR ".libs/"
| #define restrict __restrict
| #define HAVE_MACRO_VA_ARGS 1
| #define HAVE_STDIO_H 1
| #define HAVE_STDLIB_H 1
| #define HAVE_STRING_H 1
| #define HAVE_STDARG_H 1
| #define HAVE_CTYPE_H 1
| #define HAVE_INTTYPES_H 1
| #define HAVE_STDINT_H 1
| /* end confdefs.h.  */
| #include <valgrind/memcheck.h>
configure:11934: result: no
configure:11934: checking for valgrind/memcheck.h
configure:11934: result: no
configure:11950: checking helgrind.h usability
configure:11950: gcc -c     conftest.c >&5
conftest.c:65:22: fatal error: helgrind.h: No such file or directory
 #include <helgrind.h>
                      ^
compilation terminated.
configure:11950: $? = 1
configure: failed program was:
| /* confdefs.h */
| #define PACKAGE_NAME "MPL"
| #define PACKAGE_TARNAME "mpl"
| #define PACKAGE_VERSION "0.1"
| #define PACKAGE_STRING "MPL 0.1"
| #define PACKAGE_BUGREPORT ""
| #define PACKAGE_URL ""
| #define PACKAGE "mpl"
| #define VERSION "0.1"
| #define STDC_HEADERS 1
| #define HAVE_SYS_TYPES_H 1
| #define HAVE_SYS_STAT_H 1
| #define HAVE_STDLIB_H 1
| #define HAVE_STRING_H 1
| #define HAVE_MEMORY_H 1
| #define HAVE_STRINGS_H 1
| #define HAVE_INTTYPES_H 1
| #define HAVE_STDINT_H 1
| #define HAVE_UNISTD_H 1
| #define HAVE_DLFCN_H 1
| #define LT_OBJDIR ".libs/"
| #define restrict __restrict
| #define HAVE_MACRO_VA_ARGS 1
| #define HAVE_STDIO_H 1
| #define HAVE_STDLIB_H 1
| #define HAVE_STRING_H 1
| #define HAVE_STDARG_H 1
| #define HAVE_CTYPE_H 1
| #define HAVE_INTTYPES_H 1
| #define HAVE_STDINT_H 1
| /* end confdefs.h.  */
| #include <stdio.h>
| #ifdef HAVE_SYS_TYPES_H
| # include <sys/types.h>
| #endif
| #ifdef HAVE_SYS_STAT_H
| # include <sys/stat.h>
| #endif
| #ifdef STDC_HEADERS
| # include <stdlib.h>
| # include <stddef.h>
| #else
| # ifdef HAVE_STDLIB_H
| #  include <stdlib.h>
| # endif
| #endif
| #ifdef HAVE_STRING_H
| # if !defined STDC_HEADERS && defined HAVE_MEMORY_H
| #  include <memory.h>
| # endif
| # include <string.h>
| #endif
| #ifdef HAVE_STRINGS_H
| # include <strings.h>
| #endif
| #ifdef HAVE_INTTYPES_H
| # include <inttypes.h>
| #endif
| #ifdef HAVE_STDINT_H
| # include <stdint.h>
| #endif
| #ifdef HAVE_UNISTD_H
| # include <unistd.h>
| #endif
| #include <helgrind.h>
configure:11950: result: no
configure:11950: checking helgrind.h presence
configure:11950: gcc -E  conftest.c
conftest.c:32:22: fatal error: helgrind.h: No such file or directory
 #include <helgrind.h>
                      ^
compilation terminated.
configure:11950: $? = 1
configure: failed program was:
| /* confdefs.h */
| #define PACKAGE_NAME "MPL"
| #define PACKAGE_TARNAME "mpl"
| #define PACKAGE_VERSION "0.1"
| #define PACKAGE_STRING "MPL 0.1"
| #define PACKAGE_BUGREPORT ""
| #define PACKAGE_URL ""
| #define PACKAGE "mpl"
| #define VERSION "0.1"
| #define STDC_HEADERS 1
| #define HAVE_SYS_TYPES_H 1
| #define HAVE_SYS_STAT_H 1
| #define HAVE_STDLIB_H 1
| #define HAVE_STRING_H 1
| #define HAVE_MEMORY_H 1
| #define HAVE_STRINGS_H 1
| #define HAVE_INTTYPES_H 1
| #define HAVE_STDINT_H 1
| #define HAVE_UNISTD_H 1
| #define HAVE_DLFCN_H 1
| #define LT_OBJDIR ".libs/"
| #define restrict __restrict
| #define HAVE_MACRO_VA_ARGS 1
| #define HAVE_STDIO_H 1
| #define HAVE_STDLIB_H 1
| #define HAVE_STRING_H 1
| #define HAVE_STDARG_H 1
| #define HAVE_CTYPE_H 1
| #define HAVE_INTTYPES_H 1
| #define HAVE_STDINT_H 1
| /* end confdefs.h.  */
| #include <helgrind.h>
configure:11950: result: no
configure:11950: checking for helgrind.h
configure:11950: result: no
configure:11950: checking valgrind/helgrind.h usability
configure:11950: gcc -c     conftest.c >&5
conftest.c:65:31: fatal error: valgrind/helgrind.h: No such file or directory
 #include <valgrind/helgrind.h>
                               ^
compilation terminated.
configure:11950: $? = 1
configure: failed program was:
| /* confdefs.h */
| #define PACKAGE_NAME "MPL"
| #define PACKAGE_TARNAME "mpl"
| #define PACKAGE_VERSION "0.1"
| #define PACKAGE_STRING "MPL 0.1"
| #define PACKAGE_BUGREPORT ""
| #define PACKAGE_URL ""
| #define PACKAGE "mpl"
| #define VERSION "0.1"
| #define STDC_HEADERS 1
| #define HAVE_SYS_TYPES_H 1
| #define HAVE_SYS_STAT_H 1
| #define HAVE_STDLIB_H 1
| #define HAVE_STRING_H 1
| #define HAVE_MEMORY_H 1
| #define HAVE_STRINGS_H 1
| #define HAVE_INTTYPES_H 1
| #define HAVE_STDINT_H 1
| #define HAVE_UNISTD_H 1
| #define HAVE_DLFCN_H 1
| #define LT_OBJDIR ".libs/"
| #define restrict __restrict
| #define HAVE_MACRO_VA_ARGS 1
| #define HAVE_STDIO_H 1
| #define HAVE_STDLIB_H 1
| #define HAVE_STRING_H 1
| #define HAVE_STDARG_H 1
| #define HAVE_CTYPE_H 1
| #define HAVE_INTTYPES_H 1
| #define HAVE_STDINT_H 1
| /* end confdefs.h.  */
| #include <stdio.h>
| #ifdef HAVE_SYS_TYPES_H
| # include <sys/types.h>
| #endif
| #ifdef HAVE_SYS_STAT_H
| # include <sys/stat.h>
| #endif
| #ifdef STDC_HEADERS
| # include <stdlib.h>
| # include <stddef.h>
| #else
| # ifdef HAVE_STDLIB_H
| #  include <stdlib.h>
| # endif
| #endif
| #ifdef HAVE_STRING_H
| # if !defined STDC_HEADERS && defined HAVE_MEMORY_H
| #  include <memory.h>
| # endif
| # include <string.h>
| #endif
| #ifdef HAVE_STRINGS_H
| # include <strings.h>
| #endif
| #ifdef HAVE_INTTYPES_H
| # include <inttypes.h>
| #endif
| #ifdef HAVE_STDINT_H
| # include <stdint.h>
| #endif
| #ifdef HAVE_UNISTD_H
| # include <unistd.h>
| #endif
| #include <valgrind/helgrind.h>
configure:11950: result: no
configure:11950: checking valgrind/helgrind.h presence
configure:11950: gcc -E  conftest.c
conftest.c:32:31: fatal error: valgrind/helgrind.h: No such file or directory
 #include <valgrind/helgrind.h>
                               ^
compilation terminated.
configure:11950: $? = 1
configure: failed program was:
| /* confdefs.h */
| #define PACKAGE_NAME "MPL"
| #define PACKAGE_TARNAME "mpl"
| #define PACKAGE_VERSION "0.1"
| #define PACKAGE_STRING "MPL 0.1"
| #define PACKAGE_BUGREPORT ""
| #define PACKAGE_URL ""
| #define PACKAGE "mpl"
| #define VERSION "0.1"
| #define STDC_HEADERS 1
| #define HAVE_SYS_TYPES_H 1
| #define HAVE_SYS_STAT_H 1
| #define HAVE_STDLIB_H 1
| #define HAVE_STRING_H 1
| #define HAVE_MEMORY_H 1
| #define HAVE_STRINGS_H 1
| #define HAVE_INTTYPES_H 1
| #define HAVE_STDINT_H 1
| #define HAVE_UNISTD_H 1
| #define HAVE_DLFCN_H 1
| #define LT_OBJDIR ".libs/"
| #define restrict __restrict
| #define HAVE_MACRO_VA_ARGS 1
| #define HAVE_STDIO_H 1
| #define HAVE_STDLIB_H 1
| #define HAVE_STRING_H 1
| #define HAVE_STDARG_H 1
| #define HAVE_CTYPE_H 1
| #define HAVE_INTTYPES_H 1
| #define HAVE_STDINT_H 1
| /* end confdefs.h.  */
| #include <valgrind/helgrind.h>
configure:11950: result: no
configure:11950: checking for valgrind/helgrind.h
configure:11950: result: no
configure:11963: checking drd.h usability
configure:11963: gcc -c     conftest.c >&5
conftest.c:65:17: fatal error: drd.h: No such file or directory
 #include <drd.h>
                 ^
compilation terminated.
configure:11963: $? = 1
configure: failed program was:
| /* confdefs.h */
| #define PACKAGE_NAME "MPL"
| #define PACKAGE_TARNAME "mpl"
| #define PACKAGE_VERSION "0.1"
| #define PACKAGE_STRING "MPL 0.1"
| #define PACKAGE_BUGREPORT ""
| #define PACKAGE_URL ""
| #define PACKAGE "mpl"
| #define VERSION "0.1"
| #define STDC_HEADERS 1
| #define HAVE_SYS_TYPES_H 1
| #define HAVE_SYS_STAT_H 1
| #define HAVE_STDLIB_H 1
| #define HAVE_STRING_H 1
| #define HAVE_MEMORY_H 1
| #define HAVE_STRINGS_H 1
| #define HAVE_INTTYPES_H 1
| #define HAVE_STDINT_H 1
| #define HAVE_UNISTD_H 1
| #define HAVE_DLFCN_H 1
| #define LT_OBJDIR ".libs/"
| #define restrict __restrict
| #define HAVE_MACRO_VA_ARGS 1
| #define HAVE_STDIO_H 1
| #define HAVE_STDLIB_H 1
| #define HAVE_STRING_H 1
| #define HAVE_STDARG_H 1
| #define HAVE_CTYPE_H 1
| #define HAVE_INTTYPES_H 1
| #define HAVE_STDINT_H 1
| /* end confdefs.h.  */
| #include <stdio.h>
| #ifdef HAVE_SYS_TYPES_H
| # include <sys/types.h>
| #endif
| #ifdef HAVE_SYS_STAT_H
| # include <sys/stat.h>
| #endif
| #ifdef STDC_HEADERS
| # include <stdlib.h>
| # include <stddef.h>
| #else
| # ifdef HAVE_STDLIB_H
| #  include <stdlib.h>
| # endif
| #endif
| #ifdef HAVE_STRING_H
| # if !defined STDC_HEADERS && defined HAVE_MEMORY_H
| #  include <memory.h>
| # endif
| # include <string.h>
| #endif
| #ifdef HAVE_STRINGS_H
| # include <strings.h>
| #endif
| #ifdef HAVE_INTTYPES_H
| # include <inttypes.h>
| #endif
| #ifdef HAVE_STDINT_H
| # include <stdint.h>
| #endif
| #ifdef HAVE_UNISTD_H
| # include <unistd.h>
| #endif
| #include <drd.h>
configure:11963: result: no
configure:11963: checking drd.h presence
configure:11963: gcc -E  conftest.c
conftest.c:32:17: fatal error: drd.h: No such file or directory
 #include <drd.h>
                 ^
compilation terminated.
configure:11963: $? = 1
configure: failed program was:
| /* confdefs.h */
| #define PACKAGE_NAME "MPL"
| #define PACKAGE_TARNAME "mpl"
| #define PACKAGE_VERSION "0.1"
| #define PACKAGE_STRING "MPL 0.1"
| #define PACKAGE_BUGREPORT ""
| #define PACKAGE_URL ""
| #define PACKAGE "mpl"
| #define VERSION "0.1"
| #define STDC_HEADERS 1
| #define HAVE_SYS_TYPES_H 1
| #define HAVE_SYS_STAT_H 1
| #define HAVE_STDLIB_H 1
| #define HAVE_STRING_H 1
| #define HAVE_MEMORY_H 1
| #define HAVE_STRINGS_H 1
| #define HAVE_INTTYPES_H 1
| #define HAVE_STDINT_H 1
| #define HAVE_UNISTD_H 1
| #define HAVE_DLFCN_H 1
| #define LT_OBJDIR ".libs/"
| #define restrict __restrict
| #define HAVE_MACRO_VA_ARGS 1
| #define HAVE_STDIO_H 1
| #define HAVE_STDLIB_H 1
| #define HAVE_STRING_H 1
| #define HAVE_STDARG_H 1
| #define HAVE_CTYPE_H 1
| #define HAVE_INTTYPES_H 1
| #define HAVE_STDINT_H 1
| /* end confdefs.h.  */
| #include <drd.h>
configure:11963: result: no
configure:11963: checking for drd.h
configure:11963: result: no
configure:11963: checking valgrind/drd.h usability
configure:11963: gcc -c     conftest.c >&5
conftest.c:65:26: fatal error: valgrind/drd.h: No such file or directory
 #include <valgrind/drd.h>
                          ^
compilation terminated.
configure:11963: $? = 1
configure: failed program was:
| /* confdefs.h */
| #define PACKAGE_NAME "MPL"
| #define PACKAGE_TARNAME "mpl"
| #define PACKAGE_VERSION "0.1"
| #define PACKAGE_STRING "MPL 0.1"
| #define PACKAGE_BUGREPORT ""
| #define PACKAGE_URL ""
| #define PACKAGE "mpl"
| #define VERSION "0.1"
| #define STDC_HEADERS 1
| #define HAVE_SYS_TYPES_H 1
| #define HAVE_SYS_STAT_H 1
| #define HAVE_STDLIB_H 1
| #define HAVE_STRING_H 1
| #define HAVE_MEMORY_H 1
| #define HAVE_STRINGS_H 1
| #define HAVE_INTTYPES_H 1
| #define HAVE_STDINT_H 1
| #define HAVE_UNISTD_H 1
| #define HAVE_DLFCN_H 1
| #define LT_OBJDIR ".libs/"
| #define restrict __restrict
| #define HAVE_MACRO_VA_ARGS 1
| #define HAVE_STDIO_H 1
| #define HAVE_STDLIB_H 1
| #define HAVE_STRING_H 1
| #define HAVE_STDARG_H 1
| #define HAVE_CTYPE_H 1
| #define HAVE_INTTYPES_H 1
| #define HAVE_STDINT_H 1
| /* end confdefs.h.  */
| #include <stdio.h>
| #ifdef HAVE_SYS_TYPES_H
| # include <sys/types.h>
| #endif
| #ifdef HAVE_SYS_STAT_H
| # include <sys/stat.h>
| #endif
| #ifdef STDC_HEADERS
| # include <stdlib.h>
| # include <stddef.h>
| #else
| # ifdef HAVE_STDLIB_H
| #  include <stdlib.h>
| # endif
| #endif
| #ifdef HAVE_STRING_H
| # if !defined STDC_HEADERS && defined HAVE_MEMORY_H
| #  include <memory.h>
| # endif
| # include <string.h>
| #endif
| #ifdef HAVE_STRINGS_H
| # include <strings.h>
| #endif
| #ifdef HAVE_INTTYPES_H
| # include <inttypes.h>
| #endif
| #ifdef HAVE_STDINT_H
| # include <stdint.h>
| #endif
| #ifdef HAVE_UNISTD_H
| # include <unistd.h>
| #endif
| #include <valgrind/drd.h>
configure:11963: result: no
configure:11963: checking valgrind/drd.h presence
configure:11963: gcc -E  conftest.c
conftest.c:32:26: fatal error: valgrind/drd.h: No such file or directory
 #include <valgrind/drd.h>
                          ^
compilation terminated.
configure:11963: $? = 1
configure: failed program was:
| /* confdefs.h */
| #define PACKAGE_NAME "MPL"
| #define PACKAGE_TARNAME "mpl"
| #define PACKAGE_VERSION "0.1"
| #define PACKAGE_STRING "MPL 0.1"
| #define PACKAGE_BUGREPORT ""
| #define PACKAGE_URL ""
| #define PACKAGE "mpl"
| #define VERSION "0.1"
| #define STDC_HEADERS 1
| #define HAVE_SYS_TYPES_H 1
| #define HAVE_SYS_STAT_H 1
| #define HAVE_STDLIB_H 1
| #define HAVE_STRING_H 1
| #define HAVE_MEMORY_H 1
| #define HAVE_STRINGS_H 1
| #define HAVE_INTTYPES_H 1
| #define HAVE_STDINT_H 1
| #define HAVE_UNISTD_H 1
| #define HAVE_DLFCN_H 1
| #define LT_OBJDIR ".libs/"
| #define restrict __restrict
| #define HAVE_MACRO_VA_ARGS 1
| #define HAVE_STDIO_H 1
| #define HAVE_STDLIB_H 1
| #define HAVE_STRING_H 1
| #define HAVE_STDARG_H 1
| #define HAVE_CTYPE_H 1
| #define HAVE_INTTYPES_H 1
| #define HAVE_STDINT_H 1
| /* end confdefs.h.  */
| #include <valgrind/drd.h>
configure:11963: result: no
configure:11963: checking for valgrind/drd.h
configure:11963: result: no
configure:11978: checking whether the valgrind headers are broken or too old
configure:12030: gcc -o conftest      conftest.c  >&5
conftest.c:40:4: error: #error unexpected valgrind header error
 #  error unexpected valgrind header error
    ^
conftest.c: In function 'main':
conftest.c:63:2: error: #error missing essential valgrind client macros
 #error missing essential valgrind client macros
  ^
conftest.c:66:9: error: 'RUNNING_ON_VALGRIND' undeclared (first use in this function)
     if (RUNNING_ON_VALGRIND) ++foo;
         ^
conftest.c:66:9: note: each undeclared identifier is reported only once for each function it appears in
configure:12030: $? = 1
configure: failed program was:
| /* confdefs.h */
| #define PACKAGE_NAME "MPL"
| #define PACKAGE_TARNAME "mpl"
| #define PACKAGE_VERSION "0.1"
| #define PACKAGE_STRING "MPL 0.1"
| #define PACKAGE_BUGREPORT ""
| #define PACKAGE_URL ""
| #define PACKAGE "mpl"
| #define VERSION "0.1"
| #define STDC_HEADERS 1
| #define HAVE_SYS_TYPES_H 1
| #define HAVE_SYS_STAT_H 1
| #define HAVE_STDLIB_H 1
| #define HAVE_STRING_H 1
| #define HAVE_MEMORY_H 1
| #define HAVE_STRINGS_H 1
| #define HAVE_INTTYPES_H 1
| #define HAVE_STDINT_H 1
| #define HAVE_UNISTD_H 1
| #define HAVE_DLFCN_H 1
| #define LT_OBJDIR ".libs/"
| #define restrict __restrict
| #define HAVE_MACRO_VA_ARGS 1
| #define HAVE_STDIO_H 1
| #define HAVE_STDLIB_H 1
| #define HAVE_STRING_H 1
| #define HAVE_STDARG_H 1
| #define HAVE_CTYPE_H 1
| #define HAVE_INTTYPES_H 1
| #define HAVE_STDINT_H 1
| /* end confdefs.h.  */
| 
| #if defined(HAVE_VALGRIND_H) && defined(HAVE_MEMCHECK_H)
| #  include <valgrind.h>
| #  include <memcheck.h>
| #elif defined(HAVE_VALGRIND_VALGRIND_H) && defined(HAVE_VALGRIND_MEMCHECK_H)
| #  include <valgrind/valgrind.h>
| #  include <valgrind/memcheck.h>
| #else
| #  error unexpected valgrind header error
| #endif
| int foo = 10;
| char mempool_obj;
| 
| int
| main ()
| {
| 
| #if defined(VALGRIND_MAKE_MEM_DEFINED)
|     VALGRIND_MAKE_MEM_NOACCESS(&foo,sizeof(foo));
|     VALGRIND_MAKE_MEM_UNDEFINED(&foo,sizeof(foo));
|     VALGRIND_MAKE_MEM_DEFINED(&foo,sizeof(foo));
|     VALGRIND_CHECK_MEM_IS_DEFINED(&foo,sizeof(foo));
|     VALGRIND_CHECK_MEM_IS_ADDRESSABLE(&foo,sizeof(foo));
| #elif defined(VALGRIND_MAKE_READABLE)
| /* older (pre-3.2.0), but still supported style */
|     VALGRIND_MAKE_READABLE(&foo,sizeof(foo));
|     VALGRIND_MAKE_NOACCESS(&foo,sizeof(foo));
|     VALGRIND_MAKE_UNDEFINED(&foo,sizeof(foo));
|     VALGRIND_CHECK_READABLE(&foo,sizeof(foo));
|     VALGRIND_CHECK_WRITEABLE(&foo,sizeof(foo));
| #else
| #error missing essential valgrind client macros
| #endif
|     VALGRIND_CREATE_BLOCK(&foo,sizeof(foo),"description");
|     if (RUNNING_ON_VALGRIND) ++foo;
|     VALGRIND_PRINTF_BACKTRACE("testing: %s","valgrind support");
|     VALGRIND_CREATE_MEMPOOL(&mempool_obj,0,0);
|     VALGRIND_MEMPOOL_ALLOC(&mempool_obj,&foo,sizeof(foo));
|     VALGRIND_MEMPOOL_FREE(&mempool_obj,&foo);
|     VALGRIND_DESTROY_MEMPOOL(&mempool_obj);
| 
|   ;
|   return 0;
| }
configure:12038: result: yes
configure:12053: checking for strdup
configure:12053: gcc -o conftest      conftest.c  >&5
conftest.c:56:6: warning: conflicting types for built-in function 'strdup' [enabled by default]
 char strdup ();
      ^
configure:12053: $? = 0
configure:12053: result: yes
configure:12064: checking whether strdup needs a declaration
configure:12082: gcc -c     conftest.c >&5
conftest.c:35:5: error: conflicting types for 'strdup'
 int strdup(double, int, double, const char *);
     ^
configure:12082: $? = 1
configure: failed program was:
| /* confdefs.h */
| #define PACKAGE_NAME "MPL"
| #define PACKAGE_TARNAME "mpl"
| #define PACKAGE_VERSION "0.1"
| #define PACKAGE_STRING "MPL 0.1"
| #define PACKAGE_BUGREPORT ""
| #define PACKAGE_URL ""
| #define PACKAGE "mpl"
| #define VERSION "0.1"
| #define STDC_HEADERS 1
| #define HAVE_SYS_TYPES_H 1
| #define HAVE_SYS_STAT_H 1
| #define HAVE_STDLIB_H 1
| #define HAVE_STRING_H 1
| #define HAVE_MEMORY_H 1
| #define HAVE_STRINGS_H 1
| #define HAVE_INTTYPES_H 1
| #define HAVE_STDINT_H 1
| #define HAVE_UNISTD_H 1
| #define HAVE_DLFCN_H 1
| #define LT_OBJDIR ".libs/"
| #define restrict __restrict
| #define HAVE_MACRO_VA_ARGS 1
| #define HAVE_STDIO_H 1
| #define HAVE_STDLIB_H 1
| #define HAVE_STRING_H 1
| #define HAVE_STDARG_H 1
| #define HAVE_CTYPE_H 1
| #define HAVE_INTTYPES_H 1
| #define HAVE_STDINT_H 1
| #define HAVE_BROKEN_VALGRIND 1
| #define HAVE_STRDUP 1
| /* end confdefs.h.  */
| #include <string.h>
| int strdup(double, int, double, const char *);
| int
| main ()
| {
| int a=strdup(1.0,27,1.0,"foo");
|   ;
|   return 0;
| }
configure:12089: result: no
configure:12105: checking for snprintf
configure:12105: gcc -o conftest      conftest.c  >&5
conftest.c:57:6: warning: conflicting types for built-in function 'snprintf' [enabled by default]
 char snprintf ();
      ^
configure:12105: $? = 0
configure:12105: result: yes
configure:12116: checking whether snprintf needs a declaration
configure:12134: gcc -c     conftest.c >&5
conftest.c:36:5: error: conflicting types for 'snprintf'
 int snprintf(double, int, double, const char *);
     ^
configure:12134: $? = 1
configure: failed program was:
| /* confdefs.h */
| #define PACKAGE_NAME "MPL"
| #define PACKAGE_TARNAME "mpl"
| #define PACKAGE_VERSION "0.1"
| #define PACKAGE_STRING "MPL 0.1"
| #define PACKAGE_BUGREPORT ""
| #define PACKAGE_URL ""
| #define PACKAGE "mpl"
| #define VERSION "0.1"
| #define STDC_HEADERS 1
| #define HAVE_SYS_TYPES_H 1
| #define HAVE_SYS_STAT_H 1
| #define HAVE_STDLIB_H 1
| #define HAVE_STRING_H 1
| #define HAVE_MEMORY_H 1
| #define HAVE_STRINGS_H 1
| #define HAVE_INTTYPES_H 1
| #define HAVE_STDINT_H 1
| #define HAVE_UNISTD_H 1
| #define HAVE_DLFCN_H 1
| #define LT_OBJDIR ".libs/"
| #define restrict __restrict
| #define HAVE_MACRO_VA_ARGS 1
| #define HAVE_STDIO_H 1
| #define HAVE_STDLIB_H 1
| #define HAVE_STRING_H 1
| #define HAVE_STDARG_H 1
| #define HAVE_CTYPE_H 1
| #define HAVE_INTTYPES_H 1
| #define HAVE_STDINT_H 1
| #define HAVE_BROKEN_VALGRIND 1
| #define HAVE_STRDUP 1
| #define HAVE_SNPRINTF 1
| /* end confdefs.h.  */
| #include <stdio.h>
| int snprintf(double, int, double, const char *);
| int
| main ()
| {
| int a=snprintf(1.0,27,1.0,"foo");
|   ;
|   return 0;
| }
configure:12141: result: no
configure:12157: checking for strncmp
configure:12157: gcc -o conftest      conftest.c  >&5
conftest.c:58:6: warning: conflicting types for built-in function 'strncmp' [enabled by default]
 char strncmp ();
      ^
configure:12157: $? = 0
configure:12157: result: yes
configure:12168: checking whether strncmp needs a declaration
configure:12186: gcc -c     conftest.c >&5
conftest.c:37:5: error: conflicting types for 'strncmp'
 int strncmp(double, int, double, const char *);
     ^
configure:12186: $? = 1
configure: failed program was:
| /* confdefs.h */
| #define PACKAGE_NAME "MPL"
| #define PACKAGE_TARNAME "mpl"
| #define PACKAGE_VERSION "0.1"
| #define PACKAGE_STRING "MPL 0.1"
| #define PACKAGE_BUGREPORT ""
| #define PACKAGE_URL ""
| #define PACKAGE "mpl"
| #define VERSION "0.1"
| #define STDC_HEADERS 1
| #define HAVE_SYS_TYPES_H 1
| #define HAVE_SYS_STAT_H 1
| #define HAVE_STDLIB_H 1
| #define HAVE_STRING_H 1
| #define HAVE_MEMORY_H 1
| #define HAVE_STRINGS_H 1
| #define HAVE_INTTYPES_H 1
| #define HAVE_STDINT_H 1
| #define HAVE_UNISTD_H 1
| #define HAVE_DLFCN_H 1
| #define LT_OBJDIR ".libs/"
| #define restrict __restrict
| #define HAVE_MACRO_VA_ARGS 1
| #define HAVE_STDIO_H 1
| #define HAVE_STDLIB_H 1
| #define HAVE_STRING_H 1
| #define HAVE_STDARG_H 1
| #define HAVE_CTYPE_H 1
| #define HAVE_INTTYPES_H 1
| #define HAVE_STDINT_H 1
| #define HAVE_BROKEN_VALGRIND 1
| #define HAVE_STRDUP 1
| #define HAVE_SNPRINTF 1
| #define HAVE_STRNCMP 1
| /* end confdefs.h.  */
| #include <string.h>
| int strncmp(double, int, double, const char *);
| int
| main ()
| {
| int a=strncmp(1.0,27,1.0,"foo");
|   ;
|   return 0;
| }
configure:12193: result: no
configure:12209: checking for putenv
configure:12209: gcc -o conftest      conftest.c  >&5
configure:12209: $? = 0
configure:12209: result: yes
configure:12220: checking whether putenv needs a declaration
configure:12238: gcc -c     conftest.c >&5
conftest.c:38:5: error: conflicting types for 'putenv'
 int putenv(double, int, double, const char *);
     ^
In file included from conftest.c:37:0:
/usr/include/stdlib.h:578:12: note: previous declaration of 'putenv' was here
 extern int putenv (char *__string) __THROW __nonnull ((1));
            ^
configure:12238: $? = 1
configure: failed program was:
| /* confdefs.h */
| #define PACKAGE_NAME "MPL"
| #define PACKAGE_TARNAME "mpl"
| #define PACKAGE_VERSION "0.1"
| #define PACKAGE_STRING "MPL 0.1"
| #define PACKAGE_BUGREPORT ""
| #define PACKAGE_URL ""
| #define PACKAGE "mpl"
| #define VERSION "0.1"
| #define STDC_HEADERS 1
| #define HAVE_SYS_TYPES_H 1
| #define HAVE_SYS_STAT_H 1
| #define HAVE_STDLIB_H 1
| #define HAVE_STRING_H 1
| #define HAVE_MEMORY_H 1
| #define HAVE_STRINGS_H 1
| #define HAVE_INTTYPES_H 1
| #define HAVE_STDINT_H 1
| #define HAVE_UNISTD_H 1
| #define HAVE_DLFCN_H 1
| #define LT_OBJDIR ".libs/"
| #define restrict __restrict
| #define HAVE_MACRO_VA_ARGS 1
| #define HAVE_STDIO_H 1
| #define HAVE_STDLIB_H 1
| #define HAVE_STRING_H 1
| #define HAVE_STDARG_H 1
| #define HAVE_CTYPE_H 1
| #define HAVE_INTTYPES_H 1
| #define HAVE_STDINT_H 1
| #define HAVE_BROKEN_VALGRIND 1
| #define HAVE_STRDUP 1
| #define HAVE_SNPRINTF 1
| #define HAVE_STRNCMP 1
| #define HAVE_PUTENV 1
| /* end confdefs.h.  */
| #include <stdlib.h>
| int putenv(double, int, double, const char *);
| int
| main ()
| {
| int a=putenv(1.0,27,1.0,"foo");
|   ;
|   return 0;
| }
configure:12245: result: no
configure:12262: checking whether __attribute__ allowed
configure:12279: gcc -c     conftest.c >&5
configure:12279: $? = 0
configure:12286: result: yes
configure:12288: checking whether __attribute__((format)) allowed
configure:12305: gcc -c     conftest.c >&5
configure:12305: $? = 0
configure:12312: result: yes
configure:12458: creating ./config.status

## ---------------------- ##
## Running config.status. ##
## ---------------------- ##

This file was extended by MPL config.status 0.1, which was
generated by GNU Autoconf 2.68.  Invocation command line was

  CONFIG_FILES    = 
  CONFIG_HEADERS  = 
  CONFIG_LINKS    = 
  CONFIG_COMMANDS = 
  $ ./config.status 

on kumamon-home

config.status:13702: creating Makefile
config.status:13702: creating localdefs
config.status:13702: creating include/config.h
config.status:13929: executing depfiles commands
config.status:13929: executing libtool commands
config.status:13929: executing include/mplconfig.h commands
config.status:14693: creating include/mplconfig.h - prefix MPL for include/config.h defines

## ---------------- ##
## Cache variables. ##
## ---------------- ##

ac_cv_build='x86_64-unknown-linux-gnu'
ac_cv_c_compiler_gnu='yes'
ac_cv_c_const='yes'
ac_cv_c_restrict='__restrict'
ac_cv_env_CC_set=''
ac_cv_env_CC_value=''
ac_cv_env_CFLAGS_set='set'
ac_cv_env_CFLAGS_value='  '
ac_cv_env_CPPFLAGS_set=''
ac_cv_env_CPPFLAGS_value=''
ac_cv_env_CPP_set=''
ac_cv_env_CPP_value=''
ac_cv_env_LDFLAGS_set=''
ac_cv_env_LDFLAGS_value=''
ac_cv_env_LIBS_set=''
ac_cv_env_LIBS_value=''
ac_cv_env_build_alias_set=''
ac_cv_env_build_alias_value=''
ac_cv_env_host_alias_set=''
ac_cv_env_host_alias_value=''
ac_cv_env_target_alias_set=''
ac_cv_env_target_alias_value=''
ac_cv_func_putenv='yes'
ac_cv_func_snprintf='yes'
ac_cv_func_strdup='yes'
ac_cv_func_strncmp='yes'
ac_cv_header_ctype_h='yes'
ac_cv_header_dlfcn_h='yes'
ac_cv_header_drd_h='no'
ac_cv_header_helgrind_h='no'
ac_cv_header_inttypes_h='yes'
ac_cv_header_memcheck_h='no'
ac_cv_header_memory_h='yes'
ac_cv_header_stdarg_h='yes'
ac_cv_header_stdc='yes'
ac_cv_header_stdint_h='yes'
ac_cv_header_stdio_h='yes'
ac_cv_header_stdlib_h='yes'
ac_cv_header_string_h='yes'
ac_cv_header_strings_h='yes'
ac_cv_header_sys_stat_h='yes'
ac_cv_header_sys_types_h='yes'
ac_cv_header_unistd_h='yes'
ac_cv_header_valgrind_drd_h='no'
ac_cv_header_valgrind_h='no'
ac_cv_header_valgrind_helgrind_h='no'
ac_cv_header_valgrind_memcheck_h='no'
ac_cv_header_valgrind_valgrind_h='no'
ac_cv_host='x86_64-unknown-linux-gnu'
ac_cv_objext='o'
ac_cv_path_EGREP='/bin/grep -E'
ac_cv_path_FGREP='/bin/grep -F'
ac_cv_path_GREP='/bin/grep'
ac_cv_path_SED='/bin/sed'
ac_cv_path_install='/usr/bin/install -c'
ac_cv_path_mkdir='/bin/mkdir'
ac_cv_prog_AWK='mawk'
ac_cv_prog_CPP='gcc -E'
ac_cv_prog_ac_ct_AR='ar'
ac_cv_prog_ac_ct_CC='gcc'
ac_cv_prog_ac_ct_MANIFEST_TOOL='mt'
ac_cv_prog_ac_ct_OBJDUMP='objdump'
ac_cv_prog_ac_ct_RANLIB='ranlib'
ac_cv_prog_ac_ct_STRIP='strip'
ac_cv_prog_cc_c89=''
ac_cv_prog_cc_g='yes'
ac_cv_prog_make_make_set='yes'
am_cv_CC_dependencies_compiler_type='gcc3'
lt_cv_ar_at_file='@'
lt_cv_deplibs_check_method='pass_all'
lt_cv_file_magic_cmd='$MAGIC_CMD'
lt_cv_file_magic_test_file=''
lt_cv_ld_reload_flag='-r'
lt_cv_nm_interface='BSD nm'
lt_cv_objdir='.libs'
lt_cv_path_LD='/usr/bin/ld'
lt_cv_path_NM='/usr/bin/nm -B'
lt_cv_path_mainfest_tool='no'
lt_cv_prog_compiler_c_o='yes'
lt_cv_prog_compiler_pic='-fPIC -DPIC'
lt_cv_prog_compiler_pic_works='yes'
lt_cv_prog_compiler_rtti_exceptions='no'
lt_cv_prog_compiler_static_works='yes'
lt_cv_prog_gnu_ld='yes'
lt_cv_sharedlib_from_linklib_cmd='printf %s\n'
lt_cv_shlibpath_overrides_runpath='no'
lt_cv_sys_global_symbol_pipe='sed -n -e '"'"'s/^.*[	 ]\([ABCDGIRSTW][ABCDGIRSTW]*\)[	 ][	 ]*\([_A-Za-z][_A-Za-z0-9]*\)$/\1 \2 \2/p'"'"' | sed '"'"'/ __gnu_lto/d'"'"
lt_cv_sys_global_symbol_to_c_name_address='sed -n -e '"'"'s/^: \([^ ]*\)[ ]*$/  {\"\1\", (void *) 0},/p'"'"' -e '"'"'s/^[ABCDGIRSTW]* \([^ ]*\) \([^ ]*\)$/  {"\2", (void *) \&\2},/p'"'"
lt_cv_sys_global_symbol_to_c_name_address_lib_prefix='sed -n -e '"'"'s/^: \([^ ]*\)[ ]*$/  {\"\1\", (void *) 0},/p'"'"' -e '"'"'s/^[ABCDGIRSTW]* \([^ ]*\) \(lib[^ ]*\)$/  {"\2", (void *) \&\2},/p'"'"' -e '"'"'s/^[ABCDGIRSTW]* \([^ ]*\) \([^ ]*\)$/  {"lib\2", (void *) \&\2},/p'"'"
lt_cv_sys_global_symbol_to_cdecl='sed -n -e '"'"'s/^T .* \(.*\)$/extern int \1();/p'"'"' -e '"'"'s/^[ABCDGIRSTW]* .* \(.*\)$/extern char \1;/p'"'"
lt_cv_sys_max_cmd_len='1572864'
lt_cv_to_host_file_cmd='func_convert_file_noop'
lt_cv_to_tool_file_cmd='func_convert_file_noop'
pac_cv_func_decl_putenv='no'
pac_cv_func_decl_snprintf='no'
pac_cv_func_decl_strdup='no'
pac_cv_func_decl_strncmp='no'
pac_cv_gnu_attr_format='yes'
pac_cv_gnu_attr_pure='yes'
pac_cv_have_broken_valgrind='yes'

## ----------------- ##
## Output variables. ##
## ----------------- ##

ACLOCAL='${SHELL} /home/kumamon/Documents/paruj/219351_Webapp_homework/mpich2-1.4/src/mpl/confdb/missing --run aclocal-1.11'
AMDEPBACKSLASH='\'
AMDEP_FALSE='#'
AMDEP_TRUE=''
AMTAR='${SHELL} /home/kumamon/Documents/paruj/219351_Webapp_homework/mpich2-1.4/src/mpl/confdb/missing --run tar'
AM_BACKSLASH='\'
AM_DEFAULT_VERBOSITY='0'
AR='ar'
AUTOCONF='${SHELL} /home/kumamon/Documents/paruj/219351_Webapp_homework/mpich2-1.4/src/mpl/confdb/missing --run autoconf'
AUTOHEADER='${SHELL} /home/kumamon/Documents/paruj/219351_Webapp_homework/mpich2-1.4/src/mpl/confdb/missing --run autoheader'
AUTOMAKE='${SHELL} /home/kumamon/Documents/paruj/219351_Webapp_homework/mpich2-1.4/src/mpl/confdb/missing --run automake-1.11'
AWK='mawk'
CC='gcc'
CCDEPMODE='depmode=gcc3'
CFLAGS='  '
CPP='gcc -E'
CPPFLAGS=''
CYGPATH_W='echo'
DEFS='-DHAVE_CONFIG_H'
DEPDIR='.deps'
DLLTOOL='false'
DSYMUTIL=''
DUMPBIN=''
ECHO_C=''
ECHO_N='-n'
ECHO_T=''
EGREP='/bin/grep -E'
EXEEXT=''
FGREP='/bin/grep -F'
GREP='/bin/grep'
INSTALL_DATA='${INSTALL} -m 644'
INSTALL_PROGRAM='${INSTALL}'
INSTALL_SCRIPT='${INSTALL}'
INSTALL_STRIP_PROGRAM='$(install_sh) -c -s'
LD='/usr/bin/ld -m elf_x86_64'
LDFLAGS=''
LIBOBJS=''
LIBS=''
LIBTOOL='$(SHELL) $(top_builddir)/libtool'
LIPO=''
LN_S='ln -s'
LTLIBOBJS=''
MAKEINFO='${SHELL} /home/kumamon/Documents/paruj/219351_Webapp_homework/mpich2-1.4/src/mpl/confdb/missing --run makeinfo'
MANIFEST_TOOL=':'
MKDIR_P='/bin/mkdir -p'
NM='/usr/bin/nm -B'
NMEDIT=''
OBJDUMP='objdump'
OBJEXT='o'
OTOOL64=''
OTOOL=''
PACKAGE='mpl'
PACKAGE_BUGREPORT=''
PACKAGE_NAME='MPL'
PACKAGE_STRING='MPL 0.1'
PACKAGE_TARNAME='mpl'
PACKAGE_URL=''
PACKAGE_VERSION='0.1'
PATH_SEPARATOR=':'
RANLIB='ranlib'
SED='/bin/sed'
SET_MAKE=''
SHELL='/bin/bash'
STRIP='strip'
VERSION='0.1'
ac_ct_AR='ar'
ac_ct_CC='gcc'
ac_ct_DUMPBIN=''
am__EXEEXT_FALSE=''
am__EXEEXT_TRUE='#'
am__fastdepCC_FALSE='#'
am__fastdepCC_TRUE=''
am__include='include'
am__isrc=''
am__leading_dot='.'
am__quote=''
am__tar='${AMTAR} chof - "$$tardir"'
am__untar='${AMTAR} xf -'
bindir='${exec_prefix}/bin'
build='x86_64-unknown-linux-gnu'
build_alias=''
build_cpu='x86_64'
build_os='linux-gnu'
build_vendor='unknown'
datadir='${datarootdir}'
datarootdir='${prefix}/share'
docdir='${datarootdir}/doc/${PACKAGE_TARNAME}'
dvidir='${docdir}'
exec_prefix='${prefix}'
host='x86_64-unknown-linux-gnu'
host_alias=''
host_cpu='x86_64'
host_os='linux-gnu'
host_vendor='unknown'
htmldir='${docdir}'
includedir='${prefix}/include'
infodir='${datarootdir}/info'
install_sh='${SHELL} /home/kumamon/Documents/paruj/219351_Webapp_homework/mpich2-1.4/src/mpl/confdb/install-sh'
libdir='${exec_prefix}/lib'
libexecdir='${exec_prefix}/libexec'
libmpl_so_version='2:0:1'
localedir='${datarootdir}/locale'
localstatedir='${prefix}/var'
mandir='${datarootdir}/man'
mkdir_p='/bin/mkdir -p'
oldincludedir='/usr/include'
pdfdir='${docdir}'
prefix='/usr/local'
program_transform_name='s,x,x,'
psdir='${docdir}'
sbindir='${exec_prefix}/sbin'
sharedstatedir='${prefix}/com'
sysconfdir='${prefix}/etc'
target_alias=''

## ----------- ##
## confdefs.h. ##
## ----------- ##

/* confdefs.h */
#define PACKAGE_NAME "MPL"
#define PACKAGE_TARNAME "mpl"
#define PACKAGE_VERSION "0.1"
#define PACKAGE_STRING "MPL 0.1"
#define PACKAGE_BUGREPORT ""
#define PACKAGE_URL ""
#define PACKAGE "mpl"
#define VERSION "0.1"
#define STDC_HEADERS 1
#define HAVE_SYS_TYPES_H 1
#define HAVE_SYS_STAT_H 1
#define HAVE_STDLIB_H 1
#define HAVE_STRING_H 1
#define HAVE_MEMORY_H 1
#define HAVE_STRINGS_H 1
#define HAVE_INTTYPES_H 1
#define HAVE_STDINT_H 1
#define HAVE_UNISTD_H 1
#define HAVE_DLFCN_H 1
#define LT_OBJDIR ".libs/"
#define restrict __restrict
#define HAVE_MACRO_VA_ARGS 1
#define HAVE_STDIO_H 1
#define HAVE_STDLIB_H 1
#define HAVE_STRING_H 1
#define HAVE_STDARG_H 1
#define HAVE_CTYPE_H 1
#define HAVE_INTTYPES_H 1
#define HAVE_STDINT_H 1
#define HAVE_BROKEN_VALGRIND 1
#define HAVE_STRDUP 1
#define HAVE_SNPRINTF 1
#define HAVE_STRNCMP 1
#define HAVE_PUTENV 1
#define HAVE_GCC_ATTRIBUTE 1

configure: exit 0
