This file contains any messages produced by compilers while
running configure, to aid debugging if configure makes a mistake.

It was created by configure, which was
generated by GNU Autoconf 2.68.  Invocation command line was

  $ ./configure --disable-option-checking --prefix=/usr/local --disable-f77 --disable-fc --disable-cxx MPI_CC=/home/kumamon/Documents/paruj/219351_Webapp_homework/mpich2-1.4/bin/mpicc MPI_F77=/home/kumamon/Documents/paruj/219351_Webapp_homework/mpich2-1.4/bin/mpif77 CC=gcc CFLAGS=   -O2 LDFLAGS=  LIBS=-lrt -lpthread   CPPFLAGS= -I/home/kumamon/Documents/paruj/219351_Webapp_homework/mpich2-1.4/src/mpl/include -I/home/kumamon/Documents/paruj/219351_Webapp_homework/mpich2-1.4/src/mpl/include -I/home/kumamon/Documents/paruj/219351_Webapp_homework/mpich2-1.4/src/openpa/src -I/home/kumamon/Documents/paruj/219351_Webapp_homework/mpich2-1.4/src/openpa/src -I/home/kumamon/Documents/paruj/219351_Webapp_homework/mpich2-1.4/src/mpid/ch3/include -I/home/kumamon/Documents/paruj/219351_Webapp_homework/mpich2-1.4/src/mpid/ch3/include -I/home/kumamon/Documents/paruj/219351_Webapp_homework/mpich2-1.4/src/mpid/common/datatype -I/home/kumamon/Documents/paruj/219351_Webapp_homework/mpich2-1.4/src/mpid/common/datatype -I/home/kumamon/Documents/paruj/219351_Webapp_homework/mpich2-1.4/src/mpid/common/locks -I/home/kumamon/Documents/paruj/219351_Webapp_homework/mpich2-1.4/src/mpid/common/locks -I/home/kumamon/Documents/paruj/219351_Webapp_homework/mpich2-1.4/src/mpid/ch3/channels/nemesis/include -I/home/kumamon/Documents/paruj/219351_Webapp_homework/mpich2-1.4/src/mpid/ch3/channels/nemesis/include -I/home/kumamon/Documents/paruj/219351_Webapp_homework/mpich2-1.4/src/mpid/ch3/channels/nemesis/nemesis/include -I/home/kumamon/Documents/paruj/219351_Webapp_homework/mpich2-1.4/src/mpid/ch3/channels/nemesis/nemesis/include -I/home/kumamon/Documents/paruj/219351_Webapp_homework/mpich2-1.4/src/mpid/ch3/channels/nemesis/nemesis/utils/monitor -I/home/kumamon/Documents/paruj/219351_Webapp_homework/mpich2-1.4/src/mpid/ch3/channels/nemesis/nemesis/utils/monitor -I/home/kumamon/Documents/paruj/219351_Webapp_homework/mpich2-1.4/src/util/wrappers -I/home/kumamon/Documents/paruj/219351_Webapp_homework/mpich2-1.4/src/util/wrappers FFLAGS=  --cache-file=/dev/null --srcdir=.

## --------- ##
## Platform. ##
## --------- ##

hostname = kumamon-home
uname -m = x86_64
uname -r = 3.19.0-51-generic
uname -s = Linux
uname -v = #58~14.04.1-Ubuntu SMP Fri Feb 26 22:02:58 UTC 2016

/usr/bin/uname -p = unknown
/bin/uname -X     = unknown

/bin/arch              = unknown
/usr/bin/arch -k       = unknown
/usr/convex/getsysinfo = unknown
/usr/bin/hostinfo      = unknown
/bin/machine           = unknown
/usr/bin/oslevel       = unknown
/bin/universe          = unknown

PATH: /home/kumamon/rosjava/devel/bin
PATH: /opt/ros/indigo/bin
PATH: /usr/local/sbin
PATH: /usr/local/bin
PATH: /usr/sbin
PATH: /usr/bin
PATH: /sbin
PATH: /bin
PATH: /usr/games
PATH: /usr/local/games


## ----------- ##
## Core tests. ##
## ----------- ##

configure:1807: checking for current directory name
configure:1851: result: /home/kumamon/Documents/paruj/219351_Webapp_homework/mpich2-1.4/src/mpe2/src/slog2sdk
configure:1927: checking gnumake
configure:1942: result: yes using --no-print-directory
configure:1956: checking BSD 4.4 make
configure:1976: result: no - whew
configure:1982: checking OSF V3 make
configure:2001: result: no
configure:2008: checking for virtual path format
configure:2023: result: VPATH
configure:2068: checking for a BSD-compatible install
configure:2136: result: /usr/bin/install -c
configure:2156: checking whether install works
configure:2164: result: yes
configure:2203: checking if CLASSPATH is set
configure:2228: result: no, good to go
configure:2238: checking build system type
configure:2252: result: x86_64-unknown-linux-gnu
configure:2272: checking host system type
configure:2285: result: x86_64-unknown-linux-gnu
configure:2553: checking for java in user's PATH
configure:2555: result: found /usr/bin/java
configure:2562: checking if /usr/bin/java runs simple java class
configure:2578: /usr/bin/java  simple 1>&5
configure:2581: $? = 0
configure:2589: result: yes
configure:2597: checking if /usr/bin/java runs simple jar file
configure:2612: /usr/bin/java  -jar simple.jar 1>&5
configure:2615: $? = 0
configure:2623: result: yes
configure:2631: checking if /usr/bin/java runs non-GUI tool
configure:2646: /usr/bin/java  -jar awt_color.jar 1>&5
blue =java.awt.Color[r=0,g=0,b=255]
configure:2649: $? = 0
configure:2689: result: yes
configure:2695: checking if /usr/bin/java runs simple Swing class
configure:2711: /usr/bin/java  simple_swing 1>&5
configure:2714: $? = 0
configure:2722: result: yes
configure:2731: checking if /usr/bin/java runs simple Swing jar file
configure:2746: /usr/bin/java  -jar simple_swing.jar 1>&5
configure:2749: $? = 0
configure:2757: result: yes
configure:3154: checking for Java version
configure:3171: result: openjdk full version "1.8.0_72-internal-b15", i.e. Java 2 SDK
configure:3196: checking for cygpath
configure:3215: result: no
configure:3352: checking for leftover Makefiles in subpackages 
configure:3367: result: none 
configure:3523: creating ./config.status

## ---------------------- ##
## Running config.status. ##
## ---------------------- ##

This file was extended by config.status, which was
generated by GNU Autoconf 2.68.  Invocation command line was

  CONFIG_FILES    = 
  CONFIG_HEADERS  = 
  CONFIG_LINKS    = 
  CONFIG_COMMANDS = 
  $ ./config.status 

on kumamon-home

config.status:754: creating Makefile
config.status:754: creating sbin/install-package
config.status:754: creating bin/slog2print
config.status:754: creating bin/slog2navigator
config.status:754: creating bin/slog2filter
config.status:754: creating bin/slog2updater
config.status:754: creating bin/logconvertor
config.status:754: creating bin/jumpshot
config.status:754: creating bin/clogprint
config.status:754: creating bin/clogTOslog2
config.status:754: creating bin/clog2print
config.status:754: creating bin/clog2TOslog2
configure:4613: === configuring in trace_rlog (/home/kumamon/Documents/paruj/219351_Webapp_homework/mpich2-1.4/src/mpe2/src/slog2sdk/trace_rlog)
configure:4676: running /bin/bash ./configure --disable-option-checking '--prefix=/usr/local'  '--disable-f77' '--disable-fc' '--disable-cxx' 'MPI_CC=/home/kumamon/Documents/paruj/219351_Webapp_homework/mpich2-1.4/bin/mpicc' 'MPI_F77=/home/kumamon/Documents/paruj/219351_Webapp_homework/mpich2-1.4/bin/mpif77' 'CC=gcc' 'CFLAGS=   -O2' 'LDFLAGS= ' 'LIBS=-lrt -lpthread  ' 'CPPFLAGS= -I/home/kumamon/Documents/paruj/219351_Webapp_homework/mpich2-1.4/src/mpl/include -I/home/kumamon/Documents/paruj/219351_Webapp_homework/mpich2-1.4/src/mpl/include -I/home/kumamon/Documents/paruj/219351_Webapp_homework/mpich2-1.4/src/openpa/src -I/home/kumamon/Documents/paruj/219351_Webapp_homework/mpich2-1.4/src/openpa/src -I/home/kumamon/Documents/paruj/219351_Webapp_homework/mpich2-1.4/src/mpid/ch3/include -I/home/kumamon/Documents/paruj/219351_Webapp_homework/mpich2-1.4/src/mpid/ch3/include -I/home/kumamon/Documents/paruj/219351_Webapp_homework/mpich2-1.4/src/mpid/common/datatype -I/home/kumamon/Documents/paruj/219351_Webapp_homework/mpich2-1.4/src/mpid/common/datatype -I/home/kumamon/Documents/paruj/219351_Webapp_homework/mpich2-1.4/src/mpid/common/locks -I/home/kumamon/Documents/paruj/219351_Webapp_homework/mpich2-1.4/src/mpid/common/locks -I/home/kumamon/Documents/paruj/219351_Webapp_homework/mpich2-1.4/src/mpid/ch3/channels/nemesis/include -I/home/kumamon/Documents/paruj/219351_Webapp_homework/mpich2-1.4/src/mpid/ch3/channels/nemesis/include -I/home/kumamon/Documents/paruj/219351_Webapp_homework/mpich2-1.4/src/mpid/ch3/channels/nemesis/nemesis/include -I/home/kumamon/Documents/paruj/219351_Webapp_homework/mpich2-1.4/src/mpid/ch3/channels/nemesis/nemesis/include -I/home/kumamon/Documents/paruj/219351_Webapp_homework/mpich2-1.4/src/mpid/ch3/channels/nemesis/nemesis/utils/monitor -I/home/kumamon/Documents/paruj/219351_Webapp_homework/mpich2-1.4/src/mpid/ch3/channels/nemesis/nemesis/utils/monitor -I/home/kumamon/Documents/paruj/219351_Webapp_homework/mpich2-1.4/src/util/wrappers -I/home/kumamon/Documents/paruj/219351_Webapp_homework/mpich2-1.4/src/util/wrappers' 'FFLAGS= ' --cache-file=/dev/null --srcdir=.
configure:4734: result: SLOG2SDK:  "trace_rlog" have been configured

## ---------------- ##
## Cache variables. ##
## ---------------- ##

ac_cv_build=x86_64-unknown-linux-gnu
ac_cv_env_build_alias_set=
ac_cv_env_build_alias_value=
ac_cv_env_host_alias_set=
ac_cv_env_host_alias_value=
ac_cv_env_target_alias_set=
ac_cv_env_target_alias_value=
ac_cv_host=x86_64-unknown-linux-gnu
ac_cv_path_install='/usr/bin/install -c'

## ----------------- ##
## Output variables. ##
## ----------------- ##

DEFS='-DPACKAGE_NAME=\"\" -DPACKAGE_TARNAME=\"\" -DPACKAGE_VERSION=\"\" -DPACKAGE_STRING=\"\" -DPACKAGE_BUGREPORT=\"\" -DPACKAGE_URL=\"\"'
ECHO_C=''
ECHO_N='-n'
ECHO_T=''
EXEFILES='slog2print slog2navigator slog2filter slog2updater logconvertor jumpshot clogprint clogTOslog2 clog2print clog2TOslog2 '
INSTALL_DATA='${INSTALL} -m 644'
INSTALL_PROGRAM='${INSTALL}'
INSTALL_SCRIPT='${INSTALL}'
JPATH_FINAL=''
JPATH_START=''
JVM='/usr/bin/java'
JVMFLAGS=''
LIBOBJS=''
LIBS='-lrt -lpthread  '
LTLIBOBJS=''
MAKE='make --no-print-directory'
NONGUI_JVMFLAGS=''
PACKAGE_BUGREPORT=''
PACKAGE_NAME=''
PACKAGE_STRING=''
PACKAGE_TARNAME=''
PACKAGE_URL=''
PACKAGE_VERSION=''
PATH_SEPARATOR=':'
RM='rm -f'
SHELL='/bin/bash'
TRACE_LIBDIR=''
VPATH='VPATH=.:$(srcdir)'
binbuild_dir='/home/kumamon/Documents/paruj/219351_Webapp_homework/mpich2-1.4/src/mpe2/src/slog2sdk/bin'
bindir='${exec_prefix}/bin'
build='x86_64-unknown-linux-gnu'
build_alias=''
build_cpu='x86_64'
build_os='linux-gnu'
build_vendor='unknown'
datadir='${datarootdir}'
datarootdir='${prefix}/share'
docbuild_dir='/home/kumamon/Documents/paruj/219351_Webapp_homework/mpich2-1.4/src/mpe2/src/slog2sdk/doc'
docdir='${datarootdir}/doc/${PACKAGE}'
dvidir='${docdir}'
etcbuild_dir='/home/kumamon/Documents/paruj/219351_Webapp_homework/mpich2-1.4/src/mpe2/src/slog2sdk/etc'
exec_prefix='${prefix}'
host='x86_64-unknown-linux-gnu'
host_alias=''
host_cpu='x86_64'
host_os='linux-gnu'
host_vendor='unknown'
htmldir='${docdir}'
includedir='${prefix}/include'
infodir='${datarootdir}/info'
libbuild_dir='/home/kumamon/Documents/paruj/219351_Webapp_homework/mpich2-1.4/src/mpe2/src/slog2sdk/lib'
libdir='${exec_prefix}/lib'
libexecdir='${exec_prefix}/libexec'
localedir='${datarootdir}/locale'
localstatedir='${prefix}/var'
mandir='${datarootdir}/man'
oldincludedir='/usr/include'
pdfdir='${docdir}'
prefix='/usr/local'
program_transform_name='s,x,x,'
psdir='${docdir}'
sbinbuild_dir='/home/kumamon/Documents/paruj/219351_Webapp_homework/mpich2-1.4/src/mpe2/src/slog2sdk/sbin'
sbindir='${exec_prefix}/sbin'
sharebuild_dir='/home/kumamon/Documents/paruj/219351_Webapp_homework/mpich2-1.4/src/mpe2/src/slog2sdk/share'
sharedstatedir='${prefix}/com'
subdirs=' trace_rlog'
sysconfdir='${prefix}/etc'
target_alias=''
top_srcdir_abs='/home/kumamon/Documents/paruj/219351_Webapp_homework/mpich2-1.4/src/mpe2/src/slog2sdk'

## ----------- ##
## confdefs.h. ##
## ----------- ##

/* confdefs.h */
#define PACKAGE_NAME ""
#define PACKAGE_TARNAME ""
#define PACKAGE_VERSION ""
#define PACKAGE_STRING ""
#define PACKAGE_BUGREPORT ""
#define PACKAGE_URL ""

configure: exit 0
