This file contains any messages produced by compilers while
running configure, to aid debugging if configure makes a mistake.

It was created by configure, which was
generated by GNU Autoconf 2.68.  Invocation command line was

  $ ./configure --disable-option-checking --prefix=/usr/local --disable-f77 --disable-fc --disable-cxx MPI_CC=/home/kumamon/Documents/paruj/219351_Webapp_homework/mpich2-1.4/bin/mpicc MPI_F77=/home/kumamon/Documents/paruj/219351_Webapp_homework/mpich2-1.4/bin/mpif77 CC=gcc CFLAGS=   -O2 LDFLAGS=  LIBS=-lrt -lpthread   CPPFLAGS= -I/home/kumamon/Documents/paruj/219351_Webapp_homework/mpich2-1.4/src/mpl/include -I/home/kumamon/Documents/paruj/219351_Webapp_homework/mpich2-1.4/src/mpl/include -I/home/kumamon/Documents/paruj/219351_Webapp_homework/mpich2-1.4/src/openpa/src -I/home/kumamon/Documents/paruj/219351_Webapp_homework/mpich2-1.4/src/openpa/src -I/home/kumamon/Documents/paruj/219351_Webapp_homework/mpich2-1.4/src/mpid/ch3/include -I/home/kumamon/Documents/paruj/219351_Webapp_homework/mpich2-1.4/src/mpid/ch3/include -I/home/kumamon/Documents/paruj/219351_Webapp_homework/mpich2-1.4/src/mpid/common/datatype -I/home/kumamon/Documents/paruj/219351_Webapp_homework/mpich2-1.4/src/mpid/common/datatype -I/home/kumamon/Documents/paruj/219351_Webapp_homework/mpich2-1.4/src/mpid/common/locks -I/home/kumamon/Documents/paruj/219351_Webapp_homework/mpich2-1.4/src/mpid/common/locks -I/home/kumamon/Documents/paruj/219351_Webapp_homework/mpich2-1.4/src/mpid/ch3/channels/nemesis/include -I/home/kumamon/Documents/paruj/219351_Webapp_homework/mpich2-1.4/src/mpid/ch3/channels/nemesis/include -I/home/kumamon/Documents/paruj/219351_Webapp_homework/mpich2-1.4/src/mpid/ch3/channels/nemesis/nemesis/include -I/home/kumamon/Documents/paruj/219351_Webapp_homework/mpich2-1.4/src/mpid/ch3/channels/nemesis/nemesis/include -I/home/kumamon/Documents/paruj/219351_Webapp_homework/mpich2-1.4/src/mpid/ch3/channels/nemesis/nemesis/utils/monitor -I/home/kumamon/Documents/paruj/219351_Webapp_homework/mpich2-1.4/src/mpid/ch3/channels/nemesis/nemesis/utils/monitor -I/home/kumamon/Documents/paruj/219351_Webapp_homework/mpich2-1.4/src/util/wrappers -I/home/kumamon/Documents/paruj/219351_Webapp_homework/mpich2-1.4/src/util/wrappers FFLAGS=  --cache-file=/dev/null --srcdir=.

## --------- ##
## Platform. ##
## --------- ##

hostname = kumamon-home
uname -m = x86_64
uname -r = 3.19.0-51-generic
uname -s = Linux
uname -v = #58~14.04.1-Ubuntu SMP Fri Feb 26 22:02:58 UTC 2016

/usr/bin/uname -p = unknown
/bin/uname -X     = unknown

/bin/arch              = unknown
/usr/bin/arch -k       = unknown
/usr/convex/getsysinfo = unknown
/usr/bin/hostinfo      = unknown
/bin/machine           = unknown
/usr/bin/oslevel       = unknown
/bin/universe          = unknown

PATH: /home/kumamon/rosjava/devel/bin
PATH: /opt/ros/indigo/bin
PATH: /usr/local/sbin
PATH: /usr/local/bin
PATH: /usr/sbin
PATH: /usr/bin
PATH: /sbin
PATH: /bin
PATH: /usr/games
PATH: /usr/local/games


## ----------- ##
## Core tests. ##
## ----------- ##

configure:2194: checking for current directory name
configure:2241: result: /home/kumamon/Documents/paruj/219351_Webapp_homework/mpich2-1.4/src/mpe2/src/collchk
configure:2290: checking gnumake
configure:2305: result: yes using --no-print-directory
configure:2319: checking BSD 4.4 make
configure:2339: result: no - whew
configure:2345: checking OSF V3 make
configure:2364: result: no
configure:2371: checking for virtual path format
configure:2386: result: VPATH
configure:2499: checking build system type
configure:2513: result: x86_64-unknown-linux-gnu
configure:2533: checking host system type
configure:2546: result: x86_64-unknown-linux-gnu
configure:2651: checking for gcc
configure:2678: result: gcc
configure:2907: checking for C compiler version
configure:2916: gcc --version >&5
gcc (Ubuntu 4.8.4-2ubuntu1~14.04.1) 4.8.4
Copyright (C) 2013 Free Software Foundation, Inc.
This is free software; see the source for copying conditions.  There is NO
warranty; not even for MERCHANTABILITY or FITNESS FOR A PARTICULAR PURPOSE.

configure:2927: $? = 0
configure:2916: gcc -v >&5
Using built-in specs.
COLLECT_GCC=gcc
COLLECT_LTO_WRAPPER=/usr/lib/gcc/x86_64-linux-gnu/4.8/lto-wrapper
Target: x86_64-linux-gnu
Configured with: ../src/configure -v --with-pkgversion='Ubuntu 4.8.4-2ubuntu1~14.04.1' --with-bugurl=file:///usr/share/doc/gcc-4.8/README.Bugs --enable-languages=c,c++,java,go,d,fortran,objc,obj-c++ --prefix=/usr --program-suffix=-4.8 --enable-shared --enable-linker-build-id --libexecdir=/usr/lib --without-included-gettext --enable-threads=posix --with-gxx-include-dir=/usr/include/c++/4.8 --libdir=/usr/lib --enable-nls --with-sysroot=/ --enable-clocale=gnu --enable-libstdcxx-debug --enable-libstdcxx-time=yes --enable-gnu-unique-object --disable-libmudflap --enable-plugin --with-system-zlib --disable-browser-plugin --enable-java-awt=gtk --enable-gtk-cairo --with-java-home=/usr/lib/jvm/java-1.5.0-gcj-4.8-amd64/jre --enable-java-home --with-jvm-root-dir=/usr/lib/jvm/java-1.5.0-gcj-4.8-amd64 --with-jvm-jar-dir=/usr/lib/jvm-exports/java-1.5.0-gcj-4.8-amd64 --with-arch-directory=amd64 --with-ecj-jar=/usr/share/java/eclipse-ecj.jar --enable-objc-gc --enable-multiarch --disable-werror --with-arch-32=i686 --with-abi=m64 --with-multilib-list=m32,m64,mx32 --with-tune=generic --enable-checking=release --build=x86_64-linux-gnu --host=x86_64-linux-gnu --target=x86_64-linux-gnu
Thread model: posix
gcc version 4.8.4 (Ubuntu 4.8.4-2ubuntu1~14.04.1) 
configure:2927: $? = 0
configure:2916: gcc -V >&5
gcc: error: unrecognized command line option '-V'
gcc: fatal error: no input files
compilation terminated.
configure:2927: $? = 4
configure:2916: gcc -qversion >&5
gcc: error: unrecognized command line option '-qversion'
gcc: fatal error: no input files
compilation terminated.
configure:2927: $? = 4
configure:2947: checking whether the C compiler works
configure:2969: gcc    -O2  -I/home/kumamon/Documents/paruj/219351_Webapp_homework/mpich2-1.4/src/mpl/include -I/home/kumamon/Documents/paruj/219351_Webapp_homework/mpich2-1.4/src/mpl/include -I/home/kumamon/Documents/paruj/219351_Webapp_homework/mpich2-1.4/src/openpa/src -I/home/kumamon/Documents/paruj/219351_Webapp_homework/mpich2-1.4/src/openpa/src -I/home/kumamon/Documents/paruj/219351_Webapp_homework/mpich2-1.4/src/mpid/ch3/include -I/home/kumamon/Documents/paruj/219351_Webapp_homework/mpich2-1.4/src/mpid/ch3/include -I/home/kumamon/Documents/paruj/219351_Webapp_homework/mpich2-1.4/src/mpid/common/datatype -I/home/kumamon/Documents/paruj/219351_Webapp_homework/mpich2-1.4/src/mpid/common/datatype -I/home/kumamon/Documents/paruj/219351_Webapp_homework/mpich2-1.4/src/mpid/common/locks -I/home/kumamon/Documents/paruj/219351_Webapp_homework/mpich2-1.4/src/mpid/common/locks -I/home/kumamon/Documents/paruj/219351_Webapp_homework/mpich2-1.4/src/mpid/ch3/channels/nemesis/include -I/home/kumamon/Documents/paruj/219351_Webapp_homework/mpich2-1.4/src/mpid/ch3/channels/nemesis/include -I/home/kumamon/Documents/paruj/219351_Webapp_homework/mpich2-1.4/src/mpid/ch3/channels/nemesis/nemesis/include -I/home/kumamon/Documents/paruj/219351_Webapp_homework/mpich2-1.4/src/mpid/ch3/channels/nemesis/nemesis/include -I/home/kumamon/Documents/paruj/219351_Webapp_homework/mpich2-1.4/src/mpid/ch3/channels/nemesis/nemesis/utils/monitor -I/home/kumamon/Documents/paruj/219351_Webapp_homework/mpich2-1.4/src/mpid/ch3/channels/nemesis/nemesis/utils/monitor -I/home/kumamon/Documents/paruj/219351_Webapp_homework/mpich2-1.4/src/util/wrappers -I/home/kumamon/Documents/paruj/219351_Webapp_homework/mpich2-1.4/src/util/wrappers   conftest.c -lrt -lpthread   >&5
configure:2973: $? = 0
configure:3021: result: yes
configure:3024: checking for C compiler default output file name
configure:3026: result: a.out
configure:3032: checking for suffix of executables
configure:3039: gcc -o conftest    -O2  -I/home/kumamon/Documents/paruj/219351_Webapp_homework/mpich2-1.4/src/mpl/include -I/home/kumamon/Documents/paruj/219351_Webapp_homework/mpich2-1.4/src/mpl/include -I/home/kumamon/Documents/paruj/219351_Webapp_homework/mpich2-1.4/src/openpa/src -I/home/kumamon/Documents/paruj/219351_Webapp_homework/mpich2-1.4/src/openpa/src -I/home/kumamon/Documents/paruj/219351_Webapp_homework/mpich2-1.4/src/mpid/ch3/include -I/home/kumamon/Documents/paruj/219351_Webapp_homework/mpich2-1.4/src/mpid/ch3/include -I/home/kumamon/Documents/paruj/219351_Webapp_homework/mpich2-1.4/src/mpid/common/datatype -I/home/kumamon/Documents/paruj/219351_Webapp_homework/mpich2-1.4/src/mpid/common/datatype -I/home/kumamon/Documents/paruj/219351_Webapp_homework/mpich2-1.4/src/mpid/common/locks -I/home/kumamon/Documents/paruj/219351_Webapp_homework/mpich2-1.4/src/mpid/common/locks -I/home/kumamon/Documents/paruj/219351_Webapp_homework/mpich2-1.4/src/mpid/ch3/channels/nemesis/include -I/home/kumamon/Documents/paruj/219351_Webapp_homework/mpich2-1.4/src/mpid/ch3/channels/nemesis/include -I/home/kumamon/Documents/paruj/219351_Webapp_homework/mpich2-1.4/src/mpid/ch3/channels/nemesis/nemesis/include -I/home/kumamon/Documents/paruj/219351_Webapp_homework/mpich2-1.4/src/mpid/ch3/channels/nemesis/nemesis/include -I/home/kumamon/Documents/paruj/219351_Webapp_homework/mpich2-1.4/src/mpid/ch3/channels/nemesis/nemesis/utils/monitor -I/home/kumamon/Documents/paruj/219351_Webapp_homework/mpich2-1.4/src/mpid/ch3/channels/nemesis/nemesis/utils/monitor -I/home/kumamon/Documents/paruj/219351_Webapp_homework/mpich2-1.4/src/util/wrappers -I/home/kumamon/Documents/paruj/219351_Webapp_homework/mpich2-1.4/src/util/wrappers   conftest.c -lrt -lpthread   >&5
configure:3043: $? = 0
configure:3065: result: 
configure:3087: checking whether we are cross compiling
configure:3095: gcc -o conftest    -O2  -I/home/kumamon/Documents/paruj/219351_Webapp_homework/mpich2-1.4/src/mpl/include -I/home/kumamon/Documents/paruj/219351_Webapp_homework/mpich2-1.4/src/mpl/include -I/home/kumamon/Documents/paruj/219351_Webapp_homework/mpich2-1.4/src/openpa/src -I/home/kumamon/Documents/paruj/219351_Webapp_homework/mpich2-1.4/src/openpa/src -I/home/kumamon/Documents/paruj/219351_Webapp_homework/mpich2-1.4/src/mpid/ch3/include -I/home/kumamon/Documents/paruj/219351_Webapp_homework/mpich2-1.4/src/mpid/ch3/include -I/home/kumamon/Documents/paruj/219351_Webapp_homework/mpich2-1.4/src/mpid/common/datatype -I/home/kumamon/Documents/paruj/219351_Webapp_homework/mpich2-1.4/src/mpid/common/datatype -I/home/kumamon/Documents/paruj/219351_Webapp_homework/mpich2-1.4/src/mpid/common/locks -I/home/kumamon/Documents/paruj/219351_Webapp_homework/mpich2-1.4/src/mpid/common/locks -I/home/kumamon/Documents/paruj/219351_Webapp_homework/mpich2-1.4/src/mpid/ch3/channels/nemesis/include -I/home/kumamon/Documents/paruj/219351_Webapp_homework/mpich2-1.4/src/mpid/ch3/channels/nemesis/include -I/home/kumamon/Documents/paruj/219351_Webapp_homework/mpich2-1.4/src/mpid/ch3/channels/nemesis/nemesis/include -I/home/kumamon/Documents/paruj/219351_Webapp_homework/mpich2-1.4/src/mpid/ch3/channels/nemesis/nemesis/include -I/home/kumamon/Documents/paruj/219351_Webapp_homework/mpich2-1.4/src/mpid/ch3/channels/nemesis/nemesis/utils/monitor -I/home/kumamon/Documents/paruj/219351_Webapp_homework/mpich2-1.4/src/mpid/ch3/channels/nemesis/nemesis/utils/monitor -I/home/kumamon/Documents/paruj/219351_Webapp_homework/mpich2-1.4/src/util/wrappers -I/home/kumamon/Documents/paruj/219351_Webapp_homework/mpich2-1.4/src/util/wrappers   conftest.c -lrt -lpthread   >&5
configure:3099: $? = 0
configure:3106: ./conftest
configure:3110: $? = 0
configure:3125: result: no
configure:3130: checking for suffix of object files
configure:3152: gcc -c    -O2  -I/home/kumamon/Documents/paruj/219351_Webapp_homework/mpich2-1.4/src/mpl/include -I/home/kumamon/Documents/paruj/219351_Webapp_homework/mpich2-1.4/src/mpl/include -I/home/kumamon/Documents/paruj/219351_Webapp_homework/mpich2-1.4/src/openpa/src -I/home/kumamon/Documents/paruj/219351_Webapp_homework/mpich2-1.4/src/openpa/src -I/home/kumamon/Documents/paruj/219351_Webapp_homework/mpich2-1.4/src/mpid/ch3/include -I/home/kumamon/Documents/paruj/219351_Webapp_homework/mpich2-1.4/src/mpid/ch3/include -I/home/kumamon/Documents/paruj/219351_Webapp_homework/mpich2-1.4/src/mpid/common/datatype -I/home/kumamon/Documents/paruj/219351_Webapp_homework/mpich2-1.4/src/mpid/common/datatype -I/home/kumamon/Documents/paruj/219351_Webapp_homework/mpich2-1.4/src/mpid/common/locks -I/home/kumamon/Documents/paruj/219351_Webapp_homework/mpich2-1.4/src/mpid/common/locks -I/home/kumamon/Documents/paruj/219351_Webapp_homework/mpich2-1.4/src/mpid/ch3/channels/nemesis/include -I/home/kumamon/Documents/paruj/219351_Webapp_homework/mpich2-1.4/src/mpid/ch3/channels/nemesis/include -I/home/kumamon/Documents/paruj/219351_Webapp_homework/mpich2-1.4/src/mpid/ch3/channels/nemesis/nemesis/include -I/home/kumamon/Documents/paruj/219351_Webapp_homework/mpich2-1.4/src/mpid/ch3/channels/nemesis/nemesis/include -I/home/kumamon/Documents/paruj/219351_Webapp_homework/mpich2-1.4/src/mpid/ch3/channels/nemesis/nemesis/utils/monitor -I/home/kumamon/Documents/paruj/219351_Webapp_homework/mpich2-1.4/src/mpid/ch3/channels/nemesis/nemesis/utils/monitor -I/home/kumamon/Documents/paruj/219351_Webapp_homework/mpich2-1.4/src/util/wrappers -I/home/kumamon/Documents/paruj/219351_Webapp_homework/mpich2-1.4/src/util/wrappers conftest.c >&5
configure:3156: $? = 0
configure:3177: result: o
configure:3181: checking whether we are using the GNU C compiler
configure:3200: gcc -c    -O2  -I/home/kumamon/Documents/paruj/219351_Webapp_homework/mpich2-1.4/src/mpl/include -I/home/kumamon/Documents/paruj/219351_Webapp_homework/mpich2-1.4/src/mpl/include -I/home/kumamon/Documents/paruj/219351_Webapp_homework/mpich2-1.4/src/openpa/src -I/home/kumamon/Documents/paruj/219351_Webapp_homework/mpich2-1.4/src/openpa/src -I/home/kumamon/Documents/paruj/219351_Webapp_homework/mpich2-1.4/src/mpid/ch3/include -I/home/kumamon/Documents/paruj/219351_Webapp_homework/mpich2-1.4/src/mpid/ch3/include -I/home/kumamon/Documents/paruj/219351_Webapp_homework/mpich2-1.4/src/mpid/common/datatype -I/home/kumamon/Documents/paruj/219351_Webapp_homework/mpich2-1.4/src/mpid/common/datatype -I/home/kumamon/Documents/paruj/219351_Webapp_homework/mpich2-1.4/src/mpid/common/locks -I/home/kumamon/Documents/paruj/219351_Webapp_homework/mpich2-1.4/src/mpid/common/locks -I/home/kumamon/Documents/paruj/219351_Webapp_homework/mpich2-1.4/src/mpid/ch3/channels/nemesis/include -I/home/kumamon/Documents/paruj/219351_Webapp_homework/mpich2-1.4/src/mpid/ch3/channels/nemesis/include -I/home/kumamon/Documents/paruj/219351_Webapp_homework/mpich2-1.4/src/mpid/ch3/channels/nemesis/nemesis/include -I/home/kumamon/Documents/paruj/219351_Webapp_homework/mpich2-1.4/src/mpid/ch3/channels/nemesis/nemesis/include -I/home/kumamon/Documents/paruj/219351_Webapp_homework/mpich2-1.4/src/mpid/ch3/channels/nemesis/nemesis/utils/monitor -I/home/kumamon/Documents/paruj/219351_Webapp_homework/mpich2-1.4/src/mpid/ch3/channels/nemesis/nemesis/utils/monitor -I/home/kumamon/Documents/paruj/219351_Webapp_homework/mpich2-1.4/src/util/wrappers -I/home/kumamon/Documents/paruj/219351_Webapp_homework/mpich2-1.4/src/util/wrappers conftest.c >&5
configure:3200: $? = 0
configure:3209: result: yes
configure:3218: checking whether gcc accepts -g
configure:3238: gcc -c -g  -I/home/kumamon/Documents/paruj/219351_Webapp_homework/mpich2-1.4/src/mpl/include -I/home/kumamon/Documents/paruj/219351_Webapp_homework/mpich2-1.4/src/mpl/include -I/home/kumamon/Documents/paruj/219351_Webapp_homework/mpich2-1.4/src/openpa/src -I/home/kumamon/Documents/paruj/219351_Webapp_homework/mpich2-1.4/src/openpa/src -I/home/kumamon/Documents/paruj/219351_Webapp_homework/mpich2-1.4/src/mpid/ch3/include -I/home/kumamon/Documents/paruj/219351_Webapp_homework/mpich2-1.4/src/mpid/ch3/include -I/home/kumamon/Documents/paruj/219351_Webapp_homework/mpich2-1.4/src/mpid/common/datatype -I/home/kumamon/Documents/paruj/219351_Webapp_homework/mpich2-1.4/src/mpid/common/datatype -I/home/kumamon/Documents/paruj/219351_Webapp_homework/mpich2-1.4/src/mpid/common/locks -I/home/kumamon/Documents/paruj/219351_Webapp_homework/mpich2-1.4/src/mpid/common/locks -I/home/kumamon/Documents/paruj/219351_Webapp_homework/mpich2-1.4/src/mpid/ch3/channels/nemesis/include -I/home/kumamon/Documents/paruj/219351_Webapp_homework/mpich2-1.4/src/mpid/ch3/channels/nemesis/include -I/home/kumamon/Documents/paruj/219351_Webapp_homework/mpich2-1.4/src/mpid/ch3/channels/nemesis/nemesis/include -I/home/kumamon/Documents/paruj/219351_Webapp_homework/mpich2-1.4/src/mpid/ch3/channels/nemesis/nemesis/include -I/home/kumamon/Documents/paruj/219351_Webapp_homework/mpich2-1.4/src/mpid/ch3/channels/nemesis/nemesis/utils/monitor -I/home/kumamon/Documents/paruj/219351_Webapp_homework/mpich2-1.4/src/mpid/ch3/channels/nemesis/nemesis/utils/monitor -I/home/kumamon/Documents/paruj/219351_Webapp_homework/mpich2-1.4/src/util/wrappers -I/home/kumamon/Documents/paruj/219351_Webapp_homework/mpich2-1.4/src/util/wrappers conftest.c >&5
configure:3238: $? = 0
configure:3279: result: yes
configure:3296: checking for gcc option to accept ISO C89
configure:3360: gcc  -c    -O2  -I/home/kumamon/Documents/paruj/219351_Webapp_homework/mpich2-1.4/src/mpl/include -I/home/kumamon/Documents/paruj/219351_Webapp_homework/mpich2-1.4/src/mpl/include -I/home/kumamon/Documents/paruj/219351_Webapp_homework/mpich2-1.4/src/openpa/src -I/home/kumamon/Documents/paruj/219351_Webapp_homework/mpich2-1.4/src/openpa/src -I/home/kumamon/Documents/paruj/219351_Webapp_homework/mpich2-1.4/src/mpid/ch3/include -I/home/kumamon/Documents/paruj/219351_Webapp_homework/mpich2-1.4/src/mpid/ch3/include -I/home/kumamon/Documents/paruj/219351_Webapp_homework/mpich2-1.4/src/mpid/common/datatype -I/home/kumamon/Documents/paruj/219351_Webapp_homework/mpich2-1.4/src/mpid/common/datatype -I/home/kumamon/Documents/paruj/219351_Webapp_homework/mpich2-1.4/src/mpid/common/locks -I/home/kumamon/Documents/paruj/219351_Webapp_homework/mpich2-1.4/src/mpid/common/locks -I/home/kumamon/Documents/paruj/219351_Webapp_homework/mpich2-1.4/src/mpid/ch3/channels/nemesis/include -I/home/kumamon/Documents/paruj/219351_Webapp_homework/mpich2-1.4/src/mpid/ch3/channels/nemesis/include -I/home/kumamon/Documents/paruj/219351_Webapp_homework/mpich2-1.4/src/mpid/ch3/channels/nemesis/nemesis/include -I/home/kumamon/Documents/paruj/219351_Webapp_homework/mpich2-1.4/src/mpid/ch3/channels/nemesis/nemesis/include -I/home/kumamon/Documents/paruj/219351_Webapp_homework/mpich2-1.4/src/mpid/ch3/channels/nemesis/nemesis/utils/monitor -I/home/kumamon/Documents/paruj/219351_Webapp_homework/mpich2-1.4/src/mpid/ch3/channels/nemesis/nemesis/utils/monitor -I/home/kumamon/Documents/paruj/219351_Webapp_homework/mpich2-1.4/src/util/wrappers -I/home/kumamon/Documents/paruj/219351_Webapp_homework/mpich2-1.4/src/util/wrappers conftest.c >&5
configure:3360: $? = 0
configure:3373: result: none needed
configure:3397: checking for ar
configure:3425: result: ar
configure:3476: checking for ranlib
configure:3503: result: ranlib
configure:3531: checking how to run the C preprocessor
configure:3562: gcc -E  -I/home/kumamon/Documents/paruj/219351_Webapp_homework/mpich2-1.4/src/mpl/include -I/home/kumamon/Documents/paruj/219351_Webapp_homework/mpich2-1.4/src/mpl/include -I/home/kumamon/Documents/paruj/219351_Webapp_homework/mpich2-1.4/src/openpa/src -I/home/kumamon/Documents/paruj/219351_Webapp_homework/mpich2-1.4/src/openpa/src -I/home/kumamon/Documents/paruj/219351_Webapp_homework/mpich2-1.4/src/mpid/ch3/include -I/home/kumamon/Documents/paruj/219351_Webapp_homework/mpich2-1.4/src/mpid/ch3/include -I/home/kumamon/Documents/paruj/219351_Webapp_homework/mpich2-1.4/src/mpid/common/datatype -I/home/kumamon/Documents/paruj/219351_Webapp_homework/mpich2-1.4/src/mpid/common/datatype -I/home/kumamon/Documents/paruj/219351_Webapp_homework/mpich2-1.4/src/mpid/common/locks -I/home/kumamon/Documents/paruj/219351_Webapp_homework/mpich2-1.4/src/mpid/common/locks -I/home/kumamon/Documents/paruj/219351_Webapp_homework/mpich2-1.4/src/mpid/ch3/channels/nemesis/include -I/home/kumamon/Documents/paruj/219351_Webapp_homework/mpich2-1.4/src/mpid/ch3/channels/nemesis/include -I/home/kumamon/Documents/paruj/219351_Webapp_homework/mpich2-1.4/src/mpid/ch3/channels/nemesis/nemesis/include -I/home/kumamon/Documents/paruj/219351_Webapp_homework/mpich2-1.4/src/mpid/ch3/channels/nemesis/nemesis/include -I/home/kumamon/Documents/paruj/219351_Webapp_homework/mpich2-1.4/src/mpid/ch3/channels/nemesis/nemesis/utils/monitor -I/home/kumamon/Documents/paruj/219351_Webapp_homework/mpich2-1.4/src/mpid/ch3/channels/nemesis/nemesis/utils/monitor -I/home/kumamon/Documents/paruj/219351_Webapp_homework/mpich2-1.4/src/util/wrappers -I/home/kumamon/Documents/paruj/219351_Webapp_homework/mpich2-1.4/src/util/wrappers conftest.c
configure:3562: $? = 0
configure:3576: gcc -E  -I/home/kumamon/Documents/paruj/219351_Webapp_homework/mpich2-1.4/src/mpl/include -I/home/kumamon/Documents/paruj/219351_Webapp_homework/mpich2-1.4/src/mpl/include -I/home/kumamon/Documents/paruj/219351_Webapp_homework/mpich2-1.4/src/openpa/src -I/home/kumamon/Documents/paruj/219351_Webapp_homework/mpich2-1.4/src/openpa/src -I/home/kumamon/Documents/paruj/219351_Webapp_homework/mpich2-1.4/src/mpid/ch3/include -I/home/kumamon/Documents/paruj/219351_Webapp_homework/mpich2-1.4/src/mpid/ch3/include -I/home/kumamon/Documents/paruj/219351_Webapp_homework/mpich2-1.4/src/mpid/common/datatype -I/home/kumamon/Documents/paruj/219351_Webapp_homework/mpich2-1.4/src/mpid/common/datatype -I/home/kumamon/Documents/paruj/219351_Webapp_homework/mpich2-1.4/src/mpid/common/locks -I/home/kumamon/Documents/paruj/219351_Webapp_homework/mpich2-1.4/src/mpid/common/locks -I/home/kumamon/Documents/paruj/219351_Webapp_homework/mpich2-1.4/src/mpid/ch3/channels/nemesis/include -I/home/kumamon/Documents/paruj/219351_Webapp_homework/mpich2-1.4/src/mpid/ch3/channels/nemesis/include -I/home/kumamon/Documents/paruj/219351_Webapp_homework/mpich2-1.4/src/mpid/ch3/channels/nemesis/nemesis/include -I/home/kumamon/Documents/paruj/219351_Webapp_homework/mpich2-1.4/src/mpid/ch3/channels/nemesis/nemesis/include -I/home/kumamon/Documents/paruj/219351_Webapp_homework/mpich2-1.4/src/mpid/ch3/channels/nemesis/nemesis/utils/monitor -I/home/kumamon/Documents/paruj/219351_Webapp_homework/mpich2-1.4/src/mpid/ch3/channels/nemesis/nemesis/utils/monitor -I/home/kumamon/Documents/paruj/219351_Webapp_homework/mpich2-1.4/src/util/wrappers -I/home/kumamon/Documents/paruj/219351_Webapp_homework/mpich2-1.4/src/util/wrappers conftest.c
conftest.c:9:28: fatal error: ac_nonexistent.h: No such file or directory
 #include <ac_nonexistent.h>
                            ^
compilation terminated.
configure:3576: $? = 1
configure: failed program was:
| /* confdefs.h */
| #define PACKAGE_NAME ""
| #define PACKAGE_TARNAME ""
| #define PACKAGE_VERSION ""
| #define PACKAGE_STRING ""
| #define PACKAGE_BUGREPORT ""
| #define PACKAGE_URL ""
| /* end confdefs.h.  */
| #include <ac_nonexistent.h>
configure:3601: result: gcc -E
configure:3621: gcc -E  -I/home/kumamon/Documents/paruj/219351_Webapp_homework/mpich2-1.4/src/mpl/include -I/home/kumamon/Documents/paruj/219351_Webapp_homework/mpich2-1.4/src/mpl/include -I/home/kumamon/Documents/paruj/219351_Webapp_homework/mpich2-1.4/src/openpa/src -I/home/kumamon/Documents/paruj/219351_Webapp_homework/mpich2-1.4/src/openpa/src -I/home/kumamon/Documents/paruj/219351_Webapp_homework/mpich2-1.4/src/mpid/ch3/include -I/home/kumamon/Documents/paruj/219351_Webapp_homework/mpich2-1.4/src/mpid/ch3/include -I/home/kumamon/Documents/paruj/219351_Webapp_homework/mpich2-1.4/src/mpid/common/datatype -I/home/kumamon/Documents/paruj/219351_Webapp_homework/mpich2-1.4/src/mpid/common/datatype -I/home/kumamon/Documents/paruj/219351_Webapp_homework/mpich2-1.4/src/mpid/common/locks -I/home/kumamon/Documents/paruj/219351_Webapp_homework/mpich2-1.4/src/mpid/common/locks -I/home/kumamon/Documents/paruj/219351_Webapp_homework/mpich2-1.4/src/mpid/ch3/channels/nemesis/include -I/home/kumamon/Documents/paruj/219351_Webapp_homework/mpich2-1.4/src/mpid/ch3/channels/nemesis/include -I/home/kumamon/Documents/paruj/219351_Webapp_homework/mpich2-1.4/src/mpid/ch3/channels/nemesis/nemesis/include -I/home/kumamon/Documents/paruj/219351_Webapp_homework/mpich2-1.4/src/mpid/ch3/channels/nemesis/nemesis/include -I/home/kumamon/Documents/paruj/219351_Webapp_homework/mpich2-1.4/src/mpid/ch3/channels/nemesis/nemesis/utils/monitor -I/home/kumamon/Documents/paruj/219351_Webapp_homework/mpich2-1.4/src/mpid/ch3/channels/nemesis/nemesis/utils/monitor -I/home/kumamon/Documents/paruj/219351_Webapp_homework/mpich2-1.4/src/util/wrappers -I/home/kumamon/Documents/paruj/219351_Webapp_homework/mpich2-1.4/src/util/wrappers conftest.c
configure:3621: $? = 0
configure:3635: gcc -E  -I/home/kumamon/Documents/paruj/219351_Webapp_homework/mpich2-1.4/src/mpl/include -I/home/kumamon/Documents/paruj/219351_Webapp_homework/mpich2-1.4/src/mpl/include -I/home/kumamon/Documents/paruj/219351_Webapp_homework/mpich2-1.4/src/openpa/src -I/home/kumamon/Documents/paruj/219351_Webapp_homework/mpich2-1.4/src/openpa/src -I/home/kumamon/Documents/paruj/219351_Webapp_homework/mpich2-1.4/src/mpid/ch3/include -I/home/kumamon/Documents/paruj/219351_Webapp_homework/mpich2-1.4/src/mpid/ch3/include -I/home/kumamon/Documents/paruj/219351_Webapp_homework/mpich2-1.4/src/mpid/common/datatype -I/home/kumamon/Documents/paruj/219351_Webapp_homework/mpich2-1.4/src/mpid/common/datatype -I/home/kumamon/Documents/paruj/219351_Webapp_homework/mpich2-1.4/src/mpid/common/locks -I/home/kumamon/Documents/paruj/219351_Webapp_homework/mpich2-1.4/src/mpid/common/locks -I/home/kumamon/Documents/paruj/219351_Webapp_homework/mpich2-1.4/src/mpid/ch3/channels/nemesis/include -I/home/kumamon/Documents/paruj/219351_Webapp_homework/mpich2-1.4/src/mpid/ch3/channels/nemesis/include -I/home/kumamon/Documents/paruj/219351_Webapp_homework/mpich2-1.4/src/mpid/ch3/channels/nemesis/nemesis/include -I/home/kumamon/Documents/paruj/219351_Webapp_homework/mpich2-1.4/src/mpid/ch3/channels/nemesis/nemesis/include -I/home/kumamon/Documents/paruj/219351_Webapp_homework/mpich2-1.4/src/mpid/ch3/channels/nemesis/nemesis/utils/monitor -I/home/kumamon/Documents/paruj/219351_Webapp_homework/mpich2-1.4/src/mpid/ch3/channels/nemesis/nemesis/utils/monitor -I/home/kumamon/Documents/paruj/219351_Webapp_homework/mpich2-1.4/src/util/wrappers -I/home/kumamon/Documents/paruj/219351_Webapp_homework/mpich2-1.4/src/util/wrappers conftest.c
conftest.c:9:28: fatal error: ac_nonexistent.h: No such file or directory
 #include <ac_nonexistent.h>
                            ^
compilation terminated.
configure:3635: $? = 1
configure: failed program was:
| /* confdefs.h */
| #define PACKAGE_NAME ""
| #define PACKAGE_TARNAME ""
| #define PACKAGE_VERSION ""
| #define PACKAGE_STRING ""
| #define PACKAGE_BUGREPORT ""
| #define PACKAGE_URL ""
| /* end confdefs.h.  */
| #include <ac_nonexistent.h>
configure:3714: checking for grep that handles long lines and -e
configure:3772: result: /bin/grep
configure:3777: checking for egrep
configure:3839: result: /bin/grep -E
configure:3844: checking for ANSI C header files
configure:3864: gcc -c    -O2  -I/home/kumamon/Documents/paruj/219351_Webapp_homework/mpich2-1.4/src/mpl/include -I/home/kumamon/Documents/paruj/219351_Webapp_homework/mpich2-1.4/src/mpl/include -I/home/kumamon/Documents/paruj/219351_Webapp_homework/mpich2-1.4/src/openpa/src -I/home/kumamon/Documents/paruj/219351_Webapp_homework/mpich2-1.4/src/openpa/src -I/home/kumamon/Documents/paruj/219351_Webapp_homework/mpich2-1.4/src/mpid/ch3/include -I/home/kumamon/Documents/paruj/219351_Webapp_homework/mpich2-1.4/src/mpid/ch3/include -I/home/kumamon/Documents/paruj/219351_Webapp_homework/mpich2-1.4/src/mpid/common/datatype -I/home/kumamon/Documents/paruj/219351_Webapp_homework/mpich2-1.4/src/mpid/common/datatype -I/home/kumamon/Documents/paruj/219351_Webapp_homework/mpich2-1.4/src/mpid/common/locks -I/home/kumamon/Documents/paruj/219351_Webapp_homework/mpich2-1.4/src/mpid/common/locks -I/home/kumamon/Documents/paruj/219351_Webapp_homework/mpich2-1.4/src/mpid/ch3/channels/nemesis/include -I/home/kumamon/Documents/paruj/219351_Webapp_homework/mpich2-1.4/src/mpid/ch3/channels/nemesis/include -I/home/kumamon/Documents/paruj/219351_Webapp_homework/mpich2-1.4/src/mpid/ch3/channels/nemesis/nemesis/include -I/home/kumamon/Documents/paruj/219351_Webapp_homework/mpich2-1.4/src/mpid/ch3/channels/nemesis/nemesis/include -I/home/kumamon/Documents/paruj/219351_Webapp_homework/mpich2-1.4/src/mpid/ch3/channels/nemesis/nemesis/utils/monitor -I/home/kumamon/Documents/paruj/219351_Webapp_homework/mpich2-1.4/src/mpid/ch3/channels/nemesis/nemesis/utils/monitor -I/home/kumamon/Documents/paruj/219351_Webapp_homework/mpich2-1.4/src/util/wrappers -I/home/kumamon/Documents/paruj/219351_Webapp_homework/mpich2-1.4/src/util/wrappers conftest.c >&5
configure:3864: $? = 0
configure:3937: gcc -o conftest    -O2  -I/home/kumamon/Documents/paruj/219351_Webapp_homework/mpich2-1.4/src/mpl/include -I/home/kumamon/Documents/paruj/219351_Webapp_homework/mpich2-1.4/src/mpl/include -I/home/kumamon/Documents/paruj/219351_Webapp_homework/mpich2-1.4/src/openpa/src -I/home/kumamon/Documents/paruj/219351_Webapp_homework/mpich2-1.4/src/openpa/src -I/home/kumamon/Documents/paruj/219351_Webapp_homework/mpich2-1.4/src/mpid/ch3/include -I/home/kumamon/Documents/paruj/219351_Webapp_homework/mpich2-1.4/src/mpid/ch3/include -I/home/kumamon/Documents/paruj/219351_Webapp_homework/mpich2-1.4/src/mpid/common/datatype -I/home/kumamon/Documents/paruj/219351_Webapp_homework/mpich2-1.4/src/mpid/common/datatype -I/home/kumamon/Documents/paruj/219351_Webapp_homework/mpich2-1.4/src/mpid/common/locks -I/home/kumamon/Documents/paruj/219351_Webapp_homework/mpich2-1.4/src/mpid/common/locks -I/home/kumamon/Documents/paruj/219351_Webapp_homework/mpich2-1.4/src/mpid/ch3/channels/nemesis/include -I/home/kumamon/Documents/paruj/219351_Webapp_homework/mpich2-1.4/src/mpid/ch3/channels/nemesis/include -I/home/kumamon/Documents/paruj/219351_Webapp_homework/mpich2-1.4/src/mpid/ch3/channels/nemesis/nemesis/include -I/home/kumamon/Documents/paruj/219351_Webapp_homework/mpich2-1.4/src/mpid/ch3/channels/nemesis/nemesis/include -I/home/kumamon/Documents/paruj/219351_Webapp_homework/mpich2-1.4/src/mpid/ch3/channels/nemesis/nemesis/utils/monitor -I/home/kumamon/Documents/paruj/219351_Webapp_homework/mpich2-1.4/src/mpid/ch3/channels/nemesis/nemesis/utils/monitor -I/home/kumamon/Documents/paruj/219351_Webapp_homework/mpich2-1.4/src/util/wrappers -I/home/kumamon/Documents/paruj/219351_Webapp_homework/mpich2-1.4/src/util/wrappers   conftest.c -lrt -lpthread   >&5
configure:3937: $? = 0
configure:3937: ./conftest
configure:3937: $? = 0
configure:3948: result: yes
configure:3956: checking for an ANSI C-conforming const
configure:4021: gcc -c    -O2  -I/home/kumamon/Documents/paruj/219351_Webapp_homework/mpich2-1.4/src/mpl/include -I/home/kumamon/Documents/paruj/219351_Webapp_homework/mpich2-1.4/src/mpl/include -I/home/kumamon/Documents/paruj/219351_Webapp_homework/mpich2-1.4/src/openpa/src -I/home/kumamon/Documents/paruj/219351_Webapp_homework/mpich2-1.4/src/openpa/src -I/home/kumamon/Documents/paruj/219351_Webapp_homework/mpich2-1.4/src/mpid/ch3/include -I/home/kumamon/Documents/paruj/219351_Webapp_homework/mpich2-1.4/src/mpid/ch3/include -I/home/kumamon/Documents/paruj/219351_Webapp_homework/mpich2-1.4/src/mpid/common/datatype -I/home/kumamon/Documents/paruj/219351_Webapp_homework/mpich2-1.4/src/mpid/common/datatype -I/home/kumamon/Documents/paruj/219351_Webapp_homework/mpich2-1.4/src/mpid/common/locks -I/home/kumamon/Documents/paruj/219351_Webapp_homework/mpich2-1.4/src/mpid/common/locks -I/home/kumamon/Documents/paruj/219351_Webapp_homework/mpich2-1.4/src/mpid/ch3/channels/nemesis/include -I/home/kumamon/Documents/paruj/219351_Webapp_homework/mpich2-1.4/src/mpid/ch3/channels/nemesis/include -I/home/kumamon/Documents/paruj/219351_Webapp_homework/mpich2-1.4/src/mpid/ch3/channels/nemesis/nemesis/include -I/home/kumamon/Documents/paruj/219351_Webapp_homework/mpich2-1.4/src/mpid/ch3/channels/nemesis/nemesis/include -I/home/kumamon/Documents/paruj/219351_Webapp_homework/mpich2-1.4/src/mpid/ch3/channels/nemesis/nemesis/utils/monitor -I/home/kumamon/Documents/paruj/219351_Webapp_homework/mpich2-1.4/src/mpid/ch3/channels/nemesis/nemesis/utils/monitor -I/home/kumamon/Documents/paruj/219351_Webapp_homework/mpich2-1.4/src/util/wrappers -I/home/kumamon/Documents/paruj/219351_Webapp_homework/mpich2-1.4/src/util/wrappers conftest.c >&5
configure:4021: $? = 0
configure:4028: result: yes
configure:4042: checking for sys/types.h
configure:4042: gcc -c    -O2  -I/home/kumamon/Documents/paruj/219351_Webapp_homework/mpich2-1.4/src/mpl/include -I/home/kumamon/Documents/paruj/219351_Webapp_homework/mpich2-1.4/src/mpl/include -I/home/kumamon/Documents/paruj/219351_Webapp_homework/mpich2-1.4/src/openpa/src -I/home/kumamon/Documents/paruj/219351_Webapp_homework/mpich2-1.4/src/openpa/src -I/home/kumamon/Documents/paruj/219351_Webapp_homework/mpich2-1.4/src/mpid/ch3/include -I/home/kumamon/Documents/paruj/219351_Webapp_homework/mpich2-1.4/src/mpid/ch3/include -I/home/kumamon/Documents/paruj/219351_Webapp_homework/mpich2-1.4/src/mpid/common/datatype -I/home/kumamon/Documents/paruj/219351_Webapp_homework/mpich2-1.4/src/mpid/common/datatype -I/home/kumamon/Documents/paruj/219351_Webapp_homework/mpich2-1.4/src/mpid/common/locks -I/home/kumamon/Documents/paruj/219351_Webapp_homework/mpich2-1.4/src/mpid/common/locks -I/home/kumamon/Documents/paruj/219351_Webapp_homework/mpich2-1.4/src/mpid/ch3/channels/nemesis/include -I/home/kumamon/Documents/paruj/219351_Webapp_homework/mpich2-1.4/src/mpid/ch3/channels/nemesis/include -I/home/kumamon/Documents/paruj/219351_Webapp_homework/mpich2-1.4/src/mpid/ch3/channels/nemesis/nemesis/include -I/home/kumamon/Documents/paruj/219351_Webapp_homework/mpich2-1.4/src/mpid/ch3/channels/nemesis/nemesis/include -I/home/kumamon/Documents/paruj/219351_Webapp_homework/mpich2-1.4/src/mpid/ch3/channels/nemesis/nemesis/utils/monitor -I/home/kumamon/Documents/paruj/219351_Webapp_homework/mpich2-1.4/src/mpid/ch3/channels/nemesis/nemesis/utils/monitor -I/home/kumamon/Documents/paruj/219351_Webapp_homework/mpich2-1.4/src/util/wrappers -I/home/kumamon/Documents/paruj/219351_Webapp_homework/mpich2-1.4/src/util/wrappers conftest.c >&5
configure:4042: $? = 0
configure:4042: result: yes
configure:4042: checking for sys/stat.h
configure:4042: gcc -c    -O2  -I/home/kumamon/Documents/paruj/219351_Webapp_homework/mpich2-1.4/src/mpl/include -I/home/kumamon/Documents/paruj/219351_Webapp_homework/mpich2-1.4/src/mpl/include -I/home/kumamon/Documents/paruj/219351_Webapp_homework/mpich2-1.4/src/openpa/src -I/home/kumamon/Documents/paruj/219351_Webapp_homework/mpich2-1.4/src/openpa/src -I/home/kumamon/Documents/paruj/219351_Webapp_homework/mpich2-1.4/src/mpid/ch3/include -I/home/kumamon/Documents/paruj/219351_Webapp_homework/mpich2-1.4/src/mpid/ch3/include -I/home/kumamon/Documents/paruj/219351_Webapp_homework/mpich2-1.4/src/mpid/common/datatype -I/home/kumamon/Documents/paruj/219351_Webapp_homework/mpich2-1.4/src/mpid/common/datatype -I/home/kumamon/Documents/paruj/219351_Webapp_homework/mpich2-1.4/src/mpid/common/locks -I/home/kumamon/Documents/paruj/219351_Webapp_homework/mpich2-1.4/src/mpid/common/locks -I/home/kumamon/Documents/paruj/219351_Webapp_homework/mpich2-1.4/src/mpid/ch3/channels/nemesis/include -I/home/kumamon/Documents/paruj/219351_Webapp_homework/mpich2-1.4/src/mpid/ch3/channels/nemesis/include -I/home/kumamon/Documents/paruj/219351_Webapp_homework/mpich2-1.4/src/mpid/ch3/channels/nemesis/nemesis/include -I/home/kumamon/Documents/paruj/219351_Webapp_homework/mpich2-1.4/src/mpid/ch3/channels/nemesis/nemesis/include -I/home/kumamon/Documents/paruj/219351_Webapp_homework/mpich2-1.4/src/mpid/ch3/channels/nemesis/nemesis/utils/monitor -I/home/kumamon/Documents/paruj/219351_Webapp_homework/mpich2-1.4/src/mpid/ch3/channels/nemesis/nemesis/utils/monitor -I/home/kumamon/Documents/paruj/219351_Webapp_homework/mpich2-1.4/src/util/wrappers -I/home/kumamon/Documents/paruj/219351_Webapp_homework/mpich2-1.4/src/util/wrappers conftest.c >&5
configure:4042: $? = 0
configure:4042: result: yes
configure:4042: checking for stdlib.h
configure:4042: gcc -c    -O2  -I/home/kumamon/Documents/paruj/219351_Webapp_homework/mpich2-1.4/src/mpl/include -I/home/kumamon/Documents/paruj/219351_Webapp_homework/mpich2-1.4/src/mpl/include -I/home/kumamon/Documents/paruj/219351_Webapp_homework/mpich2-1.4/src/openpa/src -I/home/kumamon/Documents/paruj/219351_Webapp_homework/mpich2-1.4/src/openpa/src -I/home/kumamon/Documents/paruj/219351_Webapp_homework/mpich2-1.4/src/mpid/ch3/include -I/home/kumamon/Documents/paruj/219351_Webapp_homework/mpich2-1.4/src/mpid/ch3/include -I/home/kumamon/Documents/paruj/219351_Webapp_homework/mpich2-1.4/src/mpid/common/datatype -I/home/kumamon/Documents/paruj/219351_Webapp_homework/mpich2-1.4/src/mpid/common/datatype -I/home/kumamon/Documents/paruj/219351_Webapp_homework/mpich2-1.4/src/mpid/common/locks -I/home/kumamon/Documents/paruj/219351_Webapp_homework/mpich2-1.4/src/mpid/common/locks -I/home/kumamon/Documents/paruj/219351_Webapp_homework/mpich2-1.4/src/mpid/ch3/channels/nemesis/include -I/home/kumamon/Documents/paruj/219351_Webapp_homework/mpich2-1.4/src/mpid/ch3/channels/nemesis/include -I/home/kumamon/Documents/paruj/219351_Webapp_homework/mpich2-1.4/src/mpid/ch3/channels/nemesis/nemesis/include -I/home/kumamon/Documents/paruj/219351_Webapp_homework/mpich2-1.4/src/mpid/ch3/channels/nemesis/nemesis/include -I/home/kumamon/Documents/paruj/219351_Webapp_homework/mpich2-1.4/src/mpid/ch3/channels/nemesis/nemesis/utils/monitor -I/home/kumamon/Documents/paruj/219351_Webapp_homework/mpich2-1.4/src/mpid/ch3/channels/nemesis/nemesis/utils/monitor -I/home/kumamon/Documents/paruj/219351_Webapp_homework/mpich2-1.4/src/util/wrappers -I/home/kumamon/Documents/paruj/219351_Webapp_homework/mpich2-1.4/src/util/wrappers conftest.c >&5
configure:4042: $? = 0
configure:4042: result: yes
configure:4042: checking for string.h
configure:4042: gcc -c    -O2  -I/home/kumamon/Documents/paruj/219351_Webapp_homework/mpich2-1.4/src/mpl/include -I/home/kumamon/Documents/paruj/219351_Webapp_homework/mpich2-1.4/src/mpl/include -I/home/kumamon/Documents/paruj/219351_Webapp_homework/mpich2-1.4/src/openpa/src -I/home/kumamon/Documents/paruj/219351_Webapp_homework/mpich2-1.4/src/openpa/src -I/home/kumamon/Documents/paruj/219351_Webapp_homework/mpich2-1.4/src/mpid/ch3/include -I/home/kumamon/Documents/paruj/219351_Webapp_homework/mpich2-1.4/src/mpid/ch3/include -I/home/kumamon/Documents/paruj/219351_Webapp_homework/mpich2-1.4/src/mpid/common/datatype -I/home/kumamon/Documents/paruj/219351_Webapp_homework/mpich2-1.4/src/mpid/common/datatype -I/home/kumamon/Documents/paruj/219351_Webapp_homework/mpich2-1.4/src/mpid/common/locks -I/home/kumamon/Documents/paruj/219351_Webapp_homework/mpich2-1.4/src/mpid/common/locks -I/home/kumamon/Documents/paruj/219351_Webapp_homework/mpich2-1.4/src/mpid/ch3/channels/nemesis/include -I/home/kumamon/Documents/paruj/219351_Webapp_homework/mpich2-1.4/src/mpid/ch3/channels/nemesis/include -I/home/kumamon/Documents/paruj/219351_Webapp_homework/mpich2-1.4/src/mpid/ch3/channels/nemesis/nemesis/include -I/home/kumamon/Documents/paruj/219351_Webapp_homework/mpich2-1.4/src/mpid/ch3/channels/nemesis/nemesis/include -I/home/kumamon/Documents/paruj/219351_Webapp_homework/mpich2-1.4/src/mpid/ch3/channels/nemesis/nemesis/utils/monitor -I/home/kumamon/Documents/paruj/219351_Webapp_homework/mpich2-1.4/src/mpid/ch3/channels/nemesis/nemesis/utils/monitor -I/home/kumamon/Documents/paruj/219351_Webapp_homework/mpich2-1.4/src/util/wrappers -I/home/kumamon/Documents/paruj/219351_Webapp_homework/mpich2-1.4/src/util/wrappers conftest.c >&5
configure:4042: $? = 0
configure:4042: result: yes
configure:4042: checking for memory.h
configure:4042: gcc -c    -O2  -I/home/kumamon/Documents/paruj/219351_Webapp_homework/mpich2-1.4/src/mpl/include -I/home/kumamon/Documents/paruj/219351_Webapp_homework/mpich2-1.4/src/mpl/include -I/home/kumamon/Documents/paruj/219351_Webapp_homework/mpich2-1.4/src/openpa/src -I/home/kumamon/Documents/paruj/219351_Webapp_homework/mpich2-1.4/src/openpa/src -I/home/kumamon/Documents/paruj/219351_Webapp_homework/mpich2-1.4/src/mpid/ch3/include -I/home/kumamon/Documents/paruj/219351_Webapp_homework/mpich2-1.4/src/mpid/ch3/include -I/home/kumamon/Documents/paruj/219351_Webapp_homework/mpich2-1.4/src/mpid/common/datatype -I/home/kumamon/Documents/paruj/219351_Webapp_homework/mpich2-1.4/src/mpid/common/datatype -I/home/kumamon/Documents/paruj/219351_Webapp_homework/mpich2-1.4/src/mpid/common/locks -I/home/kumamon/Documents/paruj/219351_Webapp_homework/mpich2-1.4/src/mpid/common/locks -I/home/kumamon/Documents/paruj/219351_Webapp_homework/mpich2-1.4/src/mpid/ch3/channels/nemesis/include -I/home/kumamon/Documents/paruj/219351_Webapp_homework/mpich2-1.4/src/mpid/ch3/channels/nemesis/include -I/home/kumamon/Documents/paruj/219351_Webapp_homework/mpich2-1.4/src/mpid/ch3/channels/nemesis/nemesis/include -I/home/kumamon/Documents/paruj/219351_Webapp_homework/mpich2-1.4/src/mpid/ch3/channels/nemesis/nemesis/include -I/home/kumamon/Documents/paruj/219351_Webapp_homework/mpich2-1.4/src/mpid/ch3/channels/nemesis/nemesis/utils/monitor -I/home/kumamon/Documents/paruj/219351_Webapp_homework/mpich2-1.4/src/mpid/ch3/channels/nemesis/nemesis/utils/monitor -I/home/kumamon/Documents/paruj/219351_Webapp_homework/mpich2-1.4/src/util/wrappers -I/home/kumamon/Documents/paruj/219351_Webapp_homework/mpich2-1.4/src/util/wrappers conftest.c >&5
configure:4042: $? = 0
configure:4042: result: yes
configure:4042: checking for strings.h
configure:4042: gcc -c    -O2  -I/home/kumamon/Documents/paruj/219351_Webapp_homework/mpich2-1.4/src/mpl/include -I/home/kumamon/Documents/paruj/219351_Webapp_homework/mpich2-1.4/src/mpl/include -I/home/kumamon/Documents/paruj/219351_Webapp_homework/mpich2-1.4/src/openpa/src -I/home/kumamon/Documents/paruj/219351_Webapp_homework/mpich2-1.4/src/openpa/src -I/home/kumamon/Documents/paruj/219351_Webapp_homework/mpich2-1.4/src/mpid/ch3/include -I/home/kumamon/Documents/paruj/219351_Webapp_homework/mpich2-1.4/src/mpid/ch3/include -I/home/kumamon/Documents/paruj/219351_Webapp_homework/mpich2-1.4/src/mpid/common/datatype -I/home/kumamon/Documents/paruj/219351_Webapp_homework/mpich2-1.4/src/mpid/common/datatype -I/home/kumamon/Documents/paruj/219351_Webapp_homework/mpich2-1.4/src/mpid/common/locks -I/home/kumamon/Documents/paruj/219351_Webapp_homework/mpich2-1.4/src/mpid/common/locks -I/home/kumamon/Documents/paruj/219351_Webapp_homework/mpich2-1.4/src/mpid/ch3/channels/nemesis/include -I/home/kumamon/Documents/paruj/219351_Webapp_homework/mpich2-1.4/src/mpid/ch3/channels/nemesis/include -I/home/kumamon/Documents/paruj/219351_Webapp_homework/mpich2-1.4/src/mpid/ch3/channels/nemesis/nemesis/include -I/home/kumamon/Documents/paruj/219351_Webapp_homework/mpich2-1.4/src/mpid/ch3/channels/nemesis/nemesis/include -I/home/kumamon/Documents/paruj/219351_Webapp_homework/mpich2-1.4/src/mpid/ch3/channels/nemesis/nemesis/utils/monitor -I/home/kumamon/Documents/paruj/219351_Webapp_homework/mpich2-1.4/src/mpid/ch3/channels/nemesis/nemesis/utils/monitor -I/home/kumamon/Documents/paruj/219351_Webapp_homework/mpich2-1.4/src/util/wrappers -I/home/kumamon/Documents/paruj/219351_Webapp_homework/mpich2-1.4/src/util/wrappers conftest.c >&5
configure:4042: $? = 0
configure:4042: result: yes
configure:4042: checking for inttypes.h
configure:4042: gcc -c    -O2  -I/home/kumamon/Documents/paruj/219351_Webapp_homework/mpich2-1.4/src/mpl/include -I/home/kumamon/Documents/paruj/219351_Webapp_homework/mpich2-1.4/src/mpl/include -I/home/kumamon/Documents/paruj/219351_Webapp_homework/mpich2-1.4/src/openpa/src -I/home/kumamon/Documents/paruj/219351_Webapp_homework/mpich2-1.4/src/openpa/src -I/home/kumamon/Documents/paruj/219351_Webapp_homework/mpich2-1.4/src/mpid/ch3/include -I/home/kumamon/Documents/paruj/219351_Webapp_homework/mpich2-1.4/src/mpid/ch3/include -I/home/kumamon/Documents/paruj/219351_Webapp_homework/mpich2-1.4/src/mpid/common/datatype -I/home/kumamon/Documents/paruj/219351_Webapp_homework/mpich2-1.4/src/mpid/common/datatype -I/home/kumamon/Documents/paruj/219351_Webapp_homework/mpich2-1.4/src/mpid/common/locks -I/home/kumamon/Documents/paruj/219351_Webapp_homework/mpich2-1.4/src/mpid/common/locks -I/home/kumamon/Documents/paruj/219351_Webapp_homework/mpich2-1.4/src/mpid/ch3/channels/nemesis/include -I/home/kumamon/Documents/paruj/219351_Webapp_homework/mpich2-1.4/src/mpid/ch3/channels/nemesis/include -I/home/kumamon/Documents/paruj/219351_Webapp_homework/mpich2-1.4/src/mpid/ch3/channels/nemesis/nemesis/include -I/home/kumamon/Documents/paruj/219351_Webapp_homework/mpich2-1.4/src/mpid/ch3/channels/nemesis/nemesis/include -I/home/kumamon/Documents/paruj/219351_Webapp_homework/mpich2-1.4/src/mpid/ch3/channels/nemesis/nemesis/utils/monitor -I/home/kumamon/Documents/paruj/219351_Webapp_homework/mpich2-1.4/src/mpid/ch3/channels/nemesis/nemesis/utils/monitor -I/home/kumamon/Documents/paruj/219351_Webapp_homework/mpich2-1.4/src/util/wrappers -I/home/kumamon/Documents/paruj/219351_Webapp_homework/mpich2-1.4/src/util/wrappers conftest.c >&5
configure:4042: $? = 0
configure:4042: result: yes
configure:4042: checking for stdint.h
configure:4042: gcc -c    -O2  -I/home/kumamon/Documents/paruj/219351_Webapp_homework/mpich2-1.4/src/mpl/include -I/home/kumamon/Documents/paruj/219351_Webapp_homework/mpich2-1.4/src/mpl/include -I/home/kumamon/Documents/paruj/219351_Webapp_homework/mpich2-1.4/src/openpa/src -I/home/kumamon/Documents/paruj/219351_Webapp_homework/mpich2-1.4/src/openpa/src -I/home/kumamon/Documents/paruj/219351_Webapp_homework/mpich2-1.4/src/mpid/ch3/include -I/home/kumamon/Documents/paruj/219351_Webapp_homework/mpich2-1.4/src/mpid/ch3/include -I/home/kumamon/Documents/paruj/219351_Webapp_homework/mpich2-1.4/src/mpid/common/datatype -I/home/kumamon/Documents/paruj/219351_Webapp_homework/mpich2-1.4/src/mpid/common/datatype -I/home/kumamon/Documents/paruj/219351_Webapp_homework/mpich2-1.4/src/mpid/common/locks -I/home/kumamon/Documents/paruj/219351_Webapp_homework/mpich2-1.4/src/mpid/common/locks -I/home/kumamon/Documents/paruj/219351_Webapp_homework/mpich2-1.4/src/mpid/ch3/channels/nemesis/include -I/home/kumamon/Documents/paruj/219351_Webapp_homework/mpich2-1.4/src/mpid/ch3/channels/nemesis/include -I/home/kumamon/Documents/paruj/219351_Webapp_homework/mpich2-1.4/src/mpid/ch3/channels/nemesis/nemesis/include -I/home/kumamon/Documents/paruj/219351_Webapp_homework/mpich2-1.4/src/mpid/ch3/channels/nemesis/nemesis/include -I/home/kumamon/Documents/paruj/219351_Webapp_homework/mpich2-1.4/src/mpid/ch3/channels/nemesis/nemesis/utils/monitor -I/home/kumamon/Documents/paruj/219351_Webapp_homework/mpich2-1.4/src/mpid/ch3/channels/nemesis/nemesis/utils/monitor -I/home/kumamon/Documents/paruj/219351_Webapp_homework/mpich2-1.4/src/util/wrappers -I/home/kumamon/Documents/paruj/219351_Webapp_homework/mpich2-1.4/src/util/wrappers conftest.c >&5
configure:4042: $? = 0
configure:4042: result: yes
configure:4042: checking for unistd.h
configure:4042: gcc -c    -O2  -I/home/kumamon/Documents/paruj/219351_Webapp_homework/mpich2-1.4/src/mpl/include -I/home/kumamon/Documents/paruj/219351_Webapp_homework/mpich2-1.4/src/mpl/include -I/home/kumamon/Documents/paruj/219351_Webapp_homework/mpich2-1.4/src/openpa/src -I/home/kumamon/Documents/paruj/219351_Webapp_homework/mpich2-1.4/src/openpa/src -I/home/kumamon/Documents/paruj/219351_Webapp_homework/mpich2-1.4/src/mpid/ch3/include -I/home/kumamon/Documents/paruj/219351_Webapp_homework/mpich2-1.4/src/mpid/ch3/include -I/home/kumamon/Documents/paruj/219351_Webapp_homework/mpich2-1.4/src/mpid/common/datatype -I/home/kumamon/Documents/paruj/219351_Webapp_homework/mpich2-1.4/src/mpid/common/datatype -I/home/kumamon/Documents/paruj/219351_Webapp_homework/mpich2-1.4/src/mpid/common/locks -I/home/kumamon/Documents/paruj/219351_Webapp_homework/mpich2-1.4/src/mpid/common/locks -I/home/kumamon/Documents/paruj/219351_Webapp_homework/mpich2-1.4/src/mpid/ch3/channels/nemesis/include -I/home/kumamon/Documents/paruj/219351_Webapp_homework/mpich2-1.4/src/mpid/ch3/channels/nemesis/include -I/home/kumamon/Documents/paruj/219351_Webapp_homework/mpich2-1.4/src/mpid/ch3/channels/nemesis/nemesis/include -I/home/kumamon/Documents/paruj/219351_Webapp_homework/mpich2-1.4/src/mpid/ch3/channels/nemesis/nemesis/include -I/home/kumamon/Documents/paruj/219351_Webapp_homework/mpich2-1.4/src/mpid/ch3/channels/nemesis/nemesis/utils/monitor -I/home/kumamon/Documents/paruj/219351_Webapp_homework/mpich2-1.4/src/mpid/ch3/channels/nemesis/nemesis/utils/monitor -I/home/kumamon/Documents/paruj/219351_Webapp_homework/mpich2-1.4/src/util/wrappers -I/home/kumamon/Documents/paruj/219351_Webapp_homework/mpich2-1.4/src/util/wrappers conftest.c >&5
configure:4042: $? = 0
configure:4042: result: yes
configure:4057: checking stdio.h usability
configure:4057: gcc -c    -O2  -I/home/kumamon/Documents/paruj/219351_Webapp_homework/mpich2-1.4/src/mpl/include -I/home/kumamon/Documents/paruj/219351_Webapp_homework/mpich2-1.4/src/mpl/include -I/home/kumamon/Documents/paruj/219351_Webapp_homework/mpich2-1.4/src/openpa/src -I/home/kumamon/Documents/paruj/219351_Webapp_homework/mpich2-1.4/src/openpa/src -I/home/kumamon/Documents/paruj/219351_Webapp_homework/mpich2-1.4/src/mpid/ch3/include -I/home/kumamon/Documents/paruj/219351_Webapp_homework/mpich2-1.4/src/mpid/ch3/include -I/home/kumamon/Documents/paruj/219351_Webapp_homework/mpich2-1.4/src/mpid/common/datatype -I/home/kumamon/Documents/paruj/219351_Webapp_homework/mpich2-1.4/src/mpid/common/datatype -I/home/kumamon/Documents/paruj/219351_Webapp_homework/mpich2-1.4/src/mpid/common/locks -I/home/kumamon/Documents/paruj/219351_Webapp_homework/mpich2-1.4/src/mpid/common/locks -I/home/kumamon/Documents/paruj/219351_Webapp_homework/mpich2-1.4/src/mpid/ch3/channels/nemesis/include -I/home/kumamon/Documents/paruj/219351_Webapp_homework/mpich2-1.4/src/mpid/ch3/channels/nemesis/include -I/home/kumamon/Documents/paruj/219351_Webapp_homework/mpich2-1.4/src/mpid/ch3/channels/nemesis/nemesis/include -I/home/kumamon/Documents/paruj/219351_Webapp_homework/mpich2-1.4/src/mpid/ch3/channels/nemesis/nemesis/include -I/home/kumamon/Documents/paruj/219351_Webapp_homework/mpich2-1.4/src/mpid/ch3/channels/nemesis/nemesis/utils/monitor -I/home/kumamon/Documents/paruj/219351_Webapp_homework/mpich2-1.4/src/mpid/ch3/channels/nemesis/nemesis/utils/monitor -I/home/kumamon/Documents/paruj/219351_Webapp_homework/mpich2-1.4/src/util/wrappers -I/home/kumamon/Documents/paruj/219351_Webapp_homework/mpich2-1.4/src/util/wrappers conftest.c >&5
configure:4057: $? = 0
configure:4057: result: yes
configure:4057: checking stdio.h presence
configure:4057: gcc -E  -I/home/kumamon/Documents/paruj/219351_Webapp_homework/mpich2-1.4/src/mpl/include -I/home/kumamon/Documents/paruj/219351_Webapp_homework/mpich2-1.4/src/mpl/include -I/home/kumamon/Documents/paruj/219351_Webapp_homework/mpich2-1.4/src/openpa/src -I/home/kumamon/Documents/paruj/219351_Webapp_homework/mpich2-1.4/src/openpa/src -I/home/kumamon/Documents/paruj/219351_Webapp_homework/mpich2-1.4/src/mpid/ch3/include -I/home/kumamon/Documents/paruj/219351_Webapp_homework/mpich2-1.4/src/mpid/ch3/include -I/home/kumamon/Documents/paruj/219351_Webapp_homework/mpich2-1.4/src/mpid/common/datatype -I/home/kumamon/Documents/paruj/219351_Webapp_homework/mpich2-1.4/src/mpid/common/datatype -I/home/kumamon/Documents/paruj/219351_Webapp_homework/mpich2-1.4/src/mpid/common/locks -I/home/kumamon/Documents/paruj/219351_Webapp_homework/mpich2-1.4/src/mpid/common/locks -I/home/kumamon/Documents/paruj/219351_Webapp_homework/mpich2-1.4/src/mpid/ch3/channels/nemesis/include -I/home/kumamon/Documents/paruj/219351_Webapp_homework/mpich2-1.4/src/mpid/ch3/channels/nemesis/include -I/home/kumamon/Documents/paruj/219351_Webapp_homework/mpich2-1.4/src/mpid/ch3/channels/nemesis/nemesis/include -I/home/kumamon/Documents/paruj/219351_Webapp_homework/mpich2-1.4/src/mpid/ch3/channels/nemesis/nemesis/include -I/home/kumamon/Documents/paruj/219351_Webapp_homework/mpich2-1.4/src/mpid/ch3/channels/nemesis/nemesis/utils/monitor -I/home/kumamon/Documents/paruj/219351_Webapp_homework/mpich2-1.4/src/mpid/ch3/channels/nemesis/nemesis/utils/monitor -I/home/kumamon/Documents/paruj/219351_Webapp_homework/mpich2-1.4/src/util/wrappers -I/home/kumamon/Documents/paruj/219351_Webapp_homework/mpich2-1.4/src/util/wrappers conftest.c
configure:4057: $? = 0
configure:4057: result: yes
configure:4057: checking for stdio.h
configure:4057: result: yes
configure:4057: checking for stdlib.h
configure:4057: result: yes
configure:4057: checking for string.h
configure:4057: result: yes
configure:4057: checking for unistd.h
configure:4057: result: yes
configure:4068: checking for size_t
configure:4068: gcc -c    -O2  -I/home/kumamon/Documents/paruj/219351_Webapp_homework/mpich2-1.4/src/mpl/include -I/home/kumamon/Documents/paruj/219351_Webapp_homework/mpich2-1.4/src/mpl/include -I/home/kumamon/Documents/paruj/219351_Webapp_homework/mpich2-1.4/src/openpa/src -I/home/kumamon/Documents/paruj/219351_Webapp_homework/mpich2-1.4/src/openpa/src -I/home/kumamon/Documents/paruj/219351_Webapp_homework/mpich2-1.4/src/mpid/ch3/include -I/home/kumamon/Documents/paruj/219351_Webapp_homework/mpich2-1.4/src/mpid/ch3/include -I/home/kumamon/Documents/paruj/219351_Webapp_homework/mpich2-1.4/src/mpid/common/datatype -I/home/kumamon/Documents/paruj/219351_Webapp_homework/mpich2-1.4/src/mpid/common/datatype -I/home/kumamon/Documents/paruj/219351_Webapp_homework/mpich2-1.4/src/mpid/common/locks -I/home/kumamon/Documents/paruj/219351_Webapp_homework/mpich2-1.4/src/mpid/common/locks -I/home/kumamon/Documents/paruj/219351_Webapp_homework/mpich2-1.4/src/mpid/ch3/channels/nemesis/include -I/home/kumamon/Documents/paruj/219351_Webapp_homework/mpich2-1.4/src/mpid/ch3/channels/nemesis/include -I/home/kumamon/Documents/paruj/219351_Webapp_homework/mpich2-1.4/src/mpid/ch3/channels/nemesis/nemesis/include -I/home/kumamon/Documents/paruj/219351_Webapp_homework/mpich2-1.4/src/mpid/ch3/channels/nemesis/nemesis/include -I/home/kumamon/Documents/paruj/219351_Webapp_homework/mpich2-1.4/src/mpid/ch3/channels/nemesis/nemesis/utils/monitor -I/home/kumamon/Documents/paruj/219351_Webapp_homework/mpich2-1.4/src/mpid/ch3/channels/nemesis/nemesis/utils/monitor -I/home/kumamon/Documents/paruj/219351_Webapp_homework/mpich2-1.4/src/util/wrappers -I/home/kumamon/Documents/paruj/219351_Webapp_homework/mpich2-1.4/src/util/wrappers conftest.c >&5
configure:4068: $? = 0
configure:4068: gcc -c    -O2  -I/home/kumamon/Documents/paruj/219351_Webapp_homework/mpich2-1.4/src/mpl/include -I/home/kumamon/Documents/paruj/219351_Webapp_homework/mpich2-1.4/src/mpl/include -I/home/kumamon/Documents/paruj/219351_Webapp_homework/mpich2-1.4/src/openpa/src -I/home/kumamon/Documents/paruj/219351_Webapp_homework/mpich2-1.4/src/openpa/src -I/home/kumamon/Documents/paruj/219351_Webapp_homework/mpich2-1.4/src/mpid/ch3/include -I/home/kumamon/Documents/paruj/219351_Webapp_homework/mpich2-1.4/src/mpid/ch3/include -I/home/kumamon/Documents/paruj/219351_Webapp_homework/mpich2-1.4/src/mpid/common/datatype -I/home/kumamon/Documents/paruj/219351_Webapp_homework/mpich2-1.4/src/mpid/common/datatype -I/home/kumamon/Documents/paruj/219351_Webapp_homework/mpich2-1.4/src/mpid/common/locks -I/home/kumamon/Documents/paruj/219351_Webapp_homework/mpich2-1.4/src/mpid/common/locks -I/home/kumamon/Documents/paruj/219351_Webapp_homework/mpich2-1.4/src/mpid/ch3/channels/nemesis/include -I/home/kumamon/Documents/paruj/219351_Webapp_homework/mpich2-1.4/src/mpid/ch3/channels/nemesis/include -I/home/kumamon/Documents/paruj/219351_Webapp_homework/mpich2-1.4/src/mpid/ch3/channels/nemesis/nemesis/include -I/home/kumamon/Documents/paruj/219351_Webapp_homework/mpich2-1.4/src/mpid/ch3/channels/nemesis/nemesis/include -I/home/kumamon/Documents/paruj/219351_Webapp_homework/mpich2-1.4/src/mpid/ch3/channels/nemesis/nemesis/utils/monitor -I/home/kumamon/Documents/paruj/219351_Webapp_homework/mpich2-1.4/src/mpid/ch3/channels/nemesis/nemesis/utils/monitor -I/home/kumamon/Documents/paruj/219351_Webapp_homework/mpich2-1.4/src/util/wrappers -I/home/kumamon/Documents/paruj/219351_Webapp_homework/mpich2-1.4/src/util/wrappers conftest.c >&5
conftest.c: In function 'main':
conftest.c:59:21: error: expected expression before ')' token
 if (sizeof ((size_t)))
                     ^
configure:4068: $? = 1
configure: failed program was:
| /* confdefs.h */
| #define PACKAGE_NAME ""
| #define PACKAGE_TARNAME ""
| #define PACKAGE_VERSION ""
| #define PACKAGE_STRING ""
| #define PACKAGE_BUGREPORT ""
| #define PACKAGE_URL ""
| #define STDC_HEADERS 1
| #define HAVE_SYS_TYPES_H 1
| #define HAVE_SYS_STAT_H 1
| #define HAVE_STDLIB_H 1
| #define HAVE_STRING_H 1
| #define HAVE_MEMORY_H 1
| #define HAVE_STRINGS_H 1
| #define HAVE_INTTYPES_H 1
| #define HAVE_STDINT_H 1
| #define HAVE_UNISTD_H 1
| #define HAVE_STDIO_H 1
| #define HAVE_STDLIB_H 1
| #define HAVE_STRING_H 1
| #define HAVE_UNISTD_H 1
| /* end confdefs.h.  */
| #include <stdio.h>
| #ifdef HAVE_SYS_TYPES_H
| # include <sys/types.h>
| #endif
| #ifdef HAVE_SYS_STAT_H
| # include <sys/stat.h>
| #endif
| #ifdef STDC_HEADERS
| # include <stdlib.h>
| # include <stddef.h>
| #else
| # ifdef HAVE_STDLIB_H
| #  include <stdlib.h>
| # endif
| #endif
| #ifdef HAVE_STRING_H
| # if !defined STDC_HEADERS && defined HAVE_MEMORY_H
| #  include <memory.h>
| # endif
| # include <string.h>
| #endif
| #ifdef HAVE_STRINGS_H
| # include <strings.h>
| #endif
| #ifdef HAVE_INTTYPES_H
| # include <inttypes.h>
| #endif
| #ifdef HAVE_STDINT_H
| # include <stdint.h>
| #endif
| #ifdef HAVE_UNISTD_H
| # include <unistd.h>
| #endif
| int
| main ()
| {
| if (sizeof ((size_t)))
| 	    return 0;
|   ;
|   return 0;
| }
configure:4068: result: yes
configure:4081: checking for working alloca.h
configure:4098: gcc -o conftest    -O2  -I/home/kumamon/Documents/paruj/219351_Webapp_homework/mpich2-1.4/src/mpl/include -I/home/kumamon/Documents/paruj/219351_Webapp_homework/mpich2-1.4/src/mpl/include -I/home/kumamon/Documents/paruj/219351_Webapp_homework/mpich2-1.4/src/openpa/src -I/home/kumamon/Documents/paruj/219351_Webapp_homework/mpich2-1.4/src/openpa/src -I/home/kumamon/Documents/paruj/219351_Webapp_homework/mpich2-1.4/src/mpid/ch3/include -I/home/kumamon/Documents/paruj/219351_Webapp_homework/mpich2-1.4/src/mpid/ch3/include -I/home/kumamon/Documents/paruj/219351_Webapp_homework/mpich2-1.4/src/mpid/common/datatype -I/home/kumamon/Documents/paruj/219351_Webapp_homework/mpich2-1.4/src/mpid/common/datatype -I/home/kumamon/Documents/paruj/219351_Webapp_homework/mpich2-1.4/src/mpid/common/locks -I/home/kumamon/Documents/paruj/219351_Webapp_homework/mpich2-1.4/src/mpid/common/locks -I/home/kumamon/Documents/paruj/219351_Webapp_homework/mpich2-1.4/src/mpid/ch3/channels/nemesis/include -I/home/kumamon/Documents/paruj/219351_Webapp_homework/mpich2-1.4/src/mpid/ch3/channels/nemesis/include -I/home/kumamon/Documents/paruj/219351_Webapp_homework/mpich2-1.4/src/mpid/ch3/channels/nemesis/nemesis/include -I/home/kumamon/Documents/paruj/219351_Webapp_homework/mpich2-1.4/src/mpid/ch3/channels/nemesis/nemesis/include -I/home/kumamon/Documents/paruj/219351_Webapp_homework/mpich2-1.4/src/mpid/ch3/channels/nemesis/nemesis/utils/monitor -I/home/kumamon/Documents/paruj/219351_Webapp_homework/mpich2-1.4/src/mpid/ch3/channels/nemesis/nemesis/utils/monitor -I/home/kumamon/Documents/paruj/219351_Webapp_homework/mpich2-1.4/src/util/wrappers -I/home/kumamon/Documents/paruj/219351_Webapp_homework/mpich2-1.4/src/util/wrappers   conftest.c -lrt -lpthread   >&5
configure:4098: $? = 0
configure:4106: result: yes
configure:4114: checking for alloca
configure:4151: gcc -o conftest    -O2  -I/home/kumamon/Documents/paruj/219351_Webapp_homework/mpich2-1.4/src/mpl/include -I/home/kumamon/Documents/paruj/219351_Webapp_homework/mpich2-1.4/src/mpl/include -I/home/kumamon/Documents/paruj/219351_Webapp_homework/mpich2-1.4/src/openpa/src -I/home/kumamon/Documents/paruj/219351_Webapp_homework/mpich2-1.4/src/openpa/src -I/home/kumamon/Documents/paruj/219351_Webapp_homework/mpich2-1.4/src/mpid/ch3/include -I/home/kumamon/Documents/paruj/219351_Webapp_homework/mpich2-1.4/src/mpid/ch3/include -I/home/kumamon/Documents/paruj/219351_Webapp_homework/mpich2-1.4/src/mpid/common/datatype -I/home/kumamon/Documents/paruj/219351_Webapp_homework/mpich2-1.4/src/mpid/common/datatype -I/home/kumamon/Documents/paruj/219351_Webapp_homework/mpich2-1.4/src/mpid/common/locks -I/home/kumamon/Documents/paruj/219351_Webapp_homework/mpich2-1.4/src/mpid/common/locks -I/home/kumamon/Documents/paruj/219351_Webapp_homework/mpich2-1.4/src/mpid/ch3/channels/nemesis/include -I/home/kumamon/Documents/paruj/219351_Webapp_homework/mpich2-1.4/src/mpid/ch3/channels/nemesis/include -I/home/kumamon/Documents/paruj/219351_Webapp_homework/mpich2-1.4/src/mpid/ch3/channels/nemesis/nemesis/include -I/home/kumamon/Documents/paruj/219351_Webapp_homework/mpich2-1.4/src/mpid/ch3/channels/nemesis/nemesis/include -I/home/kumamon/Documents/paruj/219351_Webapp_homework/mpich2-1.4/src/mpid/ch3/channels/nemesis/nemesis/utils/monitor -I/home/kumamon/Documents/paruj/219351_Webapp_homework/mpich2-1.4/src/mpid/ch3/channels/nemesis/nemesis/utils/monitor -I/home/kumamon/Documents/paruj/219351_Webapp_homework/mpich2-1.4/src/util/wrappers -I/home/kumamon/Documents/paruj/219351_Webapp_homework/mpich2-1.4/src/util/wrappers   conftest.c -lrt -lpthread   >&5
configure:4151: $? = 0
configure:4159: result: yes
configure:6620: creating ./config.status

## ---------------------- ##
## Running config.status. ##
## ---------------------- ##

This file was extended by config.status, which was
generated by GNU Autoconf 2.68.  Invocation command line was

  CONFIG_FILES    = 
  CONFIG_HEADERS  = 
  CONFIG_LINKS    = 
  CONFIG_COMMANDS = 
  $ ./config.status 

on kumamon-home

config.status:890: creating Makefile
config.status:890: creating src/Makefile
config.status:890: creating test/Makefile
config.status:890: creating etc/mpe_mpicheck.conf
config.status:890: creating mpe_collchk_conf.h

## ---------------- ##
## Cache variables. ##
## ---------------- ##

ac_cv_build=x86_64-unknown-linux-gnu
ac_cv_c_compiler_gnu=yes
ac_cv_c_const=yes
ac_cv_env_CC_set=set
ac_cv_env_CC_value=gcc
ac_cv_env_CFLAGS_set=set
ac_cv_env_CFLAGS_value='   -O2'
ac_cv_env_CPPFLAGS_set=set
ac_cv_env_CPPFLAGS_value=' -I/home/kumamon/Documents/paruj/219351_Webapp_homework/mpich2-1.4/src/mpl/include -I/home/kumamon/Documents/paruj/219351_Webapp_homework/mpich2-1.4/src/mpl/include -I/home/kumamon/Documents/paruj/219351_Webapp_homework/mpich2-1.4/src/openpa/src -I/home/kumamon/Documents/paruj/219351_Webapp_homework/mpich2-1.4/src/openpa/src -I/home/kumamon/Documents/paruj/219351_Webapp_homework/mpich2-1.4/src/mpid/ch3/include -I/home/kumamon/Documents/paruj/219351_Webapp_homework/mpich2-1.4/src/mpid/ch3/include -I/home/kumamon/Documents/paruj/219351_Webapp_homework/mpich2-1.4/src/mpid/common/datatype -I/home/kumamon/Documents/paruj/219351_Webapp_homework/mpich2-1.4/src/mpid/common/datatype -I/home/kumamon/Documents/paruj/219351_Webapp_homework/mpich2-1.4/src/mpid/common/locks -I/home/kumamon/Documents/paruj/219351_Webapp_homework/mpich2-1.4/src/mpid/common/locks -I/home/kumamon/Documents/paruj/219351_Webapp_homework/mpich2-1.4/src/mpid/ch3/channels/nemesis/include -I/home/kumamon/Documents/paruj/219351_Webapp_homework/mpich2-1.4/src/mpid/ch3/channels/nemesis/include -I/home/kumamon/Documents/paruj/219351_Webapp_homework/mpich2-1.4/src/mpid/ch3/channels/nemesis/nemesis/include -I/home/kumamon/Documents/paruj/219351_Webapp_homework/mpich2-1.4/src/mpid/ch3/channels/nemesis/nemesis/include -I/home/kumamon/Documents/paruj/219351_Webapp_homework/mpich2-1.4/src/mpid/ch3/channels/nemesis/nemesis/utils/monitor -I/home/kumamon/Documents/paruj/219351_Webapp_homework/mpich2-1.4/src/mpid/ch3/channels/nemesis/nemesis/utils/monitor -I/home/kumamon/Documents/paruj/219351_Webapp_homework/mpich2-1.4/src/util/wrappers -I/home/kumamon/Documents/paruj/219351_Webapp_homework/mpich2-1.4/src/util/wrappers'
ac_cv_env_CPP_set=
ac_cv_env_CPP_value=
ac_cv_env_LDFLAGS_set=set
ac_cv_env_LDFLAGS_value=' '
ac_cv_env_LIBS_set=set
ac_cv_env_LIBS_value='-lrt -lpthread  '
ac_cv_env_build_alias_set=
ac_cv_env_build_alias_value=
ac_cv_env_host_alias_set=
ac_cv_env_host_alias_value=
ac_cv_env_target_alias_set=
ac_cv_env_target_alias_value=
ac_cv_func_alloca_works=yes
ac_cv_header_inttypes_h=yes
ac_cv_header_memory_h=yes
ac_cv_header_stdc=yes
ac_cv_header_stdint_h=yes
ac_cv_header_stdio_h=yes
ac_cv_header_stdlib_h=yes
ac_cv_header_string_h=yes
ac_cv_header_strings_h=yes
ac_cv_header_sys_stat_h=yes
ac_cv_header_sys_types_h=yes
ac_cv_header_unistd_h=yes
ac_cv_host=x86_64-unknown-linux-gnu
ac_cv_objext=o
ac_cv_path_EGREP='/bin/grep -E'
ac_cv_path_GREP=/bin/grep
ac_cv_prog_AR=ar
ac_cv_prog_CPP='gcc -E'
ac_cv_prog_ac_ct_CC=gcc
ac_cv_prog_ac_ct_RANLIB=ranlib
ac_cv_prog_cc_c89=
ac_cv_prog_cc_g=yes
ac_cv_type_size_t=yes
ac_cv_working_alloca_h=yes

## ----------------- ##
## Output variables. ##
## ----------------- ##

ALLOCA=''
AR='ar'
CC='gcc'
CFLAGS='   -O2'
CLINKER='gcc'
COLLCHK_BUILD_ALLW='yes'
COLLCHK_BUILD_COMMS='yes'
COLLCHK_BUILD_EXSCAN='yes'
COLLCHK_BUILD_IO='yes'
COLLCHK_BUILD_RMA='yes'
COLLCHK_LIBNAME='mpe_collchk'
COLLCHK_LIBS='-lmpe_collchk -lmpe'
CPP='gcc -E'
CPPFLAGS=' -I/home/kumamon/Documents/paruj/219351_Webapp_homework/mpich2-1.4/src/mpl/include -I/home/kumamon/Documents/paruj/219351_Webapp_homework/mpich2-1.4/src/mpl/include -I/home/kumamon/Documents/paruj/219351_Webapp_homework/mpich2-1.4/src/openpa/src -I/home/kumamon/Documents/paruj/219351_Webapp_homework/mpich2-1.4/src/openpa/src -I/home/kumamon/Documents/paruj/219351_Webapp_homework/mpich2-1.4/src/mpid/ch3/include -I/home/kumamon/Documents/paruj/219351_Webapp_homework/mpich2-1.4/src/mpid/ch3/include -I/home/kumamon/Documents/paruj/219351_Webapp_homework/mpich2-1.4/src/mpid/common/datatype -I/home/kumamon/Documents/paruj/219351_Webapp_homework/mpich2-1.4/src/mpid/common/datatype -I/home/kumamon/Documents/paruj/219351_Webapp_homework/mpich2-1.4/src/mpid/common/locks -I/home/kumamon/Documents/paruj/219351_Webapp_homework/mpich2-1.4/src/mpid/common/locks -I/home/kumamon/Documents/paruj/219351_Webapp_homework/mpich2-1.4/src/mpid/ch3/channels/nemesis/include -I/home/kumamon/Documents/paruj/219351_Webapp_homework/mpich2-1.4/src/mpid/ch3/channels/nemesis/include -I/home/kumamon/Documents/paruj/219351_Webapp_homework/mpich2-1.4/src/mpid/ch3/channels/nemesis/nemesis/include -I/home/kumamon/Documents/paruj/219351_Webapp_homework/mpich2-1.4/src/mpid/ch3/channels/nemesis/nemesis/include -I/home/kumamon/Documents/paruj/219351_Webapp_homework/mpich2-1.4/src/mpid/ch3/channels/nemesis/nemesis/utils/monitor -I/home/kumamon/Documents/paruj/219351_Webapp_homework/mpich2-1.4/src/mpid/ch3/channels/nemesis/nemesis/utils/monitor -I/home/kumamon/Documents/paruj/219351_Webapp_homework/mpich2-1.4/src/util/wrappers -I/home/kumamon/Documents/paruj/219351_Webapp_homework/mpich2-1.4/src/util/wrappers'
CPRP='cp'
DEBUG_LIBS=''
DEFS='-DHAVE_CONFIG_H'
ECHO_C=''
ECHO_N='-n'
ECHO_T=''
EGREP='/bin/grep -E'
EXEEXT=''
F2CMPI_LIBS='-lmpe_f2cmpi'
F77='f77'
FFLAGS=''
FINC_PATH_LEADER='-I'
FLIB_PATH_LEADER='-L'
FLINKER='f77'
GREP='/bin/grep'
LDFLAGS=' '
LIBOBJS=''
LIBS='-lrt -lpthread  '
LTLIBOBJS=''
MAKE='make --no-print-directory'
MKDIR='mkdir'
MPE_BUILD_FORTRAN2C='no'
MPE_CLINKER='/home/kumamon/Documents/paruj/219351_Webapp_homework/mpich2-1.4/bin/mpicc -mpe='
MPE_FLINKER='/home/kumamon/Documents/paruj/219351_Webapp_homework/mpich2-1.4/bin/mpif77 -mpe='
MPI_CC='/home/kumamon/Documents/paruj/219351_Webapp_homework/mpich2-1.4/bin/mpicc'
MPI_CFLAGS=''
MPI_F77='/home/kumamon/Documents/paruj/219351_Webapp_homework/mpich2-1.4/bin/mpif77'
MPI_FFLAGS=''
MPI_IMPL='MPICH2'
MPI_LIBS=''
MV='mv'
OBJEXT='o'
PACKAGE_BUGREPORT=''
PACKAGE_NAME=''
PACKAGE_STRING=''
PACKAGE_TARNAME=''
PACKAGE_URL=''
PACKAGE_VERSION=''
PATH_SEPARATOR=':'
RANLIB='ranlib'
RM='rm'
SHELL='/bin/bash'
VPATH='VPATH=.:$(srcdir)'
ac_ct_CC='gcc'
binbuild_dir='/home/kumamon/Documents/paruj/219351_Webapp_homework/mpich2-1.4/src/mpe2/bin'
bindir='${exec_prefix}/bin'
build='x86_64-unknown-linux-gnu'
build_alias=''
build_cpu='x86_64'
build_os='linux-gnu'
build_vendor='unknown'
datadir='${datarootdir}'
datarootdir='${prefix}/share'
docdir='${datarootdir}/doc/${PACKAGE}'
dvidir='${docdir}'
etcbuild_dir='/home/kumamon/Documents/paruj/219351_Webapp_homework/mpich2-1.4/src/mpe2/etc'
exec_prefix='${prefix}'
host='x86_64-unknown-linux-gnu'
host_alias=''
host_cpu='x86_64'
host_os='linux-gnu'
host_vendor='unknown'
htmldir='${docdir}'
includebuild_dir='/home/kumamon/Documents/paruj/219351_Webapp_homework/mpich2-1.4/src/mpe2/include'
includedir='${prefix}/include'
infodir='${datarootdir}/info'
libbuild_dir='/home/kumamon/Documents/paruj/219351_Webapp_homework/mpich2-1.4/src/mpe2/lib'
libdir='${exec_prefix}/lib'
libexecdir='${exec_prefix}/libexec'
localedir='${datarootdir}/locale'
localstatedir='${prefix}/var'
mandir='${datarootdir}/man'
oldincludedir='/usr/include'
pdfdir='${docdir}'
prefix='/usr/local'
program_transform_name='s,x,x,'
psdir='${docdir}'
sbinbuild_dir='/home/kumamon/Documents/paruj/219351_Webapp_homework/mpich2-1.4/src/mpe2/sbin'
sbindir='${exec_prefix}/sbin'
sharedstatedir='${prefix}/com'
sysconfdir='${prefix}/etc'
target_alias=''
top_srcdir_abs='/home/kumamon/Documents/paruj/219351_Webapp_homework/mpich2-1.4/src/mpe2/src/collchk'

## ----------- ##
## confdefs.h. ##
## ----------- ##

/* confdefs.h */
#define PACKAGE_NAME ""
#define PACKAGE_TARNAME ""
#define PACKAGE_VERSION ""
#define PACKAGE_STRING ""
#define PACKAGE_BUGREPORT ""
#define PACKAGE_URL ""
#define STDC_HEADERS 1
#define HAVE_SYS_TYPES_H 1
#define HAVE_SYS_STAT_H 1
#define HAVE_STDLIB_H 1
#define HAVE_STRING_H 1
#define HAVE_MEMORY_H 1
#define HAVE_STRINGS_H 1
#define HAVE_INTTYPES_H 1
#define HAVE_STDINT_H 1
#define HAVE_UNISTD_H 1
#define HAVE_STDIO_H 1
#define HAVE_STDLIB_H 1
#define HAVE_STRING_H 1
#define HAVE_UNISTD_H 1
#define HAVE_ALLOCA_H 1
#define HAVE_ALLOCA 1
#define HAVE_RARE_MPI_COMBINERS 1
#define HAVE_MPI_ERR_FNS 1
#define HAVE_MPI_IN_PLACE 1
#define HAVE_MPI_WCHAR 1
#define HAVE_MPI_SIGNED_CHAR 1
#define HAVE_MPI_UNSIGNED_LONG_LONG 1
#define HAVE_FORTRAN_MPI_DATATYPE_IN_C 1
#define HAVE_FORTRAN_MPI_DATATYPE_INTEGERX_IN_C 1
#define HAVE_FORTRAN_MPI_DATATYPE_REALX_IN_C 1
#define HAVE_FORTRAN_MPI_DATATYPE_COMPLEXX_IN_C 1
#define HAVE_INT_MPI_DATATYPE 1
#define HAVE_MPI_IO 1
#define HAVE_MPI_RMA 1
#define HAVE_MPI_COMMS 1

configure: exit 0
