This file contains any messages produced by compilers while
running configure, to aid debugging if configure makes a mistake.

It was created by configure, which was
generated by GNU Autoconf 2.68.  Invocation command line was

  $ ./configure --disable-option-checking --prefix=/usr/local --disable-f77 --disable-fc --disable-cxx MPI_CC=/home/kumamon/Documents/paruj/219351_Webapp_homework/mpich2-1.4/bin/mpicc MPI_F77=/home/kumamon/Documents/paruj/219351_Webapp_homework/mpich2-1.4/bin/mpif77 CC=gcc CFLAGS=   -O2 LDFLAGS=  LIBS=-lrt -lpthread   CPPFLAGS= -I/home/kumamon/Documents/paruj/219351_Webapp_homework/mpich2-1.4/src/mpl/include -I/home/kumamon/Documents/paruj/219351_Webapp_homework/mpich2-1.4/src/mpl/include -I/home/kumamon/Documents/paruj/219351_Webapp_homework/mpich2-1.4/src/openpa/src -I/home/kumamon/Documents/paruj/219351_Webapp_homework/mpich2-1.4/src/openpa/src -I/home/kumamon/Documents/paruj/219351_Webapp_homework/mpich2-1.4/src/mpid/ch3/include -I/home/kumamon/Documents/paruj/219351_Webapp_homework/mpich2-1.4/src/mpid/ch3/include -I/home/kumamon/Documents/paruj/219351_Webapp_homework/mpich2-1.4/src/mpid/common/datatype -I/home/kumamon/Documents/paruj/219351_Webapp_homework/mpich2-1.4/src/mpid/common/datatype -I/home/kumamon/Documents/paruj/219351_Webapp_homework/mpich2-1.4/src/mpid/common/locks -I/home/kumamon/Documents/paruj/219351_Webapp_homework/mpich2-1.4/src/mpid/common/locks -I/home/kumamon/Documents/paruj/219351_Webapp_homework/mpich2-1.4/src/mpid/ch3/channels/nemesis/include -I/home/kumamon/Documents/paruj/219351_Webapp_homework/mpich2-1.4/src/mpid/ch3/channels/nemesis/include -I/home/kumamon/Documents/paruj/219351_Webapp_homework/mpich2-1.4/src/mpid/ch3/channels/nemesis/nemesis/include -I/home/kumamon/Documents/paruj/219351_Webapp_homework/mpich2-1.4/src/mpid/ch3/channels/nemesis/nemesis/include -I/home/kumamon/Documents/paruj/219351_Webapp_homework/mpich2-1.4/src/mpid/ch3/channels/nemesis/nemesis/utils/monitor -I/home/kumamon/Documents/paruj/219351_Webapp_homework/mpich2-1.4/src/mpid/ch3/channels/nemesis/nemesis/utils/monitor -I/home/kumamon/Documents/paruj/219351_Webapp_homework/mpich2-1.4/src/util/wrappers -I/home/kumamon/Documents/paruj/219351_Webapp_homework/mpich2-1.4/src/util/wrappers FFLAGS=  --cache-file=/dev/null --srcdir=.

## --------- ##
## Platform. ##
## --------- ##

hostname = kumamon-home
uname -m = x86_64
uname -r = 3.19.0-51-generic
uname -s = Linux
uname -v = #58~14.04.1-Ubuntu SMP Fri Feb 26 22:02:58 UTC 2016

/usr/bin/uname -p = unknown
/bin/uname -X     = unknown

/bin/arch              = unknown
/usr/bin/arch -k       = unknown
/usr/convex/getsysinfo = unknown
/usr/bin/hostinfo      = unknown
/bin/machine           = unknown
/usr/bin/oslevel       = unknown
/bin/universe          = unknown

PATH: /home/kumamon/rosjava/devel/bin
PATH: /opt/ros/indigo/bin
PATH: /usr/local/sbin
PATH: /usr/local/bin
PATH: /usr/sbin
PATH: /usr/bin
PATH: /sbin
PATH: /bin
PATH: /usr/games
PATH: /usr/local/games


## ----------- ##
## Core tests. ##
## ----------- ##

configure:2213: checking for current directory name
configure:2260: result: /home/kumamon/Documents/paruj/219351_Webapp_homework/mpich2-1.4/src/mpe2/src/wrappers
configure:2311: checking gnumake
configure:2326: result: yes using --no-print-directory
configure:2340: checking BSD 4.4 make
configure:2360: result: no - whew
configure:2366: checking OSF V3 make
configure:2385: result: no
configure:2392: checking for virtual path format
configure:2407: result: VPATH
configure:2602: checking for gcc
configure:2629: result: gcc
configure:2858: checking for C compiler version
configure:2867: gcc --version >&5
gcc (Ubuntu 4.8.4-2ubuntu1~14.04.1) 4.8.4
Copyright (C) 2013 Free Software Foundation, Inc.
This is free software; see the source for copying conditions.  There is NO
warranty; not even for MERCHANTABILITY or FITNESS FOR A PARTICULAR PURPOSE.

configure:2878: $? = 0
configure:2867: gcc -v >&5
Using built-in specs.
COLLECT_GCC=gcc
COLLECT_LTO_WRAPPER=/usr/lib/gcc/x86_64-linux-gnu/4.8/lto-wrapper
Target: x86_64-linux-gnu
Configured with: ../src/configure -v --with-pkgversion='Ubuntu 4.8.4-2ubuntu1~14.04.1' --with-bugurl=file:///usr/share/doc/gcc-4.8/README.Bugs --enable-languages=c,c++,java,go,d,fortran,objc,obj-c++ --prefix=/usr --program-suffix=-4.8 --enable-shared --enable-linker-build-id --libexecdir=/usr/lib --without-included-gettext --enable-threads=posix --with-gxx-include-dir=/usr/include/c++/4.8 --libdir=/usr/lib --enable-nls --with-sysroot=/ --enable-clocale=gnu --enable-libstdcxx-debug --enable-libstdcxx-time=yes --enable-gnu-unique-object --disable-libmudflap --enable-plugin --with-system-zlib --disable-browser-plugin --enable-java-awt=gtk --enable-gtk-cairo --with-java-home=/usr/lib/jvm/java-1.5.0-gcj-4.8-amd64/jre --enable-java-home --with-jvm-root-dir=/usr/lib/jvm/java-1.5.0-gcj-4.8-amd64 --with-jvm-jar-dir=/usr/lib/jvm-exports/java-1.5.0-gcj-4.8-amd64 --with-arch-directory=amd64 --with-ecj-jar=/usr/share/java/eclipse-ecj.jar --enable-objc-gc --enable-multiarch --disable-werror --with-arch-32=i686 --with-abi=m64 --with-multilib-list=m32,m64,mx32 --with-tune=generic --enable-checking=release --build=x86_64-linux-gnu --host=x86_64-linux-gnu --target=x86_64-linux-gnu
Thread model: posix
gcc version 4.8.4 (Ubuntu 4.8.4-2ubuntu1~14.04.1) 
configure:2878: $? = 0
configure:2867: gcc -V >&5
gcc: error: unrecognized command line option '-V'
gcc: fatal error: no input files
compilation terminated.
configure:2878: $? = 4
configure:2867: gcc -qversion >&5
gcc: error: unrecognized command line option '-qversion'
gcc: fatal error: no input files
compilation terminated.
configure:2878: $? = 4
configure:2898: checking whether the C compiler works
configure:2920: gcc    -O2  -I/home/kumamon/Documents/paruj/219351_Webapp_homework/mpich2-1.4/src/mpl/include -I/home/kumamon/Documents/paruj/219351_Webapp_homework/mpich2-1.4/src/mpl/include -I/home/kumamon/Documents/paruj/219351_Webapp_homework/mpich2-1.4/src/openpa/src -I/home/kumamon/Documents/paruj/219351_Webapp_homework/mpich2-1.4/src/openpa/src -I/home/kumamon/Documents/paruj/219351_Webapp_homework/mpich2-1.4/src/mpid/ch3/include -I/home/kumamon/Documents/paruj/219351_Webapp_homework/mpich2-1.4/src/mpid/ch3/include -I/home/kumamon/Documents/paruj/219351_Webapp_homework/mpich2-1.4/src/mpid/common/datatype -I/home/kumamon/Documents/paruj/219351_Webapp_homework/mpich2-1.4/src/mpid/common/datatype -I/home/kumamon/Documents/paruj/219351_Webapp_homework/mpich2-1.4/src/mpid/common/locks -I/home/kumamon/Documents/paruj/219351_Webapp_homework/mpich2-1.4/src/mpid/common/locks -I/home/kumamon/Documents/paruj/219351_Webapp_homework/mpich2-1.4/src/mpid/ch3/channels/nemesis/include -I/home/kumamon/Documents/paruj/219351_Webapp_homework/mpich2-1.4/src/mpid/ch3/channels/nemesis/include -I/home/kumamon/Documents/paruj/219351_Webapp_homework/mpich2-1.4/src/mpid/ch3/channels/nemesis/nemesis/include -I/home/kumamon/Documents/paruj/219351_Webapp_homework/mpich2-1.4/src/mpid/ch3/channels/nemesis/nemesis/include -I/home/kumamon/Documents/paruj/219351_Webapp_homework/mpich2-1.4/src/mpid/ch3/channels/nemesis/nemesis/utils/monitor -I/home/kumamon/Documents/paruj/219351_Webapp_homework/mpich2-1.4/src/mpid/ch3/channels/nemesis/nemesis/utils/monitor -I/home/kumamon/Documents/paruj/219351_Webapp_homework/mpich2-1.4/src/util/wrappers -I/home/kumamon/Documents/paruj/219351_Webapp_homework/mpich2-1.4/src/util/wrappers   conftest.c -lrt -lpthread   >&5
configure:2924: $? = 0
configure:2972: result: yes
configure:2975: checking for C compiler default output file name
configure:2977: result: a.out
configure:2983: checking for suffix of executables
configure:2990: gcc -o conftest    -O2  -I/home/kumamon/Documents/paruj/219351_Webapp_homework/mpich2-1.4/src/mpl/include -I/home/kumamon/Documents/paruj/219351_Webapp_homework/mpich2-1.4/src/mpl/include -I/home/kumamon/Documents/paruj/219351_Webapp_homework/mpich2-1.4/src/openpa/src -I/home/kumamon/Documents/paruj/219351_Webapp_homework/mpich2-1.4/src/openpa/src -I/home/kumamon/Documents/paruj/219351_Webapp_homework/mpich2-1.4/src/mpid/ch3/include -I/home/kumamon/Documents/paruj/219351_Webapp_homework/mpich2-1.4/src/mpid/ch3/include -I/home/kumamon/Documents/paruj/219351_Webapp_homework/mpich2-1.4/src/mpid/common/datatype -I/home/kumamon/Documents/paruj/219351_Webapp_homework/mpich2-1.4/src/mpid/common/datatype -I/home/kumamon/Documents/paruj/219351_Webapp_homework/mpich2-1.4/src/mpid/common/locks -I/home/kumamon/Documents/paruj/219351_Webapp_homework/mpich2-1.4/src/mpid/common/locks -I/home/kumamon/Documents/paruj/219351_Webapp_homework/mpich2-1.4/src/mpid/ch3/channels/nemesis/include -I/home/kumamon/Documents/paruj/219351_Webapp_homework/mpich2-1.4/src/mpid/ch3/channels/nemesis/include -I/home/kumamon/Documents/paruj/219351_Webapp_homework/mpich2-1.4/src/mpid/ch3/channels/nemesis/nemesis/include -I/home/kumamon/Documents/paruj/219351_Webapp_homework/mpich2-1.4/src/mpid/ch3/channels/nemesis/nemesis/include -I/home/kumamon/Documents/paruj/219351_Webapp_homework/mpich2-1.4/src/mpid/ch3/channels/nemesis/nemesis/utils/monitor -I/home/kumamon/Documents/paruj/219351_Webapp_homework/mpich2-1.4/src/mpid/ch3/channels/nemesis/nemesis/utils/monitor -I/home/kumamon/Documents/paruj/219351_Webapp_homework/mpich2-1.4/src/util/wrappers -I/home/kumamon/Documents/paruj/219351_Webapp_homework/mpich2-1.4/src/util/wrappers   conftest.c -lrt -lpthread   >&5
configure:2994: $? = 0
configure:3016: result: 
configure:3038: checking whether we are cross compiling
configure:3046: gcc -o conftest    -O2  -I/home/kumamon/Documents/paruj/219351_Webapp_homework/mpich2-1.4/src/mpl/include -I/home/kumamon/Documents/paruj/219351_Webapp_homework/mpich2-1.4/src/mpl/include -I/home/kumamon/Documents/paruj/219351_Webapp_homework/mpich2-1.4/src/openpa/src -I/home/kumamon/Documents/paruj/219351_Webapp_homework/mpich2-1.4/src/openpa/src -I/home/kumamon/Documents/paruj/219351_Webapp_homework/mpich2-1.4/src/mpid/ch3/include -I/home/kumamon/Documents/paruj/219351_Webapp_homework/mpich2-1.4/src/mpid/ch3/include -I/home/kumamon/Documents/paruj/219351_Webapp_homework/mpich2-1.4/src/mpid/common/datatype -I/home/kumamon/Documents/paruj/219351_Webapp_homework/mpich2-1.4/src/mpid/common/datatype -I/home/kumamon/Documents/paruj/219351_Webapp_homework/mpich2-1.4/src/mpid/common/locks -I/home/kumamon/Documents/paruj/219351_Webapp_homework/mpich2-1.4/src/mpid/common/locks -I/home/kumamon/Documents/paruj/219351_Webapp_homework/mpich2-1.4/src/mpid/ch3/channels/nemesis/include -I/home/kumamon/Documents/paruj/219351_Webapp_homework/mpich2-1.4/src/mpid/ch3/channels/nemesis/include -I/home/kumamon/Documents/paruj/219351_Webapp_homework/mpich2-1.4/src/mpid/ch3/channels/nemesis/nemesis/include -I/home/kumamon/Documents/paruj/219351_Webapp_homework/mpich2-1.4/src/mpid/ch3/channels/nemesis/nemesis/include -I/home/kumamon/Documents/paruj/219351_Webapp_homework/mpich2-1.4/src/mpid/ch3/channels/nemesis/nemesis/utils/monitor -I/home/kumamon/Documents/paruj/219351_Webapp_homework/mpich2-1.4/src/mpid/ch3/channels/nemesis/nemesis/utils/monitor -I/home/kumamon/Documents/paruj/219351_Webapp_homework/mpich2-1.4/src/util/wrappers -I/home/kumamon/Documents/paruj/219351_Webapp_homework/mpich2-1.4/src/util/wrappers   conftest.c -lrt -lpthread   >&5
configure:3050: $? = 0
configure:3057: ./conftest
configure:3061: $? = 0
configure:3076: result: no
configure:3081: checking for suffix of object files
configure:3103: gcc -c    -O2  -I/home/kumamon/Documents/paruj/219351_Webapp_homework/mpich2-1.4/src/mpl/include -I/home/kumamon/Documents/paruj/219351_Webapp_homework/mpich2-1.4/src/mpl/include -I/home/kumamon/Documents/paruj/219351_Webapp_homework/mpich2-1.4/src/openpa/src -I/home/kumamon/Documents/paruj/219351_Webapp_homework/mpich2-1.4/src/openpa/src -I/home/kumamon/Documents/paruj/219351_Webapp_homework/mpich2-1.4/src/mpid/ch3/include -I/home/kumamon/Documents/paruj/219351_Webapp_homework/mpich2-1.4/src/mpid/ch3/include -I/home/kumamon/Documents/paruj/219351_Webapp_homework/mpich2-1.4/src/mpid/common/datatype -I/home/kumamon/Documents/paruj/219351_Webapp_homework/mpich2-1.4/src/mpid/common/datatype -I/home/kumamon/Documents/paruj/219351_Webapp_homework/mpich2-1.4/src/mpid/common/locks -I/home/kumamon/Documents/paruj/219351_Webapp_homework/mpich2-1.4/src/mpid/common/locks -I/home/kumamon/Documents/paruj/219351_Webapp_homework/mpich2-1.4/src/mpid/ch3/channels/nemesis/include -I/home/kumamon/Documents/paruj/219351_Webapp_homework/mpich2-1.4/src/mpid/ch3/channels/nemesis/include -I/home/kumamon/Documents/paruj/219351_Webapp_homework/mpich2-1.4/src/mpid/ch3/channels/nemesis/nemesis/include -I/home/kumamon/Documents/paruj/219351_Webapp_homework/mpich2-1.4/src/mpid/ch3/channels/nemesis/nemesis/include -I/home/kumamon/Documents/paruj/219351_Webapp_homework/mpich2-1.4/src/mpid/ch3/channels/nemesis/nemesis/utils/monitor -I/home/kumamon/Documents/paruj/219351_Webapp_homework/mpich2-1.4/src/mpid/ch3/channels/nemesis/nemesis/utils/monitor -I/home/kumamon/Documents/paruj/219351_Webapp_homework/mpich2-1.4/src/util/wrappers -I/home/kumamon/Documents/paruj/219351_Webapp_homework/mpich2-1.4/src/util/wrappers conftest.c >&5
configure:3107: $? = 0
configure:3128: result: o
configure:3132: checking whether we are using the GNU C compiler
configure:3151: gcc -c    -O2  -I/home/kumamon/Documents/paruj/219351_Webapp_homework/mpich2-1.4/src/mpl/include -I/home/kumamon/Documents/paruj/219351_Webapp_homework/mpich2-1.4/src/mpl/include -I/home/kumamon/Documents/paruj/219351_Webapp_homework/mpich2-1.4/src/openpa/src -I/home/kumamon/Documents/paruj/219351_Webapp_homework/mpich2-1.4/src/openpa/src -I/home/kumamon/Documents/paruj/219351_Webapp_homework/mpich2-1.4/src/mpid/ch3/include -I/home/kumamon/Documents/paruj/219351_Webapp_homework/mpich2-1.4/src/mpid/ch3/include -I/home/kumamon/Documents/paruj/219351_Webapp_homework/mpich2-1.4/src/mpid/common/datatype -I/home/kumamon/Documents/paruj/219351_Webapp_homework/mpich2-1.4/src/mpid/common/datatype -I/home/kumamon/Documents/paruj/219351_Webapp_homework/mpich2-1.4/src/mpid/common/locks -I/home/kumamon/Documents/paruj/219351_Webapp_homework/mpich2-1.4/src/mpid/common/locks -I/home/kumamon/Documents/paruj/219351_Webapp_homework/mpich2-1.4/src/mpid/ch3/channels/nemesis/include -I/home/kumamon/Documents/paruj/219351_Webapp_homework/mpich2-1.4/src/mpid/ch3/channels/nemesis/include -I/home/kumamon/Documents/paruj/219351_Webapp_homework/mpich2-1.4/src/mpid/ch3/channels/nemesis/nemesis/include -I/home/kumamon/Documents/paruj/219351_Webapp_homework/mpich2-1.4/src/mpid/ch3/channels/nemesis/nemesis/include -I/home/kumamon/Documents/paruj/219351_Webapp_homework/mpich2-1.4/src/mpid/ch3/channels/nemesis/nemesis/utils/monitor -I/home/kumamon/Documents/paruj/219351_Webapp_homework/mpich2-1.4/src/mpid/ch3/channels/nemesis/nemesis/utils/monitor -I/home/kumamon/Documents/paruj/219351_Webapp_homework/mpich2-1.4/src/util/wrappers -I/home/kumamon/Documents/paruj/219351_Webapp_homework/mpich2-1.4/src/util/wrappers conftest.c >&5
configure:3151: $? = 0
configure:3160: result: yes
configure:3169: checking whether gcc accepts -g
configure:3189: gcc -c -g  -I/home/kumamon/Documents/paruj/219351_Webapp_homework/mpich2-1.4/src/mpl/include -I/home/kumamon/Documents/paruj/219351_Webapp_homework/mpich2-1.4/src/mpl/include -I/home/kumamon/Documents/paruj/219351_Webapp_homework/mpich2-1.4/src/openpa/src -I/home/kumamon/Documents/paruj/219351_Webapp_homework/mpich2-1.4/src/openpa/src -I/home/kumamon/Documents/paruj/219351_Webapp_homework/mpich2-1.4/src/mpid/ch3/include -I/home/kumamon/Documents/paruj/219351_Webapp_homework/mpich2-1.4/src/mpid/ch3/include -I/home/kumamon/Documents/paruj/219351_Webapp_homework/mpich2-1.4/src/mpid/common/datatype -I/home/kumamon/Documents/paruj/219351_Webapp_homework/mpich2-1.4/src/mpid/common/datatype -I/home/kumamon/Documents/paruj/219351_Webapp_homework/mpich2-1.4/src/mpid/common/locks -I/home/kumamon/Documents/paruj/219351_Webapp_homework/mpich2-1.4/src/mpid/common/locks -I/home/kumamon/Documents/paruj/219351_Webapp_homework/mpich2-1.4/src/mpid/ch3/channels/nemesis/include -I/home/kumamon/Documents/paruj/219351_Webapp_homework/mpich2-1.4/src/mpid/ch3/channels/nemesis/include -I/home/kumamon/Documents/paruj/219351_Webapp_homework/mpich2-1.4/src/mpid/ch3/channels/nemesis/nemesis/include -I/home/kumamon/Documents/paruj/219351_Webapp_homework/mpich2-1.4/src/mpid/ch3/channels/nemesis/nemesis/include -I/home/kumamon/Documents/paruj/219351_Webapp_homework/mpich2-1.4/src/mpid/ch3/channels/nemesis/nemesis/utils/monitor -I/home/kumamon/Documents/paruj/219351_Webapp_homework/mpich2-1.4/src/mpid/ch3/channels/nemesis/nemesis/utils/monitor -I/home/kumamon/Documents/paruj/219351_Webapp_homework/mpich2-1.4/src/util/wrappers -I/home/kumamon/Documents/paruj/219351_Webapp_homework/mpich2-1.4/src/util/wrappers conftest.c >&5
configure:3189: $? = 0
configure:3230: result: yes
configure:3247: checking for gcc option to accept ISO C89
configure:3311: gcc  -c    -O2  -I/home/kumamon/Documents/paruj/219351_Webapp_homework/mpich2-1.4/src/mpl/include -I/home/kumamon/Documents/paruj/219351_Webapp_homework/mpich2-1.4/src/mpl/include -I/home/kumamon/Documents/paruj/219351_Webapp_homework/mpich2-1.4/src/openpa/src -I/home/kumamon/Documents/paruj/219351_Webapp_homework/mpich2-1.4/src/openpa/src -I/home/kumamon/Documents/paruj/219351_Webapp_homework/mpich2-1.4/src/mpid/ch3/include -I/home/kumamon/Documents/paruj/219351_Webapp_homework/mpich2-1.4/src/mpid/ch3/include -I/home/kumamon/Documents/paruj/219351_Webapp_homework/mpich2-1.4/src/mpid/common/datatype -I/home/kumamon/Documents/paruj/219351_Webapp_homework/mpich2-1.4/src/mpid/common/datatype -I/home/kumamon/Documents/paruj/219351_Webapp_homework/mpich2-1.4/src/mpid/common/locks -I/home/kumamon/Documents/paruj/219351_Webapp_homework/mpich2-1.4/src/mpid/common/locks -I/home/kumamon/Documents/paruj/219351_Webapp_homework/mpich2-1.4/src/mpid/ch3/channels/nemesis/include -I/home/kumamon/Documents/paruj/219351_Webapp_homework/mpich2-1.4/src/mpid/ch3/channels/nemesis/include -I/home/kumamon/Documents/paruj/219351_Webapp_homework/mpich2-1.4/src/mpid/ch3/channels/nemesis/nemesis/include -I/home/kumamon/Documents/paruj/219351_Webapp_homework/mpich2-1.4/src/mpid/ch3/channels/nemesis/nemesis/include -I/home/kumamon/Documents/paruj/219351_Webapp_homework/mpich2-1.4/src/mpid/ch3/channels/nemesis/nemesis/utils/monitor -I/home/kumamon/Documents/paruj/219351_Webapp_homework/mpich2-1.4/src/mpid/ch3/channels/nemesis/nemesis/utils/monitor -I/home/kumamon/Documents/paruj/219351_Webapp_homework/mpich2-1.4/src/util/wrappers -I/home/kumamon/Documents/paruj/219351_Webapp_homework/mpich2-1.4/src/util/wrappers conftest.c >&5
configure:3311: $? = 0
configure:3324: result: none needed
configure:3348: checking for ar
configure:3376: result: ar
configure:3427: checking for ranlib
configure:3454: result: ranlib
configure:3482: checking how to run the C preprocessor
configure:3513: gcc -E  -I/home/kumamon/Documents/paruj/219351_Webapp_homework/mpich2-1.4/src/mpl/include -I/home/kumamon/Documents/paruj/219351_Webapp_homework/mpich2-1.4/src/mpl/include -I/home/kumamon/Documents/paruj/219351_Webapp_homework/mpich2-1.4/src/openpa/src -I/home/kumamon/Documents/paruj/219351_Webapp_homework/mpich2-1.4/src/openpa/src -I/home/kumamon/Documents/paruj/219351_Webapp_homework/mpich2-1.4/src/mpid/ch3/include -I/home/kumamon/Documents/paruj/219351_Webapp_homework/mpich2-1.4/src/mpid/ch3/include -I/home/kumamon/Documents/paruj/219351_Webapp_homework/mpich2-1.4/src/mpid/common/datatype -I/home/kumamon/Documents/paruj/219351_Webapp_homework/mpich2-1.4/src/mpid/common/datatype -I/home/kumamon/Documents/paruj/219351_Webapp_homework/mpich2-1.4/src/mpid/common/locks -I/home/kumamon/Documents/paruj/219351_Webapp_homework/mpich2-1.4/src/mpid/common/locks -I/home/kumamon/Documents/paruj/219351_Webapp_homework/mpich2-1.4/src/mpid/ch3/channels/nemesis/include -I/home/kumamon/Documents/paruj/219351_Webapp_homework/mpich2-1.4/src/mpid/ch3/channels/nemesis/include -I/home/kumamon/Documents/paruj/219351_Webapp_homework/mpich2-1.4/src/mpid/ch3/channels/nemesis/nemesis/include -I/home/kumamon/Documents/paruj/219351_Webapp_homework/mpich2-1.4/src/mpid/ch3/channels/nemesis/nemesis/include -I/home/kumamon/Documents/paruj/219351_Webapp_homework/mpich2-1.4/src/mpid/ch3/channels/nemesis/nemesis/utils/monitor -I/home/kumamon/Documents/paruj/219351_Webapp_homework/mpich2-1.4/src/mpid/ch3/channels/nemesis/nemesis/utils/monitor -I/home/kumamon/Documents/paruj/219351_Webapp_homework/mpich2-1.4/src/util/wrappers -I/home/kumamon/Documents/paruj/219351_Webapp_homework/mpich2-1.4/src/util/wrappers conftest.c
configure:3513: $? = 0
configure:3527: gcc -E  -I/home/kumamon/Documents/paruj/219351_Webapp_homework/mpich2-1.4/src/mpl/include -I/home/kumamon/Documents/paruj/219351_Webapp_homework/mpich2-1.4/src/mpl/include -I/home/kumamon/Documents/paruj/219351_Webapp_homework/mpich2-1.4/src/openpa/src -I/home/kumamon/Documents/paruj/219351_Webapp_homework/mpich2-1.4/src/openpa/src -I/home/kumamon/Documents/paruj/219351_Webapp_homework/mpich2-1.4/src/mpid/ch3/include -I/home/kumamon/Documents/paruj/219351_Webapp_homework/mpich2-1.4/src/mpid/ch3/include -I/home/kumamon/Documents/paruj/219351_Webapp_homework/mpich2-1.4/src/mpid/common/datatype -I/home/kumamon/Documents/paruj/219351_Webapp_homework/mpich2-1.4/src/mpid/common/datatype -I/home/kumamon/Documents/paruj/219351_Webapp_homework/mpich2-1.4/src/mpid/common/locks -I/home/kumamon/Documents/paruj/219351_Webapp_homework/mpich2-1.4/src/mpid/common/locks -I/home/kumamon/Documents/paruj/219351_Webapp_homework/mpich2-1.4/src/mpid/ch3/channels/nemesis/include -I/home/kumamon/Documents/paruj/219351_Webapp_homework/mpich2-1.4/src/mpid/ch3/channels/nemesis/include -I/home/kumamon/Documents/paruj/219351_Webapp_homework/mpich2-1.4/src/mpid/ch3/channels/nemesis/nemesis/include -I/home/kumamon/Documents/paruj/219351_Webapp_homework/mpich2-1.4/src/mpid/ch3/channels/nemesis/nemesis/include -I/home/kumamon/Documents/paruj/219351_Webapp_homework/mpich2-1.4/src/mpid/ch3/channels/nemesis/nemesis/utils/monitor -I/home/kumamon/Documents/paruj/219351_Webapp_homework/mpich2-1.4/src/mpid/ch3/channels/nemesis/nemesis/utils/monitor -I/home/kumamon/Documents/paruj/219351_Webapp_homework/mpich2-1.4/src/util/wrappers -I/home/kumamon/Documents/paruj/219351_Webapp_homework/mpich2-1.4/src/util/wrappers conftest.c
conftest.c:9:28: fatal error: ac_nonexistent.h: No such file or directory
 #include <ac_nonexistent.h>
                            ^
compilation terminated.
configure:3527: $? = 1
configure: failed program was:
| /* confdefs.h */
| #define PACKAGE_NAME ""
| #define PACKAGE_TARNAME ""
| #define PACKAGE_VERSION ""
| #define PACKAGE_STRING ""
| #define PACKAGE_BUGREPORT ""
| #define PACKAGE_URL ""
| /* end confdefs.h.  */
| #include <ac_nonexistent.h>
configure:3552: result: gcc -E
configure:3572: gcc -E  -I/home/kumamon/Documents/paruj/219351_Webapp_homework/mpich2-1.4/src/mpl/include -I/home/kumamon/Documents/paruj/219351_Webapp_homework/mpich2-1.4/src/mpl/include -I/home/kumamon/Documents/paruj/219351_Webapp_homework/mpich2-1.4/src/openpa/src -I/home/kumamon/Documents/paruj/219351_Webapp_homework/mpich2-1.4/src/openpa/src -I/home/kumamon/Documents/paruj/219351_Webapp_homework/mpich2-1.4/src/mpid/ch3/include -I/home/kumamon/Documents/paruj/219351_Webapp_homework/mpich2-1.4/src/mpid/ch3/include -I/home/kumamon/Documents/paruj/219351_Webapp_homework/mpich2-1.4/src/mpid/common/datatype -I/home/kumamon/Documents/paruj/219351_Webapp_homework/mpich2-1.4/src/mpid/common/datatype -I/home/kumamon/Documents/paruj/219351_Webapp_homework/mpich2-1.4/src/mpid/common/locks -I/home/kumamon/Documents/paruj/219351_Webapp_homework/mpich2-1.4/src/mpid/common/locks -I/home/kumamon/Documents/paruj/219351_Webapp_homework/mpich2-1.4/src/mpid/ch3/channels/nemesis/include -I/home/kumamon/Documents/paruj/219351_Webapp_homework/mpich2-1.4/src/mpid/ch3/channels/nemesis/include -I/home/kumamon/Documents/paruj/219351_Webapp_homework/mpich2-1.4/src/mpid/ch3/channels/nemesis/nemesis/include -I/home/kumamon/Documents/paruj/219351_Webapp_homework/mpich2-1.4/src/mpid/ch3/channels/nemesis/nemesis/include -I/home/kumamon/Documents/paruj/219351_Webapp_homework/mpich2-1.4/src/mpid/ch3/channels/nemesis/nemesis/utils/monitor -I/home/kumamon/Documents/paruj/219351_Webapp_homework/mpich2-1.4/src/mpid/ch3/channels/nemesis/nemesis/utils/monitor -I/home/kumamon/Documents/paruj/219351_Webapp_homework/mpich2-1.4/src/util/wrappers -I/home/kumamon/Documents/paruj/219351_Webapp_homework/mpich2-1.4/src/util/wrappers conftest.c
configure:3572: $? = 0
configure:3586: gcc -E  -I/home/kumamon/Documents/paruj/219351_Webapp_homework/mpich2-1.4/src/mpl/include -I/home/kumamon/Documents/paruj/219351_Webapp_homework/mpich2-1.4/src/mpl/include -I/home/kumamon/Documents/paruj/219351_Webapp_homework/mpich2-1.4/src/openpa/src -I/home/kumamon/Documents/paruj/219351_Webapp_homework/mpich2-1.4/src/openpa/src -I/home/kumamon/Documents/paruj/219351_Webapp_homework/mpich2-1.4/src/mpid/ch3/include -I/home/kumamon/Documents/paruj/219351_Webapp_homework/mpich2-1.4/src/mpid/ch3/include -I/home/kumamon/Documents/paruj/219351_Webapp_homework/mpich2-1.4/src/mpid/common/datatype -I/home/kumamon/Documents/paruj/219351_Webapp_homework/mpich2-1.4/src/mpid/common/datatype -I/home/kumamon/Documents/paruj/219351_Webapp_homework/mpich2-1.4/src/mpid/common/locks -I/home/kumamon/Documents/paruj/219351_Webapp_homework/mpich2-1.4/src/mpid/common/locks -I/home/kumamon/Documents/paruj/219351_Webapp_homework/mpich2-1.4/src/mpid/ch3/channels/nemesis/include -I/home/kumamon/Documents/paruj/219351_Webapp_homework/mpich2-1.4/src/mpid/ch3/channels/nemesis/include -I/home/kumamon/Documents/paruj/219351_Webapp_homework/mpich2-1.4/src/mpid/ch3/channels/nemesis/nemesis/include -I/home/kumamon/Documents/paruj/219351_Webapp_homework/mpich2-1.4/src/mpid/ch3/channels/nemesis/nemesis/include -I/home/kumamon/Documents/paruj/219351_Webapp_homework/mpich2-1.4/src/mpid/ch3/channels/nemesis/nemesis/utils/monitor -I/home/kumamon/Documents/paruj/219351_Webapp_homework/mpich2-1.4/src/mpid/ch3/channels/nemesis/nemesis/utils/monitor -I/home/kumamon/Documents/paruj/219351_Webapp_homework/mpich2-1.4/src/util/wrappers -I/home/kumamon/Documents/paruj/219351_Webapp_homework/mpich2-1.4/src/util/wrappers conftest.c
conftest.c:9:28: fatal error: ac_nonexistent.h: No such file or directory
 #include <ac_nonexistent.h>
                            ^
compilation terminated.
configure:3586: $? = 1
configure: failed program was:
| /* confdefs.h */
| #define PACKAGE_NAME ""
| #define PACKAGE_TARNAME ""
| #define PACKAGE_VERSION ""
| #define PACKAGE_STRING ""
| #define PACKAGE_BUGREPORT ""
| #define PACKAGE_URL ""
| /* end confdefs.h.  */
| #include <ac_nonexistent.h>
configure:3665: checking for grep that handles long lines and -e
configure:3723: result: /bin/grep
configure:3728: checking for egrep
configure:3790: result: /bin/grep -E
configure:3795: checking for ANSI C header files
configure:3815: gcc -c    -O2  -I/home/kumamon/Documents/paruj/219351_Webapp_homework/mpich2-1.4/src/mpl/include -I/home/kumamon/Documents/paruj/219351_Webapp_homework/mpich2-1.4/src/mpl/include -I/home/kumamon/Documents/paruj/219351_Webapp_homework/mpich2-1.4/src/openpa/src -I/home/kumamon/Documents/paruj/219351_Webapp_homework/mpich2-1.4/src/openpa/src -I/home/kumamon/Documents/paruj/219351_Webapp_homework/mpich2-1.4/src/mpid/ch3/include -I/home/kumamon/Documents/paruj/219351_Webapp_homework/mpich2-1.4/src/mpid/ch3/include -I/home/kumamon/Documents/paruj/219351_Webapp_homework/mpich2-1.4/src/mpid/common/datatype -I/home/kumamon/Documents/paruj/219351_Webapp_homework/mpich2-1.4/src/mpid/common/datatype -I/home/kumamon/Documents/paruj/219351_Webapp_homework/mpich2-1.4/src/mpid/common/locks -I/home/kumamon/Documents/paruj/219351_Webapp_homework/mpich2-1.4/src/mpid/common/locks -I/home/kumamon/Documents/paruj/219351_Webapp_homework/mpich2-1.4/src/mpid/ch3/channels/nemesis/include -I/home/kumamon/Documents/paruj/219351_Webapp_homework/mpich2-1.4/src/mpid/ch3/channels/nemesis/include -I/home/kumamon/Documents/paruj/219351_Webapp_homework/mpich2-1.4/src/mpid/ch3/channels/nemesis/nemesis/include -I/home/kumamon/Documents/paruj/219351_Webapp_homework/mpich2-1.4/src/mpid/ch3/channels/nemesis/nemesis/include -I/home/kumamon/Documents/paruj/219351_Webapp_homework/mpich2-1.4/src/mpid/ch3/channels/nemesis/nemesis/utils/monitor -I/home/kumamon/Documents/paruj/219351_Webapp_homework/mpich2-1.4/src/mpid/ch3/channels/nemesis/nemesis/utils/monitor -I/home/kumamon/Documents/paruj/219351_Webapp_homework/mpich2-1.4/src/util/wrappers -I/home/kumamon/Documents/paruj/219351_Webapp_homework/mpich2-1.4/src/util/wrappers conftest.c >&5
configure:3815: $? = 0
configure:3888: gcc -o conftest    -O2  -I/home/kumamon/Documents/paruj/219351_Webapp_homework/mpich2-1.4/src/mpl/include -I/home/kumamon/Documents/paruj/219351_Webapp_homework/mpich2-1.4/src/mpl/include -I/home/kumamon/Documents/paruj/219351_Webapp_homework/mpich2-1.4/src/openpa/src -I/home/kumamon/Documents/paruj/219351_Webapp_homework/mpich2-1.4/src/openpa/src -I/home/kumamon/Documents/paruj/219351_Webapp_homework/mpich2-1.4/src/mpid/ch3/include -I/home/kumamon/Documents/paruj/219351_Webapp_homework/mpich2-1.4/src/mpid/ch3/include -I/home/kumamon/Documents/paruj/219351_Webapp_homework/mpich2-1.4/src/mpid/common/datatype -I/home/kumamon/Documents/paruj/219351_Webapp_homework/mpich2-1.4/src/mpid/common/datatype -I/home/kumamon/Documents/paruj/219351_Webapp_homework/mpich2-1.4/src/mpid/common/locks -I/home/kumamon/Documents/paruj/219351_Webapp_homework/mpich2-1.4/src/mpid/common/locks -I/home/kumamon/Documents/paruj/219351_Webapp_homework/mpich2-1.4/src/mpid/ch3/channels/nemesis/include -I/home/kumamon/Documents/paruj/219351_Webapp_homework/mpich2-1.4/src/mpid/ch3/channels/nemesis/include -I/home/kumamon/Documents/paruj/219351_Webapp_homework/mpich2-1.4/src/mpid/ch3/channels/nemesis/nemesis/include -I/home/kumamon/Documents/paruj/219351_Webapp_homework/mpich2-1.4/src/mpid/ch3/channels/nemesis/nemesis/include -I/home/kumamon/Documents/paruj/219351_Webapp_homework/mpich2-1.4/src/mpid/ch3/channels/nemesis/nemesis/utils/monitor -I/home/kumamon/Documents/paruj/219351_Webapp_homework/mpich2-1.4/src/mpid/ch3/channels/nemesis/nemesis/utils/monitor -I/home/kumamon/Documents/paruj/219351_Webapp_homework/mpich2-1.4/src/util/wrappers -I/home/kumamon/Documents/paruj/219351_Webapp_homework/mpich2-1.4/src/util/wrappers   conftest.c -lrt -lpthread   >&5
configure:3888: $? = 0
configure:3888: ./conftest
configure:3888: $? = 0
configure:3899: result: yes
configure:3907: checking for an ANSI C-conforming const
configure:3972: gcc -c    -O2  -I/home/kumamon/Documents/paruj/219351_Webapp_homework/mpich2-1.4/src/mpl/include -I/home/kumamon/Documents/paruj/219351_Webapp_homework/mpich2-1.4/src/mpl/include -I/home/kumamon/Documents/paruj/219351_Webapp_homework/mpich2-1.4/src/openpa/src -I/home/kumamon/Documents/paruj/219351_Webapp_homework/mpich2-1.4/src/openpa/src -I/home/kumamon/Documents/paruj/219351_Webapp_homework/mpich2-1.4/src/mpid/ch3/include -I/home/kumamon/Documents/paruj/219351_Webapp_homework/mpich2-1.4/src/mpid/ch3/include -I/home/kumamon/Documents/paruj/219351_Webapp_homework/mpich2-1.4/src/mpid/common/datatype -I/home/kumamon/Documents/paruj/219351_Webapp_homework/mpich2-1.4/src/mpid/common/datatype -I/home/kumamon/Documents/paruj/219351_Webapp_homework/mpich2-1.4/src/mpid/common/locks -I/home/kumamon/Documents/paruj/219351_Webapp_homework/mpich2-1.4/src/mpid/common/locks -I/home/kumamon/Documents/paruj/219351_Webapp_homework/mpich2-1.4/src/mpid/ch3/channels/nemesis/include -I/home/kumamon/Documents/paruj/219351_Webapp_homework/mpich2-1.4/src/mpid/ch3/channels/nemesis/include -I/home/kumamon/Documents/paruj/219351_Webapp_homework/mpich2-1.4/src/mpid/ch3/channels/nemesis/nemesis/include -I/home/kumamon/Documents/paruj/219351_Webapp_homework/mpich2-1.4/src/mpid/ch3/channels/nemesis/nemesis/include -I/home/kumamon/Documents/paruj/219351_Webapp_homework/mpich2-1.4/src/mpid/ch3/channels/nemesis/nemesis/utils/monitor -I/home/kumamon/Documents/paruj/219351_Webapp_homework/mpich2-1.4/src/mpid/ch3/channels/nemesis/nemesis/utils/monitor -I/home/kumamon/Documents/paruj/219351_Webapp_homework/mpich2-1.4/src/util/wrappers -I/home/kumamon/Documents/paruj/219351_Webapp_homework/mpich2-1.4/src/util/wrappers conftest.c >&5
configure:3972: $? = 0
configure:3979: result: yes
configure:3993: checking for sys/types.h
configure:3993: gcc -c    -O2  -I/home/kumamon/Documents/paruj/219351_Webapp_homework/mpich2-1.4/src/mpl/include -I/home/kumamon/Documents/paruj/219351_Webapp_homework/mpich2-1.4/src/mpl/include -I/home/kumamon/Documents/paruj/219351_Webapp_homework/mpich2-1.4/src/openpa/src -I/home/kumamon/Documents/paruj/219351_Webapp_homework/mpich2-1.4/src/openpa/src -I/home/kumamon/Documents/paruj/219351_Webapp_homework/mpich2-1.4/src/mpid/ch3/include -I/home/kumamon/Documents/paruj/219351_Webapp_homework/mpich2-1.4/src/mpid/ch3/include -I/home/kumamon/Documents/paruj/219351_Webapp_homework/mpich2-1.4/src/mpid/common/datatype -I/home/kumamon/Documents/paruj/219351_Webapp_homework/mpich2-1.4/src/mpid/common/datatype -I/home/kumamon/Documents/paruj/219351_Webapp_homework/mpich2-1.4/src/mpid/common/locks -I/home/kumamon/Documents/paruj/219351_Webapp_homework/mpich2-1.4/src/mpid/common/locks -I/home/kumamon/Documents/paruj/219351_Webapp_homework/mpich2-1.4/src/mpid/ch3/channels/nemesis/include -I/home/kumamon/Documents/paruj/219351_Webapp_homework/mpich2-1.4/src/mpid/ch3/channels/nemesis/include -I/home/kumamon/Documents/paruj/219351_Webapp_homework/mpich2-1.4/src/mpid/ch3/channels/nemesis/nemesis/include -I/home/kumamon/Documents/paruj/219351_Webapp_homework/mpich2-1.4/src/mpid/ch3/channels/nemesis/nemesis/include -I/home/kumamon/Documents/paruj/219351_Webapp_homework/mpich2-1.4/src/mpid/ch3/channels/nemesis/nemesis/utils/monitor -I/home/kumamon/Documents/paruj/219351_Webapp_homework/mpich2-1.4/src/mpid/ch3/channels/nemesis/nemesis/utils/monitor -I/home/kumamon/Documents/paruj/219351_Webapp_homework/mpich2-1.4/src/util/wrappers -I/home/kumamon/Documents/paruj/219351_Webapp_homework/mpich2-1.4/src/util/wrappers conftest.c >&5
configure:3993: $? = 0
configure:3993: result: yes
configure:3993: checking for sys/stat.h
configure:3993: gcc -c    -O2  -I/home/kumamon/Documents/paruj/219351_Webapp_homework/mpich2-1.4/src/mpl/include -I/home/kumamon/Documents/paruj/219351_Webapp_homework/mpich2-1.4/src/mpl/include -I/home/kumamon/Documents/paruj/219351_Webapp_homework/mpich2-1.4/src/openpa/src -I/home/kumamon/Documents/paruj/219351_Webapp_homework/mpich2-1.4/src/openpa/src -I/home/kumamon/Documents/paruj/219351_Webapp_homework/mpich2-1.4/src/mpid/ch3/include -I/home/kumamon/Documents/paruj/219351_Webapp_homework/mpich2-1.4/src/mpid/ch3/include -I/home/kumamon/Documents/paruj/219351_Webapp_homework/mpich2-1.4/src/mpid/common/datatype -I/home/kumamon/Documents/paruj/219351_Webapp_homework/mpich2-1.4/src/mpid/common/datatype -I/home/kumamon/Documents/paruj/219351_Webapp_homework/mpich2-1.4/src/mpid/common/locks -I/home/kumamon/Documents/paruj/219351_Webapp_homework/mpich2-1.4/src/mpid/common/locks -I/home/kumamon/Documents/paruj/219351_Webapp_homework/mpich2-1.4/src/mpid/ch3/channels/nemesis/include -I/home/kumamon/Documents/paruj/219351_Webapp_homework/mpich2-1.4/src/mpid/ch3/channels/nemesis/include -I/home/kumamon/Documents/paruj/219351_Webapp_homework/mpich2-1.4/src/mpid/ch3/channels/nemesis/nemesis/include -I/home/kumamon/Documents/paruj/219351_Webapp_homework/mpich2-1.4/src/mpid/ch3/channels/nemesis/nemesis/include -I/home/kumamon/Documents/paruj/219351_Webapp_homework/mpich2-1.4/src/mpid/ch3/channels/nemesis/nemesis/utils/monitor -I/home/kumamon/Documents/paruj/219351_Webapp_homework/mpich2-1.4/src/mpid/ch3/channels/nemesis/nemesis/utils/monitor -I/home/kumamon/Documents/paruj/219351_Webapp_homework/mpich2-1.4/src/util/wrappers -I/home/kumamon/Documents/paruj/219351_Webapp_homework/mpich2-1.4/src/util/wrappers conftest.c >&5
configure:3993: $? = 0
configure:3993: result: yes
configure:3993: checking for stdlib.h
configure:3993: gcc -c    -O2  -I/home/kumamon/Documents/paruj/219351_Webapp_homework/mpich2-1.4/src/mpl/include -I/home/kumamon/Documents/paruj/219351_Webapp_homework/mpich2-1.4/src/mpl/include -I/home/kumamon/Documents/paruj/219351_Webapp_homework/mpich2-1.4/src/openpa/src -I/home/kumamon/Documents/paruj/219351_Webapp_homework/mpich2-1.4/src/openpa/src -I/home/kumamon/Documents/paruj/219351_Webapp_homework/mpich2-1.4/src/mpid/ch3/include -I/home/kumamon/Documents/paruj/219351_Webapp_homework/mpich2-1.4/src/mpid/ch3/include -I/home/kumamon/Documents/paruj/219351_Webapp_homework/mpich2-1.4/src/mpid/common/datatype -I/home/kumamon/Documents/paruj/219351_Webapp_homework/mpich2-1.4/src/mpid/common/datatype -I/home/kumamon/Documents/paruj/219351_Webapp_homework/mpich2-1.4/src/mpid/common/locks -I/home/kumamon/Documents/paruj/219351_Webapp_homework/mpich2-1.4/src/mpid/common/locks -I/home/kumamon/Documents/paruj/219351_Webapp_homework/mpich2-1.4/src/mpid/ch3/channels/nemesis/include -I/home/kumamon/Documents/paruj/219351_Webapp_homework/mpich2-1.4/src/mpid/ch3/channels/nemesis/include -I/home/kumamon/Documents/paruj/219351_Webapp_homework/mpich2-1.4/src/mpid/ch3/channels/nemesis/nemesis/include -I/home/kumamon/Documents/paruj/219351_Webapp_homework/mpich2-1.4/src/mpid/ch3/channels/nemesis/nemesis/include -I/home/kumamon/Documents/paruj/219351_Webapp_homework/mpich2-1.4/src/mpid/ch3/channels/nemesis/nemesis/utils/monitor -I/home/kumamon/Documents/paruj/219351_Webapp_homework/mpich2-1.4/src/mpid/ch3/channels/nemesis/nemesis/utils/monitor -I/home/kumamon/Documents/paruj/219351_Webapp_homework/mpich2-1.4/src/util/wrappers -I/home/kumamon/Documents/paruj/219351_Webapp_homework/mpich2-1.4/src/util/wrappers conftest.c >&5
configure:3993: $? = 0
configure:3993: result: yes
configure:3993: checking for string.h
configure:3993: gcc -c    -O2  -I/home/kumamon/Documents/paruj/219351_Webapp_homework/mpich2-1.4/src/mpl/include -I/home/kumamon/Documents/paruj/219351_Webapp_homework/mpich2-1.4/src/mpl/include -I/home/kumamon/Documents/paruj/219351_Webapp_homework/mpich2-1.4/src/openpa/src -I/home/kumamon/Documents/paruj/219351_Webapp_homework/mpich2-1.4/src/openpa/src -I/home/kumamon/Documents/paruj/219351_Webapp_homework/mpich2-1.4/src/mpid/ch3/include -I/home/kumamon/Documents/paruj/219351_Webapp_homework/mpich2-1.4/src/mpid/ch3/include -I/home/kumamon/Documents/paruj/219351_Webapp_homework/mpich2-1.4/src/mpid/common/datatype -I/home/kumamon/Documents/paruj/219351_Webapp_homework/mpich2-1.4/src/mpid/common/datatype -I/home/kumamon/Documents/paruj/219351_Webapp_homework/mpich2-1.4/src/mpid/common/locks -I/home/kumamon/Documents/paruj/219351_Webapp_homework/mpich2-1.4/src/mpid/common/locks -I/home/kumamon/Documents/paruj/219351_Webapp_homework/mpich2-1.4/src/mpid/ch3/channels/nemesis/include -I/home/kumamon/Documents/paruj/219351_Webapp_homework/mpich2-1.4/src/mpid/ch3/channels/nemesis/include -I/home/kumamon/Documents/paruj/219351_Webapp_homework/mpich2-1.4/src/mpid/ch3/channels/nemesis/nemesis/include -I/home/kumamon/Documents/paruj/219351_Webapp_homework/mpich2-1.4/src/mpid/ch3/channels/nemesis/nemesis/include -I/home/kumamon/Documents/paruj/219351_Webapp_homework/mpich2-1.4/src/mpid/ch3/channels/nemesis/nemesis/utils/monitor -I/home/kumamon/Documents/paruj/219351_Webapp_homework/mpich2-1.4/src/mpid/ch3/channels/nemesis/nemesis/utils/monitor -I/home/kumamon/Documents/paruj/219351_Webapp_homework/mpich2-1.4/src/util/wrappers -I/home/kumamon/Documents/paruj/219351_Webapp_homework/mpich2-1.4/src/util/wrappers conftest.c >&5
configure:3993: $? = 0
configure:3993: result: yes
configure:3993: checking for memory.h
configure:3993: gcc -c    -O2  -I/home/kumamon/Documents/paruj/219351_Webapp_homework/mpich2-1.4/src/mpl/include -I/home/kumamon/Documents/paruj/219351_Webapp_homework/mpich2-1.4/src/mpl/include -I/home/kumamon/Documents/paruj/219351_Webapp_homework/mpich2-1.4/src/openpa/src -I/home/kumamon/Documents/paruj/219351_Webapp_homework/mpich2-1.4/src/openpa/src -I/home/kumamon/Documents/paruj/219351_Webapp_homework/mpich2-1.4/src/mpid/ch3/include -I/home/kumamon/Documents/paruj/219351_Webapp_homework/mpich2-1.4/src/mpid/ch3/include -I/home/kumamon/Documents/paruj/219351_Webapp_homework/mpich2-1.4/src/mpid/common/datatype -I/home/kumamon/Documents/paruj/219351_Webapp_homework/mpich2-1.4/src/mpid/common/datatype -I/home/kumamon/Documents/paruj/219351_Webapp_homework/mpich2-1.4/src/mpid/common/locks -I/home/kumamon/Documents/paruj/219351_Webapp_homework/mpich2-1.4/src/mpid/common/locks -I/home/kumamon/Documents/paruj/219351_Webapp_homework/mpich2-1.4/src/mpid/ch3/channels/nemesis/include -I/home/kumamon/Documents/paruj/219351_Webapp_homework/mpich2-1.4/src/mpid/ch3/channels/nemesis/include -I/home/kumamon/Documents/paruj/219351_Webapp_homework/mpich2-1.4/src/mpid/ch3/channels/nemesis/nemesis/include -I/home/kumamon/Documents/paruj/219351_Webapp_homework/mpich2-1.4/src/mpid/ch3/channels/nemesis/nemesis/include -I/home/kumamon/Documents/paruj/219351_Webapp_homework/mpich2-1.4/src/mpid/ch3/channels/nemesis/nemesis/utils/monitor -I/home/kumamon/Documents/paruj/219351_Webapp_homework/mpich2-1.4/src/mpid/ch3/channels/nemesis/nemesis/utils/monitor -I/home/kumamon/Documents/paruj/219351_Webapp_homework/mpich2-1.4/src/util/wrappers -I/home/kumamon/Documents/paruj/219351_Webapp_homework/mpich2-1.4/src/util/wrappers conftest.c >&5
configure:3993: $? = 0
configure:3993: result: yes
configure:3993: checking for strings.h
configure:3993: gcc -c    -O2  -I/home/kumamon/Documents/paruj/219351_Webapp_homework/mpich2-1.4/src/mpl/include -I/home/kumamon/Documents/paruj/219351_Webapp_homework/mpich2-1.4/src/mpl/include -I/home/kumamon/Documents/paruj/219351_Webapp_homework/mpich2-1.4/src/openpa/src -I/home/kumamon/Documents/paruj/219351_Webapp_homework/mpich2-1.4/src/openpa/src -I/home/kumamon/Documents/paruj/219351_Webapp_homework/mpich2-1.4/src/mpid/ch3/include -I/home/kumamon/Documents/paruj/219351_Webapp_homework/mpich2-1.4/src/mpid/ch3/include -I/home/kumamon/Documents/paruj/219351_Webapp_homework/mpich2-1.4/src/mpid/common/datatype -I/home/kumamon/Documents/paruj/219351_Webapp_homework/mpich2-1.4/src/mpid/common/datatype -I/home/kumamon/Documents/paruj/219351_Webapp_homework/mpich2-1.4/src/mpid/common/locks -I/home/kumamon/Documents/paruj/219351_Webapp_homework/mpich2-1.4/src/mpid/common/locks -I/home/kumamon/Documents/paruj/219351_Webapp_homework/mpich2-1.4/src/mpid/ch3/channels/nemesis/include -I/home/kumamon/Documents/paruj/219351_Webapp_homework/mpich2-1.4/src/mpid/ch3/channels/nemesis/include -I/home/kumamon/Documents/paruj/219351_Webapp_homework/mpich2-1.4/src/mpid/ch3/channels/nemesis/nemesis/include -I/home/kumamon/Documents/paruj/219351_Webapp_homework/mpich2-1.4/src/mpid/ch3/channels/nemesis/nemesis/include -I/home/kumamon/Documents/paruj/219351_Webapp_homework/mpich2-1.4/src/mpid/ch3/channels/nemesis/nemesis/utils/monitor -I/home/kumamon/Documents/paruj/219351_Webapp_homework/mpich2-1.4/src/mpid/ch3/channels/nemesis/nemesis/utils/monitor -I/home/kumamon/Documents/paruj/219351_Webapp_homework/mpich2-1.4/src/util/wrappers -I/home/kumamon/Documents/paruj/219351_Webapp_homework/mpich2-1.4/src/util/wrappers conftest.c >&5
configure:3993: $? = 0
configure:3993: result: yes
configure:3993: checking for inttypes.h
configure:3993: gcc -c    -O2  -I/home/kumamon/Documents/paruj/219351_Webapp_homework/mpich2-1.4/src/mpl/include -I/home/kumamon/Documents/paruj/219351_Webapp_homework/mpich2-1.4/src/mpl/include -I/home/kumamon/Documents/paruj/219351_Webapp_homework/mpich2-1.4/src/openpa/src -I/home/kumamon/Documents/paruj/219351_Webapp_homework/mpich2-1.4/src/openpa/src -I/home/kumamon/Documents/paruj/219351_Webapp_homework/mpich2-1.4/src/mpid/ch3/include -I/home/kumamon/Documents/paruj/219351_Webapp_homework/mpich2-1.4/src/mpid/ch3/include -I/home/kumamon/Documents/paruj/219351_Webapp_homework/mpich2-1.4/src/mpid/common/datatype -I/home/kumamon/Documents/paruj/219351_Webapp_homework/mpich2-1.4/src/mpid/common/datatype -I/home/kumamon/Documents/paruj/219351_Webapp_homework/mpich2-1.4/src/mpid/common/locks -I/home/kumamon/Documents/paruj/219351_Webapp_homework/mpich2-1.4/src/mpid/common/locks -I/home/kumamon/Documents/paruj/219351_Webapp_homework/mpich2-1.4/src/mpid/ch3/channels/nemesis/include -I/home/kumamon/Documents/paruj/219351_Webapp_homework/mpich2-1.4/src/mpid/ch3/channels/nemesis/include -I/home/kumamon/Documents/paruj/219351_Webapp_homework/mpich2-1.4/src/mpid/ch3/channels/nemesis/nemesis/include -I/home/kumamon/Documents/paruj/219351_Webapp_homework/mpich2-1.4/src/mpid/ch3/channels/nemesis/nemesis/include -I/home/kumamon/Documents/paruj/219351_Webapp_homework/mpich2-1.4/src/mpid/ch3/channels/nemesis/nemesis/utils/monitor -I/home/kumamon/Documents/paruj/219351_Webapp_homework/mpich2-1.4/src/mpid/ch3/channels/nemesis/nemesis/utils/monitor -I/home/kumamon/Documents/paruj/219351_Webapp_homework/mpich2-1.4/src/util/wrappers -I/home/kumamon/Documents/paruj/219351_Webapp_homework/mpich2-1.4/src/util/wrappers conftest.c >&5
configure:3993: $? = 0
configure:3993: result: yes
configure:3993: checking for stdint.h
configure:3993: gcc -c    -O2  -I/home/kumamon/Documents/paruj/219351_Webapp_homework/mpich2-1.4/src/mpl/include -I/home/kumamon/Documents/paruj/219351_Webapp_homework/mpich2-1.4/src/mpl/include -I/home/kumamon/Documents/paruj/219351_Webapp_homework/mpich2-1.4/src/openpa/src -I/home/kumamon/Documents/paruj/219351_Webapp_homework/mpich2-1.4/src/openpa/src -I/home/kumamon/Documents/paruj/219351_Webapp_homework/mpich2-1.4/src/mpid/ch3/include -I/home/kumamon/Documents/paruj/219351_Webapp_homework/mpich2-1.4/src/mpid/ch3/include -I/home/kumamon/Documents/paruj/219351_Webapp_homework/mpich2-1.4/src/mpid/common/datatype -I/home/kumamon/Documents/paruj/219351_Webapp_homework/mpich2-1.4/src/mpid/common/datatype -I/home/kumamon/Documents/paruj/219351_Webapp_homework/mpich2-1.4/src/mpid/common/locks -I/home/kumamon/Documents/paruj/219351_Webapp_homework/mpich2-1.4/src/mpid/common/locks -I/home/kumamon/Documents/paruj/219351_Webapp_homework/mpich2-1.4/src/mpid/ch3/channels/nemesis/include -I/home/kumamon/Documents/paruj/219351_Webapp_homework/mpich2-1.4/src/mpid/ch3/channels/nemesis/include -I/home/kumamon/Documents/paruj/219351_Webapp_homework/mpich2-1.4/src/mpid/ch3/channels/nemesis/nemesis/include -I/home/kumamon/Documents/paruj/219351_Webapp_homework/mpich2-1.4/src/mpid/ch3/channels/nemesis/nemesis/include -I/home/kumamon/Documents/paruj/219351_Webapp_homework/mpich2-1.4/src/mpid/ch3/channels/nemesis/nemesis/utils/monitor -I/home/kumamon/Documents/paruj/219351_Webapp_homework/mpich2-1.4/src/mpid/ch3/channels/nemesis/nemesis/utils/monitor -I/home/kumamon/Documents/paruj/219351_Webapp_homework/mpich2-1.4/src/util/wrappers -I/home/kumamon/Documents/paruj/219351_Webapp_homework/mpich2-1.4/src/util/wrappers conftest.c >&5
configure:3993: $? = 0
configure:3993: result: yes
configure:3993: checking for unistd.h
configure:3993: gcc -c    -O2  -I/home/kumamon/Documents/paruj/219351_Webapp_homework/mpich2-1.4/src/mpl/include -I/home/kumamon/Documents/paruj/219351_Webapp_homework/mpich2-1.4/src/mpl/include -I/home/kumamon/Documents/paruj/219351_Webapp_homework/mpich2-1.4/src/openpa/src -I/home/kumamon/Documents/paruj/219351_Webapp_homework/mpich2-1.4/src/openpa/src -I/home/kumamon/Documents/paruj/219351_Webapp_homework/mpich2-1.4/src/mpid/ch3/include -I/home/kumamon/Documents/paruj/219351_Webapp_homework/mpich2-1.4/src/mpid/ch3/include -I/home/kumamon/Documents/paruj/219351_Webapp_homework/mpich2-1.4/src/mpid/common/datatype -I/home/kumamon/Documents/paruj/219351_Webapp_homework/mpich2-1.4/src/mpid/common/datatype -I/home/kumamon/Documents/paruj/219351_Webapp_homework/mpich2-1.4/src/mpid/common/locks -I/home/kumamon/Documents/paruj/219351_Webapp_homework/mpich2-1.4/src/mpid/common/locks -I/home/kumamon/Documents/paruj/219351_Webapp_homework/mpich2-1.4/src/mpid/ch3/channels/nemesis/include -I/home/kumamon/Documents/paruj/219351_Webapp_homework/mpich2-1.4/src/mpid/ch3/channels/nemesis/include -I/home/kumamon/Documents/paruj/219351_Webapp_homework/mpich2-1.4/src/mpid/ch3/channels/nemesis/nemesis/include -I/home/kumamon/Documents/paruj/219351_Webapp_homework/mpich2-1.4/src/mpid/ch3/channels/nemesis/nemesis/include -I/home/kumamon/Documents/paruj/219351_Webapp_homework/mpich2-1.4/src/mpid/ch3/channels/nemesis/nemesis/utils/monitor -I/home/kumamon/Documents/paruj/219351_Webapp_homework/mpich2-1.4/src/mpid/ch3/channels/nemesis/nemesis/utils/monitor -I/home/kumamon/Documents/paruj/219351_Webapp_homework/mpich2-1.4/src/util/wrappers -I/home/kumamon/Documents/paruj/219351_Webapp_homework/mpich2-1.4/src/util/wrappers conftest.c >&5
configure:3993: $? = 0
configure:3993: result: yes
configure:4008: checking stdio.h usability
configure:4008: gcc -c    -O2  -I/home/kumamon/Documents/paruj/219351_Webapp_homework/mpich2-1.4/src/mpl/include -I/home/kumamon/Documents/paruj/219351_Webapp_homework/mpich2-1.4/src/mpl/include -I/home/kumamon/Documents/paruj/219351_Webapp_homework/mpich2-1.4/src/openpa/src -I/home/kumamon/Documents/paruj/219351_Webapp_homework/mpich2-1.4/src/openpa/src -I/home/kumamon/Documents/paruj/219351_Webapp_homework/mpich2-1.4/src/mpid/ch3/include -I/home/kumamon/Documents/paruj/219351_Webapp_homework/mpich2-1.4/src/mpid/ch3/include -I/home/kumamon/Documents/paruj/219351_Webapp_homework/mpich2-1.4/src/mpid/common/datatype -I/home/kumamon/Documents/paruj/219351_Webapp_homework/mpich2-1.4/src/mpid/common/datatype -I/home/kumamon/Documents/paruj/219351_Webapp_homework/mpich2-1.4/src/mpid/common/locks -I/home/kumamon/Documents/paruj/219351_Webapp_homework/mpich2-1.4/src/mpid/common/locks -I/home/kumamon/Documents/paruj/219351_Webapp_homework/mpich2-1.4/src/mpid/ch3/channels/nemesis/include -I/home/kumamon/Documents/paruj/219351_Webapp_homework/mpich2-1.4/src/mpid/ch3/channels/nemesis/include -I/home/kumamon/Documents/paruj/219351_Webapp_homework/mpich2-1.4/src/mpid/ch3/channels/nemesis/nemesis/include -I/home/kumamon/Documents/paruj/219351_Webapp_homework/mpich2-1.4/src/mpid/ch3/channels/nemesis/nemesis/include -I/home/kumamon/Documents/paruj/219351_Webapp_homework/mpich2-1.4/src/mpid/ch3/channels/nemesis/nemesis/utils/monitor -I/home/kumamon/Documents/paruj/219351_Webapp_homework/mpich2-1.4/src/mpid/ch3/channels/nemesis/nemesis/utils/monitor -I/home/kumamon/Documents/paruj/219351_Webapp_homework/mpich2-1.4/src/util/wrappers -I/home/kumamon/Documents/paruj/219351_Webapp_homework/mpich2-1.4/src/util/wrappers conftest.c >&5
configure:4008: $? = 0
configure:4008: result: yes
configure:4008: checking stdio.h presence
configure:4008: gcc -E  -I/home/kumamon/Documents/paruj/219351_Webapp_homework/mpich2-1.4/src/mpl/include -I/home/kumamon/Documents/paruj/219351_Webapp_homework/mpich2-1.4/src/mpl/include -I/home/kumamon/Documents/paruj/219351_Webapp_homework/mpich2-1.4/src/openpa/src -I/home/kumamon/Documents/paruj/219351_Webapp_homework/mpich2-1.4/src/openpa/src -I/home/kumamon/Documents/paruj/219351_Webapp_homework/mpich2-1.4/src/mpid/ch3/include -I/home/kumamon/Documents/paruj/219351_Webapp_homework/mpich2-1.4/src/mpid/ch3/include -I/home/kumamon/Documents/paruj/219351_Webapp_homework/mpich2-1.4/src/mpid/common/datatype -I/home/kumamon/Documents/paruj/219351_Webapp_homework/mpich2-1.4/src/mpid/common/datatype -I/home/kumamon/Documents/paruj/219351_Webapp_homework/mpich2-1.4/src/mpid/common/locks -I/home/kumamon/Documents/paruj/219351_Webapp_homework/mpich2-1.4/src/mpid/common/locks -I/home/kumamon/Documents/paruj/219351_Webapp_homework/mpich2-1.4/src/mpid/ch3/channels/nemesis/include -I/home/kumamon/Documents/paruj/219351_Webapp_homework/mpich2-1.4/src/mpid/ch3/channels/nemesis/include -I/home/kumamon/Documents/paruj/219351_Webapp_homework/mpich2-1.4/src/mpid/ch3/channels/nemesis/nemesis/include -I/home/kumamon/Documents/paruj/219351_Webapp_homework/mpich2-1.4/src/mpid/ch3/channels/nemesis/nemesis/include -I/home/kumamon/Documents/paruj/219351_Webapp_homework/mpich2-1.4/src/mpid/ch3/channels/nemesis/nemesis/utils/monitor -I/home/kumamon/Documents/paruj/219351_Webapp_homework/mpich2-1.4/src/mpid/ch3/channels/nemesis/nemesis/utils/monitor -I/home/kumamon/Documents/paruj/219351_Webapp_homework/mpich2-1.4/src/util/wrappers -I/home/kumamon/Documents/paruj/219351_Webapp_homework/mpich2-1.4/src/util/wrappers conftest.c
configure:4008: $? = 0
configure:4008: result: yes
configure:4008: checking for stdio.h
configure:4008: result: yes
configure:4008: checking for stdlib.h
configure:4008: result: yes
configure:4008: checking for string.h
configure:4008: result: yes
configure:4018: checking stdarg.h usability
configure:4018: gcc -c    -O2  -I/home/kumamon/Documents/paruj/219351_Webapp_homework/mpich2-1.4/src/mpl/include -I/home/kumamon/Documents/paruj/219351_Webapp_homework/mpich2-1.4/src/mpl/include -I/home/kumamon/Documents/paruj/219351_Webapp_homework/mpich2-1.4/src/openpa/src -I/home/kumamon/Documents/paruj/219351_Webapp_homework/mpich2-1.4/src/openpa/src -I/home/kumamon/Documents/paruj/219351_Webapp_homework/mpich2-1.4/src/mpid/ch3/include -I/home/kumamon/Documents/paruj/219351_Webapp_homework/mpich2-1.4/src/mpid/ch3/include -I/home/kumamon/Documents/paruj/219351_Webapp_homework/mpich2-1.4/src/mpid/common/datatype -I/home/kumamon/Documents/paruj/219351_Webapp_homework/mpich2-1.4/src/mpid/common/datatype -I/home/kumamon/Documents/paruj/219351_Webapp_homework/mpich2-1.4/src/mpid/common/locks -I/home/kumamon/Documents/paruj/219351_Webapp_homework/mpich2-1.4/src/mpid/common/locks -I/home/kumamon/Documents/paruj/219351_Webapp_homework/mpich2-1.4/src/mpid/ch3/channels/nemesis/include -I/home/kumamon/Documents/paruj/219351_Webapp_homework/mpich2-1.4/src/mpid/ch3/channels/nemesis/include -I/home/kumamon/Documents/paruj/219351_Webapp_homework/mpich2-1.4/src/mpid/ch3/channels/nemesis/nemesis/include -I/home/kumamon/Documents/paruj/219351_Webapp_homework/mpich2-1.4/src/mpid/ch3/channels/nemesis/nemesis/include -I/home/kumamon/Documents/paruj/219351_Webapp_homework/mpich2-1.4/src/mpid/ch3/channels/nemesis/nemesis/utils/monitor -I/home/kumamon/Documents/paruj/219351_Webapp_homework/mpich2-1.4/src/mpid/ch3/channels/nemesis/nemesis/utils/monitor -I/home/kumamon/Documents/paruj/219351_Webapp_homework/mpich2-1.4/src/util/wrappers -I/home/kumamon/Documents/paruj/219351_Webapp_homework/mpich2-1.4/src/util/wrappers conftest.c >&5
configure:4018: $? = 0
configure:4018: result: yes
configure:4018: checking stdarg.h presence
configure:4018: gcc -E  -I/home/kumamon/Documents/paruj/219351_Webapp_homework/mpich2-1.4/src/mpl/include -I/home/kumamon/Documents/paruj/219351_Webapp_homework/mpich2-1.4/src/mpl/include -I/home/kumamon/Documents/paruj/219351_Webapp_homework/mpich2-1.4/src/openpa/src -I/home/kumamon/Documents/paruj/219351_Webapp_homework/mpich2-1.4/src/openpa/src -I/home/kumamon/Documents/paruj/219351_Webapp_homework/mpich2-1.4/src/mpid/ch3/include -I/home/kumamon/Documents/paruj/219351_Webapp_homework/mpich2-1.4/src/mpid/ch3/include -I/home/kumamon/Documents/paruj/219351_Webapp_homework/mpich2-1.4/src/mpid/common/datatype -I/home/kumamon/Documents/paruj/219351_Webapp_homework/mpich2-1.4/src/mpid/common/datatype -I/home/kumamon/Documents/paruj/219351_Webapp_homework/mpich2-1.4/src/mpid/common/locks -I/home/kumamon/Documents/paruj/219351_Webapp_homework/mpich2-1.4/src/mpid/common/locks -I/home/kumamon/Documents/paruj/219351_Webapp_homework/mpich2-1.4/src/mpid/ch3/channels/nemesis/include -I/home/kumamon/Documents/paruj/219351_Webapp_homework/mpich2-1.4/src/mpid/ch3/channels/nemesis/include -I/home/kumamon/Documents/paruj/219351_Webapp_homework/mpich2-1.4/src/mpid/ch3/channels/nemesis/nemesis/include -I/home/kumamon/Documents/paruj/219351_Webapp_homework/mpich2-1.4/src/mpid/ch3/channels/nemesis/nemesis/include -I/home/kumamon/Documents/paruj/219351_Webapp_homework/mpich2-1.4/src/mpid/ch3/channels/nemesis/nemesis/utils/monitor -I/home/kumamon/Documents/paruj/219351_Webapp_homework/mpich2-1.4/src/mpid/ch3/channels/nemesis/nemesis/utils/monitor -I/home/kumamon/Documents/paruj/219351_Webapp_homework/mpich2-1.4/src/util/wrappers -I/home/kumamon/Documents/paruj/219351_Webapp_homework/mpich2-1.4/src/util/wrappers conftest.c
configure:4018: $? = 0
configure:4018: result: yes
configure:4018: checking for stdarg.h
configure:4018: result: yes
configure:4028: checking for size_t
configure:4028: gcc -c    -O2  -I/home/kumamon/Documents/paruj/219351_Webapp_homework/mpich2-1.4/src/mpl/include -I/home/kumamon/Documents/paruj/219351_Webapp_homework/mpich2-1.4/src/mpl/include -I/home/kumamon/Documents/paruj/219351_Webapp_homework/mpich2-1.4/src/openpa/src -I/home/kumamon/Documents/paruj/219351_Webapp_homework/mpich2-1.4/src/openpa/src -I/home/kumamon/Documents/paruj/219351_Webapp_homework/mpich2-1.4/src/mpid/ch3/include -I/home/kumamon/Documents/paruj/219351_Webapp_homework/mpich2-1.4/src/mpid/ch3/include -I/home/kumamon/Documents/paruj/219351_Webapp_homework/mpich2-1.4/src/mpid/common/datatype -I/home/kumamon/Documents/paruj/219351_Webapp_homework/mpich2-1.4/src/mpid/common/datatype -I/home/kumamon/Documents/paruj/219351_Webapp_homework/mpich2-1.4/src/mpid/common/locks -I/home/kumamon/Documents/paruj/219351_Webapp_homework/mpich2-1.4/src/mpid/common/locks -I/home/kumamon/Documents/paruj/219351_Webapp_homework/mpich2-1.4/src/mpid/ch3/channels/nemesis/include -I/home/kumamon/Documents/paruj/219351_Webapp_homework/mpich2-1.4/src/mpid/ch3/channels/nemesis/include -I/home/kumamon/Documents/paruj/219351_Webapp_homework/mpich2-1.4/src/mpid/ch3/channels/nemesis/nemesis/include -I/home/kumamon/Documents/paruj/219351_Webapp_homework/mpich2-1.4/src/mpid/ch3/channels/nemesis/nemesis/include -I/home/kumamon/Documents/paruj/219351_Webapp_homework/mpich2-1.4/src/mpid/ch3/channels/nemesis/nemesis/utils/monitor -I/home/kumamon/Documents/paruj/219351_Webapp_homework/mpich2-1.4/src/mpid/ch3/channels/nemesis/nemesis/utils/monitor -I/home/kumamon/Documents/paruj/219351_Webapp_homework/mpich2-1.4/src/util/wrappers -I/home/kumamon/Documents/paruj/219351_Webapp_homework/mpich2-1.4/src/util/wrappers conftest.c >&5
configure:4028: $? = 0
configure:4028: gcc -c    -O2  -I/home/kumamon/Documents/paruj/219351_Webapp_homework/mpich2-1.4/src/mpl/include -I/home/kumamon/Documents/paruj/219351_Webapp_homework/mpich2-1.4/src/mpl/include -I/home/kumamon/Documents/paruj/219351_Webapp_homework/mpich2-1.4/src/openpa/src -I/home/kumamon/Documents/paruj/219351_Webapp_homework/mpich2-1.4/src/openpa/src -I/home/kumamon/Documents/paruj/219351_Webapp_homework/mpich2-1.4/src/mpid/ch3/include -I/home/kumamon/Documents/paruj/219351_Webapp_homework/mpich2-1.4/src/mpid/ch3/include -I/home/kumamon/Documents/paruj/219351_Webapp_homework/mpich2-1.4/src/mpid/common/datatype -I/home/kumamon/Documents/paruj/219351_Webapp_homework/mpich2-1.4/src/mpid/common/datatype -I/home/kumamon/Documents/paruj/219351_Webapp_homework/mpich2-1.4/src/mpid/common/locks -I/home/kumamon/Documents/paruj/219351_Webapp_homework/mpich2-1.4/src/mpid/common/locks -I/home/kumamon/Documents/paruj/219351_Webapp_homework/mpich2-1.4/src/mpid/ch3/channels/nemesis/include -I/home/kumamon/Documents/paruj/219351_Webapp_homework/mpich2-1.4/src/mpid/ch3/channels/nemesis/include -I/home/kumamon/Documents/paruj/219351_Webapp_homework/mpich2-1.4/src/mpid/ch3/channels/nemesis/nemesis/include -I/home/kumamon/Documents/paruj/219351_Webapp_homework/mpich2-1.4/src/mpid/ch3/channels/nemesis/nemesis/include -I/home/kumamon/Documents/paruj/219351_Webapp_homework/mpich2-1.4/src/mpid/ch3/channels/nemesis/nemesis/utils/monitor -I/home/kumamon/Documents/paruj/219351_Webapp_homework/mpich2-1.4/src/mpid/ch3/channels/nemesis/nemesis/utils/monitor -I/home/kumamon/Documents/paruj/219351_Webapp_homework/mpich2-1.4/src/util/wrappers -I/home/kumamon/Documents/paruj/219351_Webapp_homework/mpich2-1.4/src/util/wrappers conftest.c >&5
conftest.c: In function 'main':
conftest.c:59:21: error: expected expression before ')' token
 if (sizeof ((size_t)))
                     ^
configure:4028: $? = 1
configure: failed program was:
| /* confdefs.h */
| #define PACKAGE_NAME ""
| #define PACKAGE_TARNAME ""
| #define PACKAGE_VERSION ""
| #define PACKAGE_STRING ""
| #define PACKAGE_BUGREPORT ""
| #define PACKAGE_URL ""
| #define STDC_HEADERS 1
| #define HAVE_SYS_TYPES_H 1
| #define HAVE_SYS_STAT_H 1
| #define HAVE_STDLIB_H 1
| #define HAVE_STRING_H 1
| #define HAVE_MEMORY_H 1
| #define HAVE_STRINGS_H 1
| #define HAVE_INTTYPES_H 1
| #define HAVE_STDINT_H 1
| #define HAVE_UNISTD_H 1
| #define HAVE_STDIO_H 1
| #define HAVE_STDLIB_H 1
| #define HAVE_STRING_H 1
| #define HAVE_STDARG_H 1
| /* end confdefs.h.  */
| #include <stdio.h>
| #ifdef HAVE_SYS_TYPES_H
| # include <sys/types.h>
| #endif
| #ifdef HAVE_SYS_STAT_H
| # include <sys/stat.h>
| #endif
| #ifdef STDC_HEADERS
| # include <stdlib.h>
| # include <stddef.h>
| #else
| # ifdef HAVE_STDLIB_H
| #  include <stdlib.h>
| # endif
| #endif
| #ifdef HAVE_STRING_H
| # if !defined STDC_HEADERS && defined HAVE_MEMORY_H
| #  include <memory.h>
| # endif
| # include <string.h>
| #endif
| #ifdef HAVE_STRINGS_H
| # include <strings.h>
| #endif
| #ifdef HAVE_INTTYPES_H
| # include <inttypes.h>
| #endif
| #ifdef HAVE_STDINT_H
| # include <stdint.h>
| #endif
| #ifdef HAVE_UNISTD_H
| # include <unistd.h>
| #endif
| int
| main ()
| {
| if (sizeof ((size_t)))
| 	    return 0;
|   ;
|   return 0;
| }
configure:4028: result: yes
configure:4041: checking for working alloca.h
configure:4058: gcc -o conftest    -O2  -I/home/kumamon/Documents/paruj/219351_Webapp_homework/mpich2-1.4/src/mpl/include -I/home/kumamon/Documents/paruj/219351_Webapp_homework/mpich2-1.4/src/mpl/include -I/home/kumamon/Documents/paruj/219351_Webapp_homework/mpich2-1.4/src/openpa/src -I/home/kumamon/Documents/paruj/219351_Webapp_homework/mpich2-1.4/src/openpa/src -I/home/kumamon/Documents/paruj/219351_Webapp_homework/mpich2-1.4/src/mpid/ch3/include -I/home/kumamon/Documents/paruj/219351_Webapp_homework/mpich2-1.4/src/mpid/ch3/include -I/home/kumamon/Documents/paruj/219351_Webapp_homework/mpich2-1.4/src/mpid/common/datatype -I/home/kumamon/Documents/paruj/219351_Webapp_homework/mpich2-1.4/src/mpid/common/datatype -I/home/kumamon/Documents/paruj/219351_Webapp_homework/mpich2-1.4/src/mpid/common/locks -I/home/kumamon/Documents/paruj/219351_Webapp_homework/mpich2-1.4/src/mpid/common/locks -I/home/kumamon/Documents/paruj/219351_Webapp_homework/mpich2-1.4/src/mpid/ch3/channels/nemesis/include -I/home/kumamon/Documents/paruj/219351_Webapp_homework/mpich2-1.4/src/mpid/ch3/channels/nemesis/include -I/home/kumamon/Documents/paruj/219351_Webapp_homework/mpich2-1.4/src/mpid/ch3/channels/nemesis/nemesis/include -I/home/kumamon/Documents/paruj/219351_Webapp_homework/mpich2-1.4/src/mpid/ch3/channels/nemesis/nemesis/include -I/home/kumamon/Documents/paruj/219351_Webapp_homework/mpich2-1.4/src/mpid/ch3/channels/nemesis/nemesis/utils/monitor -I/home/kumamon/Documents/paruj/219351_Webapp_homework/mpich2-1.4/src/mpid/ch3/channels/nemesis/nemesis/utils/monitor -I/home/kumamon/Documents/paruj/219351_Webapp_homework/mpich2-1.4/src/util/wrappers -I/home/kumamon/Documents/paruj/219351_Webapp_homework/mpich2-1.4/src/util/wrappers   conftest.c -lrt -lpthread   >&5
configure:4058: $? = 0
configure:4066: result: yes
configure:4074: checking for alloca
configure:4111: gcc -o conftest    -O2  -I/home/kumamon/Documents/paruj/219351_Webapp_homework/mpich2-1.4/src/mpl/include -I/home/kumamon/Documents/paruj/219351_Webapp_homework/mpich2-1.4/src/mpl/include -I/home/kumamon/Documents/paruj/219351_Webapp_homework/mpich2-1.4/src/openpa/src -I/home/kumamon/Documents/paruj/219351_Webapp_homework/mpich2-1.4/src/openpa/src -I/home/kumamon/Documents/paruj/219351_Webapp_homework/mpich2-1.4/src/mpid/ch3/include -I/home/kumamon/Documents/paruj/219351_Webapp_homework/mpich2-1.4/src/mpid/ch3/include -I/home/kumamon/Documents/paruj/219351_Webapp_homework/mpich2-1.4/src/mpid/common/datatype -I/home/kumamon/Documents/paruj/219351_Webapp_homework/mpich2-1.4/src/mpid/common/datatype -I/home/kumamon/Documents/paruj/219351_Webapp_homework/mpich2-1.4/src/mpid/common/locks -I/home/kumamon/Documents/paruj/219351_Webapp_homework/mpich2-1.4/src/mpid/common/locks -I/home/kumamon/Documents/paruj/219351_Webapp_homework/mpich2-1.4/src/mpid/ch3/channels/nemesis/include -I/home/kumamon/Documents/paruj/219351_Webapp_homework/mpich2-1.4/src/mpid/ch3/channels/nemesis/include -I/home/kumamon/Documents/paruj/219351_Webapp_homework/mpich2-1.4/src/mpid/ch3/channels/nemesis/nemesis/include -I/home/kumamon/Documents/paruj/219351_Webapp_homework/mpich2-1.4/src/mpid/ch3/channels/nemesis/nemesis/include -I/home/kumamon/Documents/paruj/219351_Webapp_homework/mpich2-1.4/src/mpid/ch3/channels/nemesis/nemesis/utils/monitor -I/home/kumamon/Documents/paruj/219351_Webapp_homework/mpich2-1.4/src/mpid/ch3/channels/nemesis/nemesis/utils/monitor -I/home/kumamon/Documents/paruj/219351_Webapp_homework/mpich2-1.4/src/util/wrappers -I/home/kumamon/Documents/paruj/219351_Webapp_homework/mpich2-1.4/src/util/wrappers   conftest.c -lrt -lpthread   >&5
configure:4111: $? = 0
configure:4119: result: yes
configure:4230: checking for stdarg is correct
configure:4258: gcc -c    -O2  -I/home/kumamon/Documents/paruj/219351_Webapp_homework/mpich2-1.4/src/mpl/include -I/home/kumamon/Documents/paruj/219351_Webapp_homework/mpich2-1.4/src/mpl/include -I/home/kumamon/Documents/paruj/219351_Webapp_homework/mpich2-1.4/src/openpa/src -I/home/kumamon/Documents/paruj/219351_Webapp_homework/mpich2-1.4/src/openpa/src -I/home/kumamon/Documents/paruj/219351_Webapp_homework/mpich2-1.4/src/mpid/ch3/include -I/home/kumamon/Documents/paruj/219351_Webapp_homework/mpich2-1.4/src/mpid/ch3/include -I/home/kumamon/Documents/paruj/219351_Webapp_homework/mpich2-1.4/src/mpid/common/datatype -I/home/kumamon/Documents/paruj/219351_Webapp_homework/mpich2-1.4/src/mpid/common/datatype -I/home/kumamon/Documents/paruj/219351_Webapp_homework/mpich2-1.4/src/mpid/common/locks -I/home/kumamon/Documents/paruj/219351_Webapp_homework/mpich2-1.4/src/mpid/common/locks -I/home/kumamon/Documents/paruj/219351_Webapp_homework/mpich2-1.4/src/mpid/ch3/channels/nemesis/include -I/home/kumamon/Documents/paruj/219351_Webapp_homework/mpich2-1.4/src/mpid/ch3/channels/nemesis/include -I/home/kumamon/Documents/paruj/219351_Webapp_homework/mpich2-1.4/src/mpid/ch3/channels/nemesis/nemesis/include -I/home/kumamon/Documents/paruj/219351_Webapp_homework/mpich2-1.4/src/mpid/ch3/channels/nemesis/nemesis/include -I/home/kumamon/Documents/paruj/219351_Webapp_homework/mpich2-1.4/src/mpid/ch3/channels/nemesis/nemesis/utils/monitor -I/home/kumamon/Documents/paruj/219351_Webapp_homework/mpich2-1.4/src/mpid/ch3/channels/nemesis/nemesis/utils/monitor -I/home/kumamon/Documents/paruj/219351_Webapp_homework/mpich2-1.4/src/util/wrappers -I/home/kumamon/Documents/paruj/219351_Webapp_homework/mpich2-1.4/src/util/wrappers conftest.c >&5
configure:4259: result: yes
configure:4273: checking if compiler accepts prototypes 
configure:4286: gcc -c    -O2  -I/home/kumamon/Documents/paruj/219351_Webapp_homework/mpich2-1.4/src/mpl/include -I/home/kumamon/Documents/paruj/219351_Webapp_homework/mpich2-1.4/src/mpl/include -I/home/kumamon/Documents/paruj/219351_Webapp_homework/mpich2-1.4/src/openpa/src -I/home/kumamon/Documents/paruj/219351_Webapp_homework/mpich2-1.4/src/openpa/src -I/home/kumamon/Documents/paruj/219351_Webapp_homework/mpich2-1.4/src/mpid/ch3/include -I/home/kumamon/Documents/paruj/219351_Webapp_homework/mpich2-1.4/src/mpid/ch3/include -I/home/kumamon/Documents/paruj/219351_Webapp_homework/mpich2-1.4/src/mpid/common/datatype -I/home/kumamon/Documents/paruj/219351_Webapp_homework/mpich2-1.4/src/mpid/common/datatype -I/home/kumamon/Documents/paruj/219351_Webapp_homework/mpich2-1.4/src/mpid/common/locks -I/home/kumamon/Documents/paruj/219351_Webapp_homework/mpich2-1.4/src/mpid/common/locks -I/home/kumamon/Documents/paruj/219351_Webapp_homework/mpich2-1.4/src/mpid/ch3/channels/nemesis/include -I/home/kumamon/Documents/paruj/219351_Webapp_homework/mpich2-1.4/src/mpid/ch3/channels/nemesis/include -I/home/kumamon/Documents/paruj/219351_Webapp_homework/mpich2-1.4/src/mpid/ch3/channels/nemesis/nemesis/include -I/home/kumamon/Documents/paruj/219351_Webapp_homework/mpich2-1.4/src/mpid/ch3/channels/nemesis/nemesis/include -I/home/kumamon/Documents/paruj/219351_Webapp_homework/mpich2-1.4/src/mpid/ch3/channels/nemesis/nemesis/utils/monitor -I/home/kumamon/Documents/paruj/219351_Webapp_homework/mpich2-1.4/src/mpid/ch3/channels/nemesis/nemesis/utils/monitor -I/home/kumamon/Documents/paruj/219351_Webapp_homework/mpich2-1.4/src/util/wrappers -I/home/kumamon/Documents/paruj/219351_Webapp_homework/mpich2-1.4/src/util/wrappers conftest.c >&5
configure:4286: $? = 0
configure:4296: result: yes
configure:4335: checking build system type
configure:4349: result: x86_64-unknown-linux-gnu
configure:4369: checking host system type
configure:4382: result: x86_64-unknown-linux-gnu
configure:4465: checking for safe PMPI invocations 
configure:4477: result: no
configure:6936: creating ./config.status

## ---------------------- ##
## Running config.status. ##
## ---------------------- ##

This file was extended by config.status, which was
generated by GNU Autoconf 2.68.  Invocation command line was

  CONFIG_FILES    = 
  CONFIG_HEADERS  = 
  CONFIG_LINKS    = 
  CONFIG_COMMANDS = 
  $ ./config.status 

on kumamon-home

config.status:887: creating Makefile
config.status:887: creating src/Makefile
config.status:887: creating test/Makefile
config.status:887: creating etc/mpe_f77env.conf
config.status:887: creating etc/mpe_mpilog.conf
config.status:887: creating etc/mpe_mpitrace.conf
config.status:887: creating mpe_wrappers_conf.h

## ---------------- ##
## Cache variables. ##
## ---------------- ##

ac_cv_build=x86_64-unknown-linux-gnu
ac_cv_c_compiler_gnu=yes
ac_cv_c_const=yes
ac_cv_env_CC_set=set
ac_cv_env_CC_value=gcc
ac_cv_env_CFLAGS_set=set
ac_cv_env_CFLAGS_value='   -O2'
ac_cv_env_CPPFLAGS_set=set
ac_cv_env_CPPFLAGS_value=' -I/home/kumamon/Documents/paruj/219351_Webapp_homework/mpich2-1.4/src/mpl/include -I/home/kumamon/Documents/paruj/219351_Webapp_homework/mpich2-1.4/src/mpl/include -I/home/kumamon/Documents/paruj/219351_Webapp_homework/mpich2-1.4/src/openpa/src -I/home/kumamon/Documents/paruj/219351_Webapp_homework/mpich2-1.4/src/openpa/src -I/home/kumamon/Documents/paruj/219351_Webapp_homework/mpich2-1.4/src/mpid/ch3/include -I/home/kumamon/Documents/paruj/219351_Webapp_homework/mpich2-1.4/src/mpid/ch3/include -I/home/kumamon/Documents/paruj/219351_Webapp_homework/mpich2-1.4/src/mpid/common/datatype -I/home/kumamon/Documents/paruj/219351_Webapp_homework/mpich2-1.4/src/mpid/common/datatype -I/home/kumamon/Documents/paruj/219351_Webapp_homework/mpich2-1.4/src/mpid/common/locks -I/home/kumamon/Documents/paruj/219351_Webapp_homework/mpich2-1.4/src/mpid/common/locks -I/home/kumamon/Documents/paruj/219351_Webapp_homework/mpich2-1.4/src/mpid/ch3/channels/nemesis/include -I/home/kumamon/Documents/paruj/219351_Webapp_homework/mpich2-1.4/src/mpid/ch3/channels/nemesis/include -I/home/kumamon/Documents/paruj/219351_Webapp_homework/mpich2-1.4/src/mpid/ch3/channels/nemesis/nemesis/include -I/home/kumamon/Documents/paruj/219351_Webapp_homework/mpich2-1.4/src/mpid/ch3/channels/nemesis/nemesis/include -I/home/kumamon/Documents/paruj/219351_Webapp_homework/mpich2-1.4/src/mpid/ch3/channels/nemesis/nemesis/utils/monitor -I/home/kumamon/Documents/paruj/219351_Webapp_homework/mpich2-1.4/src/mpid/ch3/channels/nemesis/nemesis/utils/monitor -I/home/kumamon/Documents/paruj/219351_Webapp_homework/mpich2-1.4/src/util/wrappers -I/home/kumamon/Documents/paruj/219351_Webapp_homework/mpich2-1.4/src/util/wrappers'
ac_cv_env_CPP_set=
ac_cv_env_CPP_value=
ac_cv_env_LDFLAGS_set=set
ac_cv_env_LDFLAGS_value=' '
ac_cv_env_LIBS_set=set
ac_cv_env_LIBS_value='-lrt -lpthread  '
ac_cv_env_build_alias_set=
ac_cv_env_build_alias_value=
ac_cv_env_host_alias_set=
ac_cv_env_host_alias_value=
ac_cv_env_target_alias_set=
ac_cv_env_target_alias_value=
ac_cv_func_alloca_works=yes
ac_cv_header_inttypes_h=yes
ac_cv_header_memory_h=yes
ac_cv_header_stdarg_h=yes
ac_cv_header_stdc=yes
ac_cv_header_stdint_h=yes
ac_cv_header_stdio_h=yes
ac_cv_header_stdlib_h=yes
ac_cv_header_string_h=yes
ac_cv_header_strings_h=yes
ac_cv_header_sys_stat_h=yes
ac_cv_header_sys_types_h=yes
ac_cv_header_unistd_h=yes
ac_cv_host=x86_64-unknown-linux-gnu
ac_cv_objext=o
ac_cv_path_EGREP='/bin/grep -E'
ac_cv_path_GREP=/bin/grep
ac_cv_prog_AR=ar
ac_cv_prog_CPP='gcc -E'
ac_cv_prog_ac_ct_CC=gcc
ac_cv_prog_ac_ct_RANLIB=ranlib
ac_cv_prog_cc_c89=
ac_cv_prog_cc_g=yes
ac_cv_type_size_t=yes
ac_cv_working_alloca_h=yes

## ----------------- ##
## Output variables. ##
## ----------------- ##

ALLOCA=''
AR='ar'
CC='gcc'
CFLAGS='   -O2'
CLINKER='gcc'
CPP='gcc -E'
CPPFLAGS=' -I/home/kumamon/Documents/paruj/219351_Webapp_homework/mpich2-1.4/src/mpl/include -I/home/kumamon/Documents/paruj/219351_Webapp_homework/mpich2-1.4/src/mpl/include -I/home/kumamon/Documents/paruj/219351_Webapp_homework/mpich2-1.4/src/openpa/src -I/home/kumamon/Documents/paruj/219351_Webapp_homework/mpich2-1.4/src/openpa/src -I/home/kumamon/Documents/paruj/219351_Webapp_homework/mpich2-1.4/src/mpid/ch3/include -I/home/kumamon/Documents/paruj/219351_Webapp_homework/mpich2-1.4/src/mpid/ch3/include -I/home/kumamon/Documents/paruj/219351_Webapp_homework/mpich2-1.4/src/mpid/common/datatype -I/home/kumamon/Documents/paruj/219351_Webapp_homework/mpich2-1.4/src/mpid/common/datatype -I/home/kumamon/Documents/paruj/219351_Webapp_homework/mpich2-1.4/src/mpid/common/locks -I/home/kumamon/Documents/paruj/219351_Webapp_homework/mpich2-1.4/src/mpid/common/locks -I/home/kumamon/Documents/paruj/219351_Webapp_homework/mpich2-1.4/src/mpid/ch3/channels/nemesis/include -I/home/kumamon/Documents/paruj/219351_Webapp_homework/mpich2-1.4/src/mpid/ch3/channels/nemesis/include -I/home/kumamon/Documents/paruj/219351_Webapp_homework/mpich2-1.4/src/mpid/ch3/channels/nemesis/nemesis/include -I/home/kumamon/Documents/paruj/219351_Webapp_homework/mpich2-1.4/src/mpid/ch3/channels/nemesis/nemesis/include -I/home/kumamon/Documents/paruj/219351_Webapp_homework/mpich2-1.4/src/mpid/ch3/channels/nemesis/nemesis/utils/monitor -I/home/kumamon/Documents/paruj/219351_Webapp_homework/mpich2-1.4/src/mpid/ch3/channels/nemesis/nemesis/utils/monitor -I/home/kumamon/Documents/paruj/219351_Webapp_homework/mpich2-1.4/src/util/wrappers -I/home/kumamon/Documents/paruj/219351_Webapp_homework/mpich2-1.4/src/util/wrappers'
CPRP='cp'
DEBUG_LIBS=''
DEFS='-DHAVE_CONFIG_H'
ECHO_C=''
ECHO_N='-n'
ECHO_T=''
EGREP='/bin/grep -E'
EXEEXT=''
F2CMPI_LIBNAME='mpe_f2cmpi'
F2CMPI_LIBS=''
F77='f77'
FFLAGS=''
FINC_PATH_LEADER='-I'
FLIB_PATH_LEADER='-L'
FLINKER='f77'
GREP='/bin/grep'
LDFLAGS=' '
LIBOBJS=''
LIBS='-lrt -lpthread  '
LOG_LIBNAME='lmpe'
LOG_LIBS='-llmpe -lmpe'
LTLIBOBJS=''
MAKE='make --no-print-directory'
MKDIR='mkdir'
MPE_BUILD_FORTRAN2C='no'
MPE_CLINKER='/home/kumamon/Documents/paruj/219351_Webapp_homework/mpich2-1.4/bin/mpicc -mpe='
MPE_FLINKER='/home/kumamon/Documents/paruj/219351_Webapp_homework/mpich2-1.4/bin/mpif77 -mpe='
MPI_CC='/home/kumamon/Documents/paruj/219351_Webapp_homework/mpich2-1.4/bin/mpicc'
MPI_CFLAGS=''
MPI_F77='/home/kumamon/Documents/paruj/219351_Webapp_homework/mpich2-1.4/bin/mpif77'
MPI_FFLAGS=''
MPI_IMPL='MPICH2'
MPI_LIBS=''
MV='mv'
OBJEXT='o'
PACKAGE_BUGREPORT=''
PACKAGE_NAME=''
PACKAGE_STRING=''
PACKAGE_TARNAME=''
PACKAGE_URL=''
PACKAGE_VERSION=''
PATH_SEPARATOR=':'
PROF_LIBS='-lmpe'
RANLIB='ranlib'
RM='rm'
SHELL='/bin/bash'
TRACE_LIBNAME='tmpe'
TRACE_LIBS='-ltmpe'
VPATH='VPATH=.:$(srcdir)'
ac_ct_CC='gcc'
binbuild_dir='/home/kumamon/Documents/paruj/219351_Webapp_homework/mpich2-1.4/src/mpe2/bin'
bindir='${exec_prefix}/bin'
build='x86_64-unknown-linux-gnu'
build_alias=''
build_cpu='x86_64'
build_os='linux-gnu'
build_vendor='unknown'
datadir='${datarootdir}'
datarootdir='${prefix}/share'
docdir='${datarootdir}/doc/${PACKAGE}'
dvidir='${docdir}'
etcbuild_dir='/home/kumamon/Documents/paruj/219351_Webapp_homework/mpich2-1.4/src/mpe2/etc'
exec_prefix='${prefix}'
host='x86_64-unknown-linux-gnu'
host_alias=''
host_cpu='x86_64'
host_os='linux-gnu'
host_vendor='unknown'
htmldir='${docdir}'
includebuild_dir='/home/kumamon/Documents/paruj/219351_Webapp_homework/mpich2-1.4/src/mpe2/include'
includedir='${prefix}/include'
infodir='${datarootdir}/info'
libbuild_dir='/home/kumamon/Documents/paruj/219351_Webapp_homework/mpich2-1.4/src/mpe2/lib'
libdir='${exec_prefix}/lib'
libexecdir='${exec_prefix}/libexec'
localedir='${datarootdir}/locale'
localstatedir='${prefix}/var'
mandir='${datarootdir}/man'
oldincludedir='/usr/include'
pdfdir='${docdir}'
prefix='/usr/local'
program_transform_name='s,x,x,'
psdir='${docdir}'
sbinbuild_dir='/home/kumamon/Documents/paruj/219351_Webapp_homework/mpich2-1.4/src/mpe2/sbin'
sbindir='${exec_prefix}/sbin'
sharedstatedir='${prefix}/com'
sysconfdir='${prefix}/etc'
target_alias=''
top_srcdir_abs='/home/kumamon/Documents/paruj/219351_Webapp_homework/mpich2-1.4/src/mpe2/src/wrappers'

## ----------- ##
## confdefs.h. ##
## ----------- ##

/* confdefs.h */
#define PACKAGE_NAME ""
#define PACKAGE_TARNAME ""
#define PACKAGE_VERSION ""
#define PACKAGE_STRING ""
#define PACKAGE_BUGREPORT ""
#define PACKAGE_URL ""
#define STDC_HEADERS 1
#define HAVE_SYS_TYPES_H 1
#define HAVE_SYS_STAT_H 1
#define HAVE_STDLIB_H 1
#define HAVE_STRING_H 1
#define HAVE_MEMORY_H 1
#define HAVE_STRINGS_H 1
#define HAVE_INTTYPES_H 1
#define HAVE_STDINT_H 1
#define HAVE_UNISTD_H 1
#define HAVE_STDIO_H 1
#define HAVE_STDLIB_H 1
#define HAVE_STRING_H 1
#define HAVE_STDARG_H 1
#define HAVE_ALLOCA_H 1
#define HAVE_ALLOCA 1
#define USE_STDARG 1
#define HAVE_PROTOTYPES 1
#define HAVE_MPI_INIT_THREAD 1
#define HAVE_MPI_IO 1
#define HAVE_MPI_RMA 1
#define HAVE_MPI_RMA_LOCK 1
#define HAVE_MPI_RMA_TEST 1
#define HAVE_MPI_SPAWN 1
#define HAVE_MPI_STATUS_IGNORE 1
#define HAVE_MPI_STATUSES_IGNORE 1

configure: exit 0
